Picked up _JAVA_OPTIONS:  -XX:+ExitOnOutOfMemoryError -XX:OnOutOfMemoryError="touch /lab/sck17/Pulpit/SCKproj1/SCK_PROJ_2/WORK/verisium_debug_logs/out_of_memory_error" 
CompilerOracle: exclude javax/swing/text/GlyphView.getBreakSpot
Loading libdac.so from /cad/cadence_2024/verisium/tools/lib/64bit/libdac.so
in 'JDACTBDataProvider::openDBInner', dbPath = sim_model, getExplicitLwdFlag() = null


**** found lwd dir to be: /lab/sck17/Pulpit/SCKproj1/SCK_PROJ_2/WORK/xcelium.d/worklib/EXE_tb/v



**** found cdslib to be: /lab/sck17/Pulpit/SCKproj1/SCK_PROJ_2/WORK/xcelium.d/run.d/cds.lib

in 'SimConnect::loadSnapshotHelper', 'dbH' represents 'sim_model' db, 'lwdDbH' represents 'sim_model' db, PPEAttributes were fetched from 'sim_model' db. PPEAttributes values:
    isAutofetch = false
    isPersistentSources = false
    isXprop = false
    cdslib = /lab/sck17/Pulpit/SCKproj1/SCK_PROJ_2/WORK/xcelium.d/run.d/cds.lib
    snapshot = worklib.EXE_tb:v
    workdir = /lab/sck17/Pulpit/SCKproj1/SCK_PROJ_2/WORK
    xceliumDir = /lab/sck17/Pulpit/SCKproj1/SCK_PROJ_2/WORK/xcelium.d
    rundDir = /lab/sck17/Pulpit/SCKproj1/SCK_PROJ_2/WORK/xcelium.d/run.d
    bits = 64
    cds_implicit_tmpdir = 
    cds_alternate_tmpdir = 
    du_agent = 
    lwddir = /lab/sck17/Pulpit/SCKproj1/SCK_PROJ_2/WORK/xcelium.d/worklib/EXE_tb/v
    cds_alternate_cdslib = 
    elab_options = -CDSLIB ./xcelium.d/run.lnx8664.23.03.d/cds.lib -HDLVAR ./xcelium.d/run.lnx8664.23.03.d/hdl.var -WORK worklib -ENABLE_ALCOMB_EXT_OPT -ERROR 1 -ENABLE_SVMEMOPT -ENABLE_EXT_LOCAL_VISIBILITY -TIMESCALE 1ns/1ps -MESSAGES -ACCESS +rwc -CREATEDEBUGDB worklib.EXE_tb:v
    found = true
    nclsRun = false
    includeCdslib = true
    nclsOpts =  -snapshot -cdslib /lab/sck17/Pulpit/SCKproj1/SCK_PROJ_2/WORK/xcelium.d/run.d/cds.lib -64
    isMceMode = false
    isMceInvolved = false
    mceLshmDbPath = 
    lowPowerInformationAvailable = false
    hasLshmFile = false
    workdirIsDirectory = true
    hasOverlayRelatedInformation = true
    cds_implicit_tmplib = worklib
    cds_other_implicit_tmplibs = 

in 'SimConnect::generateDuAgentCommand', cmd = [/cad/cadence_2024/verisium/tools.lnx86/simvision/bin/64bit/cds-avs-du-agent, -nocopyright, -nowarn, DLNOCL, -xlm_install_root, /cad/cadence_2024/xcelium, -cdslib, /lab/sck17/Pulpit/SCKproj1/SCK_PROJ_2/WORK/xcelium.d/run.d/cds.lib, -cds_implicit_tmplib, worklib, -lwddir, /lab/sck17/Pulpit/SCKproj1/SCK_PROJ_2/WORK/xcelium.d/worklib/EXE_tb/v/debug_db, -cellname, EXE_tb, -64]
in 'SimConnect::execDuAgent_usingPreEstablishedServiceConnection', duAgent process pid = 19743


in 'SimConnect::simControlConnectWithPreEstablishedConnection' overlay db = sim_model, overlayH = 9, is valid = true, operation = dapOpenOverlay, duFilename = /lab/sck17/Pulpit/SCKproj1/SCK_PROJ_2/WORK/xcelium.d/worklib/EXE_tb/v/debug_db/EXE_tb/EXE_tb.dsn, isLiveSim = false

Dump DB Order:
Strap design: sim_model #9
 --> sim_model #16
 --> /lab/sck17/Pulpit/SCKproj1/SCK_PROJ_2/WORK/xcelium.d/worklib/EXE_tb/v/debug_db/EXE_tb/EXE_tb.dsn #17

End of dump DB Order



Dump DB Order:
Strap design: sim_model #9
 --> sim_model #16
 --> /lab/sck17/Pulpit/SCKproj1/SCK_PROJ_2/WORK/xcelium.d/worklib/EXE_tb/v/debug_db/EXE_tb/EXE_tb.dsn #17

End of dump DB Order




**** found cdslib to be: /lab/sck17/Pulpit/SCKproj1/SCK_PROJ_2/WORK/xcelium.d/run.lnx8664.23.03.d/cds.lib



**** Lwd path was derived from given DB. Loading lwd file from: /lab/sck17/Pulpit/SCKproj1/SCK_PROJ_2/WORK/xcelium.d/worklib/EXE_tb/v

### Excluding compile: javax.swing.text.GlyphView::getBreakSpot
in 'JDACTBDataProvider::notifyLiveConnectionDB', sessionId = shell




Before reload:

Dump DB Order:
Strap design: sim_model #9
 --> sim_model #16
 --> /lab/sck17/Pulpit/SCKproj1/SCK_PROJ_2/WORK/xcelium.d/worklib/EXE_tb/v/debug_db/EXE_tb/EXE_tb.dsn #17

End of dump DB Order


After reload:

Dump DB Order:
Strap design: sim_model #9
 --> sim_model #16
 --> /lab/sck17/Pulpit/SCKproj1/SCK_PROJ_2/WORK/xcelium.d/worklib/EXE_tb/v/debug_db/EXE_tb/EXE_tb.dsn #17

End of dump DB Order







Dump DB Order:
Strap design: sim_model #9
 --> sim_model #16
 --> /lab/sck17/Pulpit/SCKproj1/SCK_PROJ_2/WORK/xcelium.d/worklib/EXE_tb/v/debug_db/EXE_tb/EXE_tb.dsn #17

End of dump DB Order


in 'SimConnect::unloadSnapshot', terminating pid = 19743

Dump DB Order:

End of dump DB Order



Dump DB Order:

End of dump DB Order


in 'JDACTBDataProvider::openDBInner', dbPath = /lab/sck17/Pulpit/SCKproj1/SCK_PROJ_2/WORK/sim_model, getExplicitLwdFlag() = null


**** found lwd dir to be: /lab/sck17/Pulpit/SCKproj1/SCK_PROJ_2/WORK/xcelium.d/worklib/EXE_tb/v



**** found cdslib to be: /lab/sck17/Pulpit/SCKproj1/SCK_PROJ_2/WORK/xcelium.d/run.d/cds.lib

in 'SimConnect::loadSnapshotHelper', 'dbH' represents 'sim_model' db, 'lwdDbH' represents 'sim_model' db, PPEAttributes were fetched from 'sim_model' db. PPEAttributes values:
    isAutofetch = false
    isPersistentSources = false
    isXprop = false
    cdslib = /lab/sck17/Pulpit/SCKproj1/SCK_PROJ_2/WORK/xcelium.d/run.d/cds.lib
    snapshot = worklib.EXE_tb:v
    workdir = /lab/sck17/Pulpit/SCKproj1/SCK_PROJ_2/WORK
    xceliumDir = /lab/sck17/Pulpit/SCKproj1/SCK_PROJ_2/WORK/xcelium.d
    rundDir = /lab/sck17/Pulpit/SCKproj1/SCK_PROJ_2/WORK/xcelium.d/run.d
    bits = 64
    cds_implicit_tmpdir = 
    cds_alternate_tmpdir = 
    du_agent = 
    lwddir = /lab/sck17/Pulpit/SCKproj1/SCK_PROJ_2/WORK/xcelium.d/worklib/EXE_tb/v
    cds_alternate_cdslib = 
    elab_options = -CDSLIB ./xcelium.d/run.lnx8664.23.03.d/cds.lib -HDLVAR ./xcelium.d/run.lnx8664.23.03.d/hdl.var -WORK worklib -ENABLE_ALCOMB_EXT_OPT -ERROR 1 -ENABLE_SVMEMOPT -ENABLE_EXT_LOCAL_VISIBILITY -TIMESCALE 1ns/1ps -MESSAGES -ACCESS +rwc -CREATEDEBUGDB worklib.EXE_tb:v
    found = true
    nclsRun = false
    includeCdslib = true
    nclsOpts =  -snapshot -cdslib /lab/sck17/Pulpit/SCKproj1/SCK_PROJ_2/WORK/xcelium.d/run.d/cds.lib -64
    isMceMode = false
    isMceInvolved = false
    mceLshmDbPath = 
    lowPowerInformationAvailable = false
    hasLshmFile = false
    workdirIsDirectory = true
    hasOverlayRelatedInformation = true
    cds_implicit_tmplib = worklib
    cds_other_implicit_tmplibs = 

in 'SimConnect::generateDuAgentCommand', cmd = [/cad/cadence_2024/verisium/tools.lnx86/simvision/bin/64bit/cds-avs-du-agent, -nocopyright, -nowarn, DLNOCL, -xlm_install_root, /cad/cadence_2024/xcelium, -cdslib, /lab/sck17/Pulpit/SCKproj1/SCK_PROJ_2/WORK/xcelium.d/run.d/cds.lib, -cds_implicit_tmplib, worklib, -lwddir, /lab/sck17/Pulpit/SCKproj1/SCK_PROJ_2/WORK/xcelium.d/worklib/EXE_tb/v/debug_db, -cellname, EXE_tb, -64]
in 'SimConnect::execDuAgent_usingPreEstablishedServiceConnection', duAgent process pid = 20330


in 'SimConnect::simControlConnectWithPreEstablishedConnection' overlay db = sim_model, overlayH = 9, is valid = true, operation = dapOpenOverlay, duFilename = /lab/sck17/Pulpit/SCKproj1/SCK_PROJ_2/WORK/xcelium.d/worklib/EXE_tb/v/debug_db/EXE_tb/EXE_tb.dsn, isLiveSim = false

Dump DB Order:
Strap design: sim_model #9
 --> sim_model #39
 --> /lab/sck17/Pulpit/SCKproj1/SCK_PROJ_2/WORK/xcelium.d/worklib/EXE_tb/v/debug_db/EXE_tb/EXE_tb.dsn #40

End of dump DB Order



Dump DB Order:
Strap design: sim_model #9
 --> sim_model #39
 --> /lab/sck17/Pulpit/SCKproj1/SCK_PROJ_2/WORK/xcelium.d/worklib/EXE_tb/v/debug_db/EXE_tb/EXE_tb.dsn #40

End of dump DB Order




**** found cdslib to be: /lab/sck17/Pulpit/SCKproj1/SCK_PROJ_2/WORK/xcelium.d/run.lnx8664.23.03.d/cds.lib



**** Lwd path was derived from given DB. Loading lwd file from: /lab/sck17/Pulpit/SCKproj1/SCK_PROJ_2/WORK/xcelium.d/worklib/EXE_tb/v


Dump DB Order:
Strap design: sim_model #9
 --> sim_model #39
 --> /lab/sck17/Pulpit/SCKproj1/SCK_PROJ_2/WORK/xcelium.d/worklib/EXE_tb/v/debug_db/EXE_tb/EXE_tb.dsn #40

End of dump DB Order









Dump DB Order:
Strap design: sim_model #9
 --> sim_model #39
 --> /lab/sck17/Pulpit/SCKproj1/SCK_PROJ_2/WORK/xcelium.d/worklib/EXE_tb/v/debug_db/EXE_tb/EXE_tb.dsn #40

End of dump DB Order


in 'SimConnect::unloadSnapshot', terminating pid = 20330

Dump DB Order:

End of dump DB Order



Dump DB Order:

End of dump DB Order


in 'JDACTBDataProvider::openDBInner', dbPath = /lab/sck17/Pulpit/SCKproj1/SCK_PROJ_2/WORK/sim_model, getExplicitLwdFlag() = null


**** found lwd dir to be: /lab/sck17/Pulpit/SCKproj1/SCK_PROJ_2/WORK/xcelium.d/worklib/EXE_tb/v



**** found cdslib to be: /lab/sck17/Pulpit/SCKproj1/SCK_PROJ_2/WORK/xcelium.d/run.d/cds.lib

in 'SimConnect::loadSnapshotHelper', 'dbH' represents 'sim_model' db, 'lwdDbH' represents 'sim_model' db, PPEAttributes were fetched from 'sim_model' db. PPEAttributes values:
    isAutofetch = false
    isPersistentSources = false
    isXprop = false
    cdslib = /lab/sck17/Pulpit/SCKproj1/SCK_PROJ_2/WORK/xcelium.d/run.d/cds.lib
    snapshot = worklib.EXE_tb:v
    workdir = /lab/sck17/Pulpit/SCKproj1/SCK_PROJ_2/WORK
    xceliumDir = /lab/sck17/Pulpit/SCKproj1/SCK_PROJ_2/WORK/xcelium.d
    rundDir = /lab/sck17/Pulpit/SCKproj1/SCK_PROJ_2/WORK/xcelium.d/run.d
    bits = 64
    cds_implicit_tmpdir = 
    cds_alternate_tmpdir = 
    du_agent = 
    lwddir = /lab/sck17/Pulpit/SCKproj1/SCK_PROJ_2/WORK/xcelium.d/worklib/EXE_tb/v
    cds_alternate_cdslib = 
    elab_options = -CDSLIB ./xcelium.d/run.lnx8664.23.03.d/cds.lib -HDLVAR ./xcelium.d/run.lnx8664.23.03.d/hdl.var -WORK worklib -ENABLE_ALCOMB_EXT_OPT -ERROR 1 -ENABLE_SVMEMOPT -ENABLE_EXT_LOCAL_VISIBILITY -TIMESCALE 1ns/1ps -MESSAGES -ACCESS +rwc -CREATEDEBUGDB worklib.EXE_tb:v
    found = true
    nclsRun = false
    includeCdslib = true
    nclsOpts =  -snapshot -cdslib /lab/sck17/Pulpit/SCKproj1/SCK_PROJ_2/WORK/xcelium.d/run.d/cds.lib -64
    isMceMode = false
    isMceInvolved = false
    mceLshmDbPath = 
    lowPowerInformationAvailable = false
    hasLshmFile = false
    workdirIsDirectory = true
    hasOverlayRelatedInformation = true
    cds_implicit_tmplib = worklib
    cds_other_implicit_tmplibs = 

in 'SimConnect::generateDuAgentCommand', cmd = [/cad/cadence_2024/verisium/tools.lnx86/simvision/bin/64bit/cds-avs-du-agent, -nocopyright, -nowarn, DLNOCL, -xlm_install_root, /cad/cadence_2024/xcelium, -cdslib, /lab/sck17/Pulpit/SCKproj1/SCK_PROJ_2/WORK/xcelium.d/run.d/cds.lib, -cds_implicit_tmplib, worklib, -lwddir, /lab/sck17/Pulpit/SCKproj1/SCK_PROJ_2/WORK/xcelium.d/worklib/EXE_tb/v/debug_db, -cellname, EXE_tb, -64]
in 'SimConnect::execDuAgent_usingPreEstablishedServiceConnection', duAgent process pid = 21364


in 'SimConnect::simControlConnectWithPreEstablishedConnection' overlay db = sim_model, overlayH = 9, is valid = true, operation = dapOpenOverlay, duFilename = /lab/sck17/Pulpit/SCKproj1/SCK_PROJ_2/WORK/xcelium.d/worklib/EXE_tb/v/debug_db/EXE_tb/EXE_tb.dsn, isLiveSim = false

Dump DB Order:
Strap design: sim_model #9
 --> sim_model #2578
 --> /lab/sck17/Pulpit/SCKproj1/SCK_PROJ_2/WORK/xcelium.d/worklib/EXE_tb/v/debug_db/EXE_tb/EXE_tb.dsn #17

End of dump DB Order



Dump DB Order:
Strap design: sim_model #9
 --> sim_model #2578
 --> /lab/sck17/Pulpit/SCKproj1/SCK_PROJ_2/WORK/xcelium.d/worklib/EXE_tb/v/debug_db/EXE_tb/EXE_tb.dsn #17

End of dump DB Order




**** found cdslib to be: /lab/sck17/Pulpit/SCKproj1/SCK_PROJ_2/WORK/xcelium.d/run.lnx8664.23.03.d/cds.lib



**** Lwd path was derived from given DB. Loading lwd file from: /lab/sck17/Pulpit/SCKproj1/SCK_PROJ_2/WORK/xcelium.d/worklib/EXE_tb/v


Dump DB Order:
Strap design: sim_model #9
 --> sim_model #2578
 --> /lab/sck17/Pulpit/SCKproj1/SCK_PROJ_2/WORK/xcelium.d/worklib/EXE_tb/v/debug_db/EXE_tb/EXE_tb.dsn #17

End of dump DB Order










Before reload:

Dump DB Order:
Strap design: sim_model #9
 --> sim_model #2578
 --> /lab/sck17/Pulpit/SCKproj1/SCK_PROJ_2/WORK/xcelium.d/worklib/EXE_tb/v/debug_db/EXE_tb/EXE_tb.dsn #17

End of dump DB Order


After reload:

Dump DB Order:
Strap design: sim_model #9
 --> sim_model #2578
 --> /lab/sck17/Pulpit/SCKproj1/SCK_PROJ_2/WORK/xcelium.d/worklib/EXE_tb/v/debug_db/EXE_tb/EXE_tb.dsn #17

End of dump DB Order













Dump DB Order:
Strap design: sim_model #9
 --> sim_model #2578
 --> /lab/sck17/Pulpit/SCKproj1/SCK_PROJ_2/WORK/xcelium.d/worklib/EXE_tb/v/debug_db/EXE_tb/EXE_tb.dsn #17

End of dump DB Order


in 'SimConnect::unloadSnapshot', terminating pid = 21364

Dump DB Order:

End of dump DB Order



Dump DB Order:

End of dump DB Order


in 'JDACTBDataProvider::openDBInner', dbPath = /lab/sck17/Pulpit/SCKproj1/SCK_PROJ_2/WORK/sim_model, getExplicitLwdFlag() = null


**** found lwd dir to be: /lab/sck17/Pulpit/SCKproj1/SCK_PROJ_2/WORK/xcelium.d/worklib/EXE_tb/v



**** found cdslib to be: /lab/sck17/Pulpit/SCKproj1/SCK_PROJ_2/WORK/xcelium.d/run.d/cds.lib

in 'SimConnect::loadSnapshotHelper', 'dbH' represents 'sim_model' db, 'lwdDbH' represents 'sim_model' db, PPEAttributes were fetched from 'sim_model' db. PPEAttributes values:
    isAutofetch = false
    isPersistentSources = false
    isXprop = false
    cdslib = /lab/sck17/Pulpit/SCKproj1/SCK_PROJ_2/WORK/xcelium.d/run.d/cds.lib
    snapshot = worklib.EXE_tb:v
    workdir = /lab/sck17/Pulpit/SCKproj1/SCK_PROJ_2/WORK
    xceliumDir = /lab/sck17/Pulpit/SCKproj1/SCK_PROJ_2/WORK/xcelium.d
    rundDir = /lab/sck17/Pulpit/SCKproj1/SCK_PROJ_2/WORK/xcelium.d/run.d
    bits = 64
    cds_implicit_tmpdir = 
    cds_alternate_tmpdir = 
    du_agent = 
    lwddir = /lab/sck17/Pulpit/SCKproj1/SCK_PROJ_2/WORK/xcelium.d/worklib/EXE_tb/v
    cds_alternate_cdslib = 
    elab_options = -CDSLIB ./xcelium.d/run.lnx8664.23.03.d/cds.lib -HDLVAR ./xcelium.d/run.lnx8664.23.03.d/hdl.var -WORK worklib -ENABLE_ALCOMB_EXT_OPT -ERROR 1 -ENABLE_SVMEMOPT -ENABLE_EXT_LOCAL_VISIBILITY -TIMESCALE 1ns/1ps -MESSAGES -ACCESS +rwc -CREATEDEBUGDB worklib.EXE_tb:v
    found = true
    nclsRun = false
    includeCdslib = true
    nclsOpts =  -snapshot -cdslib /lab/sck17/Pulpit/SCKproj1/SCK_PROJ_2/WORK/xcelium.d/run.d/cds.lib -64
    isMceMode = false
    isMceInvolved = false
    mceLshmDbPath = 
    lowPowerInformationAvailable = false
    hasLshmFile = false
    workdirIsDirectory = true
    hasOverlayRelatedInformation = true
    cds_implicit_tmplib = worklib
    cds_other_implicit_tmplibs = 

in 'SimConnect::generateDuAgentCommand', cmd = [/cad/cadence_2024/verisium/tools.lnx86/simvision/bin/64bit/cds-avs-du-agent, -nocopyright, -nowarn, DLNOCL, -xlm_install_root, /cad/cadence_2024/xcelium, -cdslib, /lab/sck17/Pulpit/SCKproj1/SCK_PROJ_2/WORK/xcelium.d/run.d/cds.lib, -cds_implicit_tmplib, worklib, -lwddir, /lab/sck17/Pulpit/SCKproj1/SCK_PROJ_2/WORK/xcelium.d/worklib/EXE_tb/v/debug_db, -cellname, EXE_tb, -64]
in 'SimConnect::execDuAgent_usingPreEstablishedServiceConnection', duAgent process pid = 21742


in 'SimConnect::simControlConnectWithPreEstablishedConnection' overlay db = sim_model, overlayH = 9, is valid = true, operation = dapOpenOverlay, duFilename = /lab/sck17/Pulpit/SCKproj1/SCK_PROJ_2/WORK/xcelium.d/worklib/EXE_tb/v/debug_db/EXE_tb/EXE_tb.dsn, isLiveSim = false

Dump DB Order:
Strap design: sim_model #9
 --> sim_model #41
 --> /lab/sck17/Pulpit/SCKproj1/SCK_PROJ_2/WORK/xcelium.d/worklib/EXE_tb/v/debug_db/EXE_tb/EXE_tb.dsn #40

End of dump DB Order



Dump DB Order:
Strap design: sim_model #9
 --> sim_model #41
 --> /lab/sck17/Pulpit/SCKproj1/SCK_PROJ_2/WORK/xcelium.d/worklib/EXE_tb/v/debug_db/EXE_tb/EXE_tb.dsn #40

End of dump DB Order




**** found cdslib to be: /lab/sck17/Pulpit/SCKproj1/SCK_PROJ_2/WORK/xcelium.d/run.lnx8664.23.03.d/cds.lib



**** Lwd path was derived from given DB. Loading lwd file from: /lab/sck17/Pulpit/SCKproj1/SCK_PROJ_2/WORK/xcelium.d/worklib/EXE_tb/v


Dump DB Order:
Strap design: sim_model #9
 --> sim_model #41
 --> /lab/sck17/Pulpit/SCKproj1/SCK_PROJ_2/WORK/xcelium.d/worklib/EXE_tb/v/debug_db/EXE_tb/EXE_tb.dsn #40

End of dump DB Order














Before reload:

Dump DB Order:
Strap design: sim_model #9
 --> sim_model #41
 --> /lab/sck17/Pulpit/SCKproj1/SCK_PROJ_2/WORK/xcelium.d/worklib/EXE_tb/v/debug_db/EXE_tb/EXE_tb.dsn #40

End of dump DB Order


After reload:

Dump DB Order:
Strap design: sim_model #9
 --> sim_model #41
 --> /lab/sck17/Pulpit/SCKproj1/SCK_PROJ_2/WORK/xcelium.d/worklib/EXE_tb/v/debug_db/EXE_tb/EXE_tb.dsn #40

End of dump DB Order
















Before reload:

Dump DB Order:
Strap design: sim_model #9
 --> sim_model #41
 --> /lab/sck17/Pulpit/SCKproj1/SCK_PROJ_2/WORK/xcelium.d/worklib/EXE_tb/v/debug_db/EXE_tb/EXE_tb.dsn #40

End of dump DB Order


After reload:

Dump DB Order:
Strap design: sim_model #9
 --> sim_model #41
 --> /lab/sck17/Pulpit/SCKproj1/SCK_PROJ_2/WORK/xcelium.d/worklib/EXE_tb/v/debug_db/EXE_tb/EXE_tb.dsn #40

End of dump DB Order



















Dump DB Order:
Strap design: sim_model #9
 --> sim_model #41
 --> /lab/sck17/Pulpit/SCKproj1/SCK_PROJ_2/WORK/xcelium.d/worklib/EXE_tb/v/debug_db/EXE_tb/EXE_tb.dsn #40

End of dump DB Order


in 'SimConnect::unloadSnapshot', terminating pid = 21742

Dump DB Order:

End of dump DB Order



Dump DB Order:

End of dump DB Order


in 'JDACTBDataProvider::openDBInner', dbPath = /lab/sck17/Pulpit/SCKproj1/SCK_PROJ_2/WORK/sim_model, getExplicitLwdFlag() = null


**** found lwd dir to be: /lab/sck17/Pulpit/SCKproj1/SCK_PROJ_2/WORK/xcelium.d/worklib/EXE_tb/v



**** found cdslib to be: /lab/sck17/Pulpit/SCKproj1/SCK_PROJ_2/WORK/xcelium.d/run.d/cds.lib

in 'SimConnect::loadSnapshotHelper', 'dbH' represents 'sim_model' db, 'lwdDbH' represents 'sim_model' db, PPEAttributes were fetched from 'sim_model' db. PPEAttributes values:
    isAutofetch = false
    isPersistentSources = false
    isXprop = false
    cdslib = /lab/sck17/Pulpit/SCKproj1/SCK_PROJ_2/WORK/xcelium.d/run.d/cds.lib
    snapshot = worklib.EXE_tb:v
    workdir = /lab/sck17/Pulpit/SCKproj1/SCK_PROJ_2/WORK
    xceliumDir = /lab/sck17/Pulpit/SCKproj1/SCK_PROJ_2/WORK/xcelium.d
    rundDir = /lab/sck17/Pulpit/SCKproj1/SCK_PROJ_2/WORK/xcelium.d/run.d
    bits = 64
    cds_implicit_tmpdir = 
    cds_alternate_tmpdir = 
    du_agent = 
    lwddir = /lab/sck17/Pulpit/SCKproj1/SCK_PROJ_2/WORK/xcelium.d/worklib/EXE_tb/v
    cds_alternate_cdslib = 
    elab_options = -CDSLIB ./xcelium.d/run.lnx8664.23.03.d/cds.lib -HDLVAR ./xcelium.d/run.lnx8664.23.03.d/hdl.var -WORK worklib -ENABLE_ALCOMB_EXT_OPT -ERROR 1 -ENABLE_SVMEMOPT -ENABLE_EXT_LOCAL_VISIBILITY -TIMESCALE 1ns/1ps -MESSAGES -ACCESS +rwc -CREATEDEBUGDB worklib.EXE_tb:v
    found = true
    nclsRun = false
    includeCdslib = true
    nclsOpts =  -snapshot -cdslib /lab/sck17/Pulpit/SCKproj1/SCK_PROJ_2/WORK/xcelium.d/run.d/cds.lib -64
    isMceMode = false
    isMceInvolved = false
    mceLshmDbPath = 
    lowPowerInformationAvailable = false
    hasLshmFile = false
    workdirIsDirectory = true
    hasOverlayRelatedInformation = true
    cds_implicit_tmplib = worklib
    cds_other_implicit_tmplibs = 

in 'SimConnect::generateDuAgentCommand', cmd = [/cad/cadence_2024/verisium/tools.lnx86/simvision/bin/64bit/cds-avs-du-agent, -nocopyright, -nowarn, DLNOCL, -xlm_install_root, /cad/cadence_2024/xcelium, -cdslib, /lab/sck17/Pulpit/SCKproj1/SCK_PROJ_2/WORK/xcelium.d/run.d/cds.lib, -cds_implicit_tmplib, worklib, -lwddir, /lab/sck17/Pulpit/SCKproj1/SCK_PROJ_2/WORK/xcelium.d/worklib/EXE_tb/v/debug_db, -cellname, EXE_tb, -64]
in 'SimConnect::execDuAgent_usingPreEstablishedServiceConnection', duAgent process pid = 23260


in 'SimConnect::simControlConnectWithPreEstablishedConnection' overlay db = sim_model, overlayH = 9, is valid = true, operation = dapOpenOverlay, duFilename = /lab/sck17/Pulpit/SCKproj1/SCK_PROJ_2/WORK/xcelium.d/worklib/EXE_tb/v/debug_db/EXE_tb/EXE_tb.dsn, isLiveSim = false

Dump DB Order:
Strap design: sim_model #9
 --> sim_model #7130
 --> /lab/sck17/Pulpit/SCKproj1/SCK_PROJ_2/WORK/xcelium.d/worklib/EXE_tb/v/debug_db/EXE_tb/EXE_tb.dsn #7131

End of dump DB Order



Dump DB Order:
Strap design: sim_model #9
 --> sim_model #7130
 --> /lab/sck17/Pulpit/SCKproj1/SCK_PROJ_2/WORK/xcelium.d/worklib/EXE_tb/v/debug_db/EXE_tb/EXE_tb.dsn #7131

End of dump DB Order




**** found cdslib to be: /lab/sck17/Pulpit/SCKproj1/SCK_PROJ_2/WORK/xcelium.d/run.lnx8664.23.03.d/cds.lib



**** Lwd path was derived from given DB. Loading lwd file from: /lab/sck17/Pulpit/SCKproj1/SCK_PROJ_2/WORK/xcelium.d/worklib/EXE_tb/v


Dump DB Order:
Strap design: sim_model #9
 --> sim_model #7130
 --> /lab/sck17/Pulpit/SCKproj1/SCK_PROJ_2/WORK/xcelium.d/worklib/EXE_tb/v/debug_db/EXE_tb/EXE_tb.dsn #7131

End of dump DB Order





















Dump DB Order:
Strap design: sim_model #9
 --> sim_model #7130
 --> /lab/sck17/Pulpit/SCKproj1/SCK_PROJ_2/WORK/xcelium.d/worklib/EXE_tb/v/debug_db/EXE_tb/EXE_tb.dsn #7131

End of dump DB Order


in 'SimConnect::unloadSnapshot', terminating pid = 23260

Dump DB Order:

End of dump DB Order



Dump DB Order:

End of dump DB Order


in 'JDACTBDataProvider::openDBInner', dbPath = /lab/sck17/Pulpit/SCKproj1/SCK_PROJ_2/WORK/sim_model, getExplicitLwdFlag() = null


**** found lwd dir to be: /lab/sck17/Pulpit/SCKproj1/SCK_PROJ_2/WORK/xcelium.d/worklib/EXE_tb/v



**** found cdslib to be: /lab/sck17/Pulpit/SCKproj1/SCK_PROJ_2/WORK/xcelium.d/run.d/cds.lib

in 'SimConnect::loadSnapshotHelper', 'dbH' represents 'sim_model' db, 'lwdDbH' represents 'sim_model' db, PPEAttributes were fetched from 'sim_model' db. PPEAttributes values:
    isAutofetch = false
    isPersistentSources = false
    isXprop = false
    cdslib = /lab/sck17/Pulpit/SCKproj1/SCK_PROJ_2/WORK/xcelium.d/run.d/cds.lib
    snapshot = worklib.EXE_tb:v
    workdir = /lab/sck17/Pulpit/SCKproj1/SCK_PROJ_2/WORK
    xceliumDir = /lab/sck17/Pulpit/SCKproj1/SCK_PROJ_2/WORK/xcelium.d
    rundDir = /lab/sck17/Pulpit/SCKproj1/SCK_PROJ_2/WORK/xcelium.d/run.d
    bits = 64
    cds_implicit_tmpdir = 
    cds_alternate_tmpdir = 
    du_agent = 
    lwddir = /lab/sck17/Pulpit/SCKproj1/SCK_PROJ_2/WORK/xcelium.d/worklib/EXE_tb/v
    cds_alternate_cdslib = 
    elab_options = -CDSLIB ./xcelium.d/run.lnx8664.23.03.d/cds.lib -HDLVAR ./xcelium.d/run.lnx8664.23.03.d/hdl.var -WORK worklib -ENABLE_ALCOMB_EXT_OPT -ERROR 1 -ENABLE_SVMEMOPT -ENABLE_EXT_LOCAL_VISIBILITY -TIMESCALE 1ns/1ps -MESSAGES -ACCESS +rwc -CREATEDEBUGDB worklib.EXE_tb:v
    found = true
    nclsRun = false
    includeCdslib = true
    nclsOpts =  -snapshot -cdslib /lab/sck17/Pulpit/SCKproj1/SCK_PROJ_2/WORK/xcelium.d/run.d/cds.lib -64
    isMceMode = false
    isMceInvolved = false
    mceLshmDbPath = 
    lowPowerInformationAvailable = false
    hasLshmFile = false
    workdirIsDirectory = true
    hasOverlayRelatedInformation = true
    cds_implicit_tmplib = worklib
    cds_other_implicit_tmplibs = 

in 'SimConnect::generateDuAgentCommand', cmd = [/cad/cadence_2024/verisium/tools.lnx86/simvision/bin/64bit/cds-avs-du-agent, -nocopyright, -nowarn, DLNOCL, -xlm_install_root, /cad/cadence_2024/xcelium, -cdslib, /lab/sck17/Pulpit/SCKproj1/SCK_PROJ_2/WORK/xcelium.d/run.d/cds.lib, -cds_implicit_tmplib, worklib, -lwddir, /lab/sck17/Pulpit/SCKproj1/SCK_PROJ_2/WORK/xcelium.d/worklib/EXE_tb/v/debug_db, -cellname, EXE_tb, -64]
in 'SimConnect::execDuAgent_usingPreEstablishedServiceConnection', duAgent process pid = 23668


in 'SimConnect::simControlConnectWithPreEstablishedConnection' overlay db = sim_model, overlayH = 9, is valid = true, operation = dapOpenOverlay, duFilename = /lab/sck17/Pulpit/SCKproj1/SCK_PROJ_2/WORK/xcelium.d/worklib/EXE_tb/v/debug_db/EXE_tb/EXE_tb.dsn, isLiveSim = false

Dump DB Order:
Strap design: sim_model #9
 --> sim_model #45
 --> /lab/sck17/Pulpit/SCKproj1/SCK_PROJ_2/WORK/xcelium.d/worklib/EXE_tb/v/debug_db/EXE_tb/EXE_tb.dsn #109

End of dump DB Order



Dump DB Order:
Strap design: sim_model #9
 --> sim_model #45
 --> /lab/sck17/Pulpit/SCKproj1/SCK_PROJ_2/WORK/xcelium.d/worklib/EXE_tb/v/debug_db/EXE_tb/EXE_tb.dsn #109

End of dump DB Order




**** found cdslib to be: /lab/sck17/Pulpit/SCKproj1/SCK_PROJ_2/WORK/xcelium.d/run.lnx8664.23.03.d/cds.lib



**** Lwd path was derived from given DB. Loading lwd file from: /lab/sck17/Pulpit/SCKproj1/SCK_PROJ_2/WORK/xcelium.d/worklib/EXE_tb/v


Dump DB Order:
Strap design: sim_model #9
 --> sim_model #45
 --> /lab/sck17/Pulpit/SCKproj1/SCK_PROJ_2/WORK/xcelium.d/worklib/EXE_tb/v/debug_db/EXE_tb/EXE_tb.dsn #109

End of dump DB Order























Dump DB Order:
Strap design: sim_model #9
 --> sim_model #45
 --> /lab/sck17/Pulpit/SCKproj1/SCK_PROJ_2/WORK/xcelium.d/worklib/EXE_tb/v/debug_db/EXE_tb/EXE_tb.dsn #109

End of dump DB Order


in 'SimConnect::unloadSnapshot', terminating pid = 23668

Dump DB Order:

End of dump DB Order



Dump DB Order:

End of dump DB Order


in 'JDACTBDataProvider::openDBInner', dbPath = /lab/sck17/Pulpit/SCKproj1/SCK_PROJ_2/WORK/sim_model, getExplicitLwdFlag() = null


**** found lwd dir to be: /lab/sck17/Pulpit/SCKproj1/SCK_PROJ_2/WORK/xcelium.d/worklib/EXE_tb/v



**** found cdslib to be: /lab/sck17/Pulpit/SCKproj1/SCK_PROJ_2/WORK/xcelium.d/run.d/cds.lib

in 'SimConnect::loadSnapshotHelper', 'dbH' represents 'sim_model' db, 'lwdDbH' represents 'sim_model' db, PPEAttributes were fetched from 'sim_model' db. PPEAttributes values:
    isAutofetch = false
    isPersistentSources = false
    isXprop = false
    cdslib = /lab/sck17/Pulpit/SCKproj1/SCK_PROJ_2/WORK/xcelium.d/run.d/cds.lib
    snapshot = worklib.EXE_tb:v
    workdir = /lab/sck17/Pulpit/SCKproj1/SCK_PROJ_2/WORK
    xceliumDir = /lab/sck17/Pulpit/SCKproj1/SCK_PROJ_2/WORK/xcelium.d
    rundDir = /lab/sck17/Pulpit/SCKproj1/SCK_PROJ_2/WORK/xcelium.d/run.d
    bits = 64
    cds_implicit_tmpdir = 
    cds_alternate_tmpdir = 
    du_agent = 
    lwddir = /lab/sck17/Pulpit/SCKproj1/SCK_PROJ_2/WORK/xcelium.d/worklib/EXE_tb/v
    cds_alternate_cdslib = 
    elab_options = -CDSLIB ./xcelium.d/run.lnx8664.23.03.d/cds.lib -HDLVAR ./xcelium.d/run.lnx8664.23.03.d/hdl.var -WORK worklib -ENABLE_ALCOMB_EXT_OPT -ERROR 1 -ENABLE_SVMEMOPT -ENABLE_EXT_LOCAL_VISIBILITY -TIMESCALE 1ns/1ps -MESSAGES -ACCESS +rwc -CREATEDEBUGDB worklib.EXE_tb:v
    found = true
    nclsRun = false
    includeCdslib = true
    nclsOpts =  -snapshot -cdslib /lab/sck17/Pulpit/SCKproj1/SCK_PROJ_2/WORK/xcelium.d/run.d/cds.lib -64
    isMceMode = false
    isMceInvolved = false
    mceLshmDbPath = 
    lowPowerInformationAvailable = false
    hasLshmFile = false
    workdirIsDirectory = true
    hasOverlayRelatedInformation = true
    cds_implicit_tmplib = worklib
    cds_other_implicit_tmplibs = 

in 'SimConnect::generateDuAgentCommand', cmd = [/cad/cadence_2024/verisium/tools.lnx86/simvision/bin/64bit/cds-avs-du-agent, -nocopyright, -nowarn, DLNOCL, -xlm_install_root, /cad/cadence_2024/xcelium, -cdslib, /lab/sck17/Pulpit/SCKproj1/SCK_PROJ_2/WORK/xcelium.d/run.d/cds.lib, -cds_implicit_tmplib, worklib, -lwddir, /lab/sck17/Pulpit/SCKproj1/SCK_PROJ_2/WORK/xcelium.d/worklib/EXE_tb/v/debug_db, -cellname, EXE_tb, -64]
in 'SimConnect::execDuAgent_usingPreEstablishedServiceConnection', duAgent process pid = 24768


in 'SimConnect::simControlConnectWithPreEstablishedConnection' overlay db = sim_model, overlayH = 9, is valid = true, operation = dapOpenOverlay, duFilename = /lab/sck17/Pulpit/SCKproj1/SCK_PROJ_2/WORK/xcelium.d/worklib/EXE_tb/v/debug_db/EXE_tb/EXE_tb.dsn, isLiveSim = false

Dump DB Order:
Strap design: sim_model #9
 --> sim_model #7133
 --> /lab/sck17/Pulpit/SCKproj1/SCK_PROJ_2/WORK/xcelium.d/worklib/EXE_tb/v/debug_db/EXE_tb/EXE_tb.dsn #7134

End of dump DB Order



Dump DB Order:
Strap design: sim_model #9
 --> sim_model #7133
 --> /lab/sck17/Pulpit/SCKproj1/SCK_PROJ_2/WORK/xcelium.d/worklib/EXE_tb/v/debug_db/EXE_tb/EXE_tb.dsn #7134

End of dump DB Order




**** found cdslib to be: /lab/sck17/Pulpit/SCKproj1/SCK_PROJ_2/WORK/xcelium.d/run.lnx8664.23.03.d/cds.lib



**** Lwd path was derived from given DB. Loading lwd file from: /lab/sck17/Pulpit/SCKproj1/SCK_PROJ_2/WORK/xcelium.d/worklib/EXE_tb/v


Dump DB Order:
Strap design: sim_model #9
 --> sim_model #7133
 --> /lab/sck17/Pulpit/SCKproj1/SCK_PROJ_2/WORK/xcelium.d/worklib/EXE_tb/v/debug_db/EXE_tb/EXE_tb.dsn #7134

End of dump DB Order

























Dump DB Order:
Strap design: sim_model #9
 --> sim_model #7133
 --> /lab/sck17/Pulpit/SCKproj1/SCK_PROJ_2/WORK/xcelium.d/worklib/EXE_tb/v/debug_db/EXE_tb/EXE_tb.dsn #7134

End of dump DB Order


in 'SimConnect::unloadSnapshot', terminating pid = 24768

Dump DB Order:

End of dump DB Order



Dump DB Order:

End of dump DB Order


in 'JDACTBDataProvider::openDBInner', dbPath = /lab/sck17/Pulpit/SCKproj1/SCK_PROJ_2/WORK/sim_model, getExplicitLwdFlag() = null


**** found lwd dir to be: /lab/sck17/Pulpit/SCKproj1/SCK_PROJ_2/WORK/xcelium.d/worklib/EXE_tb/v



**** found cdslib to be: /lab/sck17/Pulpit/SCKproj1/SCK_PROJ_2/WORK/xcelium.d/run.d/cds.lib

in 'SimConnect::loadSnapshotHelper', 'dbH' represents 'sim_model' db, 'lwdDbH' represents 'sim_model' db, PPEAttributes were fetched from 'sim_model' db. PPEAttributes values:
    isAutofetch = false
    isPersistentSources = false
    isXprop = false
    cdslib = /lab/sck17/Pulpit/SCKproj1/SCK_PROJ_2/WORK/xcelium.d/run.d/cds.lib
    snapshot = worklib.EXE_tb:v
    workdir = /lab/sck17/Pulpit/SCKproj1/SCK_PROJ_2/WORK
    xceliumDir = /lab/sck17/Pulpit/SCKproj1/SCK_PROJ_2/WORK/xcelium.d
    rundDir = /lab/sck17/Pulpit/SCKproj1/SCK_PROJ_2/WORK/xcelium.d/run.d
    bits = 64
    cds_implicit_tmpdir = 
    cds_alternate_tmpdir = 
    du_agent = 
    lwddir = /lab/sck17/Pulpit/SCKproj1/SCK_PROJ_2/WORK/xcelium.d/worklib/EXE_tb/v
    cds_alternate_cdslib = 
    elab_options = -CDSLIB ./xcelium.d/run.lnx8664.23.03.d/cds.lib -HDLVAR ./xcelium.d/run.lnx8664.23.03.d/hdl.var -WORK worklib -ENABLE_ALCOMB_EXT_OPT -ERROR 1 -ENABLE_SVMEMOPT -ENABLE_EXT_LOCAL_VISIBILITY -TIMESCALE 1ns/1ps -MESSAGES -ACCESS +rwc -CREATEDEBUGDB worklib.EXE_tb:v
    found = true
    nclsRun = false
    includeCdslib = true
    nclsOpts =  -snapshot -cdslib /lab/sck17/Pulpit/SCKproj1/SCK_PROJ_2/WORK/xcelium.d/run.d/cds.lib -64
    isMceMode = false
    isMceInvolved = false
    mceLshmDbPath = 
    lowPowerInformationAvailable = false
    hasLshmFile = false
    workdirIsDirectory = true
    hasOverlayRelatedInformation = true
    cds_implicit_tmplib = worklib
    cds_other_implicit_tmplibs = 

in 'SimConnect::generateDuAgentCommand', cmd = [/cad/cadence_2024/verisium/tools.lnx86/simvision/bin/64bit/cds-avs-du-agent, -nocopyright, -nowarn, DLNOCL, -xlm_install_root, /cad/cadence_2024/xcelium, -cdslib, /lab/sck17/Pulpit/SCKproj1/SCK_PROJ_2/WORK/xcelium.d/run.d/cds.lib, -cds_implicit_tmplib, worklib, -lwddir, /lab/sck17/Pulpit/SCKproj1/SCK_PROJ_2/WORK/xcelium.d/worklib/EXE_tb/v/debug_db, -cellname, EXE_tb, -64]
in 'SimConnect::execDuAgent_usingPreEstablishedServiceConnection', duAgent process pid = 25009


in 'SimConnect::simControlConnectWithPreEstablishedConnection' overlay db = sim_model, overlayH = 9, is valid = true, operation = dapOpenOverlay, duFilename = /lab/sck17/Pulpit/SCKproj1/SCK_PROJ_2/WORK/xcelium.d/worklib/EXE_tb/v/debug_db/EXE_tb/EXE_tb.dsn, isLiveSim = false

Dump DB Order:
Strap design: sim_model #9
 --> sim_model #7134
 --> /lab/sck17/Pulpit/SCKproj1/SCK_PROJ_2/WORK/xcelium.d/worklib/EXE_tb/v/debug_db/EXE_tb/EXE_tb.dsn #7133

End of dump DB Order



Dump DB Order:
Strap design: sim_model #9
 --> sim_model #7134
 --> /lab/sck17/Pulpit/SCKproj1/SCK_PROJ_2/WORK/xcelium.d/worklib/EXE_tb/v/debug_db/EXE_tb/EXE_tb.dsn #7133

End of dump DB Order




**** found cdslib to be: /lab/sck17/Pulpit/SCKproj1/SCK_PROJ_2/WORK/xcelium.d/run.lnx8664.23.03.d/cds.lib



**** Lwd path was derived from given DB. Loading lwd file from: /lab/sck17/Pulpit/SCKproj1/SCK_PROJ_2/WORK/xcelium.d/worklib/EXE_tb/v


Dump DB Order:
Strap design: sim_model #9
 --> sim_model #7134
 --> /lab/sck17/Pulpit/SCKproj1/SCK_PROJ_2/WORK/xcelium.d/worklib/EXE_tb/v/debug_db/EXE_tb/EXE_tb.dsn #7133

End of dump DB Order



























Dump DB Order:
Strap design: sim_model #9
 --> sim_model #7134
 --> /lab/sck17/Pulpit/SCKproj1/SCK_PROJ_2/WORK/xcelium.d/worklib/EXE_tb/v/debug_db/EXE_tb/EXE_tb.dsn #7133

End of dump DB Order


in 'SimConnect::unloadSnapshot', terminating pid = 25009

Dump DB Order:

End of dump DB Order



Dump DB Order:

End of dump DB Order


in 'JDACTBDataProvider::openDBInner', dbPath = /lab/sck17/Pulpit/SCKproj1/SCK_PROJ_2/WORK/sim_model, getExplicitLwdFlag() = null


**** found lwd dir to be: /lab/sck17/Pulpit/SCKproj1/SCK_PROJ_2/WORK/xcelium.d/worklib/EXE_tb/v



**** found cdslib to be: /lab/sck17/Pulpit/SCKproj1/SCK_PROJ_2/WORK/xcelium.d/run.d/cds.lib

in 'SimConnect::loadSnapshotHelper', 'dbH' represents 'sim_model' db, 'lwdDbH' represents 'sim_model' db, PPEAttributes were fetched from 'sim_model' db. PPEAttributes values:
    isAutofetch = false
    isPersistentSources = false
    isXprop = false
    cdslib = /lab/sck17/Pulpit/SCKproj1/SCK_PROJ_2/WORK/xcelium.d/run.d/cds.lib
    snapshot = worklib.EXE_tb:v
    workdir = /lab/sck17/Pulpit/SCKproj1/SCK_PROJ_2/WORK
    xceliumDir = /lab/sck17/Pulpit/SCKproj1/SCK_PROJ_2/WORK/xcelium.d
    rundDir = /lab/sck17/Pulpit/SCKproj1/SCK_PROJ_2/WORK/xcelium.d/run.d
    bits = 64
    cds_implicit_tmpdir = 
    cds_alternate_tmpdir = 
    du_agent = 
    lwddir = /lab/sck17/Pulpit/SCKproj1/SCK_PROJ_2/WORK/xcelium.d/worklib/EXE_tb/v
    cds_alternate_cdslib = 
    elab_options = -CDSLIB ./xcelium.d/run.lnx8664.23.03.d/cds.lib -HDLVAR ./xcelium.d/run.lnx8664.23.03.d/hdl.var -WORK worklib -ENABLE_ALCOMB_EXT_OPT -ERROR 1 -ENABLE_SVMEMOPT -ENABLE_EXT_LOCAL_VISIBILITY -TIMESCALE 1ns/1ps -MESSAGES -ACCESS +rwc -CREATEDEBUGDB worklib.EXE_tb:v
    found = true
    nclsRun = false
    includeCdslib = true
    nclsOpts =  -snapshot -cdslib /lab/sck17/Pulpit/SCKproj1/SCK_PROJ_2/WORK/xcelium.d/run.d/cds.lib -64
    isMceMode = false
    isMceInvolved = false
    mceLshmDbPath = 
    lowPowerInformationAvailable = false
    hasLshmFile = false
    workdirIsDirectory = true
    hasOverlayRelatedInformation = true
    cds_implicit_tmplib = worklib
    cds_other_implicit_tmplibs = 

in 'SimConnect::generateDuAgentCommand', cmd = [/cad/cadence_2024/verisium/tools.lnx86/simvision/bin/64bit/cds-avs-du-agent, -nocopyright, -nowarn, DLNOCL, -xlm_install_root, /cad/cadence_2024/xcelium, -cdslib, /lab/sck17/Pulpit/SCKproj1/SCK_PROJ_2/WORK/xcelium.d/run.d/cds.lib, -cds_implicit_tmplib, worklib, -lwddir, /lab/sck17/Pulpit/SCKproj1/SCK_PROJ_2/WORK/xcelium.d/worklib/EXE_tb/v/debug_db, -cellname, EXE_tb, -64]
in 'SimConnect::execDuAgent_usingPreEstablishedServiceConnection', duAgent process pid = 25239


in 'SimConnect::simControlConnectWithPreEstablishedConnection' overlay db = sim_model, overlayH = 9, is valid = true, operation = dapOpenOverlay, duFilename = /lab/sck17/Pulpit/SCKproj1/SCK_PROJ_2/WORK/xcelium.d/worklib/EXE_tb/v/debug_db/EXE_tb/EXE_tb.dsn, isLiveSim = false

Dump DB Order:
Strap design: sim_model #9
 --> sim_model #25186
 --> /lab/sck17/Pulpit/SCKproj1/SCK_PROJ_2/WORK/xcelium.d/worklib/EXE_tb/v/debug_db/EXE_tb/EXE_tb.dsn #25187

End of dump DB Order



Dump DB Order:
Strap design: sim_model #9
 --> sim_model #25186
 --> /lab/sck17/Pulpit/SCKproj1/SCK_PROJ_2/WORK/xcelium.d/worklib/EXE_tb/v/debug_db/EXE_tb/EXE_tb.dsn #25187

End of dump DB Order




**** found cdslib to be: /lab/sck17/Pulpit/SCKproj1/SCK_PROJ_2/WORK/xcelium.d/run.lnx8664.23.03.d/cds.lib



**** Lwd path was derived from given DB. Loading lwd file from: /lab/sck17/Pulpit/SCKproj1/SCK_PROJ_2/WORK/xcelium.d/worklib/EXE_tb/v


Dump DB Order:
Strap design: sim_model #9
 --> sim_model #25186
 --> /lab/sck17/Pulpit/SCKproj1/SCK_PROJ_2/WORK/xcelium.d/worklib/EXE_tb/v/debug_db/EXE_tb/EXE_tb.dsn #25187

End of dump DB Order





























Dump DB Order:
Strap design: sim_model #9
 --> sim_model #25186
 --> /lab/sck17/Pulpit/SCKproj1/SCK_PROJ_2/WORK/xcelium.d/worklib/EXE_tb/v/debug_db/EXE_tb/EXE_tb.dsn #25187

End of dump DB Order


in 'SimConnect::unloadSnapshot', terminating pid = 25239

Dump DB Order:

End of dump DB Order



Dump DB Order:

End of dump DB Order


in 'JDACTBDataProvider::openDBInner', dbPath = /lab/sck17/Pulpit/SCKproj1/SCK_PROJ_2/WORK/sim_model, getExplicitLwdFlag() = null


**** found lwd dir to be: /lab/sck17/Pulpit/SCKproj1/SCK_PROJ_2/WORK/xcelium.d/worklib/EXE_tb/v



**** found cdslib to be: /lab/sck17/Pulpit/SCKproj1/SCK_PROJ_2/WORK/xcelium.d/run.d/cds.lib

in 'SimConnect::loadSnapshotHelper', 'dbH' represents 'sim_model' db, 'lwdDbH' represents 'sim_model' db, PPEAttributes were fetched from 'sim_model' db. PPEAttributes values:
    isAutofetch = false
    isPersistentSources = false
    isXprop = false
    cdslib = /lab/sck17/Pulpit/SCKproj1/SCK_PROJ_2/WORK/xcelium.d/run.d/cds.lib
    snapshot = worklib.EXE_tb:v
    workdir = /lab/sck17/Pulpit/SCKproj1/SCK_PROJ_2/WORK
    xceliumDir = /lab/sck17/Pulpit/SCKproj1/SCK_PROJ_2/WORK/xcelium.d
    rundDir = /lab/sck17/Pulpit/SCKproj1/SCK_PROJ_2/WORK/xcelium.d/run.d
    bits = 64
    cds_implicit_tmpdir = 
    cds_alternate_tmpdir = 
    du_agent = 
    lwddir = /lab/sck17/Pulpit/SCKproj1/SCK_PROJ_2/WORK/xcelium.d/worklib/EXE_tb/v
    cds_alternate_cdslib = 
    elab_options = -CDSLIB ./xcelium.d/run.lnx8664.23.03.d/cds.lib -HDLVAR ./xcelium.d/run.lnx8664.23.03.d/hdl.var -WORK worklib -ENABLE_ALCOMB_EXT_OPT -ERROR 1 -ENABLE_SVMEMOPT -ENABLE_EXT_LOCAL_VISIBILITY -TIMESCALE 1ns/1ps -MESSAGES -ACCESS +rwc -CREATEDEBUGDB worklib.EXE_tb:v
    found = true
    nclsRun = false
    includeCdslib = true
    nclsOpts =  -snapshot -cdslib /lab/sck17/Pulpit/SCKproj1/SCK_PROJ_2/WORK/xcelium.d/run.d/cds.lib -64
    isMceMode = false
    isMceInvolved = false
    mceLshmDbPath = 
    lowPowerInformationAvailable = false
    hasLshmFile = false
    workdirIsDirectory = true
    hasOverlayRelatedInformation = true
    cds_implicit_tmplib = worklib
    cds_other_implicit_tmplibs = 

in 'SimConnect::generateDuAgentCommand', cmd = [/cad/cadence_2024/verisium/tools.lnx86/simvision/bin/64bit/cds-avs-du-agent, -nocopyright, -nowarn, DLNOCL, -xlm_install_root, /cad/cadence_2024/xcelium, -cdslib, /lab/sck17/Pulpit/SCKproj1/SCK_PROJ_2/WORK/xcelium.d/run.d/cds.lib, -cds_implicit_tmplib, worklib, -lwddir, /lab/sck17/Pulpit/SCKproj1/SCK_PROJ_2/WORK/xcelium.d/worklib/EXE_tb/v/debug_db, -cellname, EXE_tb, -64]
in 'SimConnect::execDuAgent_usingPreEstablishedServiceConnection', duAgent process pid = 26063


in 'SimConnect::simControlConnectWithPreEstablishedConnection' overlay db = sim_model, overlayH = 9, is valid = true, operation = dapOpenOverlay, duFilename = /lab/sck17/Pulpit/SCKproj1/SCK_PROJ_2/WORK/xcelium.d/worklib/EXE_tb/v/debug_db/EXE_tb/EXE_tb.dsn, isLiveSim = false

Dump DB Order:
Strap design: sim_model #9
 --> sim_model #7136
 --> /lab/sck17/Pulpit/SCKproj1/SCK_PROJ_2/WORK/xcelium.d/worklib/EXE_tb/v/debug_db/EXE_tb/EXE_tb.dsn #7135

End of dump DB Order



Dump DB Order:
Strap design: sim_model #9
 --> sim_model #7136
 --> /lab/sck17/Pulpit/SCKproj1/SCK_PROJ_2/WORK/xcelium.d/worklib/EXE_tb/v/debug_db/EXE_tb/EXE_tb.dsn #7135

End of dump DB Order




**** found cdslib to be: /lab/sck17/Pulpit/SCKproj1/SCK_PROJ_2/WORK/xcelium.d/run.lnx8664.23.03.d/cds.lib



**** Lwd path was derived from given DB. Loading lwd file from: /lab/sck17/Pulpit/SCKproj1/SCK_PROJ_2/WORK/xcelium.d/worklib/EXE_tb/v


Dump DB Order:
Strap design: sim_model #9
 --> sim_model #7136
 --> /lab/sck17/Pulpit/SCKproj1/SCK_PROJ_2/WORK/xcelium.d/worklib/EXE_tb/v/debug_db/EXE_tb/EXE_tb.dsn #7135

End of dump DB Order































Dump DB Order:
Strap design: sim_model #9
 --> sim_model #7136
 --> /lab/sck17/Pulpit/SCKproj1/SCK_PROJ_2/WORK/xcelium.d/worklib/EXE_tb/v/debug_db/EXE_tb/EXE_tb.dsn #7135

End of dump DB Order


in 'SimConnect::unloadSnapshot', terminating pid = 26063

Dump DB Order:

End of dump DB Order



Dump DB Order:

End of dump DB Order


in 'JDACTBDataProvider::openDBInner', dbPath = /lab/sck17/Pulpit/SCKproj1/SCK_PROJ_2/WORK/sim_model, getExplicitLwdFlag() = null


**** found lwd dir to be: /lab/sck17/Pulpit/SCKproj1/SCK_PROJ_2/WORK/xcelium.d/worklib/EXE_tb/v



**** found cdslib to be: /lab/sck17/Pulpit/SCKproj1/SCK_PROJ_2/WORK/xcelium.d/run.d/cds.lib

in 'SimConnect::loadSnapshotHelper', 'dbH' represents 'sim_model' db, 'lwdDbH' represents 'sim_model' db, PPEAttributes were fetched from 'sim_model' db. PPEAttributes values:
    isAutofetch = false
    isPersistentSources = false
    isXprop = false
    cdslib = /lab/sck17/Pulpit/SCKproj1/SCK_PROJ_2/WORK/xcelium.d/run.d/cds.lib
    snapshot = worklib.EXE_tb:v
    workdir = /lab/sck17/Pulpit/SCKproj1/SCK_PROJ_2/WORK
    xceliumDir = /lab/sck17/Pulpit/SCKproj1/SCK_PROJ_2/WORK/xcelium.d
    rundDir = /lab/sck17/Pulpit/SCKproj1/SCK_PROJ_2/WORK/xcelium.d/run.d
    bits = 64
    cds_implicit_tmpdir = 
    cds_alternate_tmpdir = 
    du_agent = 
    lwddir = /lab/sck17/Pulpit/SCKproj1/SCK_PROJ_2/WORK/xcelium.d/worklib/EXE_tb/v
    cds_alternate_cdslib = 
    elab_options = -CDSLIB ./xcelium.d/run.lnx8664.23.03.d/cds.lib -HDLVAR ./xcelium.d/run.lnx8664.23.03.d/hdl.var -WORK worklib -ENABLE_ALCOMB_EXT_OPT -ERROR 1 -ENABLE_SVMEMOPT -ENABLE_EXT_LOCAL_VISIBILITY -TIMESCALE 1ns/1ps -MESSAGES -ACCESS +rwc -CREATEDEBUGDB worklib.EXE_tb:v
    found = true
    nclsRun = false
    includeCdslib = true
    nclsOpts =  -snapshot -cdslib /lab/sck17/Pulpit/SCKproj1/SCK_PROJ_2/WORK/xcelium.d/run.d/cds.lib -64
    isMceMode = false
    isMceInvolved = false
    mceLshmDbPath = 
    lowPowerInformationAvailable = false
    hasLshmFile = false
    workdirIsDirectory = true
    hasOverlayRelatedInformation = true
    cds_implicit_tmplib = worklib
    cds_other_implicit_tmplibs = 

in 'SimConnect::generateDuAgentCommand', cmd = [/cad/cadence_2024/verisium/tools.lnx86/simvision/bin/64bit/cds-avs-du-agent, -nocopyright, -nowarn, DLNOCL, -xlm_install_root, /cad/cadence_2024/xcelium, -cdslib, /lab/sck17/Pulpit/SCKproj1/SCK_PROJ_2/WORK/xcelium.d/run.d/cds.lib, -cds_implicit_tmplib, worklib, -lwddir, /lab/sck17/Pulpit/SCKproj1/SCK_PROJ_2/WORK/xcelium.d/worklib/EXE_tb/v/debug_db, -cellname, EXE_tb, -64]
in 'SimConnect::execDuAgent_usingPreEstablishedServiceConnection', duAgent process pid = 26655


in 'SimConnect::simControlConnectWithPreEstablishedConnection' overlay db = sim_model, overlayH = 9, is valid = true, operation = dapOpenOverlay, duFilename = /lab/sck17/Pulpit/SCKproj1/SCK_PROJ_2/WORK/xcelium.d/worklib/EXE_tb/v/debug_db/EXE_tb/EXE_tb.dsn, isLiveSim = false

Dump DB Order:
Strap design: sim_model #9
 --> sim_model #7137
 --> /lab/sck17/Pulpit/SCKproj1/SCK_PROJ_2/WORK/xcelium.d/worklib/EXE_tb/v/debug_db/EXE_tb/EXE_tb.dsn #7136

End of dump DB Order



Dump DB Order:
Strap design: sim_model #9
 --> sim_model #7137
 --> /lab/sck17/Pulpit/SCKproj1/SCK_PROJ_2/WORK/xcelium.d/worklib/EXE_tb/v/debug_db/EXE_tb/EXE_tb.dsn #7136

End of dump DB Order




**** found cdslib to be: /lab/sck17/Pulpit/SCKproj1/SCK_PROJ_2/WORK/xcelium.d/run.lnx8664.23.03.d/cds.lib



**** Lwd path was derived from given DB. Loading lwd file from: /lab/sck17/Pulpit/SCKproj1/SCK_PROJ_2/WORK/xcelium.d/worklib/EXE_tb/v


Dump DB Order:
Strap design: sim_model #9
 --> sim_model #7137
 --> /lab/sck17/Pulpit/SCKproj1/SCK_PROJ_2/WORK/xcelium.d/worklib/EXE_tb/v/debug_db/EXE_tb/EXE_tb.dsn #7136

End of dump DB Order

































Dump DB Order:
Strap design: sim_model #9
 --> sim_model #7137
 --> /lab/sck17/Pulpit/SCKproj1/SCK_PROJ_2/WORK/xcelium.d/worklib/EXE_tb/v/debug_db/EXE_tb/EXE_tb.dsn #7136

End of dump DB Order


in 'SimConnect::unloadSnapshot', terminating pid = 26655

Dump DB Order:

End of dump DB Order



Dump DB Order:

End of dump DB Order


in 'JDACTBDataProvider::openDBInner', dbPath = /lab/sck17/Pulpit/SCKproj1/SCK_PROJ_2/WORK/sim_model, getExplicitLwdFlag() = null


**** found lwd dir to be: /lab/sck17/Pulpit/SCKproj1/SCK_PROJ_2/WORK/xcelium.d/worklib/EXE_tb/v



**** found cdslib to be: /lab/sck17/Pulpit/SCKproj1/SCK_PROJ_2/WORK/xcelium.d/run.d/cds.lib

in 'SimConnect::loadSnapshotHelper', 'dbH' represents 'sim_model' db, 'lwdDbH' represents 'sim_model' db, PPEAttributes were fetched from 'sim_model' db. PPEAttributes values:
    isAutofetch = false
    isPersistentSources = false
    isXprop = false
    cdslib = /lab/sck17/Pulpit/SCKproj1/SCK_PROJ_2/WORK/xcelium.d/run.d/cds.lib
    snapshot = worklib.EXE_tb:v
    workdir = /lab/sck17/Pulpit/SCKproj1/SCK_PROJ_2/WORK
    xceliumDir = /lab/sck17/Pulpit/SCKproj1/SCK_PROJ_2/WORK/xcelium.d
    rundDir = /lab/sck17/Pulpit/SCKproj1/SCK_PROJ_2/WORK/xcelium.d/run.d
    bits = 64
    cds_implicit_tmpdir = 
    cds_alternate_tmpdir = 
    du_agent = 
    lwddir = /lab/sck17/Pulpit/SCKproj1/SCK_PROJ_2/WORK/xcelium.d/worklib/EXE_tb/v
    cds_alternate_cdslib = 
    elab_options = -CDSLIB ./xcelium.d/run.lnx8664.23.03.d/cds.lib -HDLVAR ./xcelium.d/run.lnx8664.23.03.d/hdl.var -WORK worklib -ENABLE_ALCOMB_EXT_OPT -ERROR 1 -ENABLE_SVMEMOPT -ENABLE_EXT_LOCAL_VISIBILITY -TIMESCALE 1ns/1ps -MESSAGES -ACCESS +rwc -CREATEDEBUGDB worklib.EXE_tb:v
    found = true
    nclsRun = false
    includeCdslib = true
    nclsOpts =  -snapshot -cdslib /lab/sck17/Pulpit/SCKproj1/SCK_PROJ_2/WORK/xcelium.d/run.d/cds.lib -64
    isMceMode = false
    isMceInvolved = false
    mceLshmDbPath = 
    lowPowerInformationAvailable = false
    hasLshmFile = false
    workdirIsDirectory = true
    hasOverlayRelatedInformation = true
    cds_implicit_tmplib = worklib
    cds_other_implicit_tmplibs = 

in 'SimConnect::generateDuAgentCommand', cmd = [/cad/cadence_2024/verisium/tools.lnx86/simvision/bin/64bit/cds-avs-du-agent, -nocopyright, -nowarn, DLNOCL, -xlm_install_root, /cad/cadence_2024/xcelium, -cdslib, /lab/sck17/Pulpit/SCKproj1/SCK_PROJ_2/WORK/xcelium.d/run.d/cds.lib, -cds_implicit_tmplib, worklib, -lwddir, /lab/sck17/Pulpit/SCKproj1/SCK_PROJ_2/WORK/xcelium.d/worklib/EXE_tb/v/debug_db, -cellname, EXE_tb, -64]
in 'SimConnect::execDuAgent_usingPreEstablishedServiceConnection', duAgent process pid = 26980


in 'SimConnect::simControlConnectWithPreEstablishedConnection' overlay db = sim_model, overlayH = 9, is valid = true, operation = dapOpenOverlay, duFilename = /lab/sck17/Pulpit/SCKproj1/SCK_PROJ_2/WORK/xcelium.d/worklib/EXE_tb/v/debug_db/EXE_tb/EXE_tb.dsn, isLiveSim = false

Dump DB Order:
Strap design: sim_model #9
 --> sim_model #60845
 --> /lab/sck17/Pulpit/SCKproj1/SCK_PROJ_2/WORK/xcelium.d/worklib/EXE_tb/v/debug_db/EXE_tb/EXE_tb.dsn #60846

End of dump DB Order



Dump DB Order:
Strap design: sim_model #9
 --> sim_model #60845
 --> /lab/sck17/Pulpit/SCKproj1/SCK_PROJ_2/WORK/xcelium.d/worklib/EXE_tb/v/debug_db/EXE_tb/EXE_tb.dsn #60846

End of dump DB Order




**** found cdslib to be: /lab/sck17/Pulpit/SCKproj1/SCK_PROJ_2/WORK/xcelium.d/run.lnx8664.23.03.d/cds.lib



**** Lwd path was derived from given DB. Loading lwd file from: /lab/sck17/Pulpit/SCKproj1/SCK_PROJ_2/WORK/xcelium.d/worklib/EXE_tb/v


Dump DB Order:
Strap design: sim_model #9
 --> sim_model #60845
 --> /lab/sck17/Pulpit/SCKproj1/SCK_PROJ_2/WORK/xcelium.d/worklib/EXE_tb/v/debug_db/EXE_tb/EXE_tb.dsn #60846

End of dump DB Order



































Dump DB Order:
Strap design: sim_model #9
 --> sim_model #60845
 --> /lab/sck17/Pulpit/SCKproj1/SCK_PROJ_2/WORK/xcelium.d/worklib/EXE_tb/v/debug_db/EXE_tb/EXE_tb.dsn #60846

End of dump DB Order


in 'SimConnect::unloadSnapshot', terminating pid = 26980

Dump DB Order:

End of dump DB Order



Dump DB Order:

End of dump DB Order


in 'JDACTBDataProvider::openDBInner', dbPath = /lab/sck17/Pulpit/SCKproj1/SCK_PROJ_2/WORK/sim_model, getExplicitLwdFlag() = null


**** found lwd dir to be: /lab/sck17/Pulpit/SCKproj1/SCK_PROJ_2/WORK/xcelium.d/worklib/EXE_tb/v



**** found cdslib to be: /lab/sck17/Pulpit/SCKproj1/SCK_PROJ_2/WORK/xcelium.d/run.d/cds.lib

in 'SimConnect::loadSnapshotHelper', 'dbH' represents 'sim_model' db, 'lwdDbH' represents 'sim_model' db, PPEAttributes were fetched from 'sim_model' db. PPEAttributes values:
    isAutofetch = false
    isPersistentSources = false
    isXprop = false
    cdslib = /lab/sck17/Pulpit/SCKproj1/SCK_PROJ_2/WORK/xcelium.d/run.d/cds.lib
    snapshot = worklib.EXE_tb:v
    workdir = /lab/sck17/Pulpit/SCKproj1/SCK_PROJ_2/WORK
    xceliumDir = /lab/sck17/Pulpit/SCKproj1/SCK_PROJ_2/WORK/xcelium.d
    rundDir = /lab/sck17/Pulpit/SCKproj1/SCK_PROJ_2/WORK/xcelium.d/run.d
    bits = 64
    cds_implicit_tmpdir = 
    cds_alternate_tmpdir = 
    du_agent = 
    lwddir = /lab/sck17/Pulpit/SCKproj1/SCK_PROJ_2/WORK/xcelium.d/worklib/EXE_tb/v
    cds_alternate_cdslib = 
    elab_options = -CDSLIB ./xcelium.d/run.lnx8664.23.03.d/cds.lib -HDLVAR ./xcelium.d/run.lnx8664.23.03.d/hdl.var -WORK worklib -ENABLE_ALCOMB_EXT_OPT -ERROR 1 -ENABLE_SVMEMOPT -ENABLE_EXT_LOCAL_VISIBILITY -TIMESCALE 1ns/1ps -MESSAGES -ACCESS +rwc -CREATEDEBUGDB worklib.EXE_tb:v
    found = true
    nclsRun = false
    includeCdslib = true
    nclsOpts =  -snapshot -cdslib /lab/sck17/Pulpit/SCKproj1/SCK_PROJ_2/WORK/xcelium.d/run.d/cds.lib -64
    isMceMode = false
    isMceInvolved = false
    mceLshmDbPath = 
    lowPowerInformationAvailable = false
    hasLshmFile = false
    workdirIsDirectory = true
    hasOverlayRelatedInformation = true
    cds_implicit_tmplib = worklib
    cds_other_implicit_tmplibs = 

in 'SimConnect::generateDuAgentCommand', cmd = [/cad/cadence_2024/verisium/tools.lnx86/simvision/bin/64bit/cds-avs-du-agent, -nocopyright, -nowarn, DLNOCL, -xlm_install_root, /cad/cadence_2024/xcelium, -cdslib, /lab/sck17/Pulpit/SCKproj1/SCK_PROJ_2/WORK/xcelium.d/run.d/cds.lib, -cds_implicit_tmplib, worklib, -lwddir, /lab/sck17/Pulpit/SCKproj1/SCK_PROJ_2/WORK/xcelium.d/worklib/EXE_tb/v/debug_db, -cellname, EXE_tb, -64]
in 'SimConnect::execDuAgent_usingPreEstablishedServiceConnection', duAgent process pid = 27420


in 'SimConnect::simControlConnectWithPreEstablishedConnection' overlay db = sim_model, overlayH = 9, is valid = true, operation = dapOpenOverlay, duFilename = /lab/sck17/Pulpit/SCKproj1/SCK_PROJ_2/WORK/xcelium.d/worklib/EXE_tb/v/debug_db/EXE_tb/EXE_tb.dsn, isLiveSim = false

Dump DB Order:
Strap design: sim_model #9
 --> sim_model #7138
 --> /lab/sck17/Pulpit/SCKproj1/SCK_PROJ_2/WORK/xcelium.d/worklib/EXE_tb/v/debug_db/EXE_tb/EXE_tb.dsn #7278

End of dump DB Order



Dump DB Order:
Strap design: sim_model #9
 --> sim_model #7138
 --> /lab/sck17/Pulpit/SCKproj1/SCK_PROJ_2/WORK/xcelium.d/worklib/EXE_tb/v/debug_db/EXE_tb/EXE_tb.dsn #7278

End of dump DB Order




**** found cdslib to be: /lab/sck17/Pulpit/SCKproj1/SCK_PROJ_2/WORK/xcelium.d/run.lnx8664.23.03.d/cds.lib



**** Lwd path was derived from given DB. Loading lwd file from: /lab/sck17/Pulpit/SCKproj1/SCK_PROJ_2/WORK/xcelium.d/worklib/EXE_tb/v


Dump DB Order:
Strap design: sim_model #9
 --> sim_model #7138
 --> /lab/sck17/Pulpit/SCKproj1/SCK_PROJ_2/WORK/xcelium.d/worklib/EXE_tb/v/debug_db/EXE_tb/EXE_tb.dsn #7278

End of dump DB Order





































Dump DB Order:
Strap design: sim_model #9
 --> /lab/sck17/Pulpit/SCKproj1/SCK_PROJ_2/WORK/xcelium.d/worklib/EXE_tb/v/debug_db/EXE_tb/EXE_tb.dsn #7278

End of dump DB Order


