======================================================================

Annotating SDF timing data:
  Compiled SDF file:     gates_fast.sdf.X
  Log file:              gates_fast.sdf.X_sdf_annotation.log
  Backannotation scope:  testbench.u1
  Configuration file:    
  MTM control:           MAXIMUM
  Scale factors:         1:1:1
  Scale type:            FROM_MTM

Time units: 1ps

xmelab: *W,SDFINF: Instance u2_RC_CG_HIER_INST0 not found at scope level <top-level> <./gates_fast.sdf, line 15>.
xmelab: *W,SDFINF: Instance u2_RC_CG_HIER_INST1 not found at scope level <top-level> <./gates_fast.sdf, line 31>.
xmelab: *W,SDFINF: Instance u2_RC_CG_HIER_INST2 not found at scope level <top-level> <./gates_fast.sdf, line 47>.
xmelab: *W,SDFINF: Instance u2_RC_CG_HIER_INST3 not found at scope level <top-level> <./gates_fast.sdf, line 63>.
xmelab: *W,SDFINF: Instance u2_RC_CG_HIER_INST4 not found at scope level <top-level> <./gates_fast.sdf, line 79>.
xmelab: *W,SDFINF: Instance u2_RC_CG_HIER_INST5 not found at scope level <top-level> <./gates_fast.sdf, line 95>.
xmelab: *W,SDFINF: Instance u2_RC_CG_HIER_INST6 not found at scope level <top-level> <./gates_fast.sdf, line 111>.
xmelab: *W,SDFINF: Instance u2_RC_CG_HIER_INST7 not found at scope level <top-level> <./gates_fast.sdf, line 127>.
xmelab: *W,SDFINF: Instance u2_RC_CG_HIER_INST8 not found at scope level <top-level> <./gates_fast.sdf, line 143>.
xmelab: *W,SDFINF: Instance u2_RC_CG_HIER_INST9 not found at scope level <top-level> <./gates_fast.sdf, line 159>.
xmelab: *W,SDFINF: Instance u2_RC_CG_HIER_INST10 not found at scope level <top-level> <./gates_fast.sdf, line 175>.
xmelab: *W,SDFINF: Instance u2_RRR__1_0 not found at scope level <top-level> <./gates_fast.sdf, line 191>.
xmelab: *W,SDFINF: Instance u2_RRR__1_0 not found at scope level <top-level> <./gates_fast.sdf, line 191>.
xmelab: *W,SDFINF: Instance u2_RRR__1_1 not found at scope level <top-level> <./gates_fast.sdf, line 209>.
xmelab: *W,SDFINF: Instance u2_RRR__1_1 not found at scope level <top-level> <./gates_fast.sdf, line 209>.
xmelab: *W,SDFINF: Instance u2_RRR__1_2 not found at scope level <top-level> <./gates_fast.sdf, line 227>.
xmelab: *W,SDFINF: Instance u2_RRR__1_2 not found at scope level <top-level> <./gates_fast.sdf, line 227>.
xmelab: *W,SDFINF: Instance u2_RRR__1_3 not found at scope level <top-level> <./gates_fast.sdf, line 245>.
xmelab: *W,SDFINF: Instance u2_RRR__1_3 not found at scope level <top-level> <./gates_fast.sdf, line 245>.
xmelab: *W,SDFINF: Instance u2_RRR__1_4 not found at scope level <top-level> <./gates_fast.sdf, line 263>.
xmelab: *W,SDFINF: Instance u2_RRR__1_4 not found at scope level <top-level> <./gates_fast.sdf, line 263>.
xmelab: *W,SDFINF: Instance u2_RRR__1_5 not found at scope level <top-level> <./gates_fast.sdf, line 281>.
xmelab: *W,SDFINF: Instance u2_RRR__1_5 not found at scope level <top-level> <./gates_fast.sdf, line 281>.
xmelab: *W,SDFINF: Instance u2_RRR__2_0 not found at scope level <top-level> <./gates_fast.sdf, line 299>.
xmelab: *W,SDFINF: Instance u2_RRR__2_0 not found at scope level <top-level> <./gates_fast.sdf, line 299>.
xmelab: *W,SDFINF: Instance u2_RRR__2_1 not found at scope level <top-level> <./gates_fast.sdf, line 317>.
xmelab: *W,SDFINF: Instance u2_RRR__2_1 not found at scope level <top-level> <./gates_fast.sdf, line 317>.
xmelab: *W,SDFINF: Instance u2_RRR__2_2 not found at scope level <top-level> <./gates_fast.sdf, line 335>.
xmelab: *W,SDFINF: Instance u2_RRR__2_2 not found at scope level <top-level> <./gates_fast.sdf, line 335>.
xmelab: *W,SDFINF: Instance u2_RRR__2_3 not found at scope level <top-level> <./gates_fast.sdf, line 353>.
xmelab: *W,SDFINF: Instance u2_RRR__2_3 not found at scope level <top-level> <./gates_fast.sdf, line 353>.
xmelab: *W,SDFINF: Instance u2_RRR__2_4 not found at scope level <top-level> <./gates_fast.sdf, line 371>.
xmelab: *W,SDFINF: Instance u2_RRR__2_4 not found at scope level <top-level> <./gates_fast.sdf, line 371>.
xmelab: *W,SDFINF: Instance u2_RRR__2_5 not found at scope level <top-level> <./gates_fast.sdf, line 389>.
xmelab: *W,SDFINF: Instance u2_RRR__2_5 not found at scope level <top-level> <./gates_fast.sdf, line 389>.
xmelab: *W,SDFINF: Instance u2_RRR__3_0 not found at scope level <top-level> <./gates_fast.sdf, line 407>.
xmelab: *W,SDFINF: Instance u2_RRR__3_0 not found at scope level <top-level> <./gates_fast.sdf, line 407>.
xmelab: *W,SDFINF: Instance u2_RRR__3_3 not found at scope level <top-level> <./gates_fast.sdf, line 425>.
xmelab: *W,SDFINF: Instance u2_RRR__3_3 not found at scope level <top-level> <./gates_fast.sdf, line 425>.
xmelab: *W,SDFINF: Instance u2_RRR__3_4 not found at scope level <top-level> <./gates_fast.sdf, line 443>.
xmelab: *W,SDFINF: Instance u2_RRR__3_4 not found at scope level <top-level> <./gates_fast.sdf, line 443>.
xmelab: *W,SDFINF: Instance u2_RRR__3_5 not found at scope level <top-level> <./gates_fast.sdf, line 461>.
xmelab: *W,SDFINF: Instance u2_RRR__3_5 not found at scope level <top-level> <./gates_fast.sdf, line 461>.
xmelab: *W,SDFINF: Instance u2_RRR__4_0 not found at scope level <top-level> <./gates_fast.sdf, line 479>.
xmelab: *W,SDFINF: Instance u2_RRR__4_0 not found at scope level <top-level> <./gates_fast.sdf, line 479>.
xmelab: *W,SDFINF: Instance u2_RRR__4_1 not found at scope level <top-level> <./gates_fast.sdf, line 497>.
xmelab: *W,SDFINF: Instance u2_RRR__4_1 not found at scope level <top-level> <./gates_fast.sdf, line 497>.
xmelab: *W,SDFINF: Instance u2_RRR__4_2 not found at scope level <top-level> <./gates_fast.sdf, line 515>.
xmelab: *W,SDFINF: Instance u2_RRR__4_2 not found at scope level <top-level> <./gates_fast.sdf, line 515>.
xmelab: *W,SDFINF: Instance u2_RRR__4_3 not found at scope level <top-level> <./gates_fast.sdf, line 533>.
xmelab: *W,SDFINF: Instance u2_RRR__4_3 not found at scope level <top-level> <./gates_fast.sdf, line 533>.
xmelab: *W,SDFINF: Instance u2_RRR__4_4 not found at scope level <top-level> <./gates_fast.sdf, line 551>.
xmelab: *W,SDFINF: Instance u2_RRR__4_4 not found at scope level <top-level> <./gates_fast.sdf, line 551>.
xmelab: *W,SDFINF: Instance u2_RRR__4_5 not found at scope level <top-level> <./gates_fast.sdf, line 569>.
xmelab: *W,SDFINF: Instance u2_RRR__4_5 not found at scope level <top-level> <./gates_fast.sdf, line 569>.
xmelab: *W,SDFINF: Instance u2_RRR__5_0 not found at scope level <top-level> <./gates_fast.sdf, line 587>.
xmelab: *W,SDFINF: Instance u2_RRR__5_0 not found at scope level <top-level> <./gates_fast.sdf, line 587>.
xmelab: *W,SDFINF: Instance u2_RRR__5_1 not found at scope level <top-level> <./gates_fast.sdf, line 605>.
xmelab: *W,SDFINF: Instance u2_RRR__5_1 not found at scope level <top-level> <./gates_fast.sdf, line 605>.
xmelab: *W,SDFINF: Instance u2_RRR__5_2 not found at scope level <top-level> <./gates_fast.sdf, line 623>.
xmelab: *W,SDFINF: Instance u2_RRR__5_2 not found at scope level <top-level> <./gates_fast.sdf, line 623>.
xmelab: *W,SDFINF: Instance u2_RRR__5_3 not found at scope level <top-level> <./gates_fast.sdf, line 641>.
xmelab: *W,SDFINF: Instance u2_RRR__5_3 not found at scope level <top-level> <./gates_fast.sdf, line 641>.
xmelab: *W,SDFINF: Instance u2_RRR__5_4 not found at scope level <top-level> <./gates_fast.sdf, line 659>.
xmelab: *W,SDFINF: Instance u2_RRR__5_4 not found at scope level <top-level> <./gates_fast.sdf, line 659>.
xmelab: *W,SDFINF: Instance u2_RRR__5_5 not found at scope level <top-level> <./gates_fast.sdf, line 677>.
xmelab: *W,SDFINF: Instance u2_RRR__5_5 not found at scope level <top-level> <./gates_fast.sdf, line 677>.
xmelab: *W,SDFINF: Instance u2_RRR__6_0 not found at scope level <top-level> <./gates_fast.sdf, line 695>.
xmelab: *W,SDFINF: Instance u2_RRR__6_0 not found at scope level <top-level> <./gates_fast.sdf, line 695>.
xmelab: *W,SDFINF: Instance u2_RRR__6_1 not found at scope level <top-level> <./gates_fast.sdf, line 713>.
xmelab: *W,SDFINF: Instance u2_RRR__6_1 not found at scope level <top-level> <./gates_fast.sdf, line 713>.
xmelab: *W,SDFINF: Instance u2_RRR__6_2 not found at scope level <top-level> <./gates_fast.sdf, line 731>.
xmelab: *W,SDFINF: Instance u2_RRR__6_2 not found at scope level <top-level> <./gates_fast.sdf, line 731>.
xmelab: *W,SDFINF: Instance u2_RRR__6_3 not found at scope level <top-level> <./gates_fast.sdf, line 749>.
xmelab: *W,SDFINF: Instance u2_RRR__6_3 not found at scope level <top-level> <./gates_fast.sdf, line 749>.
xmelab: *W,SDFINF: Instance u2_RRR__6_4 not found at scope level <top-level> <./gates_fast.sdf, line 767>.
xmelab: *W,SDFINF: Instance u2_RRR__6_4 not found at scope level <top-level> <./gates_fast.sdf, line 767>.
xmelab: *W,SDFINF: Instance u2_RRR__6_5 not found at scope level <top-level> <./gates_fast.sdf, line 785>.
xmelab: *W,SDFINF: Instance u2_RRR__6_5 not found at scope level <top-level> <./gates_fast.sdf, line 785>.
xmelab: *W,SDFINF: Instance u2_RRR__7_0 not found at scope level <top-level> <./gates_fast.sdf, line 803>.
xmelab: *W,SDFINF: Instance u2_RRR__7_0 not found at scope level <top-level> <./gates_fast.sdf, line 803>.
xmelab: *W,SDFINF: Instance u2_RRR__7_1 not found at scope level <top-level> <./gates_fast.sdf, line 821>.
xmelab: *W,SDFINF: Instance u2_RRR__7_1 not found at scope level <top-level> <./gates_fast.sdf, line 821>.
xmelab: *W,SDFINF: Instance u2_RRR__7_2 not found at scope level <top-level> <./gates_fast.sdf, line 839>.
xmelab: *W,SDFINF: Instance u2_RRR__7_2 not found at scope level <top-level> <./gates_fast.sdf, line 839>.
xmelab: *W,SDFINF: Instance u2_RRR__7_3 not found at scope level <top-level> <./gates_fast.sdf, line 857>.
xmelab: *W,SDFINF: Instance u2_RRR__7_3 not found at scope level <top-level> <./gates_fast.sdf, line 857>.
xmelab: *W,SDFINF: Instance u2_RRR__7_4 not found at scope level <top-level> <./gates_fast.sdf, line 875>.
xmelab: *W,SDFINF: Instance u2_RRR__7_4 not found at scope level <top-level> <./gates_fast.sdf, line 875>.
xmelab: *W,SDFINF: Instance u2_RRR__7_5 not found at scope level <top-level> <./gates_fast.sdf, line 893>.
xmelab: *W,SDFINF: Instance u2_RRR__7_5 not found at scope level <top-level> <./gates_fast.sdf, line 893>.
xmelab: *W,SDFINF: Instance u2_RRR__8_0 not found at scope level <top-level> <./gates_fast.sdf, line 911>.
xmelab: *W,SDFINF: Instance u2_RRR__8_0 not found at scope level <top-level> <./gates_fast.sdf, line 911>.
xmelab: *W,SDFINF: Instance u2_RRR__8_1 not found at scope level <top-level> <./gates_fast.sdf, line 929>.
xmelab: *W,SDFINF: Instance u2_RRR__8_1 not found at scope level <top-level> <./gates_fast.sdf, line 929>.
xmelab: *W,SDFINF: Instance u2_RRR__8_2 not found at scope level <top-level> <./gates_fast.sdf, line 947>.
xmelab: *W,SDFINF: Instance u2_RRR__8_2 not found at scope level <top-level> <./gates_fast.sdf, line 947>.
xmelab: *W,SDFINF: Instance u2_RRR__8_3 not found at scope level <top-level> <./gates_fast.sdf, line 965>.
xmelab: *W,SDFINF: Instance u2_RRR__8_3 not found at scope level <top-level> <./gates_fast.sdf, line 965>.
xmelab: *W,SDFINF: Instance u2_RRR__8_4 not found at scope level <top-level> <./gates_fast.sdf, line 983>.
xmelab: *W,SDFINF: Instance u2_RRR__8_4 not found at scope level <top-level> <./gates_fast.sdf, line 983>.
xmelab: *W,SDFINF: Instance u2_RRR__8_5 not found at scope level <top-level> <./gates_fast.sdf, line 1001>.
xmelab: *W,SDFINF: Instance u2_RRR__8_5 not found at scope level <top-level> <./gates_fast.sdf, line 1001>.
xmelab: *W,SDFINF: Instance u2_RRR__9_0 not found at scope level <top-level> <./gates_fast.sdf, line 1019>.
xmelab: *W,SDFINF: Instance u2_RRR__9_0 not found at scope level <top-level> <./gates_fast.sdf, line 1019>.
xmelab: *W,SDFINF: Instance u2_RRR__9_1 not found at scope level <top-level> <./gates_fast.sdf, line 1037>.
xmelab: *W,SDFINF: Instance u2_RRR__9_1 not found at scope level <top-level> <./gates_fast.sdf, line 1037>.
xmelab: *W,SDFINF: Instance u2_RRR__9_2 not found at scope level <top-level> <./gates_fast.sdf, line 1055>.
xmelab: *W,SDFINF: Instance u2_RRR__9_2 not found at scope level <top-level> <./gates_fast.sdf, line 1055>.
xmelab: *W,SDFINF: Instance u2_RRR__9_3 not found at scope level <top-level> <./gates_fast.sdf, line 1073>.
xmelab: *W,SDFINF: Instance u2_RRR__9_3 not found at scope level <top-level> <./gates_fast.sdf, line 1073>.
xmelab: *W,SDFINF: Instance u2_RRR__9_4 not found at scope level <top-level> <./gates_fast.sdf, line 1091>.
xmelab: *W,SDFINF: Instance u2_RRR__9_4 not found at scope level <top-level> <./gates_fast.sdf, line 1091>.
xmelab: *W,SDFINF: Instance u2_RRR__9_5 not found at scope level <top-level> <./gates_fast.sdf, line 1109>.
xmelab: *W,SDFINF: Instance u2_RRR__9_5 not found at scope level <top-level> <./gates_fast.sdf, line 1109>.
xmelab: *W,SDFINF: Instance u2_RRR__10_0 not found at scope level <top-level> <./gates_fast.sdf, line 1127>.
xmelab: *W,SDFINF: Instance u2_RRR__10_0 not found at scope level <top-level> <./gates_fast.sdf, line 1127>.
xmelab: *W,SDFINF: Instance u2_RRR__10_1 not found at scope level <top-level> <./gates_fast.sdf, line 1145>.
xmelab: *W,SDFINF: Instance u2_RRR__10_1 not found at scope level <top-level> <./gates_fast.sdf, line 1145>.
xmelab: *W,SDFINF: Instance u2_RRR__10_2 not found at scope level <top-level> <./gates_fast.sdf, line 1163>.
xmelab: *W,SDFINF: Instance u2_RRR__10_2 not found at scope level <top-level> <./gates_fast.sdf, line 1163>.
xmelab: *W,SDFINF: Instance u2_RRR__10_3 not found at scope level <top-level> <./gates_fast.sdf, line 1181>.
xmelab: *W,SDFINF: Instance u2_RRR__10_3 not found at scope level <top-level> <./gates_fast.sdf, line 1181>.
xmelab: *W,SDFINF: Instance u2_RRR__10_4 not found at scope level <top-level> <./gates_fast.sdf, line 1199>.
xmelab: *W,SDFINF: Instance u2_RRR__10_4 not found at scope level <top-level> <./gates_fast.sdf, line 1199>.
xmelab: *W,SDFINF: Instance u2_RRR__10_5 not found at scope level <top-level> <./gates_fast.sdf, line 1217>.
xmelab: *W,SDFINF: Instance u2_RRR__10_5 not found at scope level <top-level> <./gates_fast.sdf, line 1217>.
xmelab: *W,SDFINF: Instance u2_RRR__11_0 not found at scope level <top-level> <./gates_fast.sdf, line 1235>.
xmelab: *W,SDFINF: Instance u2_RRR__11_0 not found at scope level <top-level> <./gates_fast.sdf, line 1235>.
xmelab: *W,SDFINF: Instance u2_RRR__11_1 not found at scope level <top-level> <./gates_fast.sdf, line 1253>.
xmelab: *W,SDFINF: Instance u2_RRR__11_1 not found at scope level <top-level> <./gates_fast.sdf, line 1253>.
xmelab: *W,SDFINF: Instance u2_RRR__11_2 not found at scope level <top-level> <./gates_fast.sdf, line 1271>.
xmelab: *W,SDFINF: Instance u2_RRR__11_2 not found at scope level <top-level> <./gates_fast.sdf, line 1271>.
xmelab: *W,SDFINF: Instance u2_RRR__11_3 not found at scope level <top-level> <./gates_fast.sdf, line 1289>.
xmelab: *W,SDFINF: Instance u2_RRR__11_3 not found at scope level <top-level> <./gates_fast.sdf, line 1289>.
xmelab: *W,SDFINF: Instance u2_RRR__11_4 not found at scope level <top-level> <./gates_fast.sdf, line 1307>.
xmelab: *W,SDFINF: Instance u2_RRR__11_4 not found at scope level <top-level> <./gates_fast.sdf, line 1307>.
xmelab: *W,SDFINF: Instance u2_RRR__11_5 not found at scope level <top-level> <./gates_fast.sdf, line 1325>.
xmelab: *W,SDFINF: Instance u2_RRR__11_5 not found at scope level <top-level> <./gates_fast.sdf, line 1325>.
xmelab: *W,SDFINF: Instance g13655__2398 not found at scope level <top-level> <./gates_fast.sdf, line 1343>.
xmelab: *W,SDFINF: Instance g13655__2398 not found at scope level <top-level> <./gates_fast.sdf, line 1343>.
xmelab: *W,SDFINF: Instance g13656__5107 not found at scope level <top-level> <./gates_fast.sdf, line 1363>.
xmelab: *W,SDFINF: Instance g13656__5107 not found at scope level <top-level> <./gates_fast.sdf, line 1363>.
xmelab: *W,SDFINF: Instance g13657__6260 not found at scope level <top-level> <./gates_fast.sdf, line 1375>.
xmelab: *W,SDFINF: Instance g13657__6260 not found at scope level <top-level> <./gates_fast.sdf, line 1375>.
xmelab: *W,SDFINF: Instance g13658__4319 not found at scope level <top-level> <./gates_fast.sdf, line 1387>.
xmelab: *W,SDFINF: Instance g13658__4319 not found at scope level <top-level> <./gates_fast.sdf, line 1387>.
xmelab: *W,SDFINF: Instance g13659__8428 not found at scope level <top-level> <./gates_fast.sdf, line 1405>.
xmelab: *W,SDFINF: Instance g13659__8428 not found at scope level <top-level> <./gates_fast.sdf, line 1405>.
xmelab: *W,SDFINF: Instance g13660__5526 not found at scope level <top-level> <./gates_fast.sdf, line 1435>.
xmelab: *W,SDFINF: Instance g13660__5526 not found at scope level <top-level> <./gates_fast.sdf, line 1435>.
xmelab: *W,SDFINF: Instance g13661__6783 not found at scope level <top-level> <./gates_fast.sdf, line 1465>.
xmelab: *W,SDFINF: Instance g13661__6783 not found at scope level <top-level> <./gates_fast.sdf, line 1465>.
xmelab: *W,SDFINF: Instance g13662__3680 not found at scope level <top-level> <./gates_fast.sdf, line 1483>.
xmelab: *W,SDFINF: Instance g13662__3680 not found at scope level <top-level> <./gates_fast.sdf, line 1483>.
xmelab: *W,SDFINF: Instance g13663__1617 not found at scope level <top-level> <./gates_fast.sdf, line 1501>.
xmelab: *W,SDFINF: Instance g13663__1617 not found at scope level <top-level> <./gates_fast.sdf, line 1501>.
xmelab: *W,SDFINF: Instance g13664__2802 not found at scope level <top-level> <./gates_fast.sdf, line 1527>.
xmelab: *W,SDFINF: Instance g13664__2802 not found at scope level <top-level> <./gates_fast.sdf, line 1527>.
xmelab: *W,SDFINF: Instance g13665__1705 not found at scope level <top-level> <./gates_fast.sdf, line 1551>.
xmelab: *W,SDFINF: Instance g13665__1705 not found at scope level <top-level> <./gates_fast.sdf, line 1551>.
xmelab: *W,SDFINF: Instance g13666__5122 not found at scope level <top-level> <./gates_fast.sdf, line 1573>.
xmelab: *W,SDFINF: Instance g13666__5122 not found at scope level <top-level> <./gates_fast.sdf, line 1573>.
xmelab: *W,SDFINF: Instance g13667__8246 not found at scope level <top-level> <./gates_fast.sdf, line 1599>.
xmelab: *W,SDFINF: Instance g13667__8246 not found at scope level <top-level> <./gates_fast.sdf, line 1599>.
xmelab: *W,SDFINF: Instance g13668__7098 not found at scope level <top-level> <./gates_fast.sdf, line 1621>.
xmelab: *W,SDFINF: Instance g13668__7098 not found at scope level <top-level> <./gates_fast.sdf, line 1621>.
xmelab: *W,SDFINF: Instance g13669__6131 not found at scope level <top-level> <./gates_fast.sdf, line 1639>.
xmelab: *W,SDFINF: Instance g13669__6131 not found at scope level <top-level> <./gates_fast.sdf, line 1639>.
xmelab: *W,SDFINF: Instance g13670__1881 not found at scope level <top-level> <./gates_fast.sdf, line 1665>.
xmelab: *W,SDFINF: Instance g13670__1881 not found at scope level <top-level> <./gates_fast.sdf, line 1665>.
xmelab: *W,SDFINF: Instance g13671__5115 not found at scope level <top-level> <./gates_fast.sdf, line 1685>.
xmelab: *W,SDFINF: Instance g13671__5115 not found at scope level <top-level> <./gates_fast.sdf, line 1685>.
xmelab: *W,SDFINF: Instance g13672 not found at scope level <top-level> <./gates_fast.sdf, line 1700>.
xmelab: *W,SDFINF: Instance g13672 not found at scope level <top-level> <./gates_fast.sdf, line 1700>.
xmelab: *W,SDFINF: Instance g13675__7482 not found at scope level <top-level> <./gates_fast.sdf, line 1710>.
xmelab: *W,SDFINF: Instance g13675__7482 not found at scope level <top-level> <./gates_fast.sdf, line 1710>.
xmelab: *W,SDFINF: Instance g13676__4733 not found at scope level <top-level> <./gates_fast.sdf, line 1730>.
xmelab: *W,SDFINF: Instance g13676__4733 not found at scope level <top-level> <./gates_fast.sdf, line 1730>.
xmelab: *W,SDFINF: Instance g13677__6161 not found at scope level <top-level> <./gates_fast.sdf, line 1750>.
xmelab: *W,SDFINF: Instance g13677__6161 not found at scope level <top-level> <./gates_fast.sdf, line 1750>.
xmelab: *W,SDFINF: Instance g13678__9315 not found at scope level <top-level> <./gates_fast.sdf, line 1762>.
xmelab: *W,SDFINF: Instance g13678__9315 not found at scope level <top-level> <./gates_fast.sdf, line 1762>.
xmelab: *W,SDFINF: Instance g13679__9945 not found at scope level <top-level> <./gates_fast.sdf, line 1788>.
xmelab: *W,SDFINF: Instance g13679__9945 not found at scope level <top-level> <./gates_fast.sdf, line 1788>.
xmelab: *W,SDFINF: Instance g13680__2883 not found at scope level <top-level> <./gates_fast.sdf, line 1800>.
xmelab: *W,SDFINF: Instance g13680__2883 not found at scope level <top-level> <./gates_fast.sdf, line 1800>.
xmelab: *W,SDFINF: Instance g13681__2346 not found at scope level <top-level> <./gates_fast.sdf, line 1812>.
xmelab: *W,SDFINF: Instance g13681__2346 not found at scope level <top-level> <./gates_fast.sdf, line 1812>.
xmelab: *W,SDFINF: Instance g13682__1666 not found at scope level <top-level> <./gates_fast.sdf, line 1827>.
xmelab: *W,SDFINF: Instance g13682__1666 not found at scope level <top-level> <./gates_fast.sdf, line 1827>.
xmelab: *W,SDFINF: Instance g13683__7410 not found at scope level <top-level> <./gates_fast.sdf, line 1847>.
xmelab: *W,SDFINF: Instance g13683__7410 not found at scope level <top-level> <./gates_fast.sdf, line 1847>.
xmelab: *W,SDFINF: Instance g13684__6417 not found at scope level <top-level> <./gates_fast.sdf, line 1867>.
xmelab: *W,SDFINF: Instance g13684__6417 not found at scope level <top-level> <./gates_fast.sdf, line 1867>.
xmelab: *W,SDFINF: Instance g13685__5477 not found at scope level <top-level> <./gates_fast.sdf, line 1897>.
xmelab: *W,SDFINF: Instance g13685__5477 not found at scope level <top-level> <./gates_fast.sdf, line 1897>.
xmelab: *W,SDFINF: Instance g13686__2398 not found at scope level <top-level> <./gates_fast.sdf, line 1911>.
xmelab: *W,SDFINF: Instance g13686__2398 not found at scope level <top-level> <./gates_fast.sdf, line 1911>.
xmelab: *W,SDFINF: Instance g13687__5107 not found at scope level <top-level> <./gates_fast.sdf, line 1931>.
xmelab: *W,SDFINF: Instance g13687__5107 not found at scope level <top-level> <./gates_fast.sdf, line 1931>.
xmelab: *W,SDFINF: Instance g13688__6260 not found at scope level <top-level> <./gates_fast.sdf, line 1952>.
xmelab: *W,SDFINF: Instance g13688__6260 not found at scope level <top-level> <./gates_fast.sdf, line 1952>.
xmelab: *W,SDFINF: Instance g13689__4319 not found at scope level <top-level> <./gates_fast.sdf, line 1972>.
xmelab: *W,SDFINF: Instance g13689__4319 not found at scope level <top-level> <./gates_fast.sdf, line 1972>.
xmelab: *W,SDFINF: Instance g13690__8428 not found at scope level <top-level> <./gates_fast.sdf, line 1986>.
xmelab: *W,SDFINF: Instance g13690__8428 not found at scope level <top-level> <./gates_fast.sdf, line 1986>.
xmelab: *W,SDFINF: Instance g13691__5526 not found at scope level <top-level> <./gates_fast.sdf, line 2016>.
xmelab: *W,SDFINF: Instance g13691__5526 not found at scope level <top-level> <./gates_fast.sdf, line 2016>.
xmelab: *W,SDFINF: Instance g13692__6783 not found at scope level <top-level> <./gates_fast.sdf, line 2043>.
xmelab: *W,SDFINF: Instance g13692__6783 not found at scope level <top-level> <./gates_fast.sdf, line 2043>.
xmelab: *W,SDFINF: Instance g13693__3680 not found at scope level <top-level> <./gates_fast.sdf, line 2057>.
xmelab: *W,SDFINF: Instance g13693__3680 not found at scope level <top-level> <./gates_fast.sdf, line 2057>.
xmelab: *W,SDFINF: Instance g13694__1617 not found at scope level <top-level> <./gates_fast.sdf, line 2071>.
xmelab: *W,SDFINF: Instance g13694__1617 not found at scope level <top-level> <./gates_fast.sdf, line 2071>.
xmelab: *W,SDFINF: Instance g13695__2802 not found at scope level <top-level> <./gates_fast.sdf, line 2083>.
xmelab: *W,SDFINF: Instance g13695__2802 not found at scope level <top-level> <./gates_fast.sdf, line 2083>.
xmelab: *W,SDFINF: Instance g13696__1705 not found at scope level <top-level> <./gates_fast.sdf, line 2103>.
xmelab: *W,SDFINF: Instance g13696__1705 not found at scope level <top-level> <./gates_fast.sdf, line 2103>.
xmelab: *W,SDFINF: Instance g13697__5122 not found at scope level <top-level> <./gates_fast.sdf, line 2118>.
xmelab: *W,SDFINF: Instance g13697__5122 not found at scope level <top-level> <./gates_fast.sdf, line 2118>.
xmelab: *W,SDFINF: Instance g13698__8246 not found at scope level <top-level> <./gates_fast.sdf, line 2133>.
xmelab: *W,SDFINF: Instance g13698__8246 not found at scope level <top-level> <./gates_fast.sdf, line 2133>.
xmelab: *W,SDFINF: Instance g13699__7098 not found at scope level <top-level> <./gates_fast.sdf, line 2148>.
xmelab: *W,SDFINF: Instance g13699__7098 not found at scope level <top-level> <./gates_fast.sdf, line 2148>.
xmelab: *W,SDFINF: Instance g13700__6131 not found at scope level <top-level> <./gates_fast.sdf, line 2163>.
xmelab: *W,SDFINF: Instance g13700__6131 not found at scope level <top-level> <./gates_fast.sdf, line 2163>.
xmelab: *W,SDFINF: Instance g13701__1881 not found at scope level <top-level> <./gates_fast.sdf, line 2178>.
xmelab: *W,SDFINF: Instance g13701__1881 not found at scope level <top-level> <./gates_fast.sdf, line 2178>.
xmelab: *W,SDFINF: Instance g13702__5115 not found at scope level <top-level> <./gates_fast.sdf, line 2192>.
xmelab: *W,SDFINF: Instance g13702__5115 not found at scope level <top-level> <./gates_fast.sdf, line 2192>.
xmelab: *W,SDFINF: Instance g13703__7482 not found at scope level <top-level> <./gates_fast.sdf, line 2214>.
xmelab: *W,SDFINF: Instance g13703__7482 not found at scope level <top-level> <./gates_fast.sdf, line 2214>.
xmelab: *W,SDFINF: Instance g13704__4733 not found at scope level <top-level> <./gates_fast.sdf, line 2228>.
xmelab: *W,SDFINF: Instance g13704__4733 not found at scope level <top-level> <./gates_fast.sdf, line 2228>.
xmelab: *W,SDFINF: Instance g13705__6161 not found at scope level <top-level> <./gates_fast.sdf, line 2240>.
xmelab: *W,SDFINF: Instance g13705__6161 not found at scope level <top-level> <./gates_fast.sdf, line 2240>.
xmelab: *W,SDFINF: Instance g13706 not found at scope level <top-level> <./gates_fast.sdf, line 2252>.
xmelab: *W,SDFINF: Instance g13706 not found at scope level <top-level> <./gates_fast.sdf, line 2252>.
xmelab: *W,SDFINF: Instance g13707__9315 not found at scope level <top-level> <./gates_fast.sdf, line 2262>.
xmelab: *W,SDFINF: Instance g13707__9315 not found at scope level <top-level> <./gates_fast.sdf, line 2262>.
xmelab: *W,SDFINF: Instance g13708__9945 not found at scope level <top-level> <./gates_fast.sdf, line 2288>.
xmelab: *W,SDFINF: Instance g13708__9945 not found at scope level <top-level> <./gates_fast.sdf, line 2288>.
xmelab: *W,SDFINF: Instance g13709__2883 not found at scope level <top-level> <./gates_fast.sdf, line 2303>.
xmelab: *W,SDFINF: Instance g13709__2883 not found at scope level <top-level> <./gates_fast.sdf, line 2303>.
xmelab: *W,SDFINF: Instance g13710__2346 not found at scope level <top-level> <./gates_fast.sdf, line 2323>.
xmelab: *W,SDFINF: Instance g13710__2346 not found at scope level <top-level> <./gates_fast.sdf, line 2323>.
xmelab: *W,SDFINF: Instance g13711__1666 not found at scope level <top-level> <./gates_fast.sdf, line 2350>.
xmelab: *W,SDFINF: Instance g13711__1666 not found at scope level <top-level> <./gates_fast.sdf, line 2350>.
xmelab: *W,SDFINF: Instance g13712__7410 not found at scope level <top-level> <./gates_fast.sdf, line 2364>.
xmelab: *W,SDFINF: Instance g13712__7410 not found at scope level <top-level> <./gates_fast.sdf, line 2364>.
xmelab: *W,SDFINF: Instance g13713__6417 not found at scope level <top-level> <./gates_fast.sdf, line 2379>.
xmelab: *W,SDFINF: Instance g13713__6417 not found at scope level <top-level> <./gates_fast.sdf, line 2379>.
xmelab: *W,SDFINF: Instance g13714 not found at scope level <top-level> <./gates_fast.sdf, line 2394>.
xmelab: *W,SDFINF: Instance g13714 not found at scope level <top-level> <./gates_fast.sdf, line 2394>.
xmelab: *W,SDFINF: Instance g13715__5477 not found at scope level <top-level> <./gates_fast.sdf, line 2404>.
xmelab: *W,SDFINF: Instance g13715__5477 not found at scope level <top-level> <./gates_fast.sdf, line 2404>.
xmelab: *W,SDFINF: Instance g13716__2398 not found at scope level <top-level> <./gates_fast.sdf, line 2416>.
xmelab: *W,SDFINF: Instance g13716__2398 not found at scope level <top-level> <./gates_fast.sdf, line 2416>.
xmelab: *W,SDFINF: Instance g13717__5107 not found at scope level <top-level> <./gates_fast.sdf, line 2428>.
xmelab: *W,SDFINF: Instance g13717__5107 not found at scope level <top-level> <./gates_fast.sdf, line 2428>.
xmelab: *W,SDFINF: Instance g13718__6260 not found at scope level <top-level> <./gates_fast.sdf, line 2440>.
xmelab: *W,SDFINF: Instance g13718__6260 not found at scope level <top-level> <./gates_fast.sdf, line 2440>.
xmelab: *W,SDFINF: Instance g13719 not found at scope level <top-level> <./gates_fast.sdf, line 2454>.
xmelab: *W,SDFINF: Instance g13719 not found at scope level <top-level> <./gates_fast.sdf, line 2454>.
xmelab: *W,SDFINF: Instance g13720__4319 not found at scope level <top-level> <./gates_fast.sdf, line 2464>.
xmelab: *W,SDFINF: Instance g13720__4319 not found at scope level <top-level> <./gates_fast.sdf, line 2464>.
xmelab: *W,SDFINF: Instance g13721__8428 not found at scope level <top-level> <./gates_fast.sdf, line 2482>.
xmelab: *W,SDFINF: Instance g13721__8428 not found at scope level <top-level> <./gates_fast.sdf, line 2482>.
xmelab: *W,SDFINF: Instance g13722__5526 not found at scope level <top-level> <./gates_fast.sdf, line 2500>.
xmelab: *W,SDFINF: Instance g13722__5526 not found at scope level <top-level> <./gates_fast.sdf, line 2500>.
xmelab: *W,SDFINF: Instance g13723__6783 not found at scope level <top-level> <./gates_fast.sdf, line 2520>.
xmelab: *W,SDFINF: Instance g13723__6783 not found at scope level <top-level> <./gates_fast.sdf, line 2520>.
xmelab: *W,SDFINF: Instance g13724__3680 not found at scope level <top-level> <./gates_fast.sdf, line 2538>.
xmelab: *W,SDFINF: Instance g13724__3680 not found at scope level <top-level> <./gates_fast.sdf, line 2538>.
xmelab: *W,SDFINF: Instance g13725__1617 not found at scope level <top-level> <./gates_fast.sdf, line 2552>.
xmelab: *W,SDFINF: Instance g13725__1617 not found at scope level <top-level> <./gates_fast.sdf, line 2552>.
xmelab: *W,SDFINF: Instance g13726__2802 not found at scope level <top-level> <./gates_fast.sdf, line 2566>.
xmelab: *W,SDFINF: Instance g13726__2802 not found at scope level <top-level> <./gates_fast.sdf, line 2566>.
xmelab: *W,SDFINF: Instance g13727__1705 not found at scope level <top-level> <./gates_fast.sdf, line 2581>.
xmelab: *W,SDFINF: Instance g13727__1705 not found at scope level <top-level> <./gates_fast.sdf, line 2581>.
xmelab: *W,SDFINF: Instance g13728__5122 not found at scope level <top-level> <./gates_fast.sdf, line 2596>.
xmelab: *W,SDFINF: Instance g13728__5122 not found at scope level <top-level> <./gates_fast.sdf, line 2596>.
xmelab: *W,SDFINF: Instance g13729__8246 not found at scope level <top-level> <./gates_fast.sdf, line 2608>.
xmelab: *W,SDFINF: Instance g13729__8246 not found at scope level <top-level> <./gates_fast.sdf, line 2608>.
xmelab: *W,SDFINF: Instance g13730__7098 not found at scope level <top-level> <./gates_fast.sdf, line 2620>.
xmelab: *W,SDFINF: Instance g13730__7098 not found at scope level <top-level> <./gates_fast.sdf, line 2620>.
xmelab: *W,SDFINF: Instance g13731__6131 not found at scope level <top-level> <./gates_fast.sdf, line 2635>.
xmelab: *W,SDFINF: Instance g13731__6131 not found at scope level <top-level> <./gates_fast.sdf, line 2635>.
xmelab: *W,SDFINF: Instance g13733__5115 not found at scope level <top-level> <./gates_fast.sdf, line 2651>.
xmelab: *W,SDFINF: Instance g13733__5115 not found at scope level <top-level> <./gates_fast.sdf, line 2651>.
xmelab: *W,SDFINF: Instance g13734__7482 not found at scope level <top-level> <./gates_fast.sdf, line 2665>.
xmelab: *W,SDFINF: Instance g13734__7482 not found at scope level <top-level> <./gates_fast.sdf, line 2665>.
xmelab: *W,SDFINF: Instance g13735__4733 not found at scope level <top-level> <./gates_fast.sdf, line 2677>.
xmelab: *W,SDFINF: Instance g13735__4733 not found at scope level <top-level> <./gates_fast.sdf, line 2677>.
xmelab: *W,SDFINF: Instance g13736 not found at scope level <top-level> <./gates_fast.sdf, line 2699>.
xmelab: *W,SDFINF: Instance g13736 not found at scope level <top-level> <./gates_fast.sdf, line 2699>.
xmelab: *W,SDFINF: Instance g13737__6161 not found at scope level <top-level> <./gates_fast.sdf, line 2709>.
xmelab: *W,SDFINF: Instance g13737__6161 not found at scope level <top-level> <./gates_fast.sdf, line 2709>.
xmelab: *W,SDFINF: Instance g13738__9315 not found at scope level <top-level> <./gates_fast.sdf, line 2723>.
xmelab: *W,SDFINF: Instance g13738__9315 not found at scope level <top-level> <./gates_fast.sdf, line 2723>.
xmelab: *W,SDFINF: Instance g13739__9945 not found at scope level <top-level> <./gates_fast.sdf, line 2737>.
xmelab: *W,SDFINF: Instance g13739__9945 not found at scope level <top-level> <./gates_fast.sdf, line 2737>.
xmelab: *W,SDFINF: Instance g13740__2883 not found at scope level <top-level> <./gates_fast.sdf, line 2751>.
xmelab: *W,SDFINF: Instance g13740__2883 not found at scope level <top-level> <./gates_fast.sdf, line 2751>.
xmelab: *W,SDFINF: Instance g13741 not found at scope level <top-level> <./gates_fast.sdf, line 2765>.
xmelab: *W,SDFINF: Instance g13741 not found at scope level <top-level> <./gates_fast.sdf, line 2765>.
xmelab: *W,SDFINF: Instance g13742__2346 not found at scope level <top-level> <./gates_fast.sdf, line 2775>.
xmelab: *W,SDFINF: Instance g13742__2346 not found at scope level <top-level> <./gates_fast.sdf, line 2775>.
xmelab: *W,SDFINF: Instance g13743__1666 not found at scope level <top-level> <./gates_fast.sdf, line 2790>.
xmelab: *W,SDFINF: Instance g13743__1666 not found at scope level <top-level> <./gates_fast.sdf, line 2790>.
xmelab: *W,SDFINF: Instance g13744__7410 not found at scope level <top-level> <./gates_fast.sdf, line 2804>.
xmelab: *W,SDFINF: Instance g13744__7410 not found at scope level <top-level> <./gates_fast.sdf, line 2804>.
xmelab: *W,SDFINF: Instance g13745 not found at scope level <top-level> <./gates_fast.sdf, line 2816>.
xmelab: *W,SDFINF: Instance g13745 not found at scope level <top-level> <./gates_fast.sdf, line 2816>.
xmelab: *W,SDFINF: Instance g13746__6417 not found at scope level <top-level> <./gates_fast.sdf, line 2826>.
xmelab: *W,SDFINF: Instance g13746__6417 not found at scope level <top-level> <./gates_fast.sdf, line 2826>.
xmelab: *W,SDFINF: Instance g13747__5477 not found at scope level <top-level> <./gates_fast.sdf, line 2841>.
xmelab: *W,SDFINF: Instance g13747__5477 not found at scope level <top-level> <./gates_fast.sdf, line 2841>.
xmelab: *W,SDFINF: Instance g13748__2398 not found at scope level <top-level> <./gates_fast.sdf, line 2856>.
xmelab: *W,SDFINF: Instance g13748__2398 not found at scope level <top-level> <./gates_fast.sdf, line 2856>.
xmelab: *W,SDFINF: Instance g13749 not found at scope level <top-level> <./gates_fast.sdf, line 2871>.
xmelab: *W,SDFINF: Instance g13749 not found at scope level <top-level> <./gates_fast.sdf, line 2871>.
xmelab: *W,SDFINF: Instance g13750__5107 not found at scope level <top-level> <./gates_fast.sdf, line 2881>.
xmelab: *W,SDFINF: Instance g13750__5107 not found at scope level <top-level> <./gates_fast.sdf, line 2881>.
xmelab: *W,SDFINF: Instance g13751__6260 not found at scope level <top-level> <./gates_fast.sdf, line 2896>.
xmelab: *W,SDFINF: Instance g13751__6260 not found at scope level <top-level> <./gates_fast.sdf, line 2896>.
xmelab: *W,SDFINF: Instance g13752__4319 not found at scope level <top-level> <./gates_fast.sdf, line 2908>.
xmelab: *W,SDFINF: Instance g13752__4319 not found at scope level <top-level> <./gates_fast.sdf, line 2908>.
xmelab: *W,SDFINF: Instance g13753__8428 not found at scope level <top-level> <./gates_fast.sdf, line 2920>.
xmelab: *W,SDFINF: Instance g13753__8428 not found at scope level <top-level> <./gates_fast.sdf, line 2920>.
xmelab: *W,SDFINF: Instance g13754__5526 not found at scope level <top-level> <./gates_fast.sdf, line 2932>.
xmelab: *W,SDFINF: Instance g13754__5526 not found at scope level <top-level> <./gates_fast.sdf, line 2932>.
xmelab: *W,SDFINF: Instance g13755__6783 not found at scope level <top-level> <./gates_fast.sdf, line 2947>.
xmelab: *W,SDFINF: Instance g13755__6783 not found at scope level <top-level> <./gates_fast.sdf, line 2947>.
xmelab: *W,SDFINF: Instance g13756__3680 not found at scope level <top-level> <./gates_fast.sdf, line 2962>.
xmelab: *W,SDFINF: Instance g13756__3680 not found at scope level <top-level> <./gates_fast.sdf, line 2962>.
xmelab: *W,SDFINF: Instance g13757__1617 not found at scope level <top-level> <./gates_fast.sdf, line 2977>.
xmelab: *W,SDFINF: Instance g13757__1617 not found at scope level <top-level> <./gates_fast.sdf, line 2977>.
xmelab: *W,SDFINF: Instance g13758 not found at scope level <top-level> <./gates_fast.sdf, line 2992>.
xmelab: *W,SDFINF: Instance g13758 not found at scope level <top-level> <./gates_fast.sdf, line 2992>.
xmelab: *W,SDFINF: Instance g13759__2802 not found at scope level <top-level> <./gates_fast.sdf, line 3002>.
xmelab: *W,SDFINF: Instance g13759__2802 not found at scope level <top-level> <./gates_fast.sdf, line 3002>.
xmelab: *W,SDFINF: Instance g13760__1705 not found at scope level <top-level> <./gates_fast.sdf, line 3014>.
xmelab: *W,SDFINF: Instance g13760__1705 not found at scope level <top-level> <./gates_fast.sdf, line 3014>.
xmelab: *W,SDFINF: Instance g13761__5122 not found at scope level <top-level> <./gates_fast.sdf, line 3026>.
xmelab: *W,SDFINF: Instance g13761__5122 not found at scope level <top-level> <./gates_fast.sdf, line 3026>.
xmelab: *W,SDFINF: Instance g13762 not found at scope level <top-level> <./gates_fast.sdf, line 3038>.
xmelab: *W,SDFINF: Instance g13762 not found at scope level <top-level> <./gates_fast.sdf, line 3038>.
xmelab: *W,SDFINF: Instance g13763__8246 not found at scope level <top-level> <./gates_fast.sdf, line 3048>.
xmelab: *W,SDFINF: Instance g13763__8246 not found at scope level <top-level> <./gates_fast.sdf, line 3048>.
xmelab: *W,SDFINF: Instance g13764__7098 not found at scope level <top-level> <./gates_fast.sdf, line 3074>.
xmelab: *W,SDFINF: Instance g13764__7098 not found at scope level <top-level> <./gates_fast.sdf, line 3074>.
xmelab: *W,SDFINF: Instance g13765__6131 not found at scope level <top-level> <./gates_fast.sdf, line 3100>.
xmelab: *W,SDFINF: Instance g13765__6131 not found at scope level <top-level> <./gates_fast.sdf, line 3100>.
xmelab: *W,SDFINF: Instance g13766 not found at scope level <top-level> <./gates_fast.sdf, line 3126>.
xmelab: *W,SDFINF: Instance g13766 not found at scope level <top-level> <./gates_fast.sdf, line 3126>.
xmelab: *W,SDFINF: Instance g13768 not found at scope level <top-level> <./gates_fast.sdf, line 3136>.
xmelab: *W,SDFINF: Instance g13768 not found at scope level <top-level> <./gates_fast.sdf, line 3136>.
xmelab: *W,SDFINF: Instance g13769 not found at scope level <top-level> <./gates_fast.sdf, line 3146>.
xmelab: *W,SDFINF: Instance g13769 not found at scope level <top-level> <./gates_fast.sdf, line 3146>.
xmelab: *W,SDFINF: Instance g13770 not found at scope level <top-level> <./gates_fast.sdf, line 3156>.
xmelab: *W,SDFINF: Instance g13770 not found at scope level <top-level> <./gates_fast.sdf, line 3156>.
xmelab: *W,SDFINF: Instance g13771__1881 not found at scope level <top-level> <./gates_fast.sdf, line 3166>.
xmelab: *W,SDFINF: Instance g13771__1881 not found at scope level <top-level> <./gates_fast.sdf, line 3166>.
xmelab: *W,SDFINF: Instance g13772__5115 not found at scope level <top-level> <./gates_fast.sdf, line 3180>.
xmelab: *W,SDFINF: Instance g13772__5115 not found at scope level <top-level> <./gates_fast.sdf, line 3180>.
xmelab: *W,SDFINF: Instance g13773__7482 not found at scope level <top-level> <./gates_fast.sdf, line 3194>.
xmelab: *W,SDFINF: Instance g13773__7482 not found at scope level <top-level> <./gates_fast.sdf, line 3194>.
xmelab: *W,SDFINF: Instance g13774__4733 not found at scope level <top-level> <./gates_fast.sdf, line 3208>.
xmelab: *W,SDFINF: Instance g13774__4733 not found at scope level <top-level> <./gates_fast.sdf, line 3208>.
xmelab: *W,SDFINF: Instance g13775__6161 not found at scope level <top-level> <./gates_fast.sdf, line 3222>.
xmelab: *W,SDFINF: Instance g13775__6161 not found at scope level <top-level> <./gates_fast.sdf, line 3222>.
xmelab: *W,SDFINF: Instance g13776__9315 not found at scope level <top-level> <./gates_fast.sdf, line 3236>.
xmelab: *W,SDFINF: Instance g13776__9315 not found at scope level <top-level> <./gates_fast.sdf, line 3236>.
xmelab: *W,SDFINF: Instance g13777__9945 not found at scope level <top-level> <./gates_fast.sdf, line 3250>.
xmelab: *W,SDFINF: Instance g13777__9945 not found at scope level <top-level> <./gates_fast.sdf, line 3250>.
xmelab: *W,SDFINF: Instance g13778__2883 not found at scope level <top-level> <./gates_fast.sdf, line 3276>.
xmelab: *W,SDFINF: Instance g13778__2883 not found at scope level <top-level> <./gates_fast.sdf, line 3276>.
xmelab: *W,SDFINF: Instance g13779__2346 not found at scope level <top-level> <./gates_fast.sdf, line 3302>.
xmelab: *W,SDFINF: Instance g13779__2346 not found at scope level <top-level> <./gates_fast.sdf, line 3302>.
xmelab: *W,SDFINF: Instance g13780__1666 not found at scope level <top-level> <./gates_fast.sdf, line 3328>.
xmelab: *W,SDFINF: Instance g13780__1666 not found at scope level <top-level> <./gates_fast.sdf, line 3328>.
xmelab: *W,SDFINF: Instance g13781__7410 not found at scope level <top-level> <./gates_fast.sdf, line 3354>.
xmelab: *W,SDFINF: Instance g13781__7410 not found at scope level <top-level> <./gates_fast.sdf, line 3354>.
xmelab: *W,SDFINF: Instance g13782__6417 not found at scope level <top-level> <./gates_fast.sdf, line 3380>.
xmelab: *W,SDFINF: Instance g13782__6417 not found at scope level <top-level> <./gates_fast.sdf, line 3380>.
xmelab: *W,SDFINF: Instance g13783__5477 not found at scope level <top-level> <./gates_fast.sdf, line 3406>.
xmelab: *W,SDFINF: Instance g13783__5477 not found at scope level <top-level> <./gates_fast.sdf, line 3406>.
xmelab: *W,SDFINF: Instance g13784__2398 not found at scope level <top-level> <./gates_fast.sdf, line 3420>.
xmelab: *W,SDFINF: Instance g13784__2398 not found at scope level <top-level> <./gates_fast.sdf, line 3420>.
xmelab: *W,SDFINF: Instance g13785__5107 not found at scope level <top-level> <./gates_fast.sdf, line 3434>.
xmelab: *W,SDFINF: Instance g13785__5107 not found at scope level <top-level> <./gates_fast.sdf, line 3434>.
xmelab: *W,SDFINF: Instance g13786__6260 not found at scope level <top-level> <./gates_fast.sdf, line 3460>.
xmelab: *W,SDFINF: Instance g13786__6260 not found at scope level <top-level> <./gates_fast.sdf, line 3460>.
xmelab: *W,SDFINF: Instance g13787__4319 not found at scope level <top-level> <./gates_fast.sdf, line 3486>.
xmelab: *W,SDFINF: Instance g13787__4319 not found at scope level <top-level> <./gates_fast.sdf, line 3486>.
xmelab: *W,SDFINF: Instance g13788__8428 not found at scope level <top-level> <./gates_fast.sdf, line 3512>.
xmelab: *W,SDFINF: Instance g13788__8428 not found at scope level <top-level> <./gates_fast.sdf, line 3512>.
xmelab: *W,SDFINF: Instance g13789__5526 not found at scope level <top-level> <./gates_fast.sdf, line 3538>.
xmelab: *W,SDFINF: Instance g13789__5526 not found at scope level <top-level> <./gates_fast.sdf, line 3538>.
xmelab: *W,SDFINF: Instance g13790__6783 not found at scope level <top-level> <./gates_fast.sdf, line 3564>.
xmelab: *W,SDFINF: Instance g13790__6783 not found at scope level <top-level> <./gates_fast.sdf, line 3564>.
xmelab: *W,SDFINF: Instance g13791__3680 not found at scope level <top-level> <./gates_fast.sdf, line 3588>.
xmelab: *W,SDFINF: Instance g13791__3680 not found at scope level <top-level> <./gates_fast.sdf, line 3588>.
xmelab: *W,SDFINF: Instance g13792__1617 not found at scope level <top-level> <./gates_fast.sdf, line 3612>.
xmelab: *W,SDFINF: Instance g13792__1617 not found at scope level <top-level> <./gates_fast.sdf, line 3612>.
xmelab: *W,SDFINF: Instance g13793__2802 not found at scope level <top-level> <./gates_fast.sdf, line 3636>.
xmelab: *W,SDFINF: Instance g13793__2802 not found at scope level <top-level> <./gates_fast.sdf, line 3636>.
xmelab: *W,SDFINF: Instance g13794__1705 not found at scope level <top-level> <./gates_fast.sdf, line 3660>.
xmelab: *W,SDFINF: Instance g13794__1705 not found at scope level <top-level> <./gates_fast.sdf, line 3660>.
xmelab: *W,SDFINF: Instance g13795__5122 not found at scope level <top-level> <./gates_fast.sdf, line 3684>.
xmelab: *W,SDFINF: Instance g13795__5122 not found at scope level <top-level> <./gates_fast.sdf, line 3684>.
xmelab: *W,SDFINF: Instance g13796__8246 not found at scope level <top-level> <./gates_fast.sdf, line 3708>.
xmelab: *W,SDFINF: Instance g13796__8246 not found at scope level <top-level> <./gates_fast.sdf, line 3708>.
xmelab: *W,SDFINF: Instance g13797__7098 not found at scope level <top-level> <./gates_fast.sdf, line 3728>.
xmelab: *W,SDFINF: Instance g13797__7098 not found at scope level <top-level> <./gates_fast.sdf, line 3728>.
xmelab: *W,SDFINF: Instance g13798__6131 not found at scope level <top-level> <./gates_fast.sdf, line 3754>.
xmelab: *W,SDFINF: Instance g13798__6131 not found at scope level <top-level> <./gates_fast.sdf, line 3754>.
xmelab: *W,SDFINF: Instance g13799__1881 not found at scope level <top-level> <./gates_fast.sdf, line 3782>.
xmelab: *W,SDFINF: Instance g13799__1881 not found at scope level <top-level> <./gates_fast.sdf, line 3782>.
xmelab: *W,SDFINF: Instance g13800__5115 not found at scope level <top-level> <./gates_fast.sdf, line 3810>.
xmelab: *W,SDFINF: Instance g13800__5115 not found at scope level <top-level> <./gates_fast.sdf, line 3810>.
xmelab: *W,SDFINF: Instance g13801__7482 not found at scope level <top-level> <./gates_fast.sdf, line 3836>.
xmelab: *W,SDFINF: Instance g13801__7482 not found at scope level <top-level> <./gates_fast.sdf, line 3836>.
xmelab: *W,SDFINF: Instance g13802__4733 not found at scope level <top-level> <./gates_fast.sdf, line 3862>.
xmelab: *W,SDFINF: Instance g13802__4733 not found at scope level <top-level> <./gates_fast.sdf, line 3862>.
xmelab: *W,SDFINF: Instance g13803__6161 not found at scope level <top-level> <./gates_fast.sdf, line 3889>.
xmelab: *W,SDFINF: Instance g13803__6161 not found at scope level <top-level> <./gates_fast.sdf, line 3889>.
xmelab: *W,SDFINF: Instance g13804__9315 not found at scope level <top-level> <./gates_fast.sdf, line 3919>.
xmelab: *W,SDFINF: Instance g13804__9315 not found at scope level <top-level> <./gates_fast.sdf, line 3919>.
xmelab: *W,SDFINF: Instance g13805__9945 not found at scope level <top-level> <./gates_fast.sdf, line 3949>.
xmelab: *W,SDFINF: Instance g13805__9945 not found at scope level <top-level> <./gates_fast.sdf, line 3949>.
xmelab: *W,SDFINF: Instance g13806__2883 not found at scope level <top-level> <./gates_fast.sdf, line 3976>.
xmelab: *W,SDFINF: Instance g13806__2883 not found at scope level <top-level> <./gates_fast.sdf, line 3976>.
xmelab: *W,SDFINF: Instance g13807__2346 not found at scope level <top-level> <./gates_fast.sdf, line 4003>.
xmelab: *W,SDFINF: Instance g13807__2346 not found at scope level <top-level> <./gates_fast.sdf, line 4003>.
xmelab: *W,SDFINF: Instance g13808__1666 not found at scope level <top-level> <./gates_fast.sdf, line 4030>.
xmelab: *W,SDFINF: Instance g13808__1666 not found at scope level <top-level> <./gates_fast.sdf, line 4030>.
xmelab: *W,SDFINF: Instance g13809__7410 not found at scope level <top-level> <./gates_fast.sdf, line 4057>.
xmelab: *W,SDFINF: Instance g13809__7410 not found at scope level <top-level> <./gates_fast.sdf, line 4057>.
xmelab: *W,SDFINF: Instance g13810__6417 not found at scope level <top-level> <./gates_fast.sdf, line 4084>.
xmelab: *W,SDFINF: Instance g13810__6417 not found at scope level <top-level> <./gates_fast.sdf, line 4084>.
xmelab: *W,SDFINF: Instance g13811__5477 not found at scope level <top-level> <./gates_fast.sdf, line 4098>.
xmelab: *W,SDFINF: Instance g13811__5477 not found at scope level <top-level> <./gates_fast.sdf, line 4098>.
xmelab: *W,SDFINF: Instance g13812__2398 not found at scope level <top-level> <./gates_fast.sdf, line 4112>.
xmelab: *W,SDFINF: Instance g13812__2398 not found at scope level <top-level> <./gates_fast.sdf, line 4112>.
xmelab: *W,SDFINF: Instance g13813__5107 not found at scope level <top-level> <./gates_fast.sdf, line 4126>.
xmelab: *W,SDFINF: Instance g13813__5107 not found at scope level <top-level> <./gates_fast.sdf, line 4126>.
xmelab: *W,SDFINF: Instance g13814__6260 not found at scope level <top-level> <./gates_fast.sdf, line 4148>.
xmelab: *W,SDFINF: Instance g13814__6260 not found at scope level <top-level> <./gates_fast.sdf, line 4148>.
xmelab: *W,SDFINF: Instance g13815__4319 not found at scope level <top-level> <./gates_fast.sdf, line 4170>.
xmelab: *W,SDFINF: Instance g13815__4319 not found at scope level <top-level> <./gates_fast.sdf, line 4170>.
xmelab: *W,SDFINF: Instance g13816__8428 not found at scope level <top-level> <./gates_fast.sdf, line 4200>.
xmelab: *W,SDFINF: Instance g13816__8428 not found at scope level <top-level> <./gates_fast.sdf, line 4200>.
xmelab: *W,SDFINF: Instance g13817__5526 not found at scope level <top-level> <./gates_fast.sdf, line 4230>.
xmelab: *W,SDFINF: Instance g13817__5526 not found at scope level <top-level> <./gates_fast.sdf, line 4230>.
xmelab: *W,SDFINF: Instance g13818__6783 not found at scope level <top-level> <./gates_fast.sdf, line 4260>.
xmelab: *W,SDFINF: Instance g13818__6783 not found at scope level <top-level> <./gates_fast.sdf, line 4260>.
xmelab: *W,SDFINF: Instance g13819__3680 not found at scope level <top-level> <./gates_fast.sdf, line 4280>.
xmelab: *W,SDFINF: Instance g13819__3680 not found at scope level <top-level> <./gates_fast.sdf, line 4280>.
xmelab: *W,SDFINF: Instance g13820__1617 not found at scope level <top-level> <./gates_fast.sdf, line 4300>.
xmelab: *W,SDFINF: Instance g13820__1617 not found at scope level <top-level> <./gates_fast.sdf, line 4300>.
xmelab: *W,SDFINF: Instance g13821__2802 not found at scope level <top-level> <./gates_fast.sdf, line 4330>.
xmelab: *W,SDFINF: Instance g13821__2802 not found at scope level <top-level> <./gates_fast.sdf, line 4330>.
xmelab: *W,SDFINF: Instance g13822__1705 not found at scope level <top-level> <./gates_fast.sdf, line 4350>.
xmelab: *W,SDFINF: Instance g13822__1705 not found at scope level <top-level> <./gates_fast.sdf, line 4350>.
xmelab: *W,SDFINF: Instance g13823__5122 not found at scope level <top-level> <./gates_fast.sdf, line 4370>.
xmelab: *W,SDFINF: Instance g13823__5122 not found at scope level <top-level> <./gates_fast.sdf, line 4370>.
xmelab: *W,SDFINF: Instance g13824__8246 not found at scope level <top-level> <./gates_fast.sdf, line 4390>.
xmelab: *W,SDFINF: Instance g13824__8246 not found at scope level <top-level> <./gates_fast.sdf, line 4390>.
xmelab: *W,SDFINF: Instance g13825__7098 not found at scope level <top-level> <./gates_fast.sdf, line 4410>.
xmelab: *W,SDFINF: Instance g13825__7098 not found at scope level <top-level> <./gates_fast.sdf, line 4410>.
xmelab: *W,SDFINF: Instance g13826__6131 not found at scope level <top-level> <./gates_fast.sdf, line 4440>.
xmelab: *W,SDFINF: Instance g13826__6131 not found at scope level <top-level> <./gates_fast.sdf, line 4440>.
xmelab: *W,SDFINF: Instance g13827__1881 not found at scope level <top-level> <./gates_fast.sdf, line 4470>.
xmelab: *W,SDFINF: Instance g13827__1881 not found at scope level <top-level> <./gates_fast.sdf, line 4470>.
xmelab: *W,SDFINF: Instance g13828 not found at scope level <top-level> <./gates_fast.sdf, line 4500>.
xmelab: *W,SDFINF: Instance g13828 not found at scope level <top-level> <./gates_fast.sdf, line 4500>.
xmelab: *W,SDFINF: Instance g13829__5115 not found at scope level <top-level> <./gates_fast.sdf, line 4510>.
xmelab: *W,SDFINF: Instance g13829__5115 not found at scope level <top-level> <./gates_fast.sdf, line 4510>.
xmelab: *W,SDFINF: Instance g13830__7482 not found at scope level <top-level> <./gates_fast.sdf, line 4522>.
xmelab: *W,SDFINF: Instance g13830__7482 not found at scope level <top-level> <./gates_fast.sdf, line 4522>.
xmelab: *W,SDFINF: Instance g13831__4733 not found at scope level <top-level> <./gates_fast.sdf, line 4534>.
xmelab: *W,SDFINF: Instance g13831__4733 not found at scope level <top-level> <./gates_fast.sdf, line 4534>.
xmelab: *W,SDFINF: Instance g13832__6161 not found at scope level <top-level> <./gates_fast.sdf, line 4546>.
xmelab: *W,SDFINF: Instance g13832__6161 not found at scope level <top-level> <./gates_fast.sdf, line 4546>.
xmelab: *W,SDFINF: Instance g13833__9315 not found at scope level <top-level> <./gates_fast.sdf, line 4558>.
xmelab: *W,SDFINF: Instance g13833__9315 not found at scope level <top-level> <./gates_fast.sdf, line 4558>.
xmelab: *W,SDFINF: Instance g13834__9945 not found at scope level <top-level> <./gates_fast.sdf, line 4570>.
xmelab: *W,SDFINF: Instance g13834__9945 not found at scope level <top-level> <./gates_fast.sdf, line 4570>.
xmelab: *W,SDFINF: Instance g13835__2883 not found at scope level <top-level> <./gates_fast.sdf, line 4582>.
xmelab: *W,SDFINF: Instance g13835__2883 not found at scope level <top-level> <./gates_fast.sdf, line 4582>.
xmelab: *W,SDFINF: Instance g13836__2346 not found at scope level <top-level> <./gates_fast.sdf, line 4594>.
xmelab: *W,SDFINF: Instance g13836__2346 not found at scope level <top-level> <./gates_fast.sdf, line 4594>.
xmelab: *W,SDFINF: Instance g13837__1666 not found at scope level <top-level> <./gates_fast.sdf, line 4606>.
xmelab: *W,SDFINF: Instance g13837__1666 not found at scope level <top-level> <./gates_fast.sdf, line 4606>.
xmelab: *W,SDFINF: Instance g13838__7410 not found at scope level <top-level> <./gates_fast.sdf, line 4628>.
xmelab: *W,SDFINF: Instance g13838__7410 not found at scope level <top-level> <./gates_fast.sdf, line 4628>.
xmelab: *W,SDFINF: Instance g13839__6417 not found at scope level <top-level> <./gates_fast.sdf, line 4650>.

Annotating to instance drc_bufs of module INHDX1
	ABSOLUTE (IOPATH A Q) = (282, 244)
xmelab: *W,SDFCTE: Module MU2IHDX1 of instance testbench.u1.g2 does not match SDF celltype of NA5I2HDX1, skipping annotation <./gates_fast.sdf, line 6072>.
xmelab: *W,SDFDSM: Attempt to annotate interconnect delay to non-existent load AN at scope testbench.u1.g2 <./gates_fast.sdf, line 6075>.
xmelab: *W,SDFDSM: Attempt to annotate interconnect delay to non-existent load BN at scope testbench.u1.g2 <./gates_fast.sdf, line 6076>.
xmelab: *W,SDFDSM: Attempt to annotate interconnect delay to non-existent load C at scope testbench.u1.g2 <./gates_fast.sdf, line 6077>.
xmelab: *W,SDFDSM: Attempt to annotate interconnect delay to non-existent load D at scope testbench.u1.g2 <./gates_fast.sdf, line 6078>.
xmelab: *W,SDFDSM: Attempt to annotate interconnect delay to non-existent load E at scope testbench.u1.g2 <./gates_fast.sdf, line 6079>.
ABSOLUTE PORT: testbench.u1.drc_bufs.A = (0)
