09:44:58:4458 [important] [FelixStartLevel] INFO  - xmsim gcc version is 9.3.0
09:44:58:4458 [important] [FelixStartLevel] INFO  - indago gcc version is 9.3.0
09:44:59:4459 [com.cadence.smartlog.bl.common.SLUtils] [TangoTaskManager-7] INFO  - query: 
10:07:48:748 [save_restore] [pool-14-thread-1] ERROR - problem creating auto save folder in auto save user state
10:49:36:4936 [save_restore] [pool-14-thread-1] ERROR - problem creating auto save folder in auto save user state
10:49:36:4936 [save_restore] [pool-14-thread-1] ERROR - problem creating auto save folder in auto save user state
10:49:36:4936 [save_restore] [pool-14-thread-1] ERROR - problem creating auto save folder in auto save user state
10:49:36:4936 [save_restore] [pool-14-thread-1] ERROR - problem creating auto save folder in auto save user state
10:49:36:4936 [save_restore] [pool-14-thread-1] ERROR - problem creating auto save folder in auto save user state
10:49:36:4936 [save_restore] [pool-14-thread-1] ERROR - problem creating auto save folder in auto save user state
10:49:36:4936 [save_restore] [pool-14-thread-1] ERROR - problem creating auto save folder in auto save user state
10:49:36:4936 [save_restore] [pool-14-thread-1] ERROR - problem creating auto save folder in auto save user state
10:49:36:4936 [save_restore] [pool-14-thread-1] ERROR - problem creating auto save folder in auto save user state
10:49:36:4936 [save_restore] [pool-14-thread-1] ERROR - problem creating auto save folder in auto save user state
10:49:36:4936 [save_restore] [pool-14-thread-1] ERROR - problem creating auto save folder in auto save user state
10:49:36:4936 [save_restore] [pool-14-thread-1] ERROR - problem creating auto save folder in auto save user state
10:49:36:4936 [save_restore] [pool-14-thread-1] ERROR - problem creating auto save folder in auto save user state
10:49:36:4936 [save_restore] [pool-14-thread-1] ERROR - problem creating auto save folder in auto save user state
10:49:36:4936 [save_restore] [pool-14-thread-1] ERROR - problem creating auto save folder in auto save user state
10:49:36:4936 [save_restore] [pool-14-thread-1] ERROR - problem creating auto save folder in auto save user state
10:49:36:4936 [save_restore] [pool-14-thread-1] ERROR - problem creating auto save folder in auto save user state
10:49:36:4936 [save_restore] [pool-14-thread-1] ERROR - problem creating auto save folder in auto save user state
10:49:36:4936 [save_restore] [pool-14-thread-1] ERROR - problem creating auto save folder in auto save user state
10:49:36:4936 [save_restore] [pool-14-thread-1] ERROR - problem creating auto save folder in auto save user state
10:49:36:4936 [save_restore] [pool-14-thread-1] ERROR - problem creating auto save folder in auto save user state
10:49:36:4936 [save_restore] [pool-14-thread-1] ERROR - problem creating auto save folder in auto save user state
10:49:36:4936 [save_restore] [pool-14-thread-1] ERROR - problem creating auto save folder in auto save user state
10:49:36:4936 [save_restore] [pool-14-thread-1] ERROR - problem creating auto save folder in auto save user state
10:49:36:4936 [save_restore] [pool-14-thread-1] ERROR - problem creating auto save folder in auto save user state
10:49:36:4936 [save_restore] [pool-14-thread-1] ERROR - problem creating auto save folder in auto save user state
10:49:36:4936 [save_restore] [pool-14-thread-1] ERROR - problem creating auto save folder in auto save user state
10:49:36:4936 [save_restore] [pool-14-thread-1] ERROR - problem creating auto save folder in auto save user state
10:49:36:4936 [save_restore] [pool-14-thread-1] ERROR - problem creating auto save folder in auto save user state
10:49:36:4936 [save_restore] [pool-14-thread-1] ERROR - problem creating auto save folder in auto save user state
10:49:36:4936 [save_restore] [pool-14-thread-1] ERROR - problem creating auto save folder in auto save user state
10:49:36:4936 [save_restore] [pool-14-thread-1] ERROR - problem creating auto save folder in auto save user state
10:49:36:4936 [save_restore] [pool-14-thread-1] ERROR - problem creating auto save folder in auto save user state
10:49:36:4936 [save_restore] [pool-14-thread-1] ERROR - problem creating auto save folder in auto save user state
10:49:36:4936 [save_restore] [pool-14-thread-1] ERROR - problem creating auto save folder in auto save user state
10:49:36:4936 [save_restore] [pool-14-thread-1] ERROR - problem creating auto save folder in auto save user state
10:49:36:4936 [save_restore] [pool-14-thread-1] ERROR - problem creating auto save folder in auto save user state
10:49:36:4936 [save_restore] [pool-14-thread-1] ERROR - problem creating auto save folder in auto save user state
10:49:36:4936 [save_restore] [pool-14-thread-1] ERROR - problem creating auto save folder in auto save user state
10:49:36:4936 [save_restore] [pool-14-thread-1] ERROR - problem creating auto save folder in auto save user state
10:49:36:4936 [save_restore] [pool-14-thread-1] ERROR - problem creating auto save folder in auto save user state
10:49:48:4948 [save_restore] [pool-14-thread-1] ERROR - problem creating auto save folder in auto save user state
10:50:48:5048 [save_restore] [pool-14-thread-1] ERROR - problem creating auto save folder in auto save user state
10:51:48:5148 [save_restore] [pool-14-thread-1] ERROR - problem creating auto save folder in auto save user state
10:52:48:5248 [save_restore] [pool-14-thread-1] ERROR - problem creating auto save folder in auto save user state
10:53:48:5348 [save_restore] [pool-14-thread-1] ERROR - problem creating auto save folder in auto save user state
10:54:48:5448 [save_restore] [pool-14-thread-1] ERROR - problem creating auto save folder in auto save user state
10:55:48:5548 [save_restore] [pool-14-thread-1] ERROR - problem creating auto save folder in auto save user state
10:56:48:5648 [save_restore] [pool-14-thread-1] ERROR - problem creating auto save folder in auto save user state
10:57:48:5748 [save_restore] [pool-14-thread-1] ERROR - problem creating auto save folder in auto save user state
10:58:48:5848 [save_restore] [pool-14-thread-1] ERROR - problem creating auto save folder in auto save user state
10:59:48:5948 [save_restore] [pool-14-thread-1] ERROR - problem creating auto save folder in auto save user state
11:00:48:048 [save_restore] [pool-14-thread-1] ERROR - problem creating auto save folder in auto save user state
11:01:48:148 [save_restore] [pool-14-thread-1] ERROR - problem creating auto save folder in auto save user state
11:02:48:248 [save_restore] [pool-14-thread-1] ERROR - problem creating auto save folder in auto save user state
11:03:48:348 [save_restore] [pool-14-thread-1] ERROR - problem creating auto save folder in auto save user state
11:04:48:448 [save_restore] [pool-14-thread-1] ERROR - problem creating auto save folder in auto save user state
11:05:48:548 [save_restore] [pool-14-thread-1] ERROR - problem creating auto save folder in auto save user state
11:06:48:648 [save_restore] [pool-14-thread-1] ERROR - problem creating auto save folder in auto save user state
11:07:48:748 [save_restore] [pool-14-thread-1] ERROR - problem creating auto save folder in auto save user state
11:08:48:848 [save_restore] [pool-14-thread-1] ERROR - problem creating auto save folder in auto save user state
11:09:48:948 [save_restore] [pool-14-thread-1] ERROR - problem creating auto save folder in auto save user state
11:10:48:1048 [save_restore] [pool-14-thread-1] ERROR - problem creating auto save folder in auto save user state
11:11:48:1148 [save_restore] [pool-14-thread-1] ERROR - problem creating auto save folder in auto save user state
11:12:48:1248 [save_restore] [pool-14-thread-1] ERROR - problem creating auto save folder in auto save user state
11:13:48:1348 [save_restore] [pool-14-thread-1] ERROR - problem creating auto save folder in auto save user state
11:14:48:1448 [save_restore] [pool-14-thread-1] ERROR - problem creating auto save folder in auto save user state
11:15:48:1548 [save_restore] [pool-14-thread-1] ERROR - problem creating auto save folder in auto save user state
11:16:48:1648 [save_restore] [pool-14-thread-1] ERROR - problem creating auto save folder in auto save user state
11:17:48:1748 [save_restore] [pool-14-thread-1] ERROR - problem creating auto save folder in auto save user state
11:18:48:1848 [save_restore] [pool-14-thread-1] ERROR - problem creating auto save folder in auto save user state
11:19:48:1948 [save_restore] [pool-14-thread-1] ERROR - problem creating auto save folder in auto save user state
11:20:48:2048 [save_restore] [pool-14-thread-1] ERROR - problem creating auto save folder in auto save user state
11:21:48:2148 [save_restore] [pool-14-thread-1] ERROR - problem creating auto save folder in auto save user state
11:22:48:2248 [save_restore] [pool-14-thread-1] ERROR - problem creating auto save folder in auto save user state
11:23:48:2348 [save_restore] [pool-14-thread-1] ERROR - problem creating auto save folder in auto save user state
11:24:48:2448 [save_restore] [pool-14-thread-1] ERROR - problem creating auto save folder in auto save user state
11:25:48:2548 [save_restore] [pool-14-thread-1] ERROR - problem creating auto save folder in auto save user state
11:26:48:2648 [save_restore] [pool-14-thread-1] ERROR - problem creating auto save folder in auto save user state
11:27:48:2748 [save_restore] [pool-14-thread-1] ERROR - problem creating auto save folder in auto save user state
11:28:48:2848 [save_restore] [pool-14-thread-1] ERROR - problem creating auto save folder in auto save user state
11:29:48:2948 [save_restore] [pool-14-thread-1] ERROR - problem creating auto save folder in auto save user state
11:30:48:3048 [save_restore] [pool-14-thread-1] ERROR - problem creating auto save folder in auto save user state
11:31:48:3148 [save_restore] [pool-14-thread-1] ERROR - problem creating auto save folder in auto save user state
11:32:48:3248 [save_restore] [pool-14-thread-1] ERROR - problem creating auto save folder in auto save user state
11:33:48:3348 [save_restore] [pool-14-thread-1] ERROR - problem creating auto save folder in auto save user state
11:34:48:3448 [save_restore] [pool-14-thread-1] ERROR - problem creating auto save folder in auto save user state
11:35:48:3548 [save_restore] [pool-14-thread-1] ERROR - problem creating auto save folder in auto save user state
11:36:48:3648 [save_restore] [pool-14-thread-1] ERROR - problem creating auto save folder in auto save user state
11:37:48:3748 [save_restore] [pool-14-thread-1] ERROR - problem creating auto save folder in auto save user state
11:38:48:3848 [save_restore] [pool-14-thread-1] ERROR - problem creating auto save folder in auto save user state
11:39:48:3948 [save_restore] [pool-14-thread-1] ERROR - problem creating auto save folder in auto save user state
11:40:48:4048 [save_restore] [pool-14-thread-1] ERROR - problem creating auto save folder in auto save user state
11:41:48:4148 [save_restore] [pool-14-thread-1] ERROR - problem creating auto save folder in auto save user state
11:42:48:4248 [save_restore] [pool-14-thread-1] ERROR - problem creating auto save folder in auto save user state
11:43:48:4348 [save_restore] [pool-14-thread-1] ERROR - problem creating auto save folder in auto save user state
11:44:48:4448 [save_restore] [pool-14-thread-1] ERROR - problem creating auto save folder in auto save user state
11:44:54:4454 [save_restore] [AWT-EventQueue-0] ERROR - user state directory file is not exists
