======================================================================

Annotating SDF timing data:
  Compiled SDF file:     gates_fast.sdf.X
  Log file:              gates_fast.sdf.X_sdf_annotation.log
  Backannotation scope:  testbench.u1
  Configuration file:    
  MTM control:           MAXIMUM
  Scale factors:         1:1:1
  Scale type:            FROM_MTM

Time units: 1ps


Annotating to instance g4216__2398 of module AO33HDX2
	ABSOLUTE (IOPATH B Q) = (1730, 1092)
	ABSOLUTE (IOPATH D Q) = (1694, 1054)
	ABSOLUTE (COND (((((A==1)&&(C==1))&&(D==0))&&(E==1))&&(F==1)) (IOPATH B Q)) = (1739, 1170)
	ABSOLUTE (COND (((((A==1)&&(B==1))&&(D==0))&&(E==1))&&(F==1)) (IOPATH C Q)) = (1910, 1317)
	ABSOLUTE (IOPATH F Q) = (1697, 1036)
	ABSOLUTE (IOPATH A Q) = (1717, 1077)
	ABSOLUTE (IOPATH C Q) = (1873, 1265)
	ABSOLUTE (COND (C==1) (IOPATH D Q)) = (1705, 1089)
	ABSOLUTE (IOPATH E Q) = (1680, 1028)
	ABSOLUTE (COND (((((B==1)&&(C==1))&&(D==0))&&(E==1))&&(F==1)) (IOPATH A Q)) = (1725, 1163)
	ABSOLUTE (COND (C==1) (IOPATH E Q)) = (1690, 1061)
	ABSOLUTE (COND (C==1) (IOPATH F Q)) = (1707, 1119)

Annotating to instance g4217__5107 of module AND2HDX2
	ABSOLUTE (IOPATH A Q) = (1658, 1008)
	ABSOLUTE (IOPATH B Q) = (1650, 1030)

Annotating to instance g4218__6260 of module NO2HDX4
	ABSOLUTE (IOPATH A Q) = (1773, 496)
	ABSOLUTE (IOPATH B Q) = (1769, 537)

Annotating to instance g4219__4319 of module OR5HDX1
	ABSOLUTE (IOPATH D Q) = (208, 609)
	ABSOLUTE (IOPATH E Q) = (250, 556)
	ABSOLUTE (IOPATH A Q) = (156, 561)
	ABSOLUTE (IOPATH B Q) = (216, 499)
	ABSOLUTE (IOPATH C Q) = (159, 649)

Annotating to instance g4220__8428 of module AO221HDX2
	ABSOLUTE (COND (((B==1)&&(D==0))||(((B==0)&&(C==0))&&(D==1))) (IOPATH E Q)) = (1686, 1118)
	ABSOLUTE (IOPATH B Q) = (1813, 1147)
	ABSOLUTE (COND (D==1) (IOPATH A Q)) = (1714, 1201)
	ABSOLUTE (COND (D==1) (IOPATH B Q)) = (1810, 1206)
	ABSOLUTE (COND ((A==1)&&(B==0)) (IOPATH C Q)) = (1697, 1178)
	ABSOLUTE (IOPATH D Q) = (1683, 1085)
	ABSOLUTE (COND ((A==0)&&(B==1)) (IOPATH D Q)) = (1690, 1161)
	ABSOLUTE (IOPATH A Q) = (1715, 1135)
	ABSOLUTE (IOPATH C Q) = (1696, 1122)
	ABSOLUTE (COND ((A==0)&&(B==1)) (IOPATH C Q)) = (1704, 1202)
	ABSOLUTE (COND ((A==1)&&(B==0)) (IOPATH D Q)) = (1684, 1136)
	ABSOLUTE (IOPATH E Q) = (1678, 1059)
	ABSOLUTE (COND ((((A==0)&&(B==1))&&(C==0))&&(D==1)) (IOPATH E Q)) = (1694, 1187)

Annotating to instance g4221__5526 of module AO211HDX2
	ABSOLUTE (COND (((A==0)&&(B==1))&&(C==0)) (IOPATH D Q)) = (1638, 1166)
	ABSOLUTE (COND (((A==1)&&(B==0))&&(C==0)) (IOPATH D Q)) = (1647, 1202)
	ABSOLUTE (IOPATH D Q) = (1639, 1124)
	ABSOLUTE (COND (((A==0)&&(B==1))&&(D==0)) (IOPATH C Q)) = (1612, 1152)
	ABSOLUTE (COND (((A==1)&&(B==0))&&(D==0)) (IOPATH C Q)) = (1616, 1188)
	ABSOLUTE (IOPATH A Q) = (1648, 1170)
	ABSOLUTE (IOPATH B Q) = (1672, 1230)
	ABSOLUTE (IOPATH C Q) = (1612, 1100)

Annotating to instance g4222__6783 of module ON221HDX2
	ABSOLUTE (IOPATH D Q) = (1774, 980)
	ABSOLUTE (IOPATH E Q) = (1732, 973)
	ABSOLUTE (IOPATH A Q) = (1804, 1004)
	ABSOLUTE (COND ((((A==1)&&(B==0))&&(C==1))&&(D==0)) (IOPATH E Q)) = (1744, 1040)
	ABSOLUTE (COND ((((A==1)&&(B==0))&&(C==0))&&(E==1)) (IOPATH D Q)) = (1780, 1011)
	ABSOLUTE (COND ((((A==1)&&(B==0))&&(D==0))&&(E==1)) (IOPATH C Q)) = (1810, 1050)
	ABSOLUTE (COND ((((A==0)&&(C==1))&&(D==0))&&(E==1)) (IOPATH B Q)) = (1792, 1003)
	ABSOLUTE (IOPATH B Q) = (1786, 986)
	ABSOLUTE (COND ((((B==0)&&(C==1))&&(D==0))&&(E==1)) (IOPATH A Q)) = (1811, 1021)
	ABSOLUTE (COND (((B==0)&&(D==1))||((((A==1)&&(B==1))&&(C==1))&&(D==0))) (IOPATH E Q)) = (1739, 1005)
	ABSOLUTE (IOPATH C Q) = (1804, 1012)

Annotating to instance g4223__3680 of module ON321HDX0
	ABSOLUTE (COND (((((((B==1)&&(C==0))&&(D==1))&&(E==1))||((((A==0)&&(B==1))&&(C==0))&&(E==1)))||((((A==0)&&(B==0))&&(C==1))&&(E==0)))||(((C==1)&&(D==1))&&(E==0))) (IOPATH F Q)) = (231, 145)
	ABSOLUTE (IOPATH B Q) = (460, 162)
	ABSOLUTE (COND (((((A==0)&&(C==0))&&(D==1))&&(E==0))&&(F==1)) (IOPATH B Q)) = (460, 187)
	ABSOLUTE (COND (((((A==0)&&(B==0))&&(D==1))&&(E==0))&&(F==1)) (IOPATH C Q)) = (508, 196)
	ABSOLUTE (IOPATH D Q) = (329, 139)
	ABSOLUTE (IOPATH F Q) = (231, 118)
	ABSOLUTE (COND (((C==0)&&(E==0))&&(F==1)) (IOPATH D Q)) = (329, 159)
	ABSOLUTE (COND (((C==0)&&(D==0))&&(F==1)) (IOPATH E Q)) = (301, 139)
	ABSOLUTE (IOPATH A Q) = (464, 181)
	ABSOLUTE (IOPATH C Q) = (508, 175)
	ABSOLUTE (COND (((((A==1)&&(B==0))&&(C==0))&&(D==1))&&(E==0)) (IOPATH F Q)) = (231, 194)
	ABSOLUTE (COND (((((B==0)&&(C==0))&&(D==1))&&(E==0))&&(F==1)) (IOPATH A Q)) = (464, 205)
	ABSOLUTE (IOPATH E Q) = (301, 120)
	ABSOLUTE (COND (((((B==1)&&(C==0))&&(D==1))&&(E==0))||((((B==0)&&(C==0))&&(D==0))&&(E==1))) (IOPATH F Q)) = (231, 166)

Annotating to instance g4224__1617 of module AO221HDX2
	ABSOLUTE (COND (((B==1)&&(D==0))||(((B==0)&&(C==0))&&(D==1))) (IOPATH E Q)) = (1632, 1076)
	ABSOLUTE (IOPATH B Q) = (1794, 1192)
	ABSOLUTE (COND (D==1) (IOPATH A Q)) = (1777, 1223)
	ABSOLUTE (COND (D==1) (IOPATH B Q)) = (1792, 1244)
	ABSOLUTE (COND ((A==1)&&(B==0)) (IOPATH C Q)) = (1696, 1202)
	ABSOLUTE (IOPATH D Q) = (1696, 1084)
	ABSOLUTE (COND ((A==0)&&(B==1)) (IOPATH D Q)) = (1703, 1160)
	ABSOLUTE (IOPATH A Q) = (1780, 1160)
	ABSOLUTE (IOPATH C Q) = (1695, 1146)
	ABSOLUTE (COND ((A==0)&&(B==1)) (IOPATH C Q)) = (1703, 1227)
	ABSOLUTE (COND ((A==1)&&(B==0)) (IOPATH D Q)) = (1696, 1136)
	ABSOLUTE (IOPATH E Q) = (1627, 1019)
	ABSOLUTE (COND ((((A==0)&&(B==1))&&(C==0))&&(D==1)) (IOPATH E Q)) = (1636, 1146)

Annotating to instance g4225__2802 of module ON32HDX0
	ABSOLUTE (IOPATH D Q) = (288, 122)
	ABSOLUTE (COND ((C==0)&&(D==0)) (IOPATH E Q)) = (263, 119)
	ABSOLUTE (IOPATH E Q) = (263, 103)
	ABSOLUTE (COND ((C==0)&&(E==0)) (IOPATH D Q)) = (289, 139)
	ABSOLUTE (IOPATH A Q) = (460, 162)
	ABSOLUTE (IOPATH B Q) = (451, 162)
	ABSOLUTE (IOPATH C Q) = (482, 164)

Annotating to instance g4226__1705 of module AO222HDX1
	ABSOLUTE (COND ((B==1)&&(D==0)) (IOPATH F Q)) = (167, 273)
	ABSOLUTE (IOPATH B Q) = (221, 350)
	ABSOLUTE (COND (((B==0)&&(D==1))||((((A==1)&&(B==0))&&(C==1))&&(D==0))) (IOPATH F Q)) = (162, 280)
	ABSOLUTE (IOPATH D Q) = (213, 318)
	ABSOLUTE (COND ((B==1)||(((A==1)&&(B==0))&&(F==1))) (IOPATH D Q)) = (221, 397)
	ABSOLUTE (COND (((((B==1)&&(C==0))&&(D==1))&&(E==0))&&(F==1)) (IOPATH A Q)) = (206, 494)
	ABSOLUTE (IOPATH F Q) = (161, 221)
	ABSOLUTE (COND ((((A==0)&&(B==1))&&(C==0))&&(D==1)) (IOPATH F Q)) = (173, 348)
	ABSOLUTE (IOPATH A Q) = (199, 386)
	ABSOLUTE (COND ((B==1)&&(D==0)) (IOPATH E Q)) = (170, 356)
	ABSOLUTE (COND (((B==0)&&(D==1))||((((A==1)&&(B==0))&&(C==1))&&(D==0))) (IOPATH E Q)) = (165, 367)
	ABSOLUTE (IOPATH C Q) = (195, 364)
	ABSOLUTE (COND ((B==1)||(((A==1)&&(B==0))&&(F==1))) (IOPATH C Q)) = (201, 407)
	ABSOLUTE (COND (((((A==1)&&(C==0))&&(D==1))&&(E==0))&&(F==1)) (IOPATH B Q)) = (229, 453)
	ABSOLUTE (IOPATH E Q) = (165, 298)
	ABSOLUTE (COND ((((A==0)&&(B==1))&&(C==0))&&(D==1)) (IOPATH E Q)) = (176, 436)

Annotating to instance g4227__5122 of module AN211HDX1
	ABSOLUTE (COND (((A==0)&&(B==1))&&(C==0)) (IOPATH D Q)) = (221, 89)
	ABSOLUTE (COND (((A==1)&&(B==0))&&(C==0)) (IOPATH D Q)) = (252, 89)
	ABSOLUTE (IOPATH D Q) = (199, 88)
	ABSOLUTE (COND (((A==0)&&(B==1))&&(D==0)) (IOPATH C Q)) = (203, 77)
	ABSOLUTE (COND (((A==1)&&(B==0))&&(D==0)) (IOPATH C Q)) = (233, 77)
	ABSOLUTE (IOPATH A Q) = (278, 174)
	ABSOLUTE (IOPATH B Q) = (260, 93)
	ABSOLUTE (IOPATH C Q) = (172, 76)

Annotating to instance g4228__8246 of module OA211HDX0
	ABSOLUTE (IOPATH D Q) = (187, 209)
	ABSOLUTE (COND ((A==0)&&(B==1)) (IOPATH C Q)) = (214, 208)
	ABSOLUTE (COND ((A==0)&&(B==1)) (IOPATH D Q)) = (206, 215)
	ABSOLUTE (IOPATH A Q) = (199, 213)
	ABSOLUTE (IOPATH B Q) = (202, 202)
	ABSOLUTE (IOPATH C Q) = (195, 202)

Annotating to instance g4229__7098 of module OA211HDX0
	ABSOLUTE (IOPATH D Q) = (189, 210)
	ABSOLUTE (COND ((A==0)&&(B==1)) (IOPATH C Q)) = (216, 209)
	ABSOLUTE (COND ((A==0)&&(B==1)) (IOPATH D Q)) = (208, 216)
	ABSOLUTE (IOPATH A Q) = (201, 215)
	ABSOLUTE (IOPATH B Q) = (204, 204)
	ABSOLUTE (IOPATH C Q) = (197, 203)

Annotating to instance g4230__6131 of module MU2HDX0
	ABSOLUTE (COND ((IN0==0)&&(IN1==1)) (IOPATH S Q)) = (174, 193)
	ABSOLUTE (IOPATH IN1 Q) = (198, 241)
	ABSOLUTE (IOPATH S Q) = (254, 230)
	ABSOLUTE (IOPATH IN0 Q) = (190, 232)

Annotating to instance g4231__1881 of module ON221HDX0
	ABSOLUTE (IOPATH D Q) = (238, 123)
	ABSOLUTE (IOPATH E Q) = (164, 112)
	ABSOLUTE (IOPATH A Q) = (291, 154)
	ABSOLUTE (COND ((((A==1)&&(B==0))&&(C==1))&&(D==0)) (IOPATH E Q)) = (164, 171)
	ABSOLUTE (COND ((((A==1)&&(B==0))&&(C==0))&&(E==1)) (IOPATH D Q)) = (239, 155)
	ABSOLUTE (COND ((((A==1)&&(B==0))&&(D==0))&&(E==1)) (IOPATH C Q)) = (255, 163)
	ABSOLUTE (COND ((((A==0)&&(C==1))&&(D==0))&&(E==1)) (IOPATH B Q)) = (275, 153)
	ABSOLUTE (IOPATH B Q) = (274, 137)
	ABSOLUTE (COND ((((B==0)&&(C==1))&&(D==0))&&(E==1)) (IOPATH A Q)) = (291, 170)
	ABSOLUTE (COND (((B==0)&&(D==1))||((((A==1)&&(B==1))&&(C==1))&&(D==0))) (IOPATH E Q)) = (164, 139)
	ABSOLUTE (IOPATH C Q) = (254, 130)

Annotating to instance g4233 of module INHDX3
	ABSOLUTE (IOPATH A Q) = (2123, 1754)

Annotating to instance g4234 of module INHDX1
	ABSOLUTE (IOPATH A Q) = (224, 203)

Annotating to instance g4237__5115 of module NA4I2HDX1
	ABSOLUTE (IOPATH D Q) = (284, 202)
	ABSOLUTE (IOPATH BN Q) = (295, 329)
	ABSOLUTE (IOPATH C Q) = (285, 198)
	ABSOLUTE (IOPATH AN Q) = (289, 345)

Annotating to instance g4238__7482 of module NO2HDX1
	ABSOLUTE (IOPATH A Q) = (158, 74)
	ABSOLUTE (IOPATH B Q) = (183, 101)

Annotating to instance g4239__4733 of module AO321HDX2
	ABSOLUTE (IOPATH B Q) = (1723, 1157)
	ABSOLUTE (COND ((((((A==0)&&(B==1))&&(C==1))&&(D==1))&&(E==0))||(((((A==1)&&(B==0))&&(C==1))&&(D==0))&&(E==1))) (IOPATH F Q)) = (1698, 1194)
	ABSOLUTE (IOPATH D Q) = (1686, 1108)
	ABSOLUTE (COND (((((A==0)&&(B==1))&&(C==1))&&(D==0))&&(E==1)) (IOPATH F Q)) = (1706, 1226)
	ABSOLUTE (COND (((((B==1)&&(C==1))&&(D==0))&&(E==1))&&(F==0)) (IOPATH A Q)) = (1726, 1258)
	ABSOLUTE (IOPATH F Q) = (1681, 1047)
	ABSOLUTE (COND ((((A==1)&&(B==0))&&(C==1))||(((A==0)&&(B==1))&&(C==1))) (IOPATH D Q)) = (1695, 1212)
	ABSOLUTE (COND ((((A==1)&&(B==1))&&(C==0))||(((A==0)&&(B==0))&&(C==1))) (IOPATH E Q)) = (1742, 1147)
	ABSOLUTE (IOPATH A Q) = (1718, 1182)
	ABSOLUTE (IOPATH C Q) = (1767, 1142)
	ABSOLUTE (COND (((((C==0)&&(E==1))||((((B==0)&&(C==1))&&(D==1))&&(E==0)))||(((((A==1)&&(B==0))&&(C==1))&&(D==0))&&(E==0)))||(((((A==0)&&(B==1))&&(C==1))&&(D==0))&&(E==0))) (IOPATH F Q)) = (1691, 1109)
	ABSOLUTE (COND (((((A==1)&&(C==1))&&(D==0))&&(E==1))&&(F==0)) (IOPATH B Q)) = (1732, 1228)
	ABSOLUTE (COND (((((A==1)&&(B==1))&&(D==0))&&(E==1))&&(F==0)) (IOPATH C Q)) = (1777, 1206)
	ABSOLUTE (COND ((((A==1)&&(B==1))&&(C==0))||(((A==0)&&(B==0))&&(C==1))) (IOPATH D Q)) = (1687, 1153)
	ABSOLUTE (IOPATH E Q) = (1743, 1104)
	ABSOLUTE (COND ((((A==1)&&(B==0))&&(C==1))||(((A==0)&&(B==1))&&(C==1))) (IOPATH E Q)) = (1754, 1202)

Annotating to instance g4240__6161 of module NA2HDX1
	ABSOLUTE (IOPATH A Q) = (180, 115)
	ABSOLUTE (IOPATH B Q) = (186, 101)

Annotating to instance g4241__9315 of module ON221HDX0
	ABSOLUTE (IOPATH D Q) = (296, 142)
	ABSOLUTE (IOPATH E Q) = (180, 104)
	ABSOLUTE (IOPATH A Q) = (318, 176)
	ABSOLUTE (COND ((((A==1)&&(B==0))&&(C==1))&&(D==0)) (IOPATH E Q)) = (180, 164)
	ABSOLUTE (COND ((((A==1)&&(B==0))&&(C==0))&&(E==1)) (IOPATH D Q)) = (297, 177)
	ABSOLUTE (COND ((((A==1)&&(B==0))&&(D==0))&&(E==1)) (IOPATH C Q)) = (288, 196)
	ABSOLUTE (COND ((((A==0)&&(C==1))&&(D==0))&&(E==1)) (IOPATH B Q)) = (310, 173)
	ABSOLUTE (IOPATH B Q) = (310, 158)
	ABSOLUTE (COND ((((B==0)&&(C==1))&&(D==0))&&(E==1)) (IOPATH A Q)) = (319, 192)
	ABSOLUTE (COND (((B==0)&&(D==1))||((((A==1)&&(B==1))&&(C==1))&&(D==0))) (IOPATH E Q)) = (180, 131)
	ABSOLUTE (IOPATH C Q) = (287, 159)

Annotating to instance g4242__9945 of module NA2I1HDX1
	ABSOLUTE (IOPATH B Q) = (234, 135)
	ABSOLUTE (IOPATH AN Q) = (207, 215)

Annotating to instance g4243__2883 of module NA3HDX1
	ABSOLUTE (IOPATH A Q) = (188, 178)
	ABSOLUTE (IOPATH B Q) = (192, 141)
	ABSOLUTE (IOPATH C Q) = (205, 132)

Annotating to instance g4244__2346 of module ON32HDX0
	ABSOLUTE (IOPATH D Q) = (263, 113)
	ABSOLUTE (COND ((C==0)&&(D==0)) (IOPATH E Q)) = (247, 142)
	ABSOLUTE (IOPATH E Q) = (247, 119)
	ABSOLUTE (COND ((C==0)&&(E==0)) (IOPATH D Q)) = (264, 131)
	ABSOLUTE (IOPATH A Q) = (398, 137)
	ABSOLUTE (IOPATH B Q) = (393, 143)
	ABSOLUTE (IOPATH C Q) = (468, 134)

Annotating to instance g4245__1666 of module OA321HDX1
	ABSOLUTE (COND (((((((B==1)&&(C==0))&&(D==1))&&(E==1))||((((A==0)&&(B==1))&&(C==0))&&(E==1)))||((((A==0)&&(B==0))&&(C==1))&&(E==0)))||(((C==1)&&(D==1))&&(E==0))) (IOPATH F Q)) = (176, 148)
	ABSOLUTE (IOPATH B Q) = (205, 426)
	ABSOLUTE (COND (((((A==0)&&(C==0))&&(D==1))&&(E==0))&&(F==1)) (IOPATH B Q)) = (230, 428)
	ABSOLUTE (COND (((((A==0)&&(B==0))&&(D==1))&&(E==0))&&(F==1)) (IOPATH C Q)) = (224, 459)
	ABSOLUTE (IOPATH D Q) = (178, 283)
	ABSOLUTE (IOPATH F Q) = (146, 145)
	ABSOLUTE (COND (((C==0)&&(E==0))&&(F==1)) (IOPATH D Q)) = (199, 285)
	ABSOLUTE (COND (((C==0)&&(D==0))&&(F==1)) (IOPATH E Q)) = (184, 258)
	ABSOLUTE (IOPATH A Q) = (219, 450)
	ABSOLUTE (IOPATH C Q) = (200, 456)
	ABSOLUTE (COND (((((A==1)&&(B==0))&&(C==0))&&(D==1))&&(E==0)) (IOPATH F Q)) = (225, 150)
	ABSOLUTE (COND (((((B==0)&&(C==0))&&(D==1))&&(E==0))&&(F==1)) (IOPATH A Q)) = (245, 453)
	ABSOLUTE (IOPATH E Q) = (163, 256)
	ABSOLUTE (COND (((((B==1)&&(C==0))&&(D==1))&&(E==0))||((((B==0)&&(C==0))&&(D==0))&&(E==1))) (IOPATH F Q)) = (196, 148)

Annotating to instance g4246__7410 of module EN3HDX0
	ABSOLUTE (COND ((A==0)&&(B==1)) (IOPATH C Q)) = (404, 315)
	ABSOLUTE (COND ((A==1)&&(B==0)) (IOPATH C Q)) = (459, 339)
	ABSOLUTE (COND ((A==0)&&(C==1)) (IOPATH B Q)) = (410, 320)
	ABSOLUTE (COND ((A==1)&&(C==0)) (IOPATH B Q)) = (455, 369)
	ABSOLUTE (COND ((A==1)&&(B==1)) (IOPATH C Q)) = (453, 283)
	ABSOLUTE (COND ((A==1)&&(C==1)) (IOPATH B Q)) = (457, 290)
	ABSOLUTE (IOPATH A Q) = (318, 140)
	ABSOLUTE (IOPATH B Q) = (491, 318)
	ABSOLUTE (IOPATH C Q) = (491, 322)
	ABSOLUTE (COND (((B==0)&&(C==1))||((B==1)&&(C==0))) (IOPATH A Q)) = (273, 190)

Annotating to instance g4247__6417 of module AN221HDX1
	ABSOLUTE (COND (((B==1)&&(D==0))||(((B==0)&&(C==0))&&(D==1))) (IOPATH E Q)) = (197, 130)
	ABSOLUTE (IOPATH B Q) = (241, 225)
	ABSOLUTE (COND (D==1) (IOPATH A Q)) = (291, 143)
	ABSOLUTE (COND (D==1) (IOPATH B Q)) = (284, 215)
	ABSOLUTE (COND ((A==1)&&(B==0)) (IOPATH C Q)) = (264, 132)
	ABSOLUTE (IOPATH D Q) = (178, 108)
	ABSOLUTE (COND ((A==0)&&(B==1)) (IOPATH D Q)) = (232, 109)
	ABSOLUTE (IOPATH A Q) = (243, 148)
	ABSOLUTE (IOPATH C Q) = (228, 131)
	ABSOLUTE (COND ((A==0)&&(B==1)) (IOPATH C Q)) = (286, 132)
	ABSOLUTE (COND ((A==1)&&(B==0)) (IOPATH D Q)) = (210, 108)
	ABSOLUTE (IOPATH E Q) = (161, 129)
	ABSOLUTE (COND ((((A==0)&&(B==1))&&(C==0))&&(D==1)) (IOPATH E Q)) = (249, 130)

Annotating to instance g4248__5477 of module CAGHDX1
	ABSOLUTE (IOPATH CI CO) = (151, 202)
	ABSOLUTE (IOPATH A CO) = (178, 271)
	ABSOLUTE (IOPATH B CO) = (157, 240)

Annotating to instance g4249__2398 of module ON32HDX0
	ABSOLUTE (IOPATH D Q) = (293, 122)
	ABSOLUTE (COND ((C==0)&&(D==0)) (IOPATH E Q)) = (266, 130)
	ABSOLUTE (IOPATH E Q) = (266, 112)
	ABSOLUTE (COND ((C==0)&&(E==0)) (IOPATH D Q)) = (293, 140)
	ABSOLUTE (IOPATH A Q) = (444, 155)
	ABSOLUTE (IOPATH B Q) = (432, 153)
	ABSOLUTE (IOPATH C Q) = (463, 153)

Annotating to instance g4250__5107 of module EO2HDX1
	ABSOLUTE (COND (A==1) (IOPATH B Q)) = (187, 131)
	ABSOLUTE (COND (B==1) (IOPATH A Q)) = (174, 136)
	ABSOLUTE (IOPATH A Q) = (201, 230)
	ABSOLUTE (IOPATH B Q) = (207, 236)

Annotating to instance g4251__6260 of module AN22HDX1
	ABSOLUTE (IOPATH D Q) = (137, 67)
	ABSOLUTE (COND ((A==0)&&(B==1)) (IOPATH C Q)) = (124, 78)
	ABSOLUTE (COND ((A==1)&&(B==0)) (IOPATH C Q)) = (145, 78)
	ABSOLUTE (COND ((A==0)&&(B==1)) (IOPATH D Q)) = (162, 68)
	ABSOLUTE (COND ((A==1)&&(B==0)) (IOPATH D Q)) = (183, 68)
	ABSOLUTE (COND ((A==1)&&(C==1)) (IOPATH B Q)) = (210, 107)
	ABSOLUTE (COND ((B==1)&&(C==1)) (IOPATH A Q)) = (162, 93)
	ABSOLUTE (IOPATH A Q) = (142, 93)
	ABSOLUTE (IOPATH B Q) = (190, 106)
	ABSOLUTE (IOPATH C Q) = (104, 78)

Annotating to instance g4252__4319 of module CAGHDX1
	ABSOLUTE (IOPATH CI CO) = (186, 232)
	ABSOLUTE (IOPATH A CO) = (203, 284)
	ABSOLUTE (IOPATH B CO) = (190, 267)

Annotating to instance g4253__8428 of module AN22HDX1
	ABSOLUTE (IOPATH D Q) = (130, 74)
	ABSOLUTE (COND ((A==0)&&(B==1)) (IOPATH C Q)) = (136, 76)
	ABSOLUTE (COND ((A==1)&&(B==0)) (IOPATH C Q)) = (157, 76)
	ABSOLUTE (COND ((A==0)&&(B==1)) (IOPATH D Q)) = (154, 74)
	ABSOLUTE (COND ((A==1)&&(B==0)) (IOPATH D Q)) = (175, 75)
	ABSOLUTE (COND ((A==1)&&(C==1)) (IOPATH B Q)) = (201, 116)
	ABSOLUTE (COND ((B==1)&&(C==1)) (IOPATH A Q)) = (172, 92)
	ABSOLUTE (IOPATH A Q) = (151, 92)
	ABSOLUTE (IOPATH B Q) = (180, 116)
	ABSOLUTE (IOPATH C Q) = (116, 75)

Annotating to instance g4254__5526 of module EO2HDX1
	ABSOLUTE (COND (A==1) (IOPATH B Q)) = (187, 130)
	ABSOLUTE (COND (B==1) (IOPATH A Q)) = (176, 139)
	ABSOLUTE (IOPATH A Q) = (202, 233)
	ABSOLUTE (IOPATH B Q) = (207, 235)

Annotating to instance g4255__6783 of module NO2HDX1
	ABSOLUTE (IOPATH A Q) = (186, 79)
	ABSOLUTE (IOPATH B Q) = (164, 91)

Annotating to instance g4256__3680 of module AN22HDX1
	ABSOLUTE (IOPATH D Q) = (182, 90)
	ABSOLUTE (COND ((A==0)&&(B==1)) (IOPATH C Q)) = (153, 86)
	ABSOLUTE (COND ((A==1)&&(B==0)) (IOPATH C Q)) = (174, 86)
	ABSOLUTE (COND ((A==0)&&(B==1)) (IOPATH D Q)) = (212, 90)
	ABSOLUTE (COND ((A==1)&&(B==0)) (IOPATH D Q)) = (234, 90)
	ABSOLUTE (COND ((A==1)&&(C==1)) (IOPATH B Q)) = (198, 87)
	ABSOLUTE (COND ((B==1)&&(C==1)) (IOPATH A Q)) = (204, 151)
	ABSOLUTE (IOPATH A Q) = (183, 150)
	ABSOLUTE (IOPATH B Q) = (178, 87)
	ABSOLUTE (IOPATH C Q) = (130, 85)

Annotating to instance g4257__1617 of module NA2HDX1
	ABSOLUTE (IOPATH A Q) = (164, 102)
	ABSOLUTE (IOPATH B Q) = (186, 101)

Annotating to instance g4258__2802 of module ON31HDX0
	ABSOLUTE (COND (((A==1)&&(B==0))&&(C==0)) (IOPATH D Q)) = (209, 148)
	ABSOLUTE (IOPATH D Q) = (208, 102)
	ABSOLUTE (IOPATH A Q) = (329, 125)
	ABSOLUTE (IOPATH B Q) = (360, 146)
	ABSOLUTE (COND ((B==1)&&(C==0)) (IOPATH D Q)) = (209, 121)
	ABSOLUTE (IOPATH C Q) = (320, 123)

Annotating to instance g4259__1705 of module AO22HDX1
	ABSOLUTE (IOPATH D Q) = (158, 211)
	ABSOLUTE (COND ((A==0)&&(B==1)) (IOPATH C Q)) = (160, 221)
	ABSOLUTE (COND ((A==1)&&(B==0)) (IOPATH C Q)) = (166, 245)
	ABSOLUTE (COND ((A==0)&&(B==1)) (IOPATH D Q)) = (159, 245)
	ABSOLUTE (COND ((A==1)&&(B==0)) (IOPATH D Q)) = (165, 268)
	ABSOLUTE (COND ((A==1)&&(C==1)) (IOPATH B Q)) = (217, 296)
	ABSOLUTE (COND ((B==1)&&(C==1)) (IOPATH A Q)) = (242, 298)
	ABSOLUTE (IOPATH A Q) = (234, 276)
	ABSOLUTE (IOPATH B Q) = (209, 274)
	ABSOLUTE (IOPATH C Q) = (160, 193)

Annotating to instance g4260__5122 of module NA22HDX1
	ABSOLUTE (IOPATH A Q) = (167, 166)
	ABSOLUTE (IOPATH B Q) = (161, 164)
	ABSOLUTE (IOPATH C Q) = (135, 102)

Annotating to instance g4261 of module INHDX1
	ABSOLUTE (IOPATH A Q) = (151, 137)

Annotating to instance g4262__8246 of module MU2HDX0
	ABSOLUTE (COND ((IN0==0)&&(IN1==1)) (IOPATH S Q)) = (171, 232)
	ABSOLUTE (IOPATH IN1 Q) = (181, 231)
	ABSOLUTE (IOPATH S Q) = (322, 224)
	ABSOLUTE (IOPATH IN0 Q) = (172, 220)

Annotating to instance g4263__7098 of module MU2HDX0
	ABSOLUTE (COND ((IN0==0)&&(IN1==1)) (IOPATH S Q)) = (171, 232)
	ABSOLUTE (IOPATH IN1 Q) = (183, 233)
	ABSOLUTE (IOPATH S Q) = (322, 224)
	ABSOLUTE (IOPATH IN0 Q) = (157, 207)

Annotating to instance g4264__6131 of module MU2HDX0
	ABSOLUTE (COND ((IN0==0)&&(IN1==1)) (IOPATH S Q)) = (190, 242)
	ABSOLUTE (IOPATH IN1 Q) = (202, 244)
	ABSOLUTE (IOPATH S Q) = (341, 234)
	ABSOLUTE (IOPATH IN0 Q) = (195, 240)

Annotating to instance g4265__1881 of module EO2HDX1
	ABSOLUTE (COND (A==1) (IOPATH B Q)) = (329, 220)
	ABSOLUTE (COND (B==1) (IOPATH A Q)) = (304, 215)
	ABSOLUTE (IOPATH A Q) = (328, 295)
	ABSOLUTE (IOPATH B Q) = (344, 315)

Annotating to instance g4266__5115 of module ON21HDX1
	ABSOLUTE (COND ((A==0)&&(B==1)) (IOPATH C Q)) = (152, 104)
	ABSOLUTE (IOPATH A Q) = (167, 77)
	ABSOLUTE (IOPATH B Q) = (152, 78)
	ABSOLUTE (IOPATH C Q) = (152, 72)

Annotating to instance g4267__7482 of module NO5I4HDX1
	ABSOLUTE (IOPATH BN Q) = (521, 263)
	ABSOLUTE (IOPATH E Q) = (511, 198)
	ABSOLUTE (IOPATH CN Q) = (567, 290)
	ABSOLUTE (IOPATH DN Q) = (546, 294)
	ABSOLUTE (IOPATH AN Q) = (526, 199)

Annotating to instance g4268 of module INHDX1
	ABSOLUTE (IOPATH A Q) = (161, 141)

Annotating to instance g4269__4733 of module FAHDX0
	ABSOLUTE (IOPATH CI CO) = (278, 296)
	ABSOLUTE (IOPATH A CO) = (309, 363)
	ABSOLUTE (IOPATH B CO) = (289, 326)
	ABSOLUTE (IOPATH B S) = (746, 511)
	ABSOLUTE (COND ((A==0)&&(CI==0)) (IOPATH B S)) = (506, 540)
	ABSOLUTE (IOPATH CI S) = (645, 488)
	ABSOLUTE (COND ((A==0)&&(B==1)) (IOPATH CI S)) = (649, 497)
	ABSOLUTE (COND ((B==0)&&(CI==0)) (IOPATH A S)) = (522, 556)
	ABSOLUTE (COND ((B==1)&&(CI==0)) (IOPATH A S)) = (713, 514)
	ABSOLUTE (COND ((A==1)&&(CI==1)) (IOPATH B S)) = (551, 470)
	ABSOLUTE (COND ((A==1)&&(B==1)) (IOPATH CI S)) = (545, 439)
	ABSOLUTE (COND ((B==1)&&(CI==1)) (IOPATH A S)) = (538, 507)
	ABSOLUTE (IOPATH A S) = (734, 517)
	ABSOLUTE (COND ((A==0)&&(B==0)) (IOPATH CI S)) = (479, 514)
	ABSOLUTE (COND ((A==1)&&(CI==0)) (IOPATH B S)) = (677, 531)

Annotating to instance g4270__6161 of module OR2HDX1
	ABSOLUTE (IOPATH A Q) = (130, 201)
	ABSOLUTE (IOPATH B Q) = (125, 187)

Annotating to instance g4271__9315 of module OR2HDX1
	ABSOLUTE (IOPATH A Q) = (132, 205)
	ABSOLUTE (IOPATH B Q) = (127, 191)

Annotating to instance g4272__9945 of module AO221HDX1
	ABSOLUTE (COND (((B==1)&&(D==0))||(((B==0)&&(C==0))&&(D==1))) (IOPATH E Q)) = (147, 285)
	ABSOLUTE (IOPATH B Q) = (174, 325)
	ABSOLUTE (COND (D==1) (IOPATH A Q)) = (206, 427)
	ABSOLUTE (COND (D==1) (IOPATH B Q)) = (176, 392)
	ABSOLUTE (COND ((A==1)&&(B==0)) (IOPATH C Q)) = (175, 384)
	ABSOLUTE (IOPATH D Q) = (228, 332)
	ABSOLUTE (COND ((A==0)&&(B==1)) (IOPATH D Q)) = (236, 407)
	ABSOLUTE (IOPATH A Q) = (205, 355)
	ABSOLUTE (IOPATH C Q) = (175, 339)
	ABSOLUTE (COND ((A==0)&&(B==1)) (IOPATH C Q)) = (181, 418)
	ABSOLUTE (COND ((A==1)&&(B==0)) (IOPATH D Q)) = (226, 372)
	ABSOLUTE (IOPATH E Q) = (142, 233)
	ABSOLUTE (COND ((((A==0)&&(B==1))&&(C==0))&&(D==1)) (IOPATH E Q)) = (152, 360)

Annotating to instance g4273__2883 of module NO4I3HDX0
	ABSOLUTE (IOPATH D Q) = (238, 123)
	ABSOLUTE (IOPATH BN Q) = (268, 176)
	ABSOLUTE (IOPATH CN Q) = (251, 164)
	ABSOLUTE (IOPATH AN Q) = (281, 158)

Annotating to instance g4274__2346 of module AO32HDX1
	ABSOLUTE (COND (((A==1)&&(B==0))&&(C==1)) (IOPATH E Q)) = (275, 355)
	ABSOLUTE (IOPATH B Q) = (321, 295)
	ABSOLUTE (IOPATH D Q) = (253, 286)
	ABSOLUTE (COND ((((A==0)&&(B==0))&&(C==1))||(((A==1)&&(B==1))&&(C==0))) (IOPATH D Q)) = (253, 307)
	ABSOLUTE (COND ((((A==0)&&(B==1))&&(C==1))||(((A==1)&&(B==0))&&(C==1))) (IOPATH D Q)) = (261, 354)
	ABSOLUTE (COND (((A==0)&&(B==0))&&(C==1)) (IOPATH E Q)) = (275, 314)
	ABSOLUTE (IOPATH A Q) = (337, 401)
	ABSOLUTE (COND (((A==0)&&(B==1))&&(C==1)) (IOPATH E Q)) = (283, 382)
	ABSOLUTE (COND (((A==1)&&(B==1))&&(C==0)) (IOPATH E Q)) = (266, 326)
	ABSOLUTE (IOPATH C Q) = (328, 314)
	ABSOLUTE (COND (E==1) (IOPATH A Q)) = (334, 462)
	ABSOLUTE (COND (E==1) (IOPATH B Q)) = (320, 360)
	ABSOLUTE (IOPATH E Q) = (266, 278)
	ABSOLUTE (COND (E==1) (IOPATH C Q)) = (327, 369)

Annotating to instance g4275 of module INHDX1
	ABSOLUTE (IOPATH A Q) = (161, 147)

Annotating to instance g4276__1666 of module NA2HDX1
	ABSOLUTE (IOPATH A Q) = (187, 148)
	ABSOLUTE (IOPATH B Q) = (179, 104)

Annotating to instance g4277__7410 of module AO32HDX1
	ABSOLUTE (COND (((A==1)&&(B==0))&&(C==1)) (IOPATH E Q)) = (163, 275)
	ABSOLUTE (IOPATH B Q) = (197, 226)
	ABSOLUTE (IOPATH D Q) = (144, 214)
	ABSOLUTE (COND ((((A==0)&&(B==0))&&(C==1))||(((A==1)&&(B==1))&&(C==0))) (IOPATH D Q)) = (145, 235)
	ABSOLUTE (COND ((((A==0)&&(B==1))&&(C==1))||(((A==1)&&(B==0))&&(C==1))) (IOPATH D Q)) = (151, 274)
	ABSOLUTE (COND (((A==0)&&(B==0))&&(C==1)) (IOPATH E Q)) = (162, 241)
	ABSOLUTE (IOPATH A Q) = (195, 253)
	ABSOLUTE (COND (((A==0)&&(B==1))&&(C==1)) (IOPATH E Q)) = (167, 301)
	ABSOLUTE (COND (((A==1)&&(B==1))&&(C==0)) (IOPATH E Q)) = (155, 247)
	ABSOLUTE (IOPATH C Q) = (217, 198)
	ABSOLUTE (COND (E==1) (IOPATH A Q)) = (191, 319)
	ABSOLUTE (COND (E==1) (IOPATH B Q)) = (194, 288)
	ABSOLUTE (IOPATH E Q) = (155, 208)
	ABSOLUTE (COND (E==1) (IOPATH C Q)) = (214, 254)

Annotating to instance g4278__6417 of module MU2IHDX1
	ABSOLUTE (COND ((IN0==0)&&(IN1==1)) (IOPATH S Q)) = (180, 106)
	ABSOLUTE (IOPATH IN1 Q) = (262, 147)
	ABSOLUTE (IOPATH S Q) = (214, 208)
	ABSOLUTE (IOPATH IN0 Q) = (225, 115)

Annotating to instance g4279__5477 of module MU2HDX0
	ABSOLUTE (COND ((IN0==0)&&(IN1==1)) (IOPATH S Q)) = (192, 235)
	ABSOLUTE (IOPATH IN1 Q) = (213, 266)
	ABSOLUTE (IOPATH S Q) = (288, 242)
	ABSOLUTE (IOPATH IN0 Q) = (193, 237)

Annotating to instance g4280__2398 of module MU2HDX0
	ABSOLUTE (COND ((IN0==0)&&(IN1==1)) (IOPATH S Q)) = (192, 235)
	ABSOLUTE (IOPATH IN1 Q) = (208, 255)
	ABSOLUTE (IOPATH S Q) = (288, 242)
	ABSOLUTE (IOPATH IN0 Q) = (192, 237)

Annotating to instance g4281__5107 of module NA2HDX1
	ABSOLUTE (IOPATH A Q) = (126, 98)
	ABSOLUTE (IOPATH B Q) = (144, 80)

Annotating to instance g4282__6260 of module NO2I1HDX1
	ABSOLUTE (IOPATH B Q) = (291, 133)
	ABSOLUTE (IOPATH AN Q) = (299, 183)

Annotating to instance g4283__4319 of module NA2HDX1
	ABSOLUTE (IOPATH A Q) = (189, 116)
	ABSOLUTE (IOPATH B Q) = (184, 98)

Annotating to instance g4284__8428 of module ON21HDX1
	ABSOLUTE (COND ((A==0)&&(B==1)) (IOPATH C Q)) = (153, 102)
	ABSOLUTE (IOPATH A Q) = (275, 109)
	ABSOLUTE (IOPATH B Q) = (231, 117)
	ABSOLUTE (IOPATH C Q) = (152, 79)

Annotating to instance g4285__5526 of module NA22HDX1
	ABSOLUTE (IOPATH A Q) = (186, 169)
	ABSOLUTE (IOPATH B Q) = (201, 291)
	ABSOLUTE (IOPATH C Q) = (267, 193)

Annotating to instance g4286 of module INHDX1
	ABSOLUTE (IOPATH A Q) = (88, 75)

Annotating to instance g4287__6783 of module MU2IHDX1
	ABSOLUTE (COND ((IN0==0)&&(IN1==1)) (IOPATH S Q)) = (313, 152)
	ABSOLUTE (IOPATH IN1 Q) = (268, 145)
	ABSOLUTE (IOPATH S Q) = (256, 284)
	ABSOLUTE (IOPATH IN0 Q) = (255, 136)

Annotating to instance g4288__3680 of module MU2IHDX1
	ABSOLUTE (COND ((IN0==0)&&(IN1==1)) (IOPATH S Q)) = (337, 163)
	ABSOLUTE (IOPATH IN1 Q) = (269, 135)
	ABSOLUTE (IOPATH S Q) = (277, 292)
	ABSOLUTE (IOPATH IN0 Q) = (289, 154)

Annotating to instance g4289__1617 of module MU2IHDX1
	ABSOLUTE (COND ((IN0==0)&&(IN1==1)) (IOPATH S Q)) = (339, 163)
	ABSOLUTE (IOPATH IN1 Q) = (260, 129)
	ABSOLUTE (IOPATH S Q) = (279, 292)
	ABSOLUTE (IOPATH IN0 Q) = (265, 136)

Annotating to instance g4290__2802 of module EO2HDX1
	ABSOLUTE (COND (A==1) (IOPATH B Q)) = (219, 171)
	ABSOLUTE (COND (B==1) (IOPATH A Q)) = (169, 185)
	ABSOLUTE (IOPATH A Q) = (185, 353)
	ABSOLUTE (IOPATH B Q) = (204, 379)

Annotating to instance g4291__1705 of module EO2HDX0
	ABSOLUTE (COND (A==1) (IOPATH B Q)) = (356, 206)
	ABSOLUTE (COND (B==1) (IOPATH A Q)) = (356, 249)
	ABSOLUTE (IOPATH A Q) = (328, 359)
	ABSOLUTE (IOPATH B Q) = (337, 317)

Annotating to instance g4292__5122 of module MU2IHDX1
	ABSOLUTE (COND ((IN0==0)&&(IN1==1)) (IOPATH S Q)) = (282, 131)
	ABSOLUTE (IOPATH IN1 Q) = (278, 135)
	ABSOLUTE (IOPATH S Q) = (276, 246)
	ABSOLUTE (IOPATH IN0 Q) = (281, 176)

Annotating to instance g4293 of module INHDX1
	ABSOLUTE (IOPATH A Q) = (107, 82)

Annotating to instance g4294__8246 of module EO2HDX1
	ABSOLUTE (COND (A==1) (IOPATH B Q)) = (257, 204)
	ABSOLUTE (COND (B==1) (IOPATH A Q)) = (218, 228)
	ABSOLUTE (IOPATH A Q) = (233, 377)
	ABSOLUTE (IOPATH B Q) = (253, 366)

Annotating to instance g4295__7098 of module EO2HDX1
	ABSOLUTE (COND (A==1) (IOPATH B Q)) = (262, 209)
	ABSOLUTE (COND (B==1) (IOPATH A Q)) = (232, 246)
	ABSOLUTE (IOPATH A Q) = (246, 388)
	ABSOLUTE (IOPATH B Q) = (264, 348)

Annotating to instance g4296__6131 of module EO2HDX1
	ABSOLUTE (COND (A==1) (IOPATH B Q)) = (263, 210)
	ABSOLUTE (COND (B==1) (IOPATH A Q)) = (232, 246)
	ABSOLUTE (IOPATH A Q) = (246, 388)
	ABSOLUTE (IOPATH B Q) = (264, 350)

Annotating to instance g4297__1881 of module AND2HDX1
	ABSOLUTE (IOPATH A Q) = (176, 151)
	ABSOLUTE (IOPATH B Q) = (199, 242)

Annotating to instance g4298 of module INHDX1
	ABSOLUTE (IOPATH A Q) = (132, 91)

Annotating to instance g4299__5115 of module MU2HDX0
	ABSOLUTE (COND ((IN0==0)&&(IN1==1)) (IOPATH S Q)) = (229, 339)
	ABSOLUTE (IOPATH IN1 Q) = (248, 277)
	ABSOLUTE (IOPATH S Q) = (536, 273)
	ABSOLUTE (IOPATH IN0 Q) = (252, 279)

Annotating to instance g4300__7482 of module MU2IHDX1
	ABSOLUTE (COND ((IN0==0)&&(IN1==1)) (IOPATH S Q)) = (386, 203)
	ABSOLUTE (IOPATH IN1 Q) = (301, 152)
	ABSOLUTE (IOPATH S Q) = (298, 479)
	ABSOLUTE (IOPATH IN0 Q) = (291, 144)

Annotating to instance g4301__4733 of module MU2HDX0
	ABSOLUTE (COND ((IN0==0)&&(IN1==1)) (IOPATH S Q)) = (245, 348)
	ABSOLUTE (IOPATH IN1 Q) = (269, 291)
	ABSOLUTE (IOPATH S Q) = (552, 281)
	ABSOLUTE (IOPATH IN0 Q) = (267, 286)

Annotating to instance g4302__6161 of module AND3HDX1
	ABSOLUTE (IOPATH A Q) = (285, 236)
	ABSOLUTE (IOPATH B Q) = (267, 250)
	ABSOLUTE (IOPATH C Q) = (241, 264)

Annotating to instance g4303__9315 of module NO2HDX1
	ABSOLUTE (IOPATH A Q) = (521, 214)
	ABSOLUTE (IOPATH B Q) = (469, 167)

Annotating to instance g4304__9945 of module MU2HDX0
	ABSOLUTE (COND ((IN0==0)&&(IN1==1)) (IOPATH S Q)) = (168, 228)
	ABSOLUTE (IOPATH IN1 Q) = (176, 240)
	ABSOLUTE (IOPATH S Q) = (335, 221)
	ABSOLUTE (IOPATH IN0 Q) = (181, 216)

Annotating to instance g4305__2883 of module MU2HDX0
	ABSOLUTE (COND ((IN0==0)&&(IN1==1)) (IOPATH S Q)) = (185, 238)
	ABSOLUTE (IOPATH IN1 Q) = (193, 251)
	ABSOLUTE (IOPATH S Q) = (350, 231)
	ABSOLUTE (IOPATH IN0 Q) = (198, 227)

Annotating to instance g4306__2346 of module MU2HDX0
	ABSOLUTE (COND ((IN0==0)&&(IN1==1)) (IOPATH S Q)) = (168, 228)
	ABSOLUTE (IOPATH IN1 Q) = (176, 240)
	ABSOLUTE (IOPATH S Q) = (334, 221)
	ABSOLUTE (IOPATH IN0 Q) = (181, 216)

Annotating to instance g4307__1666 of module MU2HDX0
	ABSOLUTE (COND ((IN0==0)&&(IN1==1)) (IOPATH S Q)) = (163, 256)
	ABSOLUTE (IOPATH IN1 Q) = (176, 238)
	ABSOLUTE (IOPATH S Q) = (399, 220)
	ABSOLUTE (IOPATH IN0 Q) = (181, 214)

Annotating to instance g4308__7410 of module MU2HDX0
	ABSOLUTE (COND ((IN0==0)&&(IN1==1)) (IOPATH S Q)) = (171, 206)
	ABSOLUTE (IOPATH IN1 Q) = (194, 230)
	ABSOLUTE (IOPATH S Q) = (262, 230)
	ABSOLUTE (IOPATH IN0 Q) = (186, 247)

Annotating to instance g4309__6417 of module EO2HDX1
	ABSOLUTE (COND (A==1) (IOPATH B Q)) = (377, 238)
	ABSOLUTE (COND (B==1) (IOPATH A Q)) = (440, 447)
	ABSOLUTE (IOPATH A Q) = (383, 617)
	ABSOLUTE (IOPATH B Q) = (380, 324)

Annotating to instance g4310__5477 of module AND2HDX1
	ABSOLUTE (IOPATH A Q) = (248, 284)
	ABSOLUTE (IOPATH B Q) = (194, 208)

Annotating to instance g4311 of module INHDX1
	ABSOLUTE (IOPATH A Q) = (190, 169)

Annotating to instance g4312__2398 of module NO2I1HDX1
	ABSOLUTE (IOPATH B Q) = (339, 192)
	ABSOLUTE (IOPATH AN Q) = (308, 183)

Annotating to instance g4313__5107 of module NA2HDX1
	ABSOLUTE (IOPATH A Q) = (117, 77)
	ABSOLUTE (IOPATH B Q) = (140, 64)

Annotating to instance g4314__6260 of module NA2HDX1
	ABSOLUTE (IOPATH A Q) = (117, 77)
	ABSOLUTE (IOPATH B Q) = (156, 66)

Annotating to instance g4315__4319 of module AND2HDX1
	ABSOLUTE (IOPATH A Q) = (210, 179)
	ABSOLUTE (IOPATH B Q) = (172, 194)

Annotating to instance g4316__8428 of module NA2HDX1
	ABSOLUTE (IOPATH A Q) = (182, 150)
	ABSOLUTE (IOPATH B Q) = (194, 105)

Annotating to instance g4317__5526 of module NO2HDX1
	ABSOLUTE (IOPATH A Q) = (193, 90)
	ABSOLUTE (IOPATH B Q) = (171, 52)

Annotating to instance g4318__6783 of module NO2HDX1
	ABSOLUTE (IOPATH A Q) = (242, 93)
	ABSOLUTE (IOPATH B Q) = (199, 101)

Annotating to instance g4319__3680 of module NO2HDX1
	ABSOLUTE (IOPATH A Q) = (299, 130)
	ABSOLUTE (IOPATH B Q) = (313, 146)

Annotating to instance g4320 of module INHDX1
	ABSOLUTE (IOPATH A Q) = (117, 86)

Annotating to instance g4321 of module INHDX1
	ABSOLUTE (IOPATH A Q) = (235, 202)

Annotating to instance g4322__1617 of module NO3HDX1
	ABSOLUTE (IOPATH A Q) = (219, 70)
	ABSOLUTE (IOPATH B Q) = (206, 80)
	ABSOLUTE (IOPATH C Q) = (208, 85)

Annotating to instance g4323__2802 of module MU2IHDX1
	ABSOLUTE (COND ((IN0==0)&&(IN1==1)) (IOPATH S Q)) = (498, 267)
	ABSOLUTE (IOPATH IN1 Q) = (452, 194)
	ABSOLUTE (IOPATH S Q) = (493, 353)
	ABSOLUTE (IOPATH IN0 Q) = (450, 196)

Annotating to instance g4324__1705 of module MU2IHDX1
	ABSOLUTE (COND ((IN0==0)&&(IN1==1)) (IOPATH S Q)) = (494, 268)
	ABSOLUTE (IOPATH IN1 Q) = (447, 195)
	ABSOLUTE (IOPATH S Q) = (488, 354)
	ABSOLUTE (IOPATH IN0 Q) = (445, 197)

Annotating to instance g4325__5122 of module MU2IHDX1
	ABSOLUTE (COND ((IN0==0)&&(IN1==1)) (IOPATH S Q)) = (488, 266)
	ABSOLUTE (IOPATH IN1 Q) = (442, 194)
	ABSOLUTE (IOPATH S Q) = (483, 352)
	ABSOLUTE (IOPATH IN0 Q) = (440, 196)

Annotating to instance g4327__7098 of module MU2IHDX1
	ABSOLUTE (COND ((IN0==0)&&(IN1==1)) (IOPATH S Q)) = (742, 377)
	ABSOLUTE (IOPATH IN1 Q) = (693, 292)
	ABSOLUTE (IOPATH S Q) = (732, 450)
	ABSOLUTE (IOPATH IN0 Q) = (691, 294)

Annotating to instance g4328__6131 of module MU2IHDX0
	ABSOLUTE (COND ((IN0==0)&&(IN1==1)) (IOPATH S Q)) = (990, 479)
	ABSOLUTE (IOPATH IN1 Q) = (944, 392)
	ABSOLUTE (IOPATH S Q) = (972, 521)
	ABSOLUTE (IOPATH IN0 Q) = (940, 394)

Annotating to instance g4329 of module INHDX1
	ABSOLUTE (IOPATH A Q) = (238, 244)

Annotating to instance g4330__1881 of module NA2I1HDX1
	ABSOLUTE (IOPATH B Q) = (262, 147)
	ABSOLUTE (IOPATH AN Q) = (246, 190)

Annotating to instance g4331 of module INHDX1
	ABSOLUTE (IOPATH A Q) = (206, 251)

Annotating to instance g4332__5115 of module NA2I1HDX1
	ABSOLUTE (IOPATH B Q) = (132, 74)
	ABSOLUTE (IOPATH AN Q) = (184, 179)

Annotating to instance g4333__7482 of module NO2HDX1
	ABSOLUTE (IOPATH A Q) = (511, 181)
	ABSOLUTE (IOPATH B Q) = (485, 139)

Annotating to instance g2 of module MU2IHDX1
	ABSOLUTE (COND ((IN0==0)&&(IN1==1)) (IOPATH S Q)) = (590, 310)
	ABSOLUTE (IOPATH IN1 Q) = (542, 231)
	ABSOLUTE (IOPATH S Q) = (582, 389)
	ABSOLUTE (IOPATH IN0 Q) = (540, 233)

Annotating to instance drc_bufs of module INHDX1
	ABSOLUTE (IOPATH A Q) = (257, 222)

Annotating to instance drc_bufs4343 of module INHDX1
	ABSOLUTE (IOPATH A Q) = (50, 43)

Annotating to instance drc_bufs4352 of module INHDX1
	ABSOLUTE (IOPATH A Q) = (249, 213)

Annotating to instance drc_bufs4354 of module INHDX1
	ABSOLUTE (IOPATH A Q) = (50, 43)

Annotating to instance drc_bufs4361 of module INHDX1
	ABSOLUTE (IOPATH A Q) = (221, 198)

Annotating to instance drc_bufs4363 of module INHDX1
	ABSOLUTE (IOPATH A Q) = (108, 90)

Annotating to instance drc_bufs4373 of module INHDX1
	ABSOLUTE (IOPATH A Q) = (186, 165)

Annotating to instance drc_bufs4374 of module INHDX1
	ABSOLUTE (IOPATH A Q) = (50, 43)

Annotating to instance drc_bufs4381 of module INHDX1
	ABSOLUTE (IOPATH A Q) = (178, 158)

Annotating to instance drc_bufs4382 of module INHDX1
	ABSOLUTE (IOPATH A Q) = (50, 43)

Annotating to instance drc_bufs4388 of module INHDX1
	ABSOLUTE (IOPATH A Q) = (183, 169)

Annotating to instance drc_bufs4390 of module INHDX1
	ABSOLUTE (IOPATH A Q) = (134, 112)

Annotating to instance drc_bufs4396 of module INHDX1
	ABSOLUTE (IOPATH A Q) = (185, 167)

Annotating to instance drc_bufs4398 of module INHDX1
	ABSOLUTE (IOPATH A Q) = (140, 117)

Annotating to instance drc_bufs4404 of module INHDX1
	ABSOLUTE (IOPATH A Q) = (131, 116)

Annotating to instance drc_bufs4406 of module INHDX1
	ABSOLUTE (IOPATH A Q) = (150, 125)

Annotating to instance drc_bufs4413 of module INHDX1
	ABSOLUTE (IOPATH A Q) = (111, 100)

Annotating to instance drc_bufs4414 of module INHDX1
	ABSOLUTE (IOPATH A Q) = (50, 43)
ABSOLUTE PORT: testbench.u1.g4216__2398.A = (0)
ABSOLUTE PORT: testbench.u1.g4216__2398.B = (0)
ABSOLUTE PORT: testbench.u1.g4216__2398.C = (0)
ABSOLUTE PORT: testbench.u1.g4216__2398.D = (0)
ABSOLUTE PORT: testbench.u1.g4216__2398.E = (0)
ABSOLUTE PORT: testbench.u1.g4216__2398.F = (0)
ABSOLUTE PORT: testbench.u1.g4217__5107.A = (0)
ABSOLUTE PORT: testbench.u1.g4217__5107.B = (0)
ABSOLUTE PORT: testbench.u1.g4218__6260.A = (0)
ABSOLUTE PORT: testbench.u1.g4218__6260.B = (0)
ABSOLUTE PORT: testbench.u1.g4219__4319.A = (0)
ABSOLUTE PORT: testbench.u1.g4219__4319.B = (0)
ABSOLUTE PORT: testbench.u1.g4219__4319.C = (0)
ABSOLUTE PORT: testbench.u1.g4219__4319.D = (0)
ABSOLUTE PORT: testbench.u1.g4219__4319.E = (0)
ABSOLUTE PORT: testbench.u1.g4220__8428.A = (0)
ABSOLUTE PORT: testbench.u1.g4220__8428.B = (0)
ABSOLUTE PORT: testbench.u1.g4220__8428.C = (0)
ABSOLUTE PORT: testbench.u1.g4220__8428.D = (0)
ABSOLUTE PORT: testbench.u1.g4220__8428.E = (0)
ABSOLUTE PORT: testbench.u1.g4221__5526.A = (0)
ABSOLUTE PORT: testbench.u1.g4221__5526.B = (0)
ABSOLUTE PORT: testbench.u1.g4221__5526.C = (0)
ABSOLUTE PORT: testbench.u1.g4221__5526.D = (0)
ABSOLUTE PORT: testbench.u1.g4222__6783.A = (0)
ABSOLUTE PORT: testbench.u1.g4222__6783.B = (0)
ABSOLUTE PORT: testbench.u1.g4222__6783.C = (0)
ABSOLUTE PORT: testbench.u1.g4222__6783.D = (0)
ABSOLUTE PORT: testbench.u1.g4222__6783.E = (0)
ABSOLUTE PORT: testbench.u1.g4223__3680.A = (0)
ABSOLUTE PORT: testbench.u1.g4223__3680.B = (0)
ABSOLUTE PORT: testbench.u1.g4223__3680.C = (0)
ABSOLUTE PORT: testbench.u1.g4223__3680.D = (0)
ABSOLUTE PORT: testbench.u1.g4223__3680.E = (0)
ABSOLUTE PORT: testbench.u1.g4223__3680.F = (0)
ABSOLUTE PORT: testbench.u1.g4224__1617.A = (0)
ABSOLUTE PORT: testbench.u1.g4224__1617.B = (0)
ABSOLUTE PORT: testbench.u1.g4224__1617.C = (0)
ABSOLUTE PORT: testbench.u1.g4224__1617.D = (0)
ABSOLUTE PORT: testbench.u1.g4224__1617.E = (0)
ABSOLUTE PORT: testbench.u1.g4225__2802.A = (0)
ABSOLUTE PORT: testbench.u1.g4225__2802.B = (0)
ABSOLUTE PORT: testbench.u1.g4225__2802.C = (0)
ABSOLUTE PORT: testbench.u1.g4225__2802.D = (0)
ABSOLUTE PORT: testbench.u1.g4225__2802.E = (0)
ABSOLUTE PORT: testbench.u1.g4226__1705.A = (0)
ABSOLUTE PORT: testbench.u1.g4226__1705.B = (0)
ABSOLUTE PORT: testbench.u1.g4226__1705.C = (0)
ABSOLUTE PORT: testbench.u1.g4226__1705.D = (0)
ABSOLUTE PORT: testbench.u1.g4226__1705.E = (0)
ABSOLUTE PORT: testbench.u1.g4226__1705.F = (0)
ABSOLUTE PORT: testbench.u1.g4227__5122.A = (0)
ABSOLUTE PORT: testbench.u1.g4227__5122.B = (0)
ABSOLUTE PORT: testbench.u1.g4227__5122.C = (0)
ABSOLUTE PORT: testbench.u1.g4227__5122.D = (0)
ABSOLUTE PORT: testbench.u1.g4228__8246.A = (0)
ABSOLUTE PORT: testbench.u1.g4228__8246.B = (0)
ABSOLUTE PORT: testbench.u1.g4228__8246.C = (0)
ABSOLUTE PORT: testbench.u1.g4228__8246.D = (0)
ABSOLUTE PORT: testbench.u1.g4229__7098.A = (0)
ABSOLUTE PORT: testbench.u1.g4229__7098.B = (0)
ABSOLUTE PORT: testbench.u1.g4229__7098.C = (0)
ABSOLUTE PORT: testbench.u1.g4229__7098.D = (0)
ABSOLUTE PORT: testbench.u1.g4230__6131.IN0 = (0)
ABSOLUTE PORT: testbench.u1.g4230__6131.IN1 = (0)
ABSOLUTE PORT: testbench.u1.g4230__6131.S = (0)
ABSOLUTE PORT: testbench.u1.g4231__1881.A = (0)
ABSOLUTE PORT: testbench.u1.g4231__1881.B = (0)
ABSOLUTE PORT: testbench.u1.g4231__1881.C = (0)
ABSOLUTE PORT: testbench.u1.g4231__1881.D = (0)
ABSOLUTE PORT: testbench.u1.g4231__1881.E = (0)
ABSOLUTE PORT: testbench.u1.g4233.A = (0)
ABSOLUTE PORT: testbench.u1.g4234.A = (0)
ABSOLUTE PORT: testbench.u1.g4237__5115.AN = (0)
ABSOLUTE PORT: testbench.u1.g4237__5115.BN = (0)
ABSOLUTE PORT: testbench.u1.g4237__5115.C = (0)
ABSOLUTE PORT: testbench.u1.g4237__5115.D = (0)
ABSOLUTE PORT: testbench.u1.g4238__7482.A = (0)
ABSOLUTE PORT: testbench.u1.g4238__7482.B = (0)
ABSOLUTE PORT: testbench.u1.g4239__4733.A = (0)
ABSOLUTE PORT: testbench.u1.g4239__4733.B = (0)
ABSOLUTE PORT: testbench.u1.g4239__4733.C = (0)
ABSOLUTE PORT: testbench.u1.g4239__4733.D = (0)
ABSOLUTE PORT: testbench.u1.g4239__4733.E = (0)
ABSOLUTE PORT: testbench.u1.g4239__4733.F = (0)
ABSOLUTE PORT: testbench.u1.g4240__6161.A = (0)
ABSOLUTE PORT: testbench.u1.g4240__6161.B = (0)
ABSOLUTE PORT: testbench.u1.g4241__9315.A = (0)
ABSOLUTE PORT: testbench.u1.g4241__9315.B = (0)
ABSOLUTE PORT: testbench.u1.g4241__9315.C = (0)
ABSOLUTE PORT: testbench.u1.g4241__9315.D = (0)
ABSOLUTE PORT: testbench.u1.g4241__9315.E = (0)
ABSOLUTE PORT: testbench.u1.g4242__9945.AN = (0)
ABSOLUTE PORT: testbench.u1.g4242__9945.B = (0)
ABSOLUTE PORT: testbench.u1.g4243__2883.A = (0)
ABSOLUTE PORT: testbench.u1.g4243__2883.B = (0)
ABSOLUTE PORT: testbench.u1.g4243__2883.C = (0)
ABSOLUTE PORT: testbench.u1.g4244__2346.A = (0)
ABSOLUTE PORT: testbench.u1.g4244__2346.B = (0)
ABSOLUTE PORT: testbench.u1.g4244__2346.C = (0)
ABSOLUTE PORT: testbench.u1.g4244__2346.D = (0)
ABSOLUTE PORT: testbench.u1.g4244__2346.E = (0)
ABSOLUTE PORT: testbench.u1.g4245__1666.A = (0)
ABSOLUTE PORT: testbench.u1.g4245__1666.B = (0)
ABSOLUTE PORT: testbench.u1.g4245__1666.C = (0)
ABSOLUTE PORT: testbench.u1.g4245__1666.D = (0)
ABSOLUTE PORT: testbench.u1.g4245__1666.E = (0)
ABSOLUTE PORT: testbench.u1.g4245__1666.F = (0)
ABSOLUTE PORT: testbench.u1.g4246__7410.A = (0)
ABSOLUTE PORT: testbench.u1.g4246__7410.B = (0)
ABSOLUTE PORT: testbench.u1.g4246__7410.C = (0)
ABSOLUTE PORT: testbench.u1.g4247__6417.A = (0)
ABSOLUTE PORT: testbench.u1.g4247__6417.B = (0)
ABSOLUTE PORT: testbench.u1.g4247__6417.C = (0)
ABSOLUTE PORT: testbench.u1.g4247__6417.D = (0)
ABSOLUTE PORT: testbench.u1.g4247__6417.E = (0)
ABSOLUTE PORT: testbench.u1.g4248__5477.A = (0)
ABSOLUTE PORT: testbench.u1.g4248__5477.B = (0)
ABSOLUTE PORT: testbench.u1.g4248__5477.CI = (0)
ABSOLUTE PORT: testbench.u1.g4249__2398.A = (0)
ABSOLUTE PORT: testbench.u1.g4249__2398.B = (0)
ABSOLUTE PORT: testbench.u1.g4249__2398.C = (0)
ABSOLUTE PORT: testbench.u1.g4249__2398.D = (0)
ABSOLUTE PORT: testbench.u1.g4249__2398.E = (0)
ABSOLUTE PORT: testbench.u1.g4250__5107.A = (0)
ABSOLUTE PORT: testbench.u1.g4250__5107.B = (0)
ABSOLUTE PORT: testbench.u1.g4251__6260.A = (0)
ABSOLUTE PORT: testbench.u1.g4251__6260.B = (0)
ABSOLUTE PORT: testbench.u1.g4251__6260.C = (0)
ABSOLUTE PORT: testbench.u1.g4251__6260.D = (0)
ABSOLUTE PORT: testbench.u1.g4252__4319.A = (0)
ABSOLUTE PORT: testbench.u1.g4252__4319.B = (0)
ABSOLUTE PORT: testbench.u1.g4252__4319.CI = (0)
ABSOLUTE PORT: testbench.u1.g4253__8428.A = (0)
ABSOLUTE PORT: testbench.u1.g4253__8428.B = (0)
ABSOLUTE PORT: testbench.u1.g4253__8428.C = (0)
ABSOLUTE PORT: testbench.u1.g4253__8428.D = (0)
ABSOLUTE PORT: testbench.u1.g4254__5526.A = (0)
ABSOLUTE PORT: testbench.u1.g4254__5526.B = (0)
ABSOLUTE PORT: testbench.u1.g4255__6783.A = (0)
ABSOLUTE PORT: testbench.u1.g4255__6783.B = (0)
ABSOLUTE PORT: testbench.u1.g4256__3680.A = (0)
ABSOLUTE PORT: testbench.u1.g4256__3680.B = (0)
ABSOLUTE PORT: testbench.u1.g4256__3680.C = (0)
ABSOLUTE PORT: testbench.u1.g4256__3680.D = (0)
ABSOLUTE PORT: testbench.u1.g4257__1617.A = (0)
ABSOLUTE PORT: testbench.u1.g4257__1617.B = (0)
ABSOLUTE PORT: testbench.u1.g4258__2802.A = (0)
ABSOLUTE PORT: testbench.u1.g4258__2802.B = (0)
ABSOLUTE PORT: testbench.u1.g4258__2802.C = (0)
ABSOLUTE PORT: testbench.u1.g4258__2802.D = (0)
ABSOLUTE PORT: testbench.u1.g4259__1705.A = (0)
ABSOLUTE PORT: testbench.u1.g4259__1705.B = (0)
ABSOLUTE PORT: testbench.u1.g4259__1705.C = (0)
ABSOLUTE PORT: testbench.u1.g4259__1705.D = (0)
ABSOLUTE PORT: testbench.u1.g4260__5122.A = (0)
ABSOLUTE PORT: testbench.u1.g4260__5122.B = (0)
ABSOLUTE PORT: testbench.u1.g4260__5122.C = (0)
ABSOLUTE PORT: testbench.u1.g4261.A = (0)
ABSOLUTE PORT: testbench.u1.g4262__8246.IN0 = (0)
ABSOLUTE PORT: testbench.u1.g4262__8246.IN1 = (0)
ABSOLUTE PORT: testbench.u1.g4262__8246.S = (0)
ABSOLUTE PORT: testbench.u1.g4263__7098.IN0 = (0)
ABSOLUTE PORT: testbench.u1.g4263__7098.IN1 = (0)
ABSOLUTE PORT: testbench.u1.g4263__7098.S = (0)
ABSOLUTE PORT: testbench.u1.g4264__6131.IN0 = (0)
ABSOLUTE PORT: testbench.u1.g4264__6131.IN1 = (0)
ABSOLUTE PORT: testbench.u1.g4264__6131.S = (0)
ABSOLUTE PORT: testbench.u1.g4265__1881.A = (0)
ABSOLUTE PORT: testbench.u1.g4265__1881.B = (0)
ABSOLUTE PORT: testbench.u1.g4266__5115.A = (0)
ABSOLUTE PORT: testbench.u1.g4266__5115.B = (0)
ABSOLUTE PORT: testbench.u1.g4266__5115.C = (0)
ABSOLUTE PORT: testbench.u1.g4267__7482.AN = (0)
ABSOLUTE PORT: testbench.u1.g4267__7482.BN = (0)
ABSOLUTE PORT: testbench.u1.g4267__7482.CN = (0)
ABSOLUTE PORT: testbench.u1.g4267__7482.DN = (0)
ABSOLUTE PORT: testbench.u1.g4267__7482.E = (0)
ABSOLUTE PORT: testbench.u1.g4268.A = (0)
ABSOLUTE PORT: testbench.u1.g4269__4733.A = (0)
ABSOLUTE PORT: testbench.u1.g4269__4733.B = (0)
ABSOLUTE PORT: testbench.u1.g4269__4733.CI = (0)
ABSOLUTE PORT: testbench.u1.g4270__6161.A = (0)
ABSOLUTE PORT: testbench.u1.g4270__6161.B = (0)
ABSOLUTE PORT: testbench.u1.g4271__9315.A = (0)
ABSOLUTE PORT: testbench.u1.g4271__9315.B = (0)
ABSOLUTE PORT: testbench.u1.g4272__9945.A = (0)
ABSOLUTE PORT: testbench.u1.g4272__9945.B = (0)
ABSOLUTE PORT: testbench.u1.g4272__9945.C = (0)
ABSOLUTE PORT: testbench.u1.g4272__9945.D = (0)
ABSOLUTE PORT: testbench.u1.g4272__9945.E = (0)
ABSOLUTE PORT: testbench.u1.g4273__2883.AN = (0)
ABSOLUTE PORT: testbench.u1.g4273__2883.BN = (0)
ABSOLUTE PORT: testbench.u1.g4273__2883.CN = (0)
ABSOLUTE PORT: testbench.u1.g4273__2883.D = (0)
ABSOLUTE PORT: testbench.u1.g4274__2346.A = (0)
ABSOLUTE PORT: testbench.u1.g4274__2346.B = (0)
ABSOLUTE PORT: testbench.u1.g4274__2346.C = (0)
ABSOLUTE PORT: testbench.u1.g4274__2346.D = (0)
ABSOLUTE PORT: testbench.u1.g4274__2346.E = (0)
ABSOLUTE PORT: testbench.u1.g4275.A = (0)
ABSOLUTE PORT: testbench.u1.g4276__1666.A = (0)
ABSOLUTE PORT: testbench.u1.g4276__1666.B = (0)
ABSOLUTE PORT: testbench.u1.g4277__7410.A = (0)
ABSOLUTE PORT: testbench.u1.g4277__7410.B = (0)
ABSOLUTE PORT: testbench.u1.g4277__7410.C = (0)
ABSOLUTE PORT: testbench.u1.g4277__7410.D = (0)
ABSOLUTE PORT: testbench.u1.g4277__7410.E = (0)
ABSOLUTE PORT: testbench.u1.g4278__6417.IN0 = (0)
ABSOLUTE PORT: testbench.u1.g4278__6417.IN1 = (0)
ABSOLUTE PORT: testbench.u1.g4278__6417.S = (0)
ABSOLUTE PORT: testbench.u1.g4279__5477.IN0 = (0)
ABSOLUTE PORT: testbench.u1.g4279__5477.IN1 = (0)
ABSOLUTE PORT: testbench.u1.g4279__5477.S = (0)
ABSOLUTE PORT: testbench.u1.g4280__2398.IN0 = (0)
ABSOLUTE PORT: testbench.u1.g4280__2398.IN1 = (0)
ABSOLUTE PORT: testbench.u1.g4280__2398.S = (0)
ABSOLUTE PORT: testbench.u1.g4281__5107.A = (0)
ABSOLUTE PORT: testbench.u1.g4281__5107.B = (0)
ABSOLUTE PORT: testbench.u1.g4282__6260.AN = (0)
ABSOLUTE PORT: testbench.u1.g4282__6260.B = (0)
ABSOLUTE PORT: testbench.u1.g4283__4319.A = (0)
ABSOLUTE PORT: testbench.u1.g4283__4319.B = (0)
ABSOLUTE PORT: testbench.u1.g4284__8428.A = (0)
ABSOLUTE PORT: testbench.u1.g4284__8428.B = (0)
ABSOLUTE PORT: testbench.u1.g4284__8428.C = (0)
ABSOLUTE PORT: testbench.u1.g4285__5526.A = (0)
ABSOLUTE PORT: testbench.u1.g4285__5526.B = (0)
ABSOLUTE PORT: testbench.u1.g4285__5526.C = (0)
ABSOLUTE PORT: testbench.u1.g4286.A = (0)
ABSOLUTE PORT: testbench.u1.g4287__6783.IN0 = (0)
ABSOLUTE PORT: testbench.u1.g4287__6783.IN1 = (0)
ABSOLUTE PORT: testbench.u1.g4287__6783.S = (0)
ABSOLUTE PORT: testbench.u1.g4288__3680.IN0 = (0)
ABSOLUTE PORT: testbench.u1.g4288__3680.IN1 = (0)
ABSOLUTE PORT: testbench.u1.g4288__3680.S = (0)
ABSOLUTE PORT: testbench.u1.g4289__1617.IN0 = (0)
ABSOLUTE PORT: testbench.u1.g4289__1617.IN1 = (0)
ABSOLUTE PORT: testbench.u1.g4289__1617.S = (0)
ABSOLUTE PORT: testbench.u1.g4290__2802.A = (0)
ABSOLUTE PORT: testbench.u1.g4290__2802.B = (0)
ABSOLUTE PORT: testbench.u1.g4291__1705.A = (0)
ABSOLUTE PORT: testbench.u1.g4291__1705.B = (0)
ABSOLUTE PORT: testbench.u1.g4292__5122.IN0 = (0)
ABSOLUTE PORT: testbench.u1.g4292__5122.IN1 = (0)
ABSOLUTE PORT: testbench.u1.g4292__5122.S = (0)
ABSOLUTE PORT: testbench.u1.g4293.A = (0)
ABSOLUTE PORT: testbench.u1.g4294__8246.A = (0)
ABSOLUTE PORT: testbench.u1.g4294__8246.B = (0)
ABSOLUTE PORT: testbench.u1.g4295__7098.A = (0)
ABSOLUTE PORT: testbench.u1.g4295__7098.B = (0)
ABSOLUTE PORT: testbench.u1.g4296__6131.A = (0)
ABSOLUTE PORT: testbench.u1.g4296__6131.B = (0)
ABSOLUTE PORT: testbench.u1.g4297__1881.A = (0)
ABSOLUTE PORT: testbench.u1.g4297__1881.B = (0)
ABSOLUTE PORT: testbench.u1.g4298.A = (0)
ABSOLUTE PORT: testbench.u1.g4299__5115.IN0 = (0)
ABSOLUTE PORT: testbench.u1.g4299__5115.IN1 = (0)
ABSOLUTE PORT: testbench.u1.g4299__5115.S = (0)
ABSOLUTE PORT: testbench.u1.g4300__7482.IN0 = (0)
ABSOLUTE PORT: testbench.u1.g4300__7482.IN1 = (0)
ABSOLUTE PORT: testbench.u1.g4300__7482.S = (0)
ABSOLUTE PORT: testbench.u1.g4301__4733.IN0 = (0)
ABSOLUTE PORT: testbench.u1.g4301__4733.IN1 = (0)
ABSOLUTE PORT: testbench.u1.g4301__4733.S = (0)
ABSOLUTE PORT: testbench.u1.g4302__6161.A = (0)
ABSOLUTE PORT: testbench.u1.g4302__6161.B = (0)
ABSOLUTE PORT: testbench.u1.g4302__6161.C = (0)
ABSOLUTE PORT: testbench.u1.g4303__9315.A = (0)
ABSOLUTE PORT: testbench.u1.g4303__9315.B = (0)
ABSOLUTE PORT: testbench.u1.g4304__9945.IN0 = (0)
ABSOLUTE PORT: testbench.u1.g4304__9945.IN1 = (0)
ABSOLUTE PORT: testbench.u1.g4304__9945.S = (0)
ABSOLUTE PORT: testbench.u1.g4305__2883.IN0 = (0)
ABSOLUTE PORT: testbench.u1.g4305__2883.IN1 = (0)
ABSOLUTE PORT: testbench.u1.g4305__2883.S = (0)
ABSOLUTE PORT: testbench.u1.g4306__2346.IN0 = (0)
ABSOLUTE PORT: testbench.u1.g4306__2346.IN1 = (0)
ABSOLUTE PORT: testbench.u1.g4306__2346.S = (0)
ABSOLUTE PORT: testbench.u1.g4307__1666.IN0 = (0)
ABSOLUTE PORT: testbench.u1.g4307__1666.IN1 = (0)
ABSOLUTE PORT: testbench.u1.g4307__1666.S = (0)
ABSOLUTE PORT: testbench.u1.g4308__7410.IN0 = (0)
ABSOLUTE PORT: testbench.u1.g4308__7410.IN1 = (0)
ABSOLUTE PORT: testbench.u1.g4308__7410.S = (0)
ABSOLUTE PORT: testbench.u1.g4309__6417.A = (0)
ABSOLUTE PORT: testbench.u1.g4309__6417.B = (0)
ABSOLUTE PORT: testbench.u1.g4310__5477.A = (0)
ABSOLUTE PORT: testbench.u1.g4310__5477.B = (0)
ABSOLUTE PORT: testbench.u1.g4311.A = (0)
ABSOLUTE PORT: testbench.u1.g4312__2398.AN = (0)
ABSOLUTE PORT: testbench.u1.g4312__2398.B = (0)
ABSOLUTE PORT: testbench.u1.g4313__5107.A = (0)
ABSOLUTE PORT: testbench.u1.g4313__5107.B = (0)
ABSOLUTE PORT: testbench.u1.g4314__6260.A = (0)
ABSOLUTE PORT: testbench.u1.g4314__6260.B = (0)
ABSOLUTE PORT: testbench.u1.g4315__4319.A = (0)
ABSOLUTE PORT: testbench.u1.g4315__4319.B = (0)
ABSOLUTE PORT: testbench.u1.g4316__8428.A = (0)
ABSOLUTE PORT: testbench.u1.g4316__8428.B = (0)
ABSOLUTE PORT: testbench.u1.g4317__5526.A = (0)
ABSOLUTE PORT: testbench.u1.g4317__5526.B = (0)
ABSOLUTE PORT: testbench.u1.g4318__6783.A = (0)
ABSOLUTE PORT: testbench.u1.g4318__6783.B = (0)
ABSOLUTE PORT: testbench.u1.g4319__3680.A = (0)
ABSOLUTE PORT: testbench.u1.g4319__3680.B = (0)
ABSOLUTE PORT: testbench.u1.g4320.A = (0)
ABSOLUTE PORT: testbench.u1.g4321.A = (0)
ABSOLUTE PORT: testbench.u1.g4322__1617.A = (0)
ABSOLUTE PORT: testbench.u1.g4322__1617.B = (0)
ABSOLUTE PORT: testbench.u1.g4322__1617.C = (0)
ABSOLUTE PORT: testbench.u1.g4323__2802.IN0 = (0)
ABSOLUTE PORT: testbench.u1.g4323__2802.IN1 = (0)
ABSOLUTE PORT: testbench.u1.g4323__2802.S = (0)
ABSOLUTE PORT: testbench.u1.g4324__1705.IN0 = (0)
ABSOLUTE PORT: testbench.u1.g4324__1705.IN1 = (0)
ABSOLUTE PORT: testbench.u1.g4324__1705.S = (0)
ABSOLUTE PORT: testbench.u1.g4325__5122.IN0 = (0)
ABSOLUTE PORT: testbench.u1.g4325__5122.IN1 = (0)
ABSOLUTE PORT: testbench.u1.g4325__5122.S = (0)
ABSOLUTE PORT: testbench.u1.g4327__7098.IN0 = (0)
ABSOLUTE PORT: testbench.u1.g4327__7098.IN1 = (0)
ABSOLUTE PORT: testbench.u1.g4327__7098.S = (0)
ABSOLUTE PORT: testbench.u1.g4328__6131.IN0 = (0)
ABSOLUTE PORT: testbench.u1.g4328__6131.IN1 = (0)
ABSOLUTE PORT: testbench.u1.g4328__6131.S = (0)
ABSOLUTE PORT: testbench.u1.g4329.A = (0)
ABSOLUTE PORT: testbench.u1.g4330__1881.AN = (0)
ABSOLUTE PORT: testbench.u1.g4330__1881.B = (0)
ABSOLUTE PORT: testbench.u1.g4331.A = (0)
ABSOLUTE PORT: testbench.u1.g4332__5115.AN = (0)
ABSOLUTE PORT: testbench.u1.g4332__5115.B = (0)
ABSOLUTE PORT: testbench.u1.g4333__7482.A = (0)
ABSOLUTE PORT: testbench.u1.g4333__7482.B = (0)
ABSOLUTE PORT: testbench.u1.g2.IN0 = (0)
ABSOLUTE PORT: testbench.u1.g2.IN1 = (0)
ABSOLUTE PORT: testbench.u1.g2.S = (0)
ABSOLUTE PORT: testbench.u1.drc_bufs.A = (0)
ABSOLUTE PORT: testbench.u1.drc_bufs4343.A = (0)
ABSOLUTE PORT: testbench.u1.drc_bufs4352.A = (0)
ABSOLUTE PORT: testbench.u1.drc_bufs4354.A = (0)
ABSOLUTE PORT: testbench.u1.drc_bufs4361.A = (0)
ABSOLUTE PORT: testbench.u1.drc_bufs4363.A = (0)
ABSOLUTE PORT: testbench.u1.drc_bufs4373.A = (0)
ABSOLUTE PORT: testbench.u1.drc_bufs4374.A = (0)
ABSOLUTE PORT: testbench.u1.drc_bufs4381.A = (0)
ABSOLUTE PORT: testbench.u1.drc_bufs4382.A = (0)
ABSOLUTE PORT: testbench.u1.drc_bufs4388.A = (0)
ABSOLUTE PORT: testbench.u1.drc_bufs4390.A = (0)
ABSOLUTE PORT: testbench.u1.drc_bufs4396.A = (0)
ABSOLUTE PORT: testbench.u1.drc_bufs4398.A = (0)
ABSOLUTE PORT: testbench.u1.drc_bufs4404.A = (0)
ABSOLUTE PORT: testbench.u1.drc_bufs4406.A = (0)
ABSOLUTE PORT: testbench.u1.drc_bufs4413.A = (0)
ABSOLUTE PORT: testbench.u1.drc_bufs4414.A = (0)
