======================================================================

Annotating SDF timing data:
  Compiled SDF file:     gates_slow.sdf.X
  Log file:              gates_slow.sdf.X_sdf_annotation.log
  Backannotation scope:  testbench.u1
  Configuration file:    
  MTM control:           MAXIMUM
  Scale factors:         1:1:1
  Scale type:            FROM_MTM

Time units: 1ps


Annotating to instance g4216__2398 of module AO33HDX2
	ABSOLUTE (IOPATH B Q) = (3914, 2659)
	ABSOLUTE (IOPATH D Q) = (3851, 2532)
	ABSOLUTE (COND (((((A==1)&&(C==1))&&(D==0))&&(E==1))&&(F==1)) (IOPATH B Q)) = (3949, 2711)
	ABSOLUTE (COND (((((A==1)&&(B==1))&&(D==0))&&(E==1))&&(F==1)) (IOPATH C Q)) = (4602, 3084)
	ABSOLUTE (IOPATH F Q) = (3771, 2481)
	ABSOLUTE (IOPATH A Q) = (3880, 2593)
	ABSOLUTE (IOPATH C Q) = (4548, 3022)
	ABSOLUTE (COND (C==1) (IOPATH D Q)) = (3892, 2588)
	ABSOLUTE (IOPATH E Q) = (3711, 2304)
	ABSOLUTE (COND (((((B==1)&&(C==1))&&(D==0))&&(E==1))&&(F==1)) (IOPATH A Q)) = (3916, 2644)
	ABSOLUTE (COND (C==1) (IOPATH E Q)) = (3780, 2553)
	ABSOLUTE (COND (C==1) (IOPATH F Q)) = (3844, 2594)

Annotating to instance g4217__5107 of module AND2HDX2
	ABSOLUTE (IOPATH A Q) = (3583, 2226)
	ABSOLUTE (IOPATH B Q) = (3573, 2247)

Annotating to instance g4218__6260 of module NO2HDX4
	ABSOLUTE (IOPATH A Q) = (4061, 1135)
	ABSOLUTE (IOPATH B Q) = (4094, 1266)

Annotating to instance g4219__4319 of module OR5HDX1
	ABSOLUTE (IOPATH D Q) = (874, 1651)
	ABSOLUTE (IOPATH E Q) = (954, 1577)
	ABSOLUTE (IOPATH A Q) = (725, 1463)
	ABSOLUTE (IOPATH B Q) = (837, 1341)
	ABSOLUTE (IOPATH C Q) = (772, 1725)

Annotating to instance g4220__8428 of module AO221HDX2
	ABSOLUTE (COND (((B==1)&&(D==0))||(((B==0)&&(C==0))&&(D==1))) (IOPATH E Q)) = (3738, 2708)
	ABSOLUTE (IOPATH B Q) = (4125, 2670)
	ABSOLUTE (COND (D==1) (IOPATH A Q)) = (3787, 2796)
	ABSOLUTE (COND (D==1) (IOPATH B Q)) = (4128, 2842)
	ABSOLUTE (COND ((A==1)&&(B==0)) (IOPATH C Q)) = (3726, 2732)
	ABSOLUTE (IOPATH D Q) = (3671, 2470)
	ABSOLUTE (COND ((A==0)&&(B==1)) (IOPATH D Q)) = (3696, 2682)
	ABSOLUTE (IOPATH A Q) = (3784, 2605)
	ABSOLUTE (IOPATH C Q) = (3724, 2572)
	ABSOLUTE (COND ((A==0)&&(B==1)) (IOPATH C Q)) = (3749, 2794)
	ABSOLUTE (COND ((A==1)&&(B==0)) (IOPATH D Q)) = (3672, 2620)
	ABSOLUTE (IOPATH E Q) = (3712, 2643)
	ABSOLUTE (COND ((((A==0)&&(B==1))&&(C==0))&&(D==1)) (IOPATH E Q)) = (3763, 2773)

Annotating to instance g4221__5526 of module AO211HDX2
	ABSOLUTE (COND (((A==0)&&(B==1))&&(C==0)) (IOPATH D Q)) = (3611, 2678)
	ABSOLUTE (COND (((A==1)&&(B==0))&&(C==0)) (IOPATH D Q)) = (3642, 2774)
	ABSOLUTE (IOPATH D Q) = (3612, 2558)
	ABSOLUTE (COND (((A==0)&&(B==1))&&(D==0)) (IOPATH C Q)) = (3435, 2621)
	ABSOLUTE (COND (((A==1)&&(B==0))&&(D==0)) (IOPATH C Q)) = (3449, 2716)
	ABSOLUTE (IOPATH A Q) = (3562, 2677)
	ABSOLUTE (IOPATH B Q) = (3663, 2859)
	ABSOLUTE (IOPATH C Q) = (3434, 2471)

Annotating to instance g4222__6783 of module ON221HDX2
	ABSOLUTE (IOPATH D Q) = (3891, 2238)
	ABSOLUTE (IOPATH E Q) = (3787, 2292)
	ABSOLUTE (IOPATH A Q) = (3970, 2332)
	ABSOLUTE (COND ((((A==1)&&(B==0))&&(C==1))&&(D==0)) (IOPATH E Q)) = (3834, 2428)
	ABSOLUTE (COND ((((A==1)&&(B==0))&&(C==0))&&(E==1)) (IOPATH D Q)) = (3918, 2337)
	ABSOLUTE (COND ((((A==1)&&(B==0))&&(D==0))&&(E==1)) (IOPATH C Q)) = (4044, 2496)
	ABSOLUTE (COND ((((A==0)&&(C==1))&&(D==0))&&(E==1)) (IOPATH B Q)) = (3918, 2321)
	ABSOLUTE (IOPATH B Q) = (3892, 2268)
	ABSOLUTE (COND ((((B==0)&&(C==1))&&(D==0))&&(E==1)) (IOPATH A Q)) = (3997, 2386)
	ABSOLUTE (COND (((B==0)&&(D==1))||((((A==1)&&(B==1))&&(C==1))&&(D==0))) (IOPATH E Q)) = (3812, 2362)
	ABSOLUTE (IOPATH C Q) = (4016, 2376)

Annotating to instance g4223__3680 of module ON321HDX0
	ABSOLUTE (COND (((((((B==1)&&(C==0))&&(D==1))&&(E==1))||((((A==0)&&(B==1))&&(C==0))&&(E==1)))||((((A==0)&&(B==0))&&(C==1))&&(E==0)))||(((C==1)&&(D==1))&&(E==0))) (IOPATH F Q)) = (683, 546)
	ABSOLUTE (IOPATH B Q) = (1381, 597)
	ABSOLUTE (COND (((((A==0)&&(C==0))&&(D==1))&&(E==0))&&(F==1)) (IOPATH B Q)) = (1351, 638)
	ABSOLUTE (COND (((((A==0)&&(B==0))&&(D==1))&&(E==0))&&(F==1)) (IOPATH C Q)) = (1500, 759)
	ABSOLUTE (IOPATH D Q) = (998, 548)
	ABSOLUTE (IOPATH F Q) = (681, 496)
	ABSOLUTE (COND (((C==0)&&(E==0))&&(F==1)) (IOPATH D Q)) = (1000, 634)
	ABSOLUTE (COND (((C==0)&&(D==0))&&(F==1)) (IOPATH E Q)) = (892, 561)
	ABSOLUTE (IOPATH A Q) = (1425, 672)
	ABSOLUTE (IOPATH C Q) = (1531, 706)
	ABSOLUTE (COND (((((A==1)&&(B==0))&&(C==0))&&(D==1))&&(E==0)) (IOPATH F Q)) = (685, 626)
	ABSOLUTE (COND (((((B==0)&&(C==0))&&(D==1))&&(E==0))&&(F==1)) (IOPATH A Q)) = (1395, 715)
	ABSOLUTE (IOPATH E Q) = (890, 478)
	ABSOLUTE (COND (((((B==1)&&(C==0))&&(D==1))&&(E==0))||((((B==0)&&(C==0))&&(D==0))&&(E==1))) (IOPATH F Q)) = (684, 588)

Annotating to instance g4224__1617 of module AO221HDX2
	ABSOLUTE (COND (((B==1)&&(D==0))||(((B==0)&&(C==0))&&(D==1))) (IOPATH E Q)) = (3485, 2556)
	ABSOLUTE (IOPATH B Q) = (4040, 2848)
	ABSOLUTE (COND (D==1) (IOPATH A Q)) = (4045, 2870)
	ABSOLUTE (COND (D==1) (IOPATH B Q)) = (4043, 3004)
	ABSOLUTE (COND ((A==1)&&(B==0)) (IOPATH C Q)) = (3737, 2827)
	ABSOLUTE (IOPATH D Q) = (3707, 2462)
	ABSOLUTE (COND ((A==0)&&(B==1)) (IOPATH D Q)) = (3732, 2675)
	ABSOLUTE (IOPATH A Q) = (4043, 2685)
	ABSOLUTE (IOPATH C Q) = (3736, 2668)
	ABSOLUTE (COND ((A==0)&&(B==1)) (IOPATH C Q)) = (3761, 2891)
	ABSOLUTE (COND ((A==1)&&(B==0)) (IOPATH D Q)) = (3708, 2613)
	ABSOLUTE (IOPATH E Q) = (3472, 2493)
	ABSOLUTE (COND ((((A==0)&&(B==1))&&(C==0))&&(D==1)) (IOPATH E Q)) = (3499, 2619)

Annotating to instance g4225__2802 of module ON32HDX0
	ABSOLUTE (IOPATH D Q) = (852, 364)
	ABSOLUTE (COND ((C==0)&&(D==0)) (IOPATH E Q)) = (755, 411)
	ABSOLUTE (IOPATH E Q) = (753, 377)
	ABSOLUTE (COND ((C==0)&&(E==0)) (IOPATH D Q)) = (854, 504)
	ABSOLUTE (IOPATH A Q) = (1355, 543)
	ABSOLUTE (IOPATH B Q) = (1333, 557)
	ABSOLUTE (IOPATH C Q) = (1402, 639)

Annotating to instance g4226__1705 of module AO222HDX1
	ABSOLUTE (COND ((B==1)&&(D==0)) (IOPATH F Q)) = (505, 802)
	ABSOLUTE (IOPATH B Q) = (678, 1282)
	ABSOLUTE (COND (((B==0)&&(D==1))||((((A==1)&&(B==0))&&(C==1))&&(D==0))) (IOPATH F Q)) = (506, 921)
	ABSOLUTE (IOPATH D Q) = (715, 1042)
	ABSOLUTE (COND ((B==1)||(((A==1)&&(B==0))&&(F==1))) (IOPATH D Q)) = (728, 1324)
	ABSOLUTE (COND (((((B==1)&&(C==0))&&(D==1))&&(E==0))&&(F==1)) (IOPATH A Q)) = (643, 1485)
	ABSOLUTE (IOPATH F Q) = (487, 754)
	ABSOLUTE (COND ((((A==0)&&(B==1))&&(C==0))&&(D==1)) (IOPATH F Q)) = (523, 1010)
	ABSOLUTE (IOPATH A Q) = (625, 1396)
	ABSOLUTE (COND ((B==1)&&(D==0)) (IOPATH E Q)) = (539, 1030)
	ABSOLUTE (COND (((B==0)&&(D==1))||((((A==1)&&(B==0))&&(C==1))&&(D==0))) (IOPATH E Q)) = (540, 1160)
	ABSOLUTE (IOPATH C Q) = (631, 1268)
	ABSOLUTE (COND ((B==1)||(((A==1)&&(B==0))&&(F==1))) (IOPATH C Q)) = (676, 1448)
	ABSOLUTE (COND (((((A==1)&&(C==0))&&(D==1))&&(E==0))&&(F==1)) (IOPATH B Q)) = (697, 1372)
	ABSOLUTE (IOPATH E Q) = (521, 977)
	ABSOLUTE (COND ((((A==0)&&(B==1))&&(C==0))&&(D==1)) (IOPATH E Q)) = (558, 1251)

Annotating to instance g4227__5122 of module AN211HDX1
	ABSOLUTE (COND (((A==0)&&(B==1))&&(C==0)) (IOPATH D Q)) = (610, 278)
	ABSOLUTE (COND (((A==1)&&(B==0))&&(C==0)) (IOPATH D Q)) = (686, 278)
	ABSOLUTE (IOPATH D Q) = (548, 277)
	ABSOLUTE (COND (((A==0)&&(B==1))&&(D==0)) (IOPATH C Q)) = (579, 219)
	ABSOLUTE (COND (((A==1)&&(B==0))&&(D==0)) (IOPATH C Q)) = (652, 219)
	ABSOLUTE (IOPATH A Q) = (866, 666)
	ABSOLUTE (IOPATH B Q) = (741, 297)
	ABSOLUTE (IOPATH C Q) = (489, 218)

Annotating to instance g4228__8246 of module OA211HDX0
	ABSOLUTE (IOPATH D Q) = (624, 620)
	ABSOLUTE (COND ((A==0)&&(B==1)) (IOPATH C Q)) = (695, 631)
	ABSOLUTE (COND ((A==0)&&(B==1)) (IOPATH D Q)) = (679, 644)
	ABSOLUTE (IOPATH A Q) = (638, 644)
	ABSOLUTE (IOPATH B Q) = (635, 604)
	ABSOLUTE (IOPATH C Q) = (638, 607)

Annotating to instance g4229__7098 of module OA211HDX0
	ABSOLUTE (IOPATH D Q) = (634, 626)
	ABSOLUTE (COND ((A==0)&&(B==1)) (IOPATH C Q)) = (706, 637)
	ABSOLUTE (COND ((A==0)&&(B==1)) (IOPATH D Q)) = (690, 650)
	ABSOLUTE (IOPATH A Q) = (648, 650)
	ABSOLUTE (IOPATH B Q) = (646, 610)
	ABSOLUTE (IOPATH C Q) = (649, 613)

Annotating to instance g4230__6131 of module MU2HDX0
	ABSOLUTE (COND ((IN0==0)&&(IN1==1)) (IOPATH S Q)) = (525, 555)
	ABSOLUTE (IOPATH IN1 Q) = (627, 722)
	ABSOLUTE (IOPATH S Q) = (731, 671)
	ABSOLUTE (IOPATH IN0 Q) = (574, 669)

Annotating to instance g4231__1881 of module ON221HDX0
	ABSOLUTE (IOPATH D Q) = (704, 422)
	ABSOLUTE (IOPATH E Q) = (505, 455)
	ABSOLUTE (IOPATH A Q) = (885, 547)
	ABSOLUTE (COND ((((A==1)&&(B==0))&&(C==1))&&(D==0)) (IOPATH E Q)) = (508, 557)
	ABSOLUTE (COND ((((A==1)&&(B==0))&&(C==0))&&(E==1)) (IOPATH D Q)) = (707, 527)
	ABSOLUTE (COND ((((A==1)&&(B==0))&&(D==0))&&(E==1)) (IOPATH C Q)) = (766, 548)
	ABSOLUTE (COND ((((A==0)&&(C==1))&&(D==0))&&(E==1)) (IOPATH B Q)) = (801, 541)
	ABSOLUTE (IOPATH B Q) = (800, 492)
	ABSOLUTE (COND ((((B==0)&&(C==1))&&(D==0))&&(E==1)) (IOPATH A Q)) = (886, 596)
	ABSOLUTE (COND (((B==0)&&(D==1))||((((A==1)&&(B==1))&&(C==1))&&(D==0))) (IOPATH E Q)) = (507, 506)
	ABSOLUTE (IOPATH C Q) = (764, 436)

Annotating to instance g4233 of module INHDX3
	ABSOLUTE (IOPATH A Q) = (4500, 3713)

Annotating to instance g4234 of module INHDX1
	ABSOLUTE (IOPATH A Q) = (639, 559)

Annotating to instance g4237__5115 of module NA4I2HDX1
	ABSOLUTE (IOPATH D Q) = (759, 714)
	ABSOLUTE (IOPATH BN Q) = (800, 1010)
	ABSOLUTE (IOPATH C Q) = (775, 647)
	ABSOLUTE (IOPATH AN Q) = (823, 1042)

Annotating to instance g4238__7482 of module NO2HDX1
	ABSOLUTE (IOPATH A Q) = (452, 243)
	ABSOLUTE (IOPATH B Q) = (528, 370)

Annotating to instance g4239__4733 of module AO321HDX2
	ABSOLUTE (IOPATH B Q) = (3872, 2769)
	ABSOLUTE (COND ((((((A==0)&&(B==1))&&(C==1))&&(D==1))&&(E==0))||(((((A==1)&&(B==0))&&(C==1))&&(D==0))&&(E==1))) (IOPATH F Q)) = (3745, 2771)
	ABSOLUTE (IOPATH D Q) = (3697, 2552)
	ABSOLUTE (COND (((((A==0)&&(B==1))&&(C==1))&&(D==0))&&(E==1)) (IOPATH F Q)) = (3768, 2846)
	ABSOLUTE (COND (((((B==1)&&(C==1))&&(D==0))&&(E==1))&&(F==0)) (IOPATH A Q)) = (3875, 2922)
	ABSOLUTE (IOPATH F Q) = (3744, 2636)
	ABSOLUTE (COND ((((A==1)&&(B==0))&&(C==1))||(((A==0)&&(B==1))&&(C==1))) (IOPATH D Q)) = (3752, 2870)
	ABSOLUTE (COND ((((A==1)&&(B==1))&&(C==0))||(((A==0)&&(B==0))&&(C==1))) (IOPATH E Q)) = (3962, 2699)
	ABSOLUTE (IOPATH A Q) = (3868, 2849)
	ABSOLUTE (IOPATH C Q) = (4019, 2723)
	ABSOLUTE (COND (((((C==0)&&(E==1))||((((B==0)&&(C==1))&&(D==1))&&(E==0)))||(((((A==1)&&(B==0))&&(C==1))&&(D==0))&&(E==0)))||(((((A==0)&&(B==1))&&(C==1))&&(D==0))&&(E==0))) (IOPATH F Q)) = (3741, 2635)
	ABSOLUTE (COND (((((A==1)&&(C==1))&&(D==0))&&(E==1))&&(F==0)) (IOPATH B Q)) = (3880, 2842)
	ABSOLUTE (COND (((((A==1)&&(B==1))&&(D==0))&&(E==1))&&(F==0)) (IOPATH C Q)) = (4027, 2798)
	ABSOLUTE (COND ((((A==1)&&(B==1))&&(C==0))||(((A==0)&&(B==0))&&(C==1))) (IOPATH D Q)) = (3726, 2708)
	ABSOLUTE (IOPATH E Q) = (3922, 2557)
	ABSOLUTE (COND ((((A==1)&&(B==0))&&(C==1))||(((A==0)&&(B==1))&&(C==1))) (IOPATH E Q)) = (3995, 2864)

Annotating to instance g4240__6161 of module NA2HDX1
	ABSOLUTE (IOPATH A Q) = (547, 377)
	ABSOLUTE (IOPATH B Q) = (507, 334)

Annotating to instance g4241__9315 of module ON221HDX0
	ABSOLUTE (IOPATH D Q) = (853, 474)
	ABSOLUTE (IOPATH E Q) = (534, 438)
	ABSOLUTE (IOPATH A Q) = (937, 606)
	ABSOLUTE (COND ((((A==1)&&(B==0))&&(C==1))&&(D==0)) (IOPATH E Q)) = (538, 534)
	ABSOLUTE (COND ((((A==1)&&(B==0))&&(C==0))&&(E==1)) (IOPATH D Q)) = (856, 589)
	ABSOLUTE (COND ((((A==1)&&(B==0))&&(D==0))&&(E==1)) (IOPATH C Q)) = (842, 643)
	ABSOLUTE (COND ((((A==0)&&(C==1))&&(D==0))&&(E==1)) (IOPATH B Q)) = (871, 586)
	ABSOLUTE (IOPATH B Q) = (870, 539)
	ABSOLUTE (COND ((((B==0)&&(C==1))&&(D==0))&&(E==1)) (IOPATH A Q)) = (938, 655)
	ABSOLUTE (COND (((B==0)&&(D==1))||((((A==1)&&(B==1))&&(C==1))&&(D==0))) (IOPATH E Q)) = (536, 486)
	ABSOLUTE (IOPATH C Q) = (839, 520)

Annotating to instance g4242__9945 of module NA2I1HDX1
	ABSOLUTE (IOPATH B Q) = (673, 467)
	ABSOLUTE (IOPATH AN Q) = (585, 665)

Annotating to instance g4243__2883 of module NA3HDX1
	ABSOLUTE (IOPATH A Q) = (549, 632)
	ABSOLUTE (IOPATH B Q) = (543, 487)
	ABSOLUTE (IOPATH C Q) = (574, 474)

Annotating to instance g4244__2346 of module ON32HDX0
	ABSOLUTE (IOPATH D Q) = (804, 346)
	ABSOLUTE (COND ((C==0)&&(D==0)) (IOPATH E Q)) = (743, 540)
	ABSOLUTE (IOPATH E Q) = (741, 488)
	ABSOLUTE (COND ((C==0)&&(E==0)) (IOPATH D Q)) = (805, 479)
	ABSOLUTE (IOPATH A Q) = (1191, 471)
	ABSOLUTE (IOPATH B Q) = (1183, 509)
	ABSOLUTE (IOPATH C Q) = (1380, 627)

Annotating to instance g4245__1666 of module OA321HDX1
	ABSOLUTE (COND (((((((B==1)&&(C==0))&&(D==1))&&(E==1))||((((A==0)&&(B==1))&&(C==0))&&(E==1)))||((((A==0)&&(B==0))&&(C==1))&&(E==0)))||(((C==1)&&(D==1))&&(E==0))) (IOPATH F Q)) = (608, 443)
	ABSOLUTE (IOPATH B Q) = (719, 1312)
	ABSOLUTE (COND (((((A==0)&&(C==0))&&(D==1))&&(E==0))&&(F==1)) (IOPATH B Q)) = (774, 1295)
	ABSOLUTE (COND (((((A==0)&&(B==0))&&(D==1))&&(E==0))&&(F==1)) (IOPATH C Q)) = (804, 1363)
	ABSOLUTE (IOPATH D Q) = (649, 855)
	ABSOLUTE (IOPATH F Q) = (559, 443)
	ABSOLUTE (COND (((C==0)&&(E==0))&&(F==1)) (IOPATH D Q)) = (743, 871)
	ABSOLUTE (COND (((C==0)&&(D==0))&&(F==1)) (IOPATH E Q)) = (692, 774)
	ABSOLUTE (IOPATH A Q) = (766, 1384)
	ABSOLUTE (IOPATH C Q) = (738, 1381)
	ABSOLUTE (COND (((((A==1)&&(B==0))&&(C==0))&&(D==1))&&(E==0)) (IOPATH F Q)) = (703, 455)
	ABSOLUTE (COND (((((B==0)&&(C==0))&&(D==1))&&(E==0))&&(F==1)) (IOPATH A Q)) = (822, 1367)
	ABSOLUTE (IOPATH E Q) = (598, 757)
	ABSOLUTE (COND (((((B==1)&&(C==0))&&(D==1))&&(E==0))||((((B==0)&&(C==0))&&(D==0))&&(E==1))) (IOPATH F Q)) = (662, 453)

Annotating to instance g4246__7410 of module EN3HDX0
	ABSOLUTE (COND ((A==0)&&(B==1)) (IOPATH C Q)) = (1189, 930)
	ABSOLUTE (COND ((A==1)&&(B==0)) (IOPATH C Q)) = (1332, 983)
	ABSOLUTE (COND ((A==0)&&(C==1)) (IOPATH B Q)) = (1198, 982)
	ABSOLUTE (COND ((A==1)&&(C==0)) (IOPATH B Q)) = (1317, 1075)
	ABSOLUTE (COND ((A==1)&&(B==1)) (IOPATH C Q)) = (1297, 870)
	ABSOLUTE (COND ((A==1)&&(C==1)) (IOPATH B Q)) = (1347, 879)
	ABSOLUTE (IOPATH A Q) = (910, 432)
	ABSOLUTE (IOPATH B Q) = (1400, 958)
	ABSOLUTE (IOPATH C Q) = (1407, 966)
	ABSOLUTE (COND (((B==0)&&(C==1))||((B==1)&&(C==0))) (IOPATH A Q)) = (784, 553)

Annotating to instance g4247__6417 of module AN221HDX1
	ABSOLUTE (COND (((B==1)&&(D==0))||(((B==0)&&(C==0))&&(D==1))) (IOPATH E Q)) = (665, 462)
	ABSOLUTE (IOPATH B Q) = (728, 754)
	ABSOLUTE (COND (D==1) (IOPATH A Q)) = (845, 470)
	ABSOLUTE (COND (D==1) (IOPATH B Q)) = (853, 730)
	ABSOLUTE (COND ((A==1)&&(B==0)) (IOPATH C Q)) = (768, 429)
	ABSOLUTE (IOPATH D Q) = (517, 328)
	ABSOLUTE (COND ((A==0)&&(B==1)) (IOPATH D Q)) = (665, 330)
	ABSOLUTE (IOPATH A Q) = (708, 484)
	ABSOLUTE (IOPATH C Q) = (666, 428)
	ABSOLUTE (COND ((A==0)&&(B==1)) (IOPATH C Q)) = (822, 430)
	ABSOLUTE (COND ((A==1)&&(B==0)) (IOPATH D Q)) = (612, 329)
	ABSOLUTE (IOPATH E Q) = (611, 461)
	ABSOLUTE (COND ((((A==0)&&(B==1))&&(C==0))&&(D==1)) (IOPATH E Q)) = (719, 463)

Annotating to instance g4248__5477 of module CAGHDX1
	ABSOLUTE (IOPATH CI CO) = (460, 610)
	ABSOLUTE (IOPATH A CO) = (551, 796)
	ABSOLUTE (IOPATH B CO) = (586, 831)

Annotating to instance g4249__2398 of module ON32HDX0
	ABSOLUTE (IOPATH D Q) = (896, 370)
	ABSOLUTE (COND ((C==0)&&(D==0)) (IOPATH E Q)) = (800, 456)
	ABSOLUTE (IOPATH E Q) = (798, 417)
	ABSOLUTE (COND ((C==0)&&(E==0)) (IOPATH D Q)) = (898, 509)
	ABSOLUTE (IOPATH A Q) = (1337, 533)
	ABSOLUTE (IOPATH B Q) = (1305, 539)
	ABSOLUTE (IOPATH C Q) = (1374, 614)

Annotating to instance g4250__5107 of module EO2HDX1
	ABSOLUTE (COND (A==1) (IOPATH B Q)) = (525, 414)
	ABSOLUTE (COND (B==1) (IOPATH A Q)) = (490, 409)
	ABSOLUTE (IOPATH A Q) = (554, 627)
	ABSOLUTE (IOPATH B Q) = (582, 670)

Annotating to instance g4251__6260 of module AN22HDX1
	ABSOLUTE (IOPATH D Q) = (393, 233)
	ABSOLUTE (COND ((A==0)&&(B==1)) (IOPATH C Q)) = (358, 272)
	ABSOLUTE (COND ((A==1)&&(B==0)) (IOPATH C Q)) = (407, 272)
	ABSOLUTE (COND ((A==0)&&(B==1)) (IOPATH D Q)) = (461, 234)
	ABSOLUTE (COND ((A==1)&&(B==0)) (IOPATH D Q)) = (511, 234)
	ABSOLUTE (COND ((A==1)&&(C==1)) (IOPATH B Q)) = (635, 392)
	ABSOLUTE (COND ((B==1)&&(C==1)) (IOPATH A Q)) = (464, 303)
	ABSOLUTE (IOPATH A Q) = (417, 302)
	ABSOLUTE (IOPATH B Q) = (585, 391)
	ABSOLUTE (IOPATH C Q) = (302, 270)

Annotating to instance g4252__4319 of module CAGHDX1
	ABSOLUTE (IOPATH CI CO) = (546, 706)
	ABSOLUTE (IOPATH A CO) = (602, 831)
	ABSOLUTE (IOPATH B CO) = (664, 900)

Annotating to instance g4253__8428 of module AN22HDX1
	ABSOLUTE (IOPATH D Q) = (359, 268)
	ABSOLUTE (COND ((A==0)&&(B==1)) (IOPATH C Q)) = (384, 256)
	ABSOLUTE (COND ((A==1)&&(B==0)) (IOPATH C Q)) = (435, 257)
	ABSOLUTE (COND ((A==0)&&(B==1)) (IOPATH D Q)) = (426, 270)
	ABSOLUTE (COND ((A==1)&&(B==0)) (IOPATH D Q)) = (475, 270)
	ABSOLUTE (COND ((A==1)&&(C==1)) (IOPATH B Q)) = (579, 467)
	ABSOLUTE (COND ((B==1)&&(C==1)) (IOPATH A Q)) = (506, 302)
	ABSOLUTE (IOPATH A Q) = (458, 301)
	ABSOLUTE (IOPATH B Q) = (530, 466)
	ABSOLUTE (IOPATH C Q) = (329, 255)

Annotating to instance g4254__5526 of module EO2HDX1
	ABSOLUTE (COND (A==1) (IOPATH B Q)) = (526, 414)
	ABSOLUTE (COND (B==1) (IOPATH A Q)) = (517, 421)
	ABSOLUTE (IOPATH A Q) = (562, 640)
	ABSOLUTE (IOPATH B Q) = (584, 670)

Annotating to instance g4255__6783 of module NO2HDX1
	ABSOLUTE (IOPATH A Q) = (533, 285)
	ABSOLUTE (IOPATH B Q) = (488, 318)

Annotating to instance g4256__3680 of module AN22HDX1
	ABSOLUTE (IOPATH D Q) = (492, 322)
	ABSOLUTE (COND ((A==0)&&(B==1)) (IOPATH C Q)) = (420, 278)
	ABSOLUTE (COND ((A==1)&&(B==0)) (IOPATH C Q)) = (470, 279)
	ABSOLUTE (COND ((A==0)&&(B==1)) (IOPATH D Q)) = (568, 324)
	ABSOLUTE (COND ((A==1)&&(B==0)) (IOPATH D Q)) = (620, 324)
	ABSOLUTE (COND ((A==1)&&(C==1)) (IOPATH B Q)) = (559, 291)
	ABSOLUTE (COND ((B==1)&&(C==1)) (IOPATH A Q)) = (597, 550)
	ABSOLUTE (IOPATH A Q) = (548, 548)
	ABSOLUTE (IOPATH B Q) = (512, 290)
	ABSOLUTE (IOPATH C Q) = (357, 277)

Annotating to instance g4257__1617 of module NA2HDX1
	ABSOLUTE (IOPATH A Q) = (460, 324)
	ABSOLUTE (IOPATH B Q) = (509, 334)

Annotating to instance g4258__2802 of module ON31HDX0
	ABSOLUTE (COND (((A==1)&&(B==0))&&(C==0)) (IOPATH D Q)) = (581, 446)
	ABSOLUTE (IOPATH D Q) = (579, 311)
	ABSOLUTE (IOPATH A Q) = (939, 390)
	ABSOLUTE (IOPATH B Q) = (1041, 488)
	ABSOLUTE (COND ((B==1)&&(C==0)) (IOPATH D Q)) = (580, 418)
	ABSOLUTE (IOPATH C Q) = (897, 398)

Annotating to instance g4259__1705 of module AO22HDX1
	ABSOLUTE (IOPATH D Q) = (492, 590)
	ABSOLUTE (COND ((A==0)&&(B==1)) (IOPATH C Q)) = (475, 627)
	ABSOLUTE (COND ((A==1)&&(B==0)) (IOPATH C Q)) = (493, 684)
	ABSOLUTE (COND ((A==0)&&(B==1)) (IOPATH D Q)) = (494, 687)
	ABSOLUTE (COND ((A==1)&&(B==0)) (IOPATH D Q)) = (512, 744)
	ABSOLUTE (COND ((A==1)&&(C==1)) (IOPATH B Q)) = (721, 857)
	ABSOLUTE (COND ((B==1)&&(C==1)) (IOPATH A Q)) = (769, 884)
	ABSOLUTE (IOPATH A Q) = (743, 828)
	ABSOLUTE (IOPATH B Q) = (697, 803)
	ABSOLUTE (IOPATH C Q) = (474, 543)

Annotating to instance g4260__5122 of module NA22HDX1
	ABSOLUTE (IOPATH A Q) = (502, 478)
	ABSOLUTE (IOPATH B Q) = (494, 486)
	ABSOLUTE (IOPATH C Q) = (375, 338)

Annotating to instance g4261 of module INHDX1
	ABSOLUTE (IOPATH A Q) = (443, 429)

Annotating to instance g4262__8246 of module MU2HDX0
	ABSOLUTE (COND ((IN0==0)&&(IN1==1)) (IOPATH S Q)) = (575, 657)
	ABSOLUTE (IOPATH IN1 Q) = (583, 696)
	ABSOLUTE (IOPATH S Q) = (918, 707)
	ABSOLUTE (IOPATH IN0 Q) = (526, 638)

Annotating to instance g4263__7098 of module MU2HDX0
	ABSOLUTE (COND ((IN0==0)&&(IN1==1)) (IOPATH S Q)) = (575, 657)
	ABSOLUTE (IOPATH IN1 Q) = (593, 704)
	ABSOLUTE (IOPATH S Q) = (918, 707)
	ABSOLUTE (IOPATH IN0 Q) = (475, 606)

Annotating to instance g4264__6131 of module MU2HDX0
	ABSOLUTE (COND ((IN0==0)&&(IN1==1)) (IOPATH S Q)) = (617, 678)
	ABSOLUTE (IOPATH IN1 Q) = (634, 724)
	ABSOLUTE (IOPATH S Q) = (958, 728)
	ABSOLUTE (IOPATH IN0 Q) = (589, 691)

Annotating to instance g4265__1881 of module EO2HDX1
	ABSOLUTE (COND (A==1) (IOPATH B Q)) = (884, 682)
	ABSOLUTE (COND (B==1) (IOPATH A Q)) = (832, 635)
	ABSOLUTE (IOPATH A Q) = (872, 786)
	ABSOLUTE (IOPATH B Q) = (942, 872)

Annotating to instance g4266__5115 of module ON21HDX1
	ABSOLUTE (COND ((A==0)&&(B==1)) (IOPATH C Q)) = (435, 362)
	ABSOLUTE (IOPATH A Q) = (463, 282)
	ABSOLUTE (IOPATH B Q) = (429, 269)
	ABSOLUTE (IOPATH C Q) = (434, 273)

Annotating to instance g4267__7482 of module NO5I4HDX1
	ABSOLUTE (IOPATH BN Q) = (1520, 749)
	ABSOLUTE (IOPATH E Q) = (1456, 654)
	ABSOLUTE (IOPATH CN Q) = (1676, 850)
	ABSOLUTE (IOPATH DN Q) = (1599, 845)
	ABSOLUTE (IOPATH AN Q) = (1495, 542)

Annotating to instance g4268 of module INHDX1
	ABSOLUTE (IOPATH A Q) = (446, 468)

Annotating to instance g4269__4733 of module FAHDX0
	ABSOLUTE (IOPATH CI CO) = (801, 828)
	ABSOLUTE (IOPATH A CO) = (924, 1040)
	ABSOLUTE (IOPATH B CO) = (957, 1004)
	ABSOLUTE (IOPATH B S) = (2013, 1443)
	ABSOLUTE (COND ((A==0)&&(CI==0)) (IOPATH B S)) = (1404, 1509)
	ABSOLUTE (IOPATH CI S) = (1743, 1336)
	ABSOLUTE (COND ((A==0)&&(B==1)) (IOPATH CI S)) = (1741, 1348)
	ABSOLUTE (COND ((B==0)&&(CI==0)) (IOPATH A S)) = (1469, 1582)
	ABSOLUTE (COND ((B==1)&&(CI==0)) (IOPATH A S)) = (1981, 1480)
	ABSOLUTE (COND ((A==1)&&(CI==1)) (IOPATH B S)) = (1568, 1321)
	ABSOLUTE (COND ((A==1)&&(B==1)) (IOPATH CI S)) = (1526, 1215)
	ABSOLUTE (COND ((B==1)&&(CI==1)) (IOPATH A S)) = (1562, 1431)
	ABSOLUTE (IOPATH A S) = (2025, 1471)
	ABSOLUTE (COND ((A==0)&&(B==0)) (IOPATH CI S)) = (1301, 1407)
	ABSOLUTE (COND ((A==1)&&(CI==0)) (IOPATH B S)) = (1881, 1502)

Annotating to instance g4270__6161 of module OR2HDX1
	ABSOLUTE (IOPATH A Q) = (385, 570)
	ABSOLUTE (IOPATH B Q) = (355, 543)

Annotating to instance g4271__9315 of module OR2HDX1
	ABSOLUTE (IOPATH A Q) = (387, 577)
	ABSOLUTE (IOPATH B Q) = (357, 550)

Annotating to instance g4272__9945 of module AO221HDX1
	ABSOLUTE (COND (((B==1)&&(D==0))||(((B==0)&&(C==0))&&(D==1))) (IOPATH E Q)) = (436, 949)
	ABSOLUTE (IOPATH B Q) = (532, 999)
	ABSOLUTE (COND (D==1) (IOPATH A Q)) = (664, 1277)
	ABSOLUTE (COND (D==1) (IOPATH B Q)) = (539, 1196)
	ABSOLUTE (COND ((A==1)&&(B==0)) (IOPATH C Q)) = (550, 1152)
	ABSOLUTE (IOPATH D Q) = (774, 1032)
	ABSOLUTE (COND ((A==0)&&(B==1)) (IOPATH D Q)) = (803, 1246)
	ABSOLUTE (IOPATH A Q) = (658, 1064)
	ABSOLUTE (IOPATH C Q) = (548, 1016)
	ABSOLUTE (COND ((A==0)&&(B==1)) (IOPATH C Q)) = (568, 1243)
	ABSOLUTE (COND ((A==1)&&(B==0)) (IOPATH D Q)) = (773, 1153)
	ABSOLUTE (IOPATH E Q) = (421, 860)
	ABSOLUTE (COND ((((A==0)&&(B==1))&&(C==0))&&(D==1)) (IOPATH E Q)) = (451, 1039)

Annotating to instance g4273__2883 of module NO4I3HDX0
	ABSOLUTE (IOPATH D Q) = (741, 461)
	ABSOLUTE (IOPATH BN Q) = (847, 493)
	ABSOLUTE (IOPATH CN Q) = (796, 452)
	ABSOLUTE (IOPATH AN Q) = (894, 450)

Annotating to instance g4274__2346 of module AO32HDX1
	ABSOLUTE (COND (((A==1)&&(B==0))&&(C==1)) (IOPATH E Q)) = (790, 987)
	ABSOLUTE (IOPATH B Q) = (950, 839)
	ABSOLUTE (IOPATH D Q) = (714, 782)
	ABSOLUTE (COND ((((A==0)&&(B==0))&&(C==1))||(((A==1)&&(B==1))&&(C==0))) (IOPATH D Q)) = (740, 899)
	ABSOLUTE (COND ((((A==0)&&(B==1))&&(C==1))||(((A==1)&&(B==0))&&(C==1))) (IOPATH D Q)) = (762, 1036)
	ABSOLUTE (COND (((A==0)&&(B==0))&&(C==1)) (IOPATH E Q)) = (789, 869)
	ABSOLUTE (IOPATH A Q) = (1106, 1199)
	ABSOLUTE (COND (((A==0)&&(B==1))&&(C==1)) (IOPATH E Q)) = (814, 1054)
	ABSOLUTE (COND (((A==1)&&(B==1))&&(C==0)) (IOPATH E Q)) = (760, 912)
	ABSOLUTE (IOPATH C Q) = (962, 943)
	ABSOLUTE (COND (E==1) (IOPATH A Q)) = (1113, 1372)
	ABSOLUTE (COND (E==1) (IOPATH B Q)) = (957, 1019)
	ABSOLUTE (IOPATH E Q) = (759, 811)
	ABSOLUTE (COND (E==1) (IOPATH C Q)) = (968, 1098)

Annotating to instance g4275 of module INHDX1
	ABSOLUTE (IOPATH A Q) = (448, 410)

Annotating to instance g4276__1666 of module NA2HDX1
	ABSOLUTE (IOPATH A Q) = (506, 494)
	ABSOLUTE (IOPATH B Q) = (470, 335)

Annotating to instance g4277__7410 of module AO32HDX1
	ABSOLUTE (COND (((A==1)&&(B==0))&&(C==1)) (IOPATH E Q)) = (501, 812)
	ABSOLUTE (IOPATH B Q) = (610, 665)
	ABSOLUTE (IOPATH D Q) = (442, 599)
	ABSOLUTE (COND ((((A==0)&&(B==0))&&(C==1))||(((A==1)&&(B==1))&&(C==0))) (IOPATH D Q)) = (462, 694)
	ABSOLUTE (COND ((((A==0)&&(B==1))&&(C==1))||(((A==1)&&(B==0))&&(C==1))) (IOPATH D Q)) = (476, 826)
	ABSOLUTE (COND (((A==0)&&(B==0))&&(C==1)) (IOPATH E Q)) = (500, 715)
	ABSOLUTE (IOPATH A Q) = (622, 736)
	ABSOLUTE (COND (((A==0)&&(B==1))&&(C==1)) (IOPATH E Q)) = (515, 878)
	ABSOLUTE (COND (((A==1)&&(B==1))&&(C==0)) (IOPATH E Q)) = (479, 738)
	ABSOLUTE (IOPATH C Q) = (677, 593)
	ABSOLUTE (COND (E==1) (IOPATH A Q)) = (619, 918)
	ABSOLUTE (COND (E==1) (IOPATH B Q)) = (607, 834)
	ABSOLUTE (IOPATH E Q) = (477, 656)
	ABSOLUTE (COND (E==1) (IOPATH C Q)) = (674, 747)

Annotating to instance g4278__6417 of module MU2IHDX1
	ABSOLUTE (COND ((IN0==0)&&(IN1==1)) (IOPATH S Q)) = (504, 333)
	ABSOLUTE (IOPATH IN1 Q) = (797, 574)
	ABSOLUTE (IOPATH S Q) = (619, 589)
	ABSOLUTE (IOPATH IN0 Q) = (678, 380)

Annotating to instance g4279__5477 of module MU2HDX0
	ABSOLUTE (COND ((IN0==0)&&(IN1==1)) (IOPATH S Q)) = (581, 671)
	ABSOLUTE (IOPATH IN1 Q) = (650, 765)
	ABSOLUTE (IOPATH S Q) = (816, 708)
	ABSOLUTE (IOPATH IN0 Q) = (569, 688)

Annotating to instance g4280__2398 of module MU2HDX0
	ABSOLUTE (COND ((IN0==0)&&(IN1==1)) (IOPATH S Q)) = (581, 671)
	ABSOLUTE (IOPATH IN1 Q) = (626, 734)
	ABSOLUTE (IOPATH S Q) = (817, 708)
	ABSOLUTE (IOPATH IN0 Q) = (566, 688)

Annotating to instance g4281__5107 of module NA2HDX1
	ABSOLUTE (IOPATH A Q) = (356, 335)
	ABSOLUTE (IOPATH B Q) = (401, 273)

Annotating to instance g4282__6260 of module NO2I1HDX1
	ABSOLUTE (IOPATH B Q) = (843, 399)
	ABSOLUTE (IOPATH AN Q) = (839, 498)

Annotating to instance g4283__4319 of module NA2HDX1
	ABSOLUTE (IOPATH A Q) = (544, 384)
	ABSOLUTE (IOPATH B Q) = (497, 324)

Annotating to instance g4284__8428 of module ON21HDX1
	ABSOLUTE (COND ((A==0)&&(B==1)) (IOPATH C Q)) = (422, 324)
	ABSOLUTE (IOPATH A Q) = (758, 366)
	ABSOLUTE (IOPATH B Q) = (640, 382)
	ABSOLUTE (IOPATH C Q) = (420, 250)

Annotating to instance g4285__5526 of module NA22HDX1
	ABSOLUTE (IOPATH A Q) = (530, 493)
	ABSOLUTE (IOPATH B Q) = (755, 873)
	ABSOLUTE (IOPATH C Q) = (777, 730)

Annotating to instance g4286 of module INHDX1
	ABSOLUTE (IOPATH A Q) = (270, 265)

Annotating to instance g4287__6783 of module MU2IHDX1
	ABSOLUTE (COND ((IN0==0)&&(IN1==1)) (IOPATH S Q)) = (916, 510)
	ABSOLUTE (IOPATH IN1 Q) = (776, 472)
	ABSOLUTE (IOPATH S Q) = (781, 857)
	ABSOLUTE (IOPATH IN0 Q) = (737, 440)

Annotating to instance g4288__3680 of module MU2IHDX1
	ABSOLUTE (COND ((IN0==0)&&(IN1==1)) (IOPATH S Q)) = (980, 540)
	ABSOLUTE (IOPATH IN1 Q) = (769, 428)
	ABSOLUTE (IOPATH S Q) = (834, 876)
	ABSOLUTE (IOPATH IN0 Q) = (827, 497)

Annotating to instance g4289__1617 of module MU2IHDX1
	ABSOLUTE (COND ((IN0==0)&&(IN1==1)) (IOPATH S Q)) = (973, 536)
	ABSOLUTE (IOPATH IN1 Q) = (726, 399)
	ABSOLUTE (IOPATH S Q) = (828, 873)
	ABSOLUTE (IOPATH IN0 Q) = (740, 424)

Annotating to instance g4290__2802 of module EO2HDX1
	ABSOLUTE (COND (A==1) (IOPATH B Q)) = (666, 636)
	ABSOLUTE (COND (B==1) (IOPATH A Q)) = (496, 613)
	ABSOLUTE (IOPATH A Q) = (595, 946)
	ABSOLUTE (IOPATH B Q) = (689, 1059)

Annotating to instance g4291__1705 of module EO2HDX0
	ABSOLUTE (COND (A==1) (IOPATH B Q)) = (976, 653)
	ABSOLUTE (COND (B==1) (IOPATH A Q)) = (1013, 784)
	ABSOLUTE (IOPATH A Q) = (938, 972)
	ABSOLUTE (IOPATH B Q) = (973, 867)

Annotating to instance g4292__5122 of module MU2IHDX1
	ABSOLUTE (COND ((IN0==0)&&(IN1==1)) (IOPATH S Q)) = (758, 397)
	ABSOLUTE (IOPATH IN1 Q) = (765, 406)
	ABSOLUTE (IOPATH S Q) = (760, 714)
	ABSOLUTE (IOPATH IN0 Q) = (761, 571)

Annotating to instance g4293 of module INHDX1
	ABSOLUTE (IOPATH A Q) = (317, 262)

Annotating to instance g4294__8246 of module EO2HDX1
	ABSOLUTE (COND (A==1) (IOPATH B Q)) = (765, 720)
	ABSOLUTE (COND (B==1) (IOPATH A Q)) = (626, 737)
	ABSOLUTE (IOPATH A Q) = (718, 1008)
	ABSOLUTE (IOPATH B Q) = (797, 1036)

Annotating to instance g4295__7098 of module EO2HDX1
	ABSOLUTE (COND (A==1) (IOPATH B Q)) = (761, 704)
	ABSOLUTE (COND (B==1) (IOPATH A Q)) = (657, 780)
	ABSOLUTE (IOPATH A Q) = (747, 1030)
	ABSOLUTE (IOPATH B Q) = (800, 982)

Annotating to instance g4296__6131 of module EO2HDX1
	ABSOLUTE (COND (A==1) (IOPATH B Q)) = (762, 707)
	ABSOLUTE (COND (B==1) (IOPATH A Q)) = (657, 780)
	ABSOLUTE (IOPATH A Q) = (747, 1030)
	ABSOLUTE (IOPATH B Q) = (801, 986)

Annotating to instance g4297__1881 of module AND2HDX1
	ABSOLUTE (IOPATH A Q) = (516, 419)
	ABSOLUTE (IOPATH B Q) = (670, 717)

Annotating to instance g4298 of module INHDX1
	ABSOLUTE (IOPATH A Q) = (396, 312)

Annotating to instance g4299__5115 of module MU2HDX0
	ABSOLUTE (COND ((IN0==0)&&(IN1==1)) (IOPATH S Q)) = (820, 983)
	ABSOLUTE (IOPATH IN1 Q) = (720, 784)
	ABSOLUTE (IOPATH S Q) = (1477, 837)
	ABSOLUTE (IOPATH IN0 Q) = (734, 786)

Annotating to instance g4300__7482 of module MU2IHDX1
	ABSOLUTE (COND ((IN0==0)&&(IN1==1)) (IOPATH S Q)) = (1115, 785)
	ABSOLUTE (IOPATH IN1 Q) = (846, 479)
	ABSOLUTE (IOPATH S Q) = (904, 1353)
	ABSOLUTE (IOPATH IN0 Q) = (814, 450)

Annotating to instance g4301__4733 of module MU2HDX0
	ABSOLUTE (COND ((IN0==0)&&(IN1==1)) (IOPATH S Q)) = (868, 1006)
	ABSOLUTE (IOPATH IN1 Q) = (786, 821)
	ABSOLUTE (IOPATH S Q) = (1524, 860)
	ABSOLUTE (IOPATH IN0 Q) = (778, 802)

Annotating to instance g4302__6161 of module AND3HDX1
	ABSOLUTE (IOPATH A Q) = (920, 700)
	ABSOLUTE (IOPATH B Q) = (871, 731)
	ABSOLUTE (IOPATH C Q) = (811, 766)

Annotating to instance g4303__9315 of module NO2HDX1
	ABSOLUTE (IOPATH A Q) = (1336, 631)
	ABSOLUTE (IOPATH B Q) = (1186, 436)

Annotating to instance g4304__9945 of module MU2HDX0
	ABSOLUTE (COND ((IN0==0)&&(IN1==1)) (IOPATH S Q)) = (586, 677)
	ABSOLUTE (IOPATH IN1 Q) = (557, 713)
	ABSOLUTE (IOPATH S Q) = (966, 711)
	ABSOLUTE (IOPATH IN0 Q) = (592, 633)

Annotating to instance g4305__2883 of module MU2HDX0
	ABSOLUTE (COND ((IN0==0)&&(IN1==1)) (IOPATH S Q)) = (624, 699)
	ABSOLUTE (IOPATH IN1 Q) = (596, 736)
	ABSOLUTE (IOPATH S Q) = (999, 733)
	ABSOLUTE (IOPATH IN0 Q) = (631, 656)

Annotating to instance g4306__2346 of module MU2HDX0
	ABSOLUTE (COND ((IN0==0)&&(IN1==1)) (IOPATH S Q)) = (585, 677)
	ABSOLUTE (IOPATH IN1 Q) = (557, 713)
	ABSOLUTE (IOPATH S Q) = (965, 710)
	ABSOLUTE (IOPATH IN0 Q) = (592, 633)

Annotating to instance g4307__1666 of module MU2HDX0
	ABSOLUTE (COND ((IN0==0)&&(IN1==1)) (IOPATH S Q)) = (606, 759)
	ABSOLUTE (IOPATH IN1 Q) = (551, 702)
	ABSOLUTE (IOPATH S Q) = (1120, 711)
	ABSOLUTE (IOPATH IN0 Q) = (586, 622)

Annotating to instance g4308__7410 of module MU2HDX0
	ABSOLUTE (COND ((IN0==0)&&(IN1==1)) (IOPATH S Q)) = (524, 583)
	ABSOLUTE (IOPATH IN1 Q) = (624, 670)
	ABSOLUTE (IOPATH S Q) = (744, 678)
	ABSOLUTE (IOPATH IN0 Q) = (580, 725)

Annotating to instance g4309__6417 of module EO2HDX1
	ABSOLUTE (COND (A==1) (IOPATH B Q)) = (1030, 712)
	ABSOLUTE (COND (B==1) (IOPATH A Q)) = (1267, 1480)
	ABSOLUTE (IOPATH A Q) = (1109, 1644)
	ABSOLUTE (IOPATH B Q) = (1025, 897)

Annotating to instance g4310__5477 of module AND2HDX1
	ABSOLUTE (IOPATH A Q) = (851, 845)
	ABSOLUTE (IOPATH B Q) = (578, 569)

Annotating to instance g4311 of module INHDX1
	ABSOLUTE (IOPATH A Q) = (534, 519)

Annotating to instance g4312__2398 of module NO2I1HDX1
	ABSOLUTE (IOPATH B Q) = (983, 696)
	ABSOLUTE (IOPATH AN Q) = (855, 498)

Annotating to instance g4313__5107 of module NA2HDX1
	ABSOLUTE (IOPATH A Q) = (336, 339)
	ABSOLUTE (IOPATH B Q) = (394, 242)

Annotating to instance g4314__6260 of module NA2HDX1
	ABSOLUTE (IOPATH A Q) = (336, 339)
	ABSOLUTE (IOPATH B Q) = (434, 260)

Annotating to instance g4315__4319 of module AND2HDX1
	ABSOLUTE (IOPATH A Q) = (675, 499)
	ABSOLUTE (IOPATH B Q) = (518, 535)

Annotating to instance g4316__8428 of module NA2HDX1
	ABSOLUTE (IOPATH A Q) = (493, 540)
	ABSOLUTE (IOPATH B Q) = (518, 346)

Annotating to instance g4317__5526 of module NO2HDX1
	ABSOLUTE (IOPATH A Q) = (550, 278)
	ABSOLUTE (IOPATH B Q) = (466, 129)

Annotating to instance g4318__6783 of module NO2HDX1
	ABSOLUTE (IOPATH A Q) = (663, 285)
	ABSOLUTE (IOPATH B Q) = (553, 297)

Annotating to instance g4319__3680 of module NO2HDX1
	ABSOLUTE (IOPATH A Q) = (823, 376)
	ABSOLUTE (IOPATH B Q) = (864, 417)

Annotating to instance g4320 of module INHDX1
	ABSOLUTE (IOPATH A Q) = (357, 351)

Annotating to instance g4321 of module INHDX1
	ABSOLUTE (IOPATH A Q) = (692, 732)

Annotating to instance g4322__1617 of module NO3HDX1
	ABSOLUTE (IOPATH A Q) = (610, 256)
	ABSOLUTE (IOPATH B Q) = (604, 260)
	ABSOLUTE (IOPATH C Q) = (624, 270)

Annotating to instance g4323__2802 of module MU2IHDX1
	ABSOLUTE (COND ((IN0==0)&&(IN1==1)) (IOPATH S Q)) = (1324, 783)
	ABSOLUTE (IOPATH IN1 Q) = (1200, 557)
	ABSOLUTE (IOPATH S Q) = (1355, 989)
	ABSOLUTE (IOPATH IN0 Q) = (1193, 562)

Annotating to instance g4324__1705 of module MU2IHDX1
	ABSOLUTE (COND ((IN0==0)&&(IN1==1)) (IOPATH S Q)) = (1318, 784)
	ABSOLUTE (IOPATH IN1 Q) = (1194, 558)
	ABSOLUTE (IOPATH S Q) = (1349, 990)
	ABSOLUTE (IOPATH IN0 Q) = (1187, 563)

Annotating to instance g4325__5122 of module MU2IHDX1
	ABSOLUTE (COND ((IN0==0)&&(IN1==1)) (IOPATH S Q)) = (1306, 779)
	ABSOLUTE (IOPATH IN1 Q) = (1182, 553)
	ABSOLUTE (IOPATH S Q) = (1337, 985)
	ABSOLUTE (IOPATH IN0 Q) = (1175, 558)

Annotating to instance g4327__7098 of module MU2IHDX1
	ABSOLUTE (COND ((IN0==0)&&(IN1==1)) (IOPATH S Q)) = (1950, 1080)
	ABSOLUTE (IOPATH IN1 Q) = (1820, 828)
	ABSOLUTE (IOPATH S Q) = (1969, 1258)
	ABSOLUTE (IOPATH IN0 Q) = (1813, 834)

Annotating to instance g4328__6131 of module MU2IHDX0
	ABSOLUTE (COND ((IN0==0)&&(IN1==1)) (IOPATH S Q)) = (2644, 1368)
	ABSOLUTE (IOPATH IN1 Q) = (2524, 1115)
	ABSOLUTE (IOPATH S Q) = (2642, 1462)
	ABSOLUTE (IOPATH IN0 Q) = (2514, 1118)

Annotating to instance g4329 of module INHDX1
	ABSOLUTE (IOPATH A Q) = (668, 682)

Annotating to instance g4330__1881 of module NA2I1HDX1
	ABSOLUTE (IOPATH B Q) = (686, 463)
	ABSOLUTE (IOPATH AN Q) = (624, 547)

Annotating to instance g4331 of module INHDX1
	ABSOLUTE (IOPATH A Q) = (549, 786)

Annotating to instance g4332__5115 of module NA2I1HDX1
	ABSOLUTE (IOPATH B Q) = (335, 221)
	ABSOLUTE (IOPATH AN Q) = (509, 521)

Annotating to instance g4333__7482 of module NO2HDX1
	ABSOLUTE (IOPATH A Q) = (1334, 478)
	ABSOLUTE (IOPATH B Q) = (1253, 329)

Annotating to instance g2 of module MU2IHDX1
	ABSOLUTE (COND ((IN0==0)&&(IN1==1)) (IOPATH S Q)) = (1578, 908)
	ABSOLUTE (IOPATH IN1 Q) = (1449, 665)
	ABSOLUTE (IOPATH S Q) = (1600, 1096)
	ABSOLUTE (IOPATH IN0 Q) = (1442, 671)

Annotating to instance drc_bufs of module INHDX1
	ABSOLUTE (IOPATH A Q) = (632, 545)

Annotating to instance drc_bufs4343 of module INHDX1
	ABSOLUTE (IOPATH A Q) = (123, 104)

Annotating to instance drc_bufs4352 of module INHDX1
	ABSOLUTE (IOPATH A Q) = (598, 512)

Annotating to instance drc_bufs4354 of module INHDX1
	ABSOLUTE (IOPATH A Q) = (123, 104)

Annotating to instance drc_bufs4361 of module INHDX1
	ABSOLUTE (IOPATH A Q) = (570, 522)

Annotating to instance drc_bufs4363 of module INHDX1
	ABSOLUTE (IOPATH A Q) = (265, 216)

Annotating to instance drc_bufs4373 of module INHDX1
	ABSOLUTE (IOPATH A Q) = (469, 416)

Annotating to instance drc_bufs4374 of module INHDX1
	ABSOLUTE (IOPATH A Q) = (123, 104)

Annotating to instance drc_bufs4381 of module INHDX1
	ABSOLUTE (IOPATH A Q) = (445, 397)

Annotating to instance drc_bufs4382 of module INHDX1
	ABSOLUTE (IOPATH A Q) = (123, 104)

Annotating to instance drc_bufs4388 of module INHDX1
	ABSOLUTE (IOPATH A Q) = (482, 462)

Annotating to instance drc_bufs4390 of module INHDX1
	ABSOLUTE (IOPATH A Q) = (326, 265)

Annotating to instance drc_bufs4396 of module INHDX1
	ABSOLUTE (IOPATH A Q) = (487, 462)

Annotating to instance drc_bufs4398 of module INHDX1
	ABSOLUTE (IOPATH A Q) = (341, 278)

Annotating to instance drc_bufs4404 of module INHDX1
	ABSOLUTE (IOPATH A Q) = (352, 335)

Annotating to instance drc_bufs4406 of module INHDX1
	ABSOLUTE (IOPATH A Q) = (364, 295)

Annotating to instance drc_bufs4413 of module INHDX1
	ABSOLUTE (IOPATH A Q) = (287, 263)

Annotating to instance drc_bufs4414 of module INHDX1
	ABSOLUTE (IOPATH A Q) = (123, 104)
ABSOLUTE PORT: testbench.u1.g4216__2398.A = (0)
ABSOLUTE PORT: testbench.u1.g4216__2398.B = (0)
ABSOLUTE PORT: testbench.u1.g4216__2398.C = (0)
ABSOLUTE PORT: testbench.u1.g4216__2398.D = (0)
ABSOLUTE PORT: testbench.u1.g4216__2398.E = (0)
ABSOLUTE PORT: testbench.u1.g4216__2398.F = (0)
ABSOLUTE PORT: testbench.u1.g4217__5107.A = (0)
ABSOLUTE PORT: testbench.u1.g4217__5107.B = (0)
ABSOLUTE PORT: testbench.u1.g4218__6260.A = (0)
ABSOLUTE PORT: testbench.u1.g4218__6260.B = (0)
ABSOLUTE PORT: testbench.u1.g4219__4319.A = (0)
ABSOLUTE PORT: testbench.u1.g4219__4319.B = (0)
ABSOLUTE PORT: testbench.u1.g4219__4319.C = (0)
ABSOLUTE PORT: testbench.u1.g4219__4319.D = (0)
ABSOLUTE PORT: testbench.u1.g4219__4319.E = (0)
ABSOLUTE PORT: testbench.u1.g4220__8428.A = (0)
ABSOLUTE PORT: testbench.u1.g4220__8428.B = (0)
ABSOLUTE PORT: testbench.u1.g4220__8428.C = (0)
ABSOLUTE PORT: testbench.u1.g4220__8428.D = (0)
ABSOLUTE PORT: testbench.u1.g4220__8428.E = (0)
ABSOLUTE PORT: testbench.u1.g4221__5526.A = (0)
ABSOLUTE PORT: testbench.u1.g4221__5526.B = (0)
ABSOLUTE PORT: testbench.u1.g4221__5526.C = (0)
ABSOLUTE PORT: testbench.u1.g4221__5526.D = (0)
ABSOLUTE PORT: testbench.u1.g4222__6783.A = (0)
ABSOLUTE PORT: testbench.u1.g4222__6783.B = (0)
ABSOLUTE PORT: testbench.u1.g4222__6783.C = (0)
ABSOLUTE PORT: testbench.u1.g4222__6783.D = (0)
ABSOLUTE PORT: testbench.u1.g4222__6783.E = (0)
ABSOLUTE PORT: testbench.u1.g4223__3680.A = (0)
ABSOLUTE PORT: testbench.u1.g4223__3680.B = (0)
ABSOLUTE PORT: testbench.u1.g4223__3680.C = (0)
ABSOLUTE PORT: testbench.u1.g4223__3680.D = (0)
ABSOLUTE PORT: testbench.u1.g4223__3680.E = (0)
ABSOLUTE PORT: testbench.u1.g4223__3680.F = (0)
ABSOLUTE PORT: testbench.u1.g4224__1617.A = (0)
ABSOLUTE PORT: testbench.u1.g4224__1617.B = (0)
ABSOLUTE PORT: testbench.u1.g4224__1617.C = (0)
ABSOLUTE PORT: testbench.u1.g4224__1617.D = (0)
ABSOLUTE PORT: testbench.u1.g4224__1617.E = (0)
ABSOLUTE PORT: testbench.u1.g4225__2802.A = (0)
ABSOLUTE PORT: testbench.u1.g4225__2802.B = (0)
ABSOLUTE PORT: testbench.u1.g4225__2802.C = (0)
ABSOLUTE PORT: testbench.u1.g4225__2802.D = (0)
ABSOLUTE PORT: testbench.u1.g4225__2802.E = (0)
ABSOLUTE PORT: testbench.u1.g4226__1705.A = (0)
ABSOLUTE PORT: testbench.u1.g4226__1705.B = (0)
ABSOLUTE PORT: testbench.u1.g4226__1705.C = (0)
ABSOLUTE PORT: testbench.u1.g4226__1705.D = (0)
ABSOLUTE PORT: testbench.u1.g4226__1705.E = (0)
ABSOLUTE PORT: testbench.u1.g4226__1705.F = (0)
ABSOLUTE PORT: testbench.u1.g4227__5122.A = (0)
ABSOLUTE PORT: testbench.u1.g4227__5122.B = (0)
ABSOLUTE PORT: testbench.u1.g4227__5122.C = (0)
ABSOLUTE PORT: testbench.u1.g4227__5122.D = (0)
ABSOLUTE PORT: testbench.u1.g4228__8246.A = (0)
ABSOLUTE PORT: testbench.u1.g4228__8246.B = (0)
ABSOLUTE PORT: testbench.u1.g4228__8246.C = (0)
ABSOLUTE PORT: testbench.u1.g4228__8246.D = (0)
ABSOLUTE PORT: testbench.u1.g4229__7098.A = (0)
ABSOLUTE PORT: testbench.u1.g4229__7098.B = (0)
ABSOLUTE PORT: testbench.u1.g4229__7098.C = (0)
ABSOLUTE PORT: testbench.u1.g4229__7098.D = (0)
ABSOLUTE PORT: testbench.u1.g4230__6131.IN0 = (0)
ABSOLUTE PORT: testbench.u1.g4230__6131.IN1 = (0)
ABSOLUTE PORT: testbench.u1.g4230__6131.S = (0)
ABSOLUTE PORT: testbench.u1.g4231__1881.A = (0)
ABSOLUTE PORT: testbench.u1.g4231__1881.B = (0)
ABSOLUTE PORT: testbench.u1.g4231__1881.C = (0)
ABSOLUTE PORT: testbench.u1.g4231__1881.D = (0)
ABSOLUTE PORT: testbench.u1.g4231__1881.E = (0)
ABSOLUTE PORT: testbench.u1.g4233.A = (0)
ABSOLUTE PORT: testbench.u1.g4234.A = (0)
ABSOLUTE PORT: testbench.u1.g4237__5115.AN = (0)
ABSOLUTE PORT: testbench.u1.g4237__5115.BN = (0)
ABSOLUTE PORT: testbench.u1.g4237__5115.C = (0)
ABSOLUTE PORT: testbench.u1.g4237__5115.D = (0)
ABSOLUTE PORT: testbench.u1.g4238__7482.A = (0)
ABSOLUTE PORT: testbench.u1.g4238__7482.B = (0)
ABSOLUTE PORT: testbench.u1.g4239__4733.A = (0)
ABSOLUTE PORT: testbench.u1.g4239__4733.B = (0)
ABSOLUTE PORT: testbench.u1.g4239__4733.C = (0)
ABSOLUTE PORT: testbench.u1.g4239__4733.D = (0)
ABSOLUTE PORT: testbench.u1.g4239__4733.E = (0)
ABSOLUTE PORT: testbench.u1.g4239__4733.F = (0)
ABSOLUTE PORT: testbench.u1.g4240__6161.A = (0)
ABSOLUTE PORT: testbench.u1.g4240__6161.B = (0)
ABSOLUTE PORT: testbench.u1.g4241__9315.A = (0)
ABSOLUTE PORT: testbench.u1.g4241__9315.B = (0)
ABSOLUTE PORT: testbench.u1.g4241__9315.C = (0)
ABSOLUTE PORT: testbench.u1.g4241__9315.D = (0)
ABSOLUTE PORT: testbench.u1.g4241__9315.E = (0)
ABSOLUTE PORT: testbench.u1.g4242__9945.AN = (0)
ABSOLUTE PORT: testbench.u1.g4242__9945.B = (0)
ABSOLUTE PORT: testbench.u1.g4243__2883.A = (0)
ABSOLUTE PORT: testbench.u1.g4243__2883.B = (0)
ABSOLUTE PORT: testbench.u1.g4243__2883.C = (0)
ABSOLUTE PORT: testbench.u1.g4244__2346.A = (0)
ABSOLUTE PORT: testbench.u1.g4244__2346.B = (0)
ABSOLUTE PORT: testbench.u1.g4244__2346.C = (0)
ABSOLUTE PORT: testbench.u1.g4244__2346.D = (0)
ABSOLUTE PORT: testbench.u1.g4244__2346.E = (0)
ABSOLUTE PORT: testbench.u1.g4245__1666.A = (0)
ABSOLUTE PORT: testbench.u1.g4245__1666.B = (0)
ABSOLUTE PORT: testbench.u1.g4245__1666.C = (0)
ABSOLUTE PORT: testbench.u1.g4245__1666.D = (0)
ABSOLUTE PORT: testbench.u1.g4245__1666.E = (0)
ABSOLUTE PORT: testbench.u1.g4245__1666.F = (0)
ABSOLUTE PORT: testbench.u1.g4246__7410.A = (0)
ABSOLUTE PORT: testbench.u1.g4246__7410.B = (0)
ABSOLUTE PORT: testbench.u1.g4246__7410.C = (0)
ABSOLUTE PORT: testbench.u1.g4247__6417.A = (0)
ABSOLUTE PORT: testbench.u1.g4247__6417.B = (0)
ABSOLUTE PORT: testbench.u1.g4247__6417.C = (0)
ABSOLUTE PORT: testbench.u1.g4247__6417.D = (0)
ABSOLUTE PORT: testbench.u1.g4247__6417.E = (0)
ABSOLUTE PORT: testbench.u1.g4248__5477.A = (0)
ABSOLUTE PORT: testbench.u1.g4248__5477.B = (0)
ABSOLUTE PORT: testbench.u1.g4248__5477.CI = (0)
ABSOLUTE PORT: testbench.u1.g4249__2398.A = (0)
ABSOLUTE PORT: testbench.u1.g4249__2398.B = (0)
ABSOLUTE PORT: testbench.u1.g4249__2398.C = (0)
ABSOLUTE PORT: testbench.u1.g4249__2398.D = (0)
ABSOLUTE PORT: testbench.u1.g4249__2398.E = (0)
ABSOLUTE PORT: testbench.u1.g4250__5107.A = (0)
ABSOLUTE PORT: testbench.u1.g4250__5107.B = (0)
ABSOLUTE PORT: testbench.u1.g4251__6260.A = (0)
ABSOLUTE PORT: testbench.u1.g4251__6260.B = (0)
ABSOLUTE PORT: testbench.u1.g4251__6260.C = (0)
ABSOLUTE PORT: testbench.u1.g4251__6260.D = (0)
ABSOLUTE PORT: testbench.u1.g4252__4319.A = (0)
ABSOLUTE PORT: testbench.u1.g4252__4319.B = (0)
ABSOLUTE PORT: testbench.u1.g4252__4319.CI = (0)
ABSOLUTE PORT: testbench.u1.g4253__8428.A = (0)
ABSOLUTE PORT: testbench.u1.g4253__8428.B = (0)
ABSOLUTE PORT: testbench.u1.g4253__8428.C = (0)
ABSOLUTE PORT: testbench.u1.g4253__8428.D = (0)
ABSOLUTE PORT: testbench.u1.g4254__5526.A = (0)
ABSOLUTE PORT: testbench.u1.g4254__5526.B = (0)
ABSOLUTE PORT: testbench.u1.g4255__6783.A = (0)
ABSOLUTE PORT: testbench.u1.g4255__6783.B = (0)
ABSOLUTE PORT: testbench.u1.g4256__3680.A = (0)
ABSOLUTE PORT: testbench.u1.g4256__3680.B = (0)
ABSOLUTE PORT: testbench.u1.g4256__3680.C = (0)
ABSOLUTE PORT: testbench.u1.g4256__3680.D = (0)
ABSOLUTE PORT: testbench.u1.g4257__1617.A = (0)
ABSOLUTE PORT: testbench.u1.g4257__1617.B = (0)
ABSOLUTE PORT: testbench.u1.g4258__2802.A = (0)
ABSOLUTE PORT: testbench.u1.g4258__2802.B = (0)
ABSOLUTE PORT: testbench.u1.g4258__2802.C = (0)
ABSOLUTE PORT: testbench.u1.g4258__2802.D = (0)
ABSOLUTE PORT: testbench.u1.g4259__1705.A = (0)
ABSOLUTE PORT: testbench.u1.g4259__1705.B = (0)
ABSOLUTE PORT: testbench.u1.g4259__1705.C = (0)
ABSOLUTE PORT: testbench.u1.g4259__1705.D = (0)
ABSOLUTE PORT: testbench.u1.g4260__5122.A = (0)
ABSOLUTE PORT: testbench.u1.g4260__5122.B = (0)
ABSOLUTE PORT: testbench.u1.g4260__5122.C = (0)
ABSOLUTE PORT: testbench.u1.g4261.A = (0)
ABSOLUTE PORT: testbench.u1.g4262__8246.IN0 = (0)
ABSOLUTE PORT: testbench.u1.g4262__8246.IN1 = (0)
ABSOLUTE PORT: testbench.u1.g4262__8246.S = (0)
ABSOLUTE PORT: testbench.u1.g4263__7098.IN0 = (0)
ABSOLUTE PORT: testbench.u1.g4263__7098.IN1 = (0)
ABSOLUTE PORT: testbench.u1.g4263__7098.S = (0)
ABSOLUTE PORT: testbench.u1.g4264__6131.IN0 = (0)
ABSOLUTE PORT: testbench.u1.g4264__6131.IN1 = (0)
ABSOLUTE PORT: testbench.u1.g4264__6131.S = (0)
ABSOLUTE PORT: testbench.u1.g4265__1881.A = (0)
ABSOLUTE PORT: testbench.u1.g4265__1881.B = (0)
ABSOLUTE PORT: testbench.u1.g4266__5115.A = (0)
ABSOLUTE PORT: testbench.u1.g4266__5115.B = (0)
ABSOLUTE PORT: testbench.u1.g4266__5115.C = (0)
ABSOLUTE PORT: testbench.u1.g4267__7482.AN = (0)
ABSOLUTE PORT: testbench.u1.g4267__7482.BN = (0)
ABSOLUTE PORT: testbench.u1.g4267__7482.CN = (0)
ABSOLUTE PORT: testbench.u1.g4267__7482.DN = (0)
ABSOLUTE PORT: testbench.u1.g4267__7482.E = (0)
ABSOLUTE PORT: testbench.u1.g4268.A = (0)
ABSOLUTE PORT: testbench.u1.g4269__4733.A = (0)
ABSOLUTE PORT: testbench.u1.g4269__4733.B = (0)
ABSOLUTE PORT: testbench.u1.g4269__4733.CI = (0)
ABSOLUTE PORT: testbench.u1.g4270__6161.A = (0)
ABSOLUTE PORT: testbench.u1.g4270__6161.B = (0)
ABSOLUTE PORT: testbench.u1.g4271__9315.A = (0)
ABSOLUTE PORT: testbench.u1.g4271__9315.B = (0)
ABSOLUTE PORT: testbench.u1.g4272__9945.A = (0)
ABSOLUTE PORT: testbench.u1.g4272__9945.B = (0)
ABSOLUTE PORT: testbench.u1.g4272__9945.C = (0)
ABSOLUTE PORT: testbench.u1.g4272__9945.D = (0)
ABSOLUTE PORT: testbench.u1.g4272__9945.E = (0)
ABSOLUTE PORT: testbench.u1.g4273__2883.AN = (0)
ABSOLUTE PORT: testbench.u1.g4273__2883.BN = (0)
ABSOLUTE PORT: testbench.u1.g4273__2883.CN = (0)
ABSOLUTE PORT: testbench.u1.g4273__2883.D = (0)
ABSOLUTE PORT: testbench.u1.g4274__2346.A = (0)
ABSOLUTE PORT: testbench.u1.g4274__2346.B = (0)
ABSOLUTE PORT: testbench.u1.g4274__2346.C = (0)
ABSOLUTE PORT: testbench.u1.g4274__2346.D = (0)
ABSOLUTE PORT: testbench.u1.g4274__2346.E = (0)
ABSOLUTE PORT: testbench.u1.g4275.A = (0)
ABSOLUTE PORT: testbench.u1.g4276__1666.A = (0)
ABSOLUTE PORT: testbench.u1.g4276__1666.B = (0)
ABSOLUTE PORT: testbench.u1.g4277__7410.A = (0)
ABSOLUTE PORT: testbench.u1.g4277__7410.B = (0)
ABSOLUTE PORT: testbench.u1.g4277__7410.C = (0)
ABSOLUTE PORT: testbench.u1.g4277__7410.D = (0)
ABSOLUTE PORT: testbench.u1.g4277__7410.E = (0)
ABSOLUTE PORT: testbench.u1.g4278__6417.IN0 = (0)
ABSOLUTE PORT: testbench.u1.g4278__6417.IN1 = (0)
ABSOLUTE PORT: testbench.u1.g4278__6417.S = (0)
ABSOLUTE PORT: testbench.u1.g4279__5477.IN0 = (0)
ABSOLUTE PORT: testbench.u1.g4279__5477.IN1 = (0)
ABSOLUTE PORT: testbench.u1.g4279__5477.S = (0)
ABSOLUTE PORT: testbench.u1.g4280__2398.IN0 = (0)
ABSOLUTE PORT: testbench.u1.g4280__2398.IN1 = (0)
ABSOLUTE PORT: testbench.u1.g4280__2398.S = (0)
ABSOLUTE PORT: testbench.u1.g4281__5107.A = (0)
ABSOLUTE PORT: testbench.u1.g4281__5107.B = (0)
ABSOLUTE PORT: testbench.u1.g4282__6260.AN = (0)
ABSOLUTE PORT: testbench.u1.g4282__6260.B = (0)
ABSOLUTE PORT: testbench.u1.g4283__4319.A = (0)
ABSOLUTE PORT: testbench.u1.g4283__4319.B = (0)
ABSOLUTE PORT: testbench.u1.g4284__8428.A = (0)
ABSOLUTE PORT: testbench.u1.g4284__8428.B = (0)
ABSOLUTE PORT: testbench.u1.g4284__8428.C = (0)
ABSOLUTE PORT: testbench.u1.g4285__5526.A = (0)
ABSOLUTE PORT: testbench.u1.g4285__5526.B = (0)
ABSOLUTE PORT: testbench.u1.g4285__5526.C = (0)
ABSOLUTE PORT: testbench.u1.g4286.A = (0)
ABSOLUTE PORT: testbench.u1.g4287__6783.IN0 = (0)
ABSOLUTE PORT: testbench.u1.g4287__6783.IN1 = (0)
ABSOLUTE PORT: testbench.u1.g4287__6783.S = (0)
ABSOLUTE PORT: testbench.u1.g4288__3680.IN0 = (0)
ABSOLUTE PORT: testbench.u1.g4288__3680.IN1 = (0)
ABSOLUTE PORT: testbench.u1.g4288__3680.S = (0)
ABSOLUTE PORT: testbench.u1.g4289__1617.IN0 = (0)
ABSOLUTE PORT: testbench.u1.g4289__1617.IN1 = (0)
ABSOLUTE PORT: testbench.u1.g4289__1617.S = (0)
ABSOLUTE PORT: testbench.u1.g4290__2802.A = (0)
ABSOLUTE PORT: testbench.u1.g4290__2802.B = (0)
ABSOLUTE PORT: testbench.u1.g4291__1705.A = (0)
ABSOLUTE PORT: testbench.u1.g4291__1705.B = (0)
ABSOLUTE PORT: testbench.u1.g4292__5122.IN0 = (0)
ABSOLUTE PORT: testbench.u1.g4292__5122.IN1 = (0)
ABSOLUTE PORT: testbench.u1.g4292__5122.S = (0)
ABSOLUTE PORT: testbench.u1.g4293.A = (0)
ABSOLUTE PORT: testbench.u1.g4294__8246.A = (0)
ABSOLUTE PORT: testbench.u1.g4294__8246.B = (0)
ABSOLUTE PORT: testbench.u1.g4295__7098.A = (0)
ABSOLUTE PORT: testbench.u1.g4295__7098.B = (0)
ABSOLUTE PORT: testbench.u1.g4296__6131.A = (0)
ABSOLUTE PORT: testbench.u1.g4296__6131.B = (0)
ABSOLUTE PORT: testbench.u1.g4297__1881.A = (0)
ABSOLUTE PORT: testbench.u1.g4297__1881.B = (0)
ABSOLUTE PORT: testbench.u1.g4298.A = (0)
ABSOLUTE PORT: testbench.u1.g4299__5115.IN0 = (0)
ABSOLUTE PORT: testbench.u1.g4299__5115.IN1 = (0)
ABSOLUTE PORT: testbench.u1.g4299__5115.S = (0)
ABSOLUTE PORT: testbench.u1.g4300__7482.IN0 = (0)
ABSOLUTE PORT: testbench.u1.g4300__7482.IN1 = (0)
ABSOLUTE PORT: testbench.u1.g4300__7482.S = (0)
ABSOLUTE PORT: testbench.u1.g4301__4733.IN0 = (0)
ABSOLUTE PORT: testbench.u1.g4301__4733.IN1 = (0)
ABSOLUTE PORT: testbench.u1.g4301__4733.S = (0)
ABSOLUTE PORT: testbench.u1.g4302__6161.A = (0)
ABSOLUTE PORT: testbench.u1.g4302__6161.B = (0)
ABSOLUTE PORT: testbench.u1.g4302__6161.C = (0)
ABSOLUTE PORT: testbench.u1.g4303__9315.A = (0)
ABSOLUTE PORT: testbench.u1.g4303__9315.B = (0)
ABSOLUTE PORT: testbench.u1.g4304__9945.IN0 = (0)
ABSOLUTE PORT: testbench.u1.g4304__9945.IN1 = (0)
ABSOLUTE PORT: testbench.u1.g4304__9945.S = (0)
ABSOLUTE PORT: testbench.u1.g4305__2883.IN0 = (0)
ABSOLUTE PORT: testbench.u1.g4305__2883.IN1 = (0)
ABSOLUTE PORT: testbench.u1.g4305__2883.S = (0)
ABSOLUTE PORT: testbench.u1.g4306__2346.IN0 = (0)
ABSOLUTE PORT: testbench.u1.g4306__2346.IN1 = (0)
ABSOLUTE PORT: testbench.u1.g4306__2346.S = (0)
ABSOLUTE PORT: testbench.u1.g4307__1666.IN0 = (0)
ABSOLUTE PORT: testbench.u1.g4307__1666.IN1 = (0)
ABSOLUTE PORT: testbench.u1.g4307__1666.S = (0)
ABSOLUTE PORT: testbench.u1.g4308__7410.IN0 = (0)
ABSOLUTE PORT: testbench.u1.g4308__7410.IN1 = (0)
ABSOLUTE PORT: testbench.u1.g4308__7410.S = (0)
ABSOLUTE PORT: testbench.u1.g4309__6417.A = (0)
ABSOLUTE PORT: testbench.u1.g4309__6417.B = (0)
ABSOLUTE PORT: testbench.u1.g4310__5477.A = (0)
ABSOLUTE PORT: testbench.u1.g4310__5477.B = (0)
ABSOLUTE PORT: testbench.u1.g4311.A = (0)
ABSOLUTE PORT: testbench.u1.g4312__2398.AN = (0)
ABSOLUTE PORT: testbench.u1.g4312__2398.B = (0)
ABSOLUTE PORT: testbench.u1.g4313__5107.A = (0)
ABSOLUTE PORT: testbench.u1.g4313__5107.B = (0)
ABSOLUTE PORT: testbench.u1.g4314__6260.A = (0)
ABSOLUTE PORT: testbench.u1.g4314__6260.B = (0)
ABSOLUTE PORT: testbench.u1.g4315__4319.A = (0)
ABSOLUTE PORT: testbench.u1.g4315__4319.B = (0)
ABSOLUTE PORT: testbench.u1.g4316__8428.A = (0)
ABSOLUTE PORT: testbench.u1.g4316__8428.B = (0)
ABSOLUTE PORT: testbench.u1.g4317__5526.A = (0)
ABSOLUTE PORT: testbench.u1.g4317__5526.B = (0)
ABSOLUTE PORT: testbench.u1.g4318__6783.A = (0)
ABSOLUTE PORT: testbench.u1.g4318__6783.B = (0)
ABSOLUTE PORT: testbench.u1.g4319__3680.A = (0)
ABSOLUTE PORT: testbench.u1.g4319__3680.B = (0)
ABSOLUTE PORT: testbench.u1.g4320.A = (0)
ABSOLUTE PORT: testbench.u1.g4321.A = (0)
ABSOLUTE PORT: testbench.u1.g4322__1617.A = (0)
ABSOLUTE PORT: testbench.u1.g4322__1617.B = (0)
ABSOLUTE PORT: testbench.u1.g4322__1617.C = (0)
ABSOLUTE PORT: testbench.u1.g4323__2802.IN0 = (0)
ABSOLUTE PORT: testbench.u1.g4323__2802.IN1 = (0)
ABSOLUTE PORT: testbench.u1.g4323__2802.S = (0)
ABSOLUTE PORT: testbench.u1.g4324__1705.IN0 = (0)
ABSOLUTE PORT: testbench.u1.g4324__1705.IN1 = (0)
ABSOLUTE PORT: testbench.u1.g4324__1705.S = (0)
ABSOLUTE PORT: testbench.u1.g4325__5122.IN0 = (0)
ABSOLUTE PORT: testbench.u1.g4325__5122.IN1 = (0)
ABSOLUTE PORT: testbench.u1.g4325__5122.S = (0)
ABSOLUTE PORT: testbench.u1.g4327__7098.IN0 = (0)
ABSOLUTE PORT: testbench.u1.g4327__7098.IN1 = (0)
ABSOLUTE PORT: testbench.u1.g4327__7098.S = (0)
ABSOLUTE PORT: testbench.u1.g4328__6131.IN0 = (0)
ABSOLUTE PORT: testbench.u1.g4328__6131.IN1 = (0)
ABSOLUTE PORT: testbench.u1.g4328__6131.S = (0)
ABSOLUTE PORT: testbench.u1.g4329.A = (0)
ABSOLUTE PORT: testbench.u1.g4330__1881.AN = (0)
ABSOLUTE PORT: testbench.u1.g4330__1881.B = (0)
ABSOLUTE PORT: testbench.u1.g4331.A = (0)
ABSOLUTE PORT: testbench.u1.g4332__5115.AN = (0)
ABSOLUTE PORT: testbench.u1.g4332__5115.B = (0)
ABSOLUTE PORT: testbench.u1.g4333__7482.A = (0)
ABSOLUTE PORT: testbench.u1.g4333__7482.B = (0)
ABSOLUTE PORT: testbench.u1.g2.IN0 = (0)
ABSOLUTE PORT: testbench.u1.g2.IN1 = (0)
ABSOLUTE PORT: testbench.u1.g2.S = (0)
ABSOLUTE PORT: testbench.u1.drc_bufs.A = (0)
ABSOLUTE PORT: testbench.u1.drc_bufs4343.A = (0)
ABSOLUTE PORT: testbench.u1.drc_bufs4352.A = (0)
ABSOLUTE PORT: testbench.u1.drc_bufs4354.A = (0)
ABSOLUTE PORT: testbench.u1.drc_bufs4361.A = (0)
ABSOLUTE PORT: testbench.u1.drc_bufs4363.A = (0)
ABSOLUTE PORT: testbench.u1.drc_bufs4373.A = (0)
ABSOLUTE PORT: testbench.u1.drc_bufs4374.A = (0)
ABSOLUTE PORT: testbench.u1.drc_bufs4381.A = (0)
ABSOLUTE PORT: testbench.u1.drc_bufs4382.A = (0)
ABSOLUTE PORT: testbench.u1.drc_bufs4388.A = (0)
ABSOLUTE PORT: testbench.u1.drc_bufs4390.A = (0)
ABSOLUTE PORT: testbench.u1.drc_bufs4396.A = (0)
ABSOLUTE PORT: testbench.u1.drc_bufs4398.A = (0)
ABSOLUTE PORT: testbench.u1.drc_bufs4404.A = (0)
ABSOLUTE PORT: testbench.u1.drc_bufs4406.A = (0)
ABSOLUTE PORT: testbench.u1.drc_bufs4413.A = (0)
ABSOLUTE PORT: testbench.u1.drc_bufs4414.A = (0)
