Picked up _JAVA_OPTIONS:  -XX:+ExitOnOutOfMemoryError -XX:OnOutOfMemoryError="touch /lab/sck17/Pobrane/SCK_PROJ_0/WORK/verisium_debug_logs/out_of_memory_error" 
CompilerOracle: exclude javax/swing/text/GlyphView.getBreakSpot
Loading libdac.so from /cad/cadence_2024/verisium/tools/lib/64bit/libdac.so
in 'JDACTBDataProvider::openDBInner', dbPath = sim_model, getExplicitLwdFlag() = null


**** found lwd dir to be: /lab/sck17/Pobrane/SCK_PROJ_0/WORK/xcelium.d/worklib/testbench/v



**** found cdslib to be: /lab/sck17/Pobrane/SCK_PROJ_0/WORK/xcelium.d/run.d/cds.lib

in 'SimConnect::loadSnapshotHelper', 'dbH' represents 'sim_model' db, 'lwdDbH' represents 'sim_model' db, PPEAttributes were fetched from 'sim_model' db. PPEAttributes values:
    isAutofetch = false
    isPersistentSources = false
    isXprop = false
    cdslib = /lab/sck17/Pobrane/SCK_PROJ_0/WORK/xcelium.d/run.d/cds.lib
    snapshot = worklib.testbench:v
    workdir = /lab/sck17/Pobrane/SCK_PROJ_0/WORK
    xceliumDir = /lab/sck17/Pobrane/SCK_PROJ_0/WORK/xcelium.d
    rundDir = /lab/sck17/Pobrane/SCK_PROJ_0/WORK/xcelium.d/run.d
    bits = 64
    cds_implicit_tmpdir = 
    cds_alternate_tmpdir = 
    du_agent = 
    lwddir = /lab/sck17/Pobrane/SCK_PROJ_0/WORK/xcelium.d/worklib/testbench/v
    cds_alternate_cdslib = 
    elab_options = -CDSLIB ./xcelium.d/run.lnx8664.23.03.d/cds.lib -HDLVAR ./xcelium.d/run.lnx8664.23.03.d/hdl.var -WORK worklib -ENABLE_ALCOMB_EXT_OPT -ERROR 1 -ENABLE_SVMEMOPT -ENABLE_EXT_LOCAL_VISIBILITY -TIMESCALE 1ns/1ps -MESSAGES -ACCESS +rwc -CREATEDEBUGDB worklib.testbench:v
    found = true
    nclsRun = false
    includeCdslib = true
    nclsOpts =  -snapshot -cdslib /lab/sck17/Pobrane/SCK_PROJ_0/WORK/xcelium.d/run.d/cds.lib -64
    isMceMode = false
    isMceInvolved = false
    mceLshmDbPath = 
    lowPowerInformationAvailable = false
    hasLshmFile = false
    workdirIsDirectory = true
    hasOverlayRelatedInformation = true
    cds_implicit_tmplib = worklib
    cds_other_implicit_tmplibs = 

in 'SimConnect::generateDuAgentCommand', cmd = [/cad/cadence_2024/verisium/tools.lnx86/simvision/bin/64bit/cds-avs-du-agent, -nocopyright, -nowarn, DLNOCL, -xlm_install_root, /cad/cadence_2024/xcelium, -cdslib, /lab/sck17/Pobrane/SCK_PROJ_0/WORK/xcelium.d/run.d/cds.lib, -cds_implicit_tmplib, worklib, -lwddir, /lab/sck17/Pobrane/SCK_PROJ_0/WORK/xcelium.d/worklib/testbench/v/debug_db, -cellname, testbench, -64]
in 'SimConnect::execDuAgent_usingPreEstablishedServiceConnection', duAgent process pid = 15777


in 'SimConnect::simControlConnectWithPreEstablishedConnection' overlay db = sim_model, overlayH = 9, is valid = true, operation = dapOpenOverlay, duFilename = /lab/sck17/Pobrane/SCK_PROJ_0/WORK/xcelium.d/worklib/testbench/v/debug_db/testbench/testbench.dsn, isLiveSim = false

Dump DB Order:
Strap design: sim_model #9
 --> sim_model #16
 --> /lab/sck17/Pobrane/SCK_PROJ_0/WORK/xcelium.d/worklib/testbench/v/debug_db/testbench/testbench.dsn #17

End of dump DB Order



Dump DB Order:
Strap design: sim_model #9
 --> sim_model #16
 --> /lab/sck17/Pobrane/SCK_PROJ_0/WORK/xcelium.d/worklib/testbench/v/debug_db/testbench/testbench.dsn #17

End of dump DB Order




**** found cdslib to be: /lab/sck17/Pobrane/SCK_PROJ_0/WORK/xcelium.d/run.lnx8664.23.03.d/cds.lib



**** Lwd path was derived from given DB. Loading lwd file from: /lab/sck17/Pobrane/SCK_PROJ_0/WORK/xcelium.d/worklib/testbench/v

### Excluding compile: javax.swing.text.GlyphView::getBreakSpot
in 'JDACTBDataProvider::notifyLiveConnectionDB', sessionId = shell





Dump DB Order:
Strap design: sim_model #9
 --> sim_model #16
 --> /lab/sck17/Pobrane/SCK_PROJ_0/WORK/xcelium.d/worklib/testbench/v/debug_db/testbench/testbench.dsn #17

End of dump DB Order


in 'SimConnect::unloadSnapshot', terminating pid = 15777

Dump DB Order:

End of dump DB Order



Dump DB Order:

End of dump DB Order


in 'JDACTBDataProvider::openDBInner', dbPath = /lab/sck17/Pobrane/SCK_PROJ_0/WORK/sim_model, getExplicitLwdFlag() = null


**** found lwd dir to be: /lab/sck17/Pobrane/SCK_PROJ_0/WORK/xcelium.d/worklib/testbench/v



**** found cdslib to be: /lab/sck17/Pobrane/SCK_PROJ_0/WORK/xcelium.d/run.d/cds.lib

in 'SimConnect::loadSnapshotHelper', 'dbH' represents 'sim_model' db, 'lwdDbH' represents 'sim_model' db, PPEAttributes were fetched from 'sim_model' db. PPEAttributes values:
    isAutofetch = false
    isPersistentSources = false
    isXprop = false
    cdslib = /lab/sck17/Pobrane/SCK_PROJ_0/WORK/xcelium.d/run.d/cds.lib
    snapshot = worklib.testbench:v
    workdir = /lab/sck17/Pobrane/SCK_PROJ_0/WORK
    xceliumDir = /lab/sck17/Pobrane/SCK_PROJ_0/WORK/xcelium.d
    rundDir = /lab/sck17/Pobrane/SCK_PROJ_0/WORK/xcelium.d/run.d
    bits = 64
    cds_implicit_tmpdir = 
    cds_alternate_tmpdir = 
    du_agent = 
    lwddir = /lab/sck17/Pobrane/SCK_PROJ_0/WORK/xcelium.d/worklib/testbench/v
    cds_alternate_cdslib = 
    elab_options = -CDSLIB ./xcelium.d/run.lnx8664.23.03.d/cds.lib -HDLVAR ./xcelium.d/run.lnx8664.23.03.d/hdl.var -WORK worklib -ENABLE_ALCOMB_EXT_OPT -ERROR 1 -ENABLE_SVMEMOPT -ENABLE_EXT_LOCAL_VISIBILITY -TIMESCALE 1ns/1ps -MESSAGES -ACCESS +rwc -CREATEDEBUGDB worklib.testbench:v
    found = true
    nclsRun = false
    includeCdslib = true
    nclsOpts =  -snapshot -cdslib /lab/sck17/Pobrane/SCK_PROJ_0/WORK/xcelium.d/run.d/cds.lib -64
    isMceMode = false
    isMceInvolved = false
    mceLshmDbPath = 
    lowPowerInformationAvailable = false
    hasLshmFile = false
    workdirIsDirectory = true
    hasOverlayRelatedInformation = true
    cds_implicit_tmplib = worklib
    cds_other_implicit_tmplibs = 

in 'SimConnect::generateDuAgentCommand', cmd = [/cad/cadence_2024/verisium/tools.lnx86/simvision/bin/64bit/cds-avs-du-agent, -nocopyright, -nowarn, DLNOCL, -xlm_install_root, /cad/cadence_2024/xcelium, -cdslib, /lab/sck17/Pobrane/SCK_PROJ_0/WORK/xcelium.d/run.d/cds.lib, -cds_implicit_tmplib, worklib, -lwddir, /lab/sck17/Pobrane/SCK_PROJ_0/WORK/xcelium.d/worklib/testbench/v/debug_db, -cellname, testbench, -64]
in 'SimConnect::execDuAgent_usingPreEstablishedServiceConnection', duAgent process pid = 16550


in 'SimConnect::simControlConnectWithPreEstablishedConnection' overlay db = sim_model, overlayH = 9, is valid = true, operation = dapOpenOverlay, duFilename = /lab/sck17/Pobrane/SCK_PROJ_0/WORK/xcelium.d/worklib/testbench/v/debug_db/testbench/testbench.dsn, isLiveSim = false

Dump DB Order:
Strap design: sim_model #9
 --> sim_model #21
 --> /lab/sck17/Pobrane/SCK_PROJ_0/WORK/xcelium.d/worklib/testbench/v/debug_db/testbench/testbench.dsn #20

End of dump DB Order



Dump DB Order:
Strap design: sim_model #9
 --> sim_model #21
 --> /lab/sck17/Pobrane/SCK_PROJ_0/WORK/xcelium.d/worklib/testbench/v/debug_db/testbench/testbench.dsn #20

End of dump DB Order




**** found cdslib to be: /lab/sck17/Pobrane/SCK_PROJ_0/WORK/xcelium.d/run.lnx8664.23.03.d/cds.lib



**** Lwd path was derived from given DB. Loading lwd file from: /lab/sck17/Pobrane/SCK_PROJ_0/WORK/xcelium.d/worklib/testbench/v


Dump DB Order:
Strap design: sim_model #9
 --> sim_model #21
 --> /lab/sck17/Pobrane/SCK_PROJ_0/WORK/xcelium.d/worklib/testbench/v/debug_db/testbench/testbench.dsn #20

End of dump DB Order






Before reload:

Dump DB Order:
Strap design: sim_model #9
 --> sim_model #21
 --> /lab/sck17/Pobrane/SCK_PROJ_0/WORK/xcelium.d/worklib/testbench/v/debug_db/testbench/testbench.dsn #20

End of dump DB Order


After reload:

Dump DB Order:
Strap design: sim_model #9
 --> sim_model #21
 --> /lab/sck17/Pobrane/SCK_PROJ_0/WORK/xcelium.d/worklib/testbench/v/debug_db/testbench/testbench.dsn #20

End of dump DB Order








Before reload:

Dump DB Order:
Strap design: sim_model #9
 --> sim_model #21
 --> /lab/sck17/Pobrane/SCK_PROJ_0/WORK/xcelium.d/worklib/testbench/v/debug_db/testbench/testbench.dsn #20

End of dump DB Order


After reload:

Dump DB Order:
Strap design: sim_model #9
 --> sim_model #21
 --> /lab/sck17/Pobrane/SCK_PROJ_0/WORK/xcelium.d/worklib/testbench/v/debug_db/testbench/testbench.dsn #20

End of dump DB Order











Dump DB Order:
Strap design: sim_model #9
 --> sim_model #21
 --> /lab/sck17/Pobrane/SCK_PROJ_0/WORK/xcelium.d/worklib/testbench/v/debug_db/testbench/testbench.dsn #20

End of dump DB Order


in 'SimConnect::unloadSnapshot', terminating pid = 16550

Dump DB Order:

End of dump DB Order



Dump DB Order:

End of dump DB Order


in 'JDACTBDataProvider::openDBInner', dbPath = /lab/sck17/Pobrane/SCK_PROJ_0/WORK/sim_model, getExplicitLwdFlag() = null


**** found lwd dir to be: /lab/sck17/Pobrane/SCK_PROJ_0/WORK/xcelium.d/worklib/testbench/v



**** found cdslib to be: /lab/sck17/Pobrane/SCK_PROJ_0/WORK/xcelium.d/run.d/cds.lib

in 'SimConnect::loadSnapshotHelper', 'dbH' represents 'sim_model' db, 'lwdDbH' represents 'sim_model' db, PPEAttributes were fetched from 'sim_model' db. PPEAttributes values:
    isAutofetch = false
    isPersistentSources = false
    isXprop = false
    cdslib = /lab/sck17/Pobrane/SCK_PROJ_0/WORK/xcelium.d/run.d/cds.lib
    snapshot = worklib.testbench:v
    workdir = /lab/sck17/Pobrane/SCK_PROJ_0/WORK
    xceliumDir = /lab/sck17/Pobrane/SCK_PROJ_0/WORK/xcelium.d
    rundDir = /lab/sck17/Pobrane/SCK_PROJ_0/WORK/xcelium.d/run.d
    bits = 64
    cds_implicit_tmpdir = 
    cds_alternate_tmpdir = 
    du_agent = 
    lwddir = /lab/sck17/Pobrane/SCK_PROJ_0/WORK/xcelium.d/worklib/testbench/v
    cds_alternate_cdslib = 
    elab_options = -CDSLIB ./xcelium.d/run.lnx8664.23.03.d/cds.lib -HDLVAR ./xcelium.d/run.lnx8664.23.03.d/hdl.var -WORK worklib -ENABLE_ALCOMB_EXT_OPT -ERROR 1 -ENABLE_SVMEMOPT -ENABLE_EXT_LOCAL_VISIBILITY -TIMESCALE 1ns/1ps -MESSAGES -ACCESS +rwc -CREATEDEBUGDB worklib.testbench:v
    found = true
    nclsRun = false
    includeCdslib = true
    nclsOpts =  -snapshot -cdslib /lab/sck17/Pobrane/SCK_PROJ_0/WORK/xcelium.d/run.d/cds.lib -64
    isMceMode = false
    isMceInvolved = false
    mceLshmDbPath = 
    lowPowerInformationAvailable = false
    hasLshmFile = false
    workdirIsDirectory = true
    hasOverlayRelatedInformation = true
    cds_implicit_tmplib = worklib
    cds_other_implicit_tmplibs = 

in 'SimConnect::generateDuAgentCommand', cmd = [/cad/cadence_2024/verisium/tools.lnx86/simvision/bin/64bit/cds-avs-du-agent, -nocopyright, -nowarn, DLNOCL, -xlm_install_root, /cad/cadence_2024/xcelium, -cdslib, /lab/sck17/Pobrane/SCK_PROJ_0/WORK/xcelium.d/run.d/cds.lib, -cds_implicit_tmplib, worklib, -lwddir, /lab/sck17/Pobrane/SCK_PROJ_0/WORK/xcelium.d/worklib/testbench/v/debug_db, -cellname, testbench, -64]
in 'SimConnect::execDuAgent_usingPreEstablishedServiceConnection', duAgent process pid = 16791


in 'SimConnect::simControlConnectWithPreEstablishedConnection' overlay db = sim_model, overlayH = 9, is valid = true, operation = dapOpenOverlay, duFilename = /lab/sck17/Pobrane/SCK_PROJ_0/WORK/xcelium.d/worklib/testbench/v/debug_db/testbench/testbench.dsn, isLiveSim = false

Dump DB Order:
Strap design: sim_model #9
 --> sim_model #26
 --> /lab/sck17/Pobrane/SCK_PROJ_0/WORK/xcelium.d/worklib/testbench/v/debug_db/testbench/testbench.dsn #27

End of dump DB Order



Dump DB Order:
Strap design: sim_model #9
 --> sim_model #26
 --> /lab/sck17/Pobrane/SCK_PROJ_0/WORK/xcelium.d/worklib/testbench/v/debug_db/testbench/testbench.dsn #27

End of dump DB Order




**** found cdslib to be: /lab/sck17/Pobrane/SCK_PROJ_0/WORK/xcelium.d/run.lnx8664.23.03.d/cds.lib



**** Lwd path was derived from given DB. Loading lwd file from: /lab/sck17/Pobrane/SCK_PROJ_0/WORK/xcelium.d/worklib/testbench/v


Dump DB Order:
Strap design: sim_model #9
 --> sim_model #26
 --> /lab/sck17/Pobrane/SCK_PROJ_0/WORK/xcelium.d/worklib/testbench/v/debug_db/testbench/testbench.dsn #27

End of dump DB Order













Dump DB Order:
Strap design: sim_model #9
 --> sim_model #26
 --> /lab/sck17/Pobrane/SCK_PROJ_0/WORK/xcelium.d/worklib/testbench/v/debug_db/testbench/testbench.dsn #27

End of dump DB Order


in 'SimConnect::unloadSnapshot', terminating pid = 16791

Dump DB Order:

End of dump DB Order



Dump DB Order:

End of dump DB Order


in 'JDACTBDataProvider::openDBInner', dbPath = /lab/sck17/Pobrane/SCK_PROJ_0/WORK/sim_model, getExplicitLwdFlag() = null


**** found lwd dir to be: /lab/sck17/Pobrane/SCK_PROJ_0/WORK/xcelium.d/worklib/testbench/v



**** found cdslib to be: /lab/sck17/Pobrane/SCK_PROJ_0/WORK/xcelium.d/run.d/cds.lib

in 'SimConnect::loadSnapshotHelper', 'dbH' represents 'sim_model' db, 'lwdDbH' represents 'sim_model' db, PPEAttributes were fetched from 'sim_model' db. PPEAttributes values:
    isAutofetch = false
    isPersistentSources = false
    isXprop = false
    cdslib = /lab/sck17/Pobrane/SCK_PROJ_0/WORK/xcelium.d/run.d/cds.lib
    snapshot = worklib.testbench:v
    workdir = /lab/sck17/Pobrane/SCK_PROJ_0/WORK
    xceliumDir = /lab/sck17/Pobrane/SCK_PROJ_0/WORK/xcelium.d
    rundDir = /lab/sck17/Pobrane/SCK_PROJ_0/WORK/xcelium.d/run.d
    bits = 64
    cds_implicit_tmpdir = 
    cds_alternate_tmpdir = 
    du_agent = 
    lwddir = /lab/sck17/Pobrane/SCK_PROJ_0/WORK/xcelium.d/worklib/testbench/v
    cds_alternate_cdslib = 
    elab_options = -CDSLIB ./xcelium.d/run.lnx8664.23.03.d/cds.lib -HDLVAR ./xcelium.d/run.lnx8664.23.03.d/hdl.var -WORK worklib -ENABLE_ALCOMB_EXT_OPT -ERROR 1 -ENABLE_SVMEMOPT -ENABLE_EXT_LOCAL_VISIBILITY -TIMESCALE 1ns/1ps -MESSAGES -ACCESS +rwc -CREATEDEBUGDB worklib.testbench:v
    found = true
    nclsRun = false
    includeCdslib = true
    nclsOpts =  -snapshot -cdslib /lab/sck17/Pobrane/SCK_PROJ_0/WORK/xcelium.d/run.d/cds.lib -64
    isMceMode = false
    isMceInvolved = false
    mceLshmDbPath = 
    lowPowerInformationAvailable = false
    hasLshmFile = false
    workdirIsDirectory = true
    hasOverlayRelatedInformation = true
    cds_implicit_tmplib = worklib
    cds_other_implicit_tmplibs = 

in 'SimConnect::generateDuAgentCommand', cmd = [/cad/cadence_2024/verisium/tools.lnx86/simvision/bin/64bit/cds-avs-du-agent, -nocopyright, -nowarn, DLNOCL, -xlm_install_root, /cad/cadence_2024/xcelium, -cdslib, /lab/sck17/Pobrane/SCK_PROJ_0/WORK/xcelium.d/run.d/cds.lib, -cds_implicit_tmplib, worklib, -lwddir, /lab/sck17/Pobrane/SCK_PROJ_0/WORK/xcelium.d/worklib/testbench/v/debug_db, -cellname, testbench, -64]
in 'SimConnect::execDuAgent_usingPreEstablishedServiceConnection', duAgent process pid = 17640


in 'SimConnect::simControlConnectWithPreEstablishedConnection' overlay db = sim_model, overlayH = 9, is valid = true, operation = dapOpenOverlay, duFilename = /lab/sck17/Pobrane/SCK_PROJ_0/WORK/xcelium.d/worklib/testbench/v/debug_db/testbench/testbench.dsn, isLiveSim = false

Dump DB Order:
Strap design: sim_model #9
 --> sim_model #27
 --> /lab/sck17/Pobrane/SCK_PROJ_0/WORK/xcelium.d/worklib/testbench/v/debug_db/testbench/testbench.dsn #26

End of dump DB Order



Dump DB Order:
Strap design: sim_model #9
 --> sim_model #27
 --> /lab/sck17/Pobrane/SCK_PROJ_0/WORK/xcelium.d/worklib/testbench/v/debug_db/testbench/testbench.dsn #26

End of dump DB Order




**** found cdslib to be: /lab/sck17/Pobrane/SCK_PROJ_0/WORK/xcelium.d/run.lnx8664.23.03.d/cds.lib



**** Lwd path was derived from given DB. Loading lwd file from: /lab/sck17/Pobrane/SCK_PROJ_0/WORK/xcelium.d/worklib/testbench/v


Dump DB Order:
Strap design: sim_model #9
 --> sim_model #27
 --> /lab/sck17/Pobrane/SCK_PROJ_0/WORK/xcelium.d/worklib/testbench/v/debug_db/testbench/testbench.dsn #26

End of dump DB Order















Dump DB Order:
Strap design: sim_model #9
 --> sim_model #27
 --> /lab/sck17/Pobrane/SCK_PROJ_0/WORK/xcelium.d/worklib/testbench/v/debug_db/testbench/testbench.dsn #26

End of dump DB Order


in 'SimConnect::unloadSnapshot', terminating pid = 17640

Dump DB Order:

End of dump DB Order



Dump DB Order:

End of dump DB Order


in 'JDACTBDataProvider::openDBInner', dbPath = /lab/sck17/Pobrane/SCK_PROJ_0/WORK/sim_model, getExplicitLwdFlag() = null


**** found lwd dir to be: /lab/sck17/Pobrane/SCK_PROJ_0/WORK/xcelium.d/worklib/testbench/v



**** found cdslib to be: /lab/sck17/Pobrane/SCK_PROJ_0/WORK/xcelium.d/run.d/cds.lib

in 'SimConnect::loadSnapshotHelper', 'dbH' represents 'sim_model' db, 'lwdDbH' represents 'sim_model' db, PPEAttributes were fetched from 'sim_model' db. PPEAttributes values:
    isAutofetch = false
    isPersistentSources = false
    isXprop = false
    cdslib = /lab/sck17/Pobrane/SCK_PROJ_0/WORK/xcelium.d/run.d/cds.lib
    snapshot = worklib.testbench:v
    workdir = /lab/sck17/Pobrane/SCK_PROJ_0/WORK
    xceliumDir = /lab/sck17/Pobrane/SCK_PROJ_0/WORK/xcelium.d
    rundDir = /lab/sck17/Pobrane/SCK_PROJ_0/WORK/xcelium.d/run.d
    bits = 64
    cds_implicit_tmpdir = 
    cds_alternate_tmpdir = 
    du_agent = 
    lwddir = /lab/sck17/Pobrane/SCK_PROJ_0/WORK/xcelium.d/worklib/testbench/v
    cds_alternate_cdslib = 
    elab_options = -CDSLIB ./xcelium.d/run.lnx8664.23.03.d/cds.lib -HDLVAR ./xcelium.d/run.lnx8664.23.03.d/hdl.var -WORK worklib -ENABLE_ALCOMB_EXT_OPT -ERROR 1 -ENABLE_SVMEMOPT -ENABLE_EXT_LOCAL_VISIBILITY -TIMESCALE 1ns/1ps -MESSAGES -ACCESS +rwc -CREATEDEBUGDB worklib.testbench:v
    found = true
    nclsRun = false
    includeCdslib = true
    nclsOpts =  -snapshot -cdslib /lab/sck17/Pobrane/SCK_PROJ_0/WORK/xcelium.d/run.d/cds.lib -64
    isMceMode = false
    isMceInvolved = false
    mceLshmDbPath = 
    lowPowerInformationAvailable = false
    hasLshmFile = false
    workdirIsDirectory = true
    hasOverlayRelatedInformation = true
    cds_implicit_tmplib = worklib
    cds_other_implicit_tmplibs = 

in 'SimConnect::generateDuAgentCommand', cmd = [/cad/cadence_2024/verisium/tools.lnx86/simvision/bin/64bit/cds-avs-du-agent, -nocopyright, -nowarn, DLNOCL, -xlm_install_root, /cad/cadence_2024/xcelium, -cdslib, /lab/sck17/Pobrane/SCK_PROJ_0/WORK/xcelium.d/run.d/cds.lib, -cds_implicit_tmplib, worklib, -lwddir, /lab/sck17/Pobrane/SCK_PROJ_0/WORK/xcelium.d/worklib/testbench/v/debug_db, -cellname, testbench, -64]
in 'SimConnect::execDuAgent_usingPreEstablishedServiceConnection', duAgent process pid = 17947


in 'SimConnect::simControlConnectWithPreEstablishedConnection' overlay db = sim_model, overlayH = 9, is valid = true, operation = dapOpenOverlay, duFilename = /lab/sck17/Pobrane/SCK_PROJ_0/WORK/xcelium.d/worklib/testbench/v/debug_db/testbench/testbench.dsn, isLiveSim = false

Dump DB Order:
Strap design: sim_model #9
 --> sim_model #29
 --> /lab/sck17/Pobrane/SCK_PROJ_0/WORK/xcelium.d/worklib/testbench/v/debug_db/testbench/testbench.dsn #36

End of dump DB Order



Dump DB Order:
Strap design: sim_model #9
 --> sim_model #29
 --> /lab/sck17/Pobrane/SCK_PROJ_0/WORK/xcelium.d/worklib/testbench/v/debug_db/testbench/testbench.dsn #36

End of dump DB Order




**** found cdslib to be: /lab/sck17/Pobrane/SCK_PROJ_0/WORK/xcelium.d/run.lnx8664.23.03.d/cds.lib



**** Lwd path was derived from given DB. Loading lwd file from: /lab/sck17/Pobrane/SCK_PROJ_0/WORK/xcelium.d/worklib/testbench/v


Dump DB Order:
Strap design: sim_model #9
 --> sim_model #29
 --> /lab/sck17/Pobrane/SCK_PROJ_0/WORK/xcelium.d/worklib/testbench/v/debug_db/testbench/testbench.dsn #36

End of dump DB Order

















Dump DB Order:
Strap design: sim_model #9
 --> sim_model #29
 --> /lab/sck17/Pobrane/SCK_PROJ_0/WORK/xcelium.d/worklib/testbench/v/debug_db/testbench/testbench.dsn #36

End of dump DB Order


in 'SimConnect::unloadSnapshot', terminating pid = 17947

Dump DB Order:

End of dump DB Order



Dump DB Order:

End of dump DB Order


in 'JDACTBDataProvider::openDBInner', dbPath = /lab/sck17/Pobrane/SCK_PROJ_0/WORK/sim_model, getExplicitLwdFlag() = null


**** found lwd dir to be: /lab/sck17/Pobrane/SCK_PROJ_0/WORK/xcelium.d/worklib/testbench/v



**** found cdslib to be: /lab/sck17/Pobrane/SCK_PROJ_0/WORK/xcelium.d/run.d/cds.lib

in 'SimConnect::loadSnapshotHelper', 'dbH' represents 'sim_model' db, 'lwdDbH' represents 'sim_model' db, PPEAttributes were fetched from 'sim_model' db. PPEAttributes values:
    isAutofetch = false
    isPersistentSources = false
    isXprop = false
    cdslib = /lab/sck17/Pobrane/SCK_PROJ_0/WORK/xcelium.d/run.d/cds.lib
    snapshot = worklib.testbench:v
    workdir = /lab/sck17/Pobrane/SCK_PROJ_0/WORK
    xceliumDir = /lab/sck17/Pobrane/SCK_PROJ_0/WORK/xcelium.d
    rundDir = /lab/sck17/Pobrane/SCK_PROJ_0/WORK/xcelium.d/run.d
    bits = 64
    cds_implicit_tmpdir = 
    cds_alternate_tmpdir = 
    du_agent = 
    lwddir = /lab/sck17/Pobrane/SCK_PROJ_0/WORK/xcelium.d/worklib/testbench/v
    cds_alternate_cdslib = 
    elab_options = -CDSLIB ./xcelium.d/run.lnx8664.23.03.d/cds.lib -HDLVAR ./xcelium.d/run.lnx8664.23.03.d/hdl.var -WORK worklib -ENABLE_ALCOMB_EXT_OPT -ERROR 1 -ENABLE_SVMEMOPT -ENABLE_EXT_LOCAL_VISIBILITY -TIMESCALE 1ns/1ps -MESSAGES -ACCESS +rwc -CREATEDEBUGDB worklib.testbench:v
    found = true
    nclsRun = false
    includeCdslib = true
    nclsOpts =  -snapshot -cdslib /lab/sck17/Pobrane/SCK_PROJ_0/WORK/xcelium.d/run.d/cds.lib -64
    isMceMode = false
    isMceInvolved = false
    mceLshmDbPath = 
    lowPowerInformationAvailable = false
    hasLshmFile = false
    workdirIsDirectory = true
    hasOverlayRelatedInformation = true
    cds_implicit_tmplib = worklib
    cds_other_implicit_tmplibs = 

in 'SimConnect::generateDuAgentCommand', cmd = [/cad/cadence_2024/verisium/tools.lnx86/simvision/bin/64bit/cds-avs-du-agent, -nocopyright, -nowarn, DLNOCL, -xlm_install_root, /cad/cadence_2024/xcelium, -cdslib, /lab/sck17/Pobrane/SCK_PROJ_0/WORK/xcelium.d/run.d/cds.lib, -cds_implicit_tmplib, worklib, -lwddir, /lab/sck17/Pobrane/SCK_PROJ_0/WORK/xcelium.d/worklib/testbench/v/debug_db, -cellname, testbench, -64]
in 'SimConnect::execDuAgent_usingPreEstablishedServiceConnection', duAgent process pid = 18161


in 'SimConnect::simControlConnectWithPreEstablishedConnection' overlay db = sim_model, overlayH = 9, is valid = true, operation = dapOpenOverlay, duFilename = /lab/sck17/Pobrane/SCK_PROJ_0/WORK/xcelium.d/worklib/testbench/v/debug_db/testbench/testbench.dsn, isLiveSim = false

Dump DB Order:
Strap design: sim_model #9
 --> sim_model #36
 --> /lab/sck17/Pobrane/SCK_PROJ_0/WORK/xcelium.d/worklib/testbench/v/debug_db/testbench/testbench.dsn #38

End of dump DB Order



Dump DB Order:
Strap design: sim_model #9
 --> sim_model #36
 --> /lab/sck17/Pobrane/SCK_PROJ_0/WORK/xcelium.d/worklib/testbench/v/debug_db/testbench/testbench.dsn #38

End of dump DB Order




**** found cdslib to be: /lab/sck17/Pobrane/SCK_PROJ_0/WORK/xcelium.d/run.lnx8664.23.03.d/cds.lib



**** Lwd path was derived from given DB. Loading lwd file from: /lab/sck17/Pobrane/SCK_PROJ_0/WORK/xcelium.d/worklib/testbench/v


Dump DB Order:
Strap design: sim_model #9
 --> sim_model #36
 --> /lab/sck17/Pobrane/SCK_PROJ_0/WORK/xcelium.d/worklib/testbench/v/debug_db/testbench/testbench.dsn #38

End of dump DB Order



















Dump DB Order:
Strap design: sim_model #9
 --> sim_model #36
 --> /lab/sck17/Pobrane/SCK_PROJ_0/WORK/xcelium.d/worklib/testbench/v/debug_db/testbench/testbench.dsn #38

End of dump DB Order


in 'SimConnect::unloadSnapshot', terminating pid = 18161

Dump DB Order:

End of dump DB Order



Dump DB Order:

End of dump DB Order


in 'JDACTBDataProvider::openDBInner', dbPath = /lab/sck17/Pobrane/SCK_PROJ_0/WORK/sim_model, getExplicitLwdFlag() = null


**** found lwd dir to be: /lab/sck17/Pobrane/SCK_PROJ_0/WORK/xcelium.d/worklib/testbench/v



**** found cdslib to be: /lab/sck17/Pobrane/SCK_PROJ_0/WORK/xcelium.d/run.d/cds.lib

in 'SimConnect::loadSnapshotHelper', 'dbH' represents 'sim_model' db, 'lwdDbH' represents 'sim_model' db, PPEAttributes were fetched from 'sim_model' db. PPEAttributes values:
    isAutofetch = false
    isPersistentSources = false
    isXprop = false
    cdslib = /lab/sck17/Pobrane/SCK_PROJ_0/WORK/xcelium.d/run.d/cds.lib
    snapshot = worklib.testbench:v
    workdir = /lab/sck17/Pobrane/SCK_PROJ_0/WORK
    xceliumDir = /lab/sck17/Pobrane/SCK_PROJ_0/WORK/xcelium.d
    rundDir = /lab/sck17/Pobrane/SCK_PROJ_0/WORK/xcelium.d/run.d
    bits = 64
    cds_implicit_tmpdir = 
    cds_alternate_tmpdir = 
    du_agent = 
    lwddir = /lab/sck17/Pobrane/SCK_PROJ_0/WORK/xcelium.d/worklib/testbench/v
    cds_alternate_cdslib = 
    elab_options = -CDSLIB ./xcelium.d/run.lnx8664.23.03.d/cds.lib -HDLVAR ./xcelium.d/run.lnx8664.23.03.d/hdl.var -WORK worklib -ENABLE_ALCOMB_EXT_OPT -ERROR 1 -ENABLE_SVMEMOPT -ENABLE_EXT_LOCAL_VISIBILITY -TIMESCALE 1ns/1ps -MESSAGES -ACCESS +rwc -CREATEDEBUGDB worklib.testbench:v
    found = true
    nclsRun = false
    includeCdslib = true
    nclsOpts =  -snapshot -cdslib /lab/sck17/Pobrane/SCK_PROJ_0/WORK/xcelium.d/run.d/cds.lib -64
    isMceMode = false
    isMceInvolved = false
    mceLshmDbPath = 
    lowPowerInformationAvailable = false
    hasLshmFile = false
    workdirIsDirectory = true
    hasOverlayRelatedInformation = true
    cds_implicit_tmplib = worklib
    cds_other_implicit_tmplibs = 

in 'SimConnect::generateDuAgentCommand', cmd = [/cad/cadence_2024/verisium/tools.lnx86/simvision/bin/64bit/cds-avs-du-agent, -nocopyright, -nowarn, DLNOCL, -xlm_install_root, /cad/cadence_2024/xcelium, -cdslib, /lab/sck17/Pobrane/SCK_PROJ_0/WORK/xcelium.d/run.d/cds.lib, -cds_implicit_tmplib, worklib, -lwddir, /lab/sck17/Pobrane/SCK_PROJ_0/WORK/xcelium.d/worklib/testbench/v/debug_db, -cellname, testbench, -64]
in 'SimConnect::execDuAgent_usingPreEstablishedServiceConnection', duAgent process pid = 18449


in 'SimConnect::simControlConnectWithPreEstablishedConnection' overlay db = sim_model, overlayH = 9, is valid = true, operation = dapOpenOverlay, duFilename = /lab/sck17/Pobrane/SCK_PROJ_0/WORK/xcelium.d/worklib/testbench/v/debug_db/testbench/testbench.dsn, isLiveSim = false

Dump DB Order:
Strap design: sim_model #9
 --> sim_model #38
 --> /lab/sck17/Pobrane/SCK_PROJ_0/WORK/xcelium.d/worklib/testbench/v/debug_db/testbench/testbench.dsn #303

End of dump DB Order



Dump DB Order:
Strap design: sim_model #9
 --> sim_model #38
 --> /lab/sck17/Pobrane/SCK_PROJ_0/WORK/xcelium.d/worklib/testbench/v/debug_db/testbench/testbench.dsn #303

End of dump DB Order




**** found cdslib to be: /lab/sck17/Pobrane/SCK_PROJ_0/WORK/xcelium.d/run.lnx8664.23.03.d/cds.lib



**** Lwd path was derived from given DB. Loading lwd file from: /lab/sck17/Pobrane/SCK_PROJ_0/WORK/xcelium.d/worklib/testbench/v


Dump DB Order:
Strap design: sim_model #9
 --> sim_model #38
 --> /lab/sck17/Pobrane/SCK_PROJ_0/WORK/xcelium.d/worklib/testbench/v/debug_db/testbench/testbench.dsn #303

End of dump DB Order





















Dump DB Order:
Strap design: sim_model #9
 --> sim_model #38
 --> /lab/sck17/Pobrane/SCK_PROJ_0/WORK/xcelium.d/worklib/testbench/v/debug_db/testbench/testbench.dsn #303

End of dump DB Order


in 'SimConnect::unloadSnapshot', terminating pid = 18449

Dump DB Order:

End of dump DB Order



Dump DB Order:

End of dump DB Order


in 'JDACTBDataProvider::openDBInner', dbPath = /lab/sck17/Pobrane/SCK_PROJ_0/WORK/sim_model, getExplicitLwdFlag() = null


**** found lwd dir to be: /lab/sck17/Pobrane/SCK_PROJ_0/WORK/xcelium.d/worklib/testbench/v



**** found cdslib to be: /lab/sck17/Pobrane/SCK_PROJ_0/WORK/xcelium.d/run.d/cds.lib

in 'SimConnect::loadSnapshotHelper', 'dbH' represents 'sim_model' db, 'lwdDbH' represents 'sim_model' db, PPEAttributes were fetched from 'sim_model' db. PPEAttributes values:
    isAutofetch = false
    isPersistentSources = false
    isXprop = false
    cdslib = /lab/sck17/Pobrane/SCK_PROJ_0/WORK/xcelium.d/run.d/cds.lib
    snapshot = worklib.testbench:v
    workdir = /lab/sck17/Pobrane/SCK_PROJ_0/WORK
    xceliumDir = /lab/sck17/Pobrane/SCK_PROJ_0/WORK/xcelium.d
    rundDir = /lab/sck17/Pobrane/SCK_PROJ_0/WORK/xcelium.d/run.d
    bits = 64
    cds_implicit_tmpdir = 
    cds_alternate_tmpdir = 
    du_agent = 
    lwddir = /lab/sck17/Pobrane/SCK_PROJ_0/WORK/xcelium.d/worklib/testbench/v
    cds_alternate_cdslib = 
    elab_options = -CDSLIB ./xcelium.d/run.lnx8664.23.03.d/cds.lib -HDLVAR ./xcelium.d/run.lnx8664.23.03.d/hdl.var -WORK worklib -ENABLE_ALCOMB_EXT_OPT -ERROR 1 -ENABLE_SVMEMOPT -ENABLE_EXT_LOCAL_VISIBILITY -TIMESCALE 1ns/1ps -MESSAGES -ACCESS +rwc -CREATEDEBUGDB worklib.testbench:v
    found = true
    nclsRun = false
    includeCdslib = true
    nclsOpts =  -snapshot -cdslib /lab/sck17/Pobrane/SCK_PROJ_0/WORK/xcelium.d/run.d/cds.lib -64
    isMceMode = false
    isMceInvolved = false
    mceLshmDbPath = 
    lowPowerInformationAvailable = false
    hasLshmFile = false
    workdirIsDirectory = true
    hasOverlayRelatedInformation = true
    cds_implicit_tmplib = worklib
    cds_other_implicit_tmplibs = 

in 'SimConnect::generateDuAgentCommand', cmd = [/cad/cadence_2024/verisium/tools.lnx86/simvision/bin/64bit/cds-avs-du-agent, -nocopyright, -nowarn, DLNOCL, -xlm_install_root, /cad/cadence_2024/xcelium, -cdslib, /lab/sck17/Pobrane/SCK_PROJ_0/WORK/xcelium.d/run.d/cds.lib, -cds_implicit_tmplib, worklib, -lwddir, /lab/sck17/Pobrane/SCK_PROJ_0/WORK/xcelium.d/worklib/testbench/v/debug_db, -cellname, testbench, -64]
in 'SimConnect::execDuAgent_usingPreEstablishedServiceConnection', duAgent process pid = 18893


in 'SimConnect::simControlConnectWithPreEstablishedConnection' overlay db = sim_model, overlayH = 9, is valid = true, operation = dapOpenOverlay, duFilename = /lab/sck17/Pobrane/SCK_PROJ_0/WORK/xcelium.d/worklib/testbench/v/debug_db/testbench/testbench.dsn, isLiveSim = false

Dump DB Order:
Strap design: sim_model #9
 --> sim_model #438
 --> /lab/sck17/Pobrane/SCK_PROJ_0/WORK/xcelium.d/worklib/testbench/v/debug_db/testbench/testbench.dsn #303

End of dump DB Order



Dump DB Order:
Strap design: sim_model #9
 --> sim_model #438
 --> /lab/sck17/Pobrane/SCK_PROJ_0/WORK/xcelium.d/worklib/testbench/v/debug_db/testbench/testbench.dsn #303

End of dump DB Order




**** found cdslib to be: /lab/sck17/Pobrane/SCK_PROJ_0/WORK/xcelium.d/run.lnx8664.23.03.d/cds.lib



**** Lwd path was derived from given DB. Loading lwd file from: /lab/sck17/Pobrane/SCK_PROJ_0/WORK/xcelium.d/worklib/testbench/v


Dump DB Order:
Strap design: sim_model #9
 --> sim_model #438
 --> /lab/sck17/Pobrane/SCK_PROJ_0/WORK/xcelium.d/worklib/testbench/v/debug_db/testbench/testbench.dsn #303

End of dump DB Order























Dump DB Order:
Strap design: sim_model #9
 --> sim_model #438
 --> /lab/sck17/Pobrane/SCK_PROJ_0/WORK/xcelium.d/worklib/testbench/v/debug_db/testbench/testbench.dsn #303

End of dump DB Order


in 'SimConnect::unloadSnapshot', terminating pid = 18893

Dump DB Order:

End of dump DB Order



Dump DB Order:

End of dump DB Order


in 'JDACTBDataProvider::openDBInner', dbPath = /lab/sck17/Pobrane/SCK_PROJ_0/WORK/sim_model, getExplicitLwdFlag() = null


**** found lwd dir to be: /lab/sck17/Pobrane/SCK_PROJ_0/WORK/xcelium.d/worklib/testbench/v



**** found cdslib to be: /lab/sck17/Pobrane/SCK_PROJ_0/WORK/xcelium.d/run.d/cds.lib

in 'SimConnect::loadSnapshotHelper', 'dbH' represents 'sim_model' db, 'lwdDbH' represents 'sim_model' db, PPEAttributes were fetched from 'sim_model' db. PPEAttributes values:
    isAutofetch = false
    isPersistentSources = false
    isXprop = false
    cdslib = /lab/sck17/Pobrane/SCK_PROJ_0/WORK/xcelium.d/run.d/cds.lib
    snapshot = worklib.testbench:v
    workdir = /lab/sck17/Pobrane/SCK_PROJ_0/WORK
    xceliumDir = /lab/sck17/Pobrane/SCK_PROJ_0/WORK/xcelium.d
    rundDir = /lab/sck17/Pobrane/SCK_PROJ_0/WORK/xcelium.d/run.d
    bits = 64
    cds_implicit_tmpdir = 
    cds_alternate_tmpdir = 
    du_agent = 
    lwddir = /lab/sck17/Pobrane/SCK_PROJ_0/WORK/xcelium.d/worklib/testbench/v
    cds_alternate_cdslib = 
    elab_options = -CDSLIB ./xcelium.d/run.lnx8664.23.03.d/cds.lib -HDLVAR ./xcelium.d/run.lnx8664.23.03.d/hdl.var -WORK worklib -ENABLE_ALCOMB_EXT_OPT -ERROR 1 -ENABLE_SVMEMOPT -ENABLE_EXT_LOCAL_VISIBILITY -TIMESCALE 1ns/1ps -MESSAGES -ACCESS +rwc -CREATEDEBUGDB worklib.testbench:v
    found = true
    nclsRun = false
    includeCdslib = true
    nclsOpts =  -snapshot -cdslib /lab/sck17/Pobrane/SCK_PROJ_0/WORK/xcelium.d/run.d/cds.lib -64
    isMceMode = false
    isMceInvolved = false
    mceLshmDbPath = 
    lowPowerInformationAvailable = false
    hasLshmFile = false
    workdirIsDirectory = true
    hasOverlayRelatedInformation = true
    cds_implicit_tmplib = worklib
    cds_other_implicit_tmplibs = 

in 'SimConnect::generateDuAgentCommand', cmd = [/cad/cadence_2024/verisium/tools.lnx86/simvision/bin/64bit/cds-avs-du-agent, -nocopyright, -nowarn, DLNOCL, -xlm_install_root, /cad/cadence_2024/xcelium, -cdslib, /lab/sck17/Pobrane/SCK_PROJ_0/WORK/xcelium.d/run.d/cds.lib, -cds_implicit_tmplib, worklib, -lwddir, /lab/sck17/Pobrane/SCK_PROJ_0/WORK/xcelium.d/worklib/testbench/v/debug_db, -cellname, testbench, -64]
in 'SimConnect::execDuAgent_usingPreEstablishedServiceConnection', duAgent process pid = 19155


in 'SimConnect::simControlConnectWithPreEstablishedConnection' overlay db = sim_model, overlayH = 9, is valid = true, operation = dapOpenOverlay, duFilename = /lab/sck17/Pobrane/SCK_PROJ_0/WORK/xcelium.d/worklib/testbench/v/debug_db/testbench/testbench.dsn, isLiveSim = false

Dump DB Order:
Strap design: sim_model #9
 --> sim_model #43
 --> /lab/sck17/Pobrane/SCK_PROJ_0/WORK/xcelium.d/worklib/testbench/v/debug_db/testbench/testbench.dsn #42

End of dump DB Order



Dump DB Order:
Strap design: sim_model #9
 --> sim_model #43
 --> /lab/sck17/Pobrane/SCK_PROJ_0/WORK/xcelium.d/worklib/testbench/v/debug_db/testbench/testbench.dsn #42

End of dump DB Order




**** found cdslib to be: /lab/sck17/Pobrane/SCK_PROJ_0/WORK/xcelium.d/run.lnx8664.23.03.d/cds.lib



**** Lwd path was derived from given DB. Loading lwd file from: /lab/sck17/Pobrane/SCK_PROJ_0/WORK/xcelium.d/worklib/testbench/v


Dump DB Order:
Strap design: sim_model #9
 --> sim_model #43
 --> /lab/sck17/Pobrane/SCK_PROJ_0/WORK/xcelium.d/worklib/testbench/v/debug_db/testbench/testbench.dsn #42

End of dump DB Order

























Dump DB Order:
Strap design: sim_model #9
 --> sim_model #43
 --> /lab/sck17/Pobrane/SCK_PROJ_0/WORK/xcelium.d/worklib/testbench/v/debug_db/testbench/testbench.dsn #42

End of dump DB Order


in 'SimConnect::unloadSnapshot', terminating pid = 19155

Dump DB Order:

End of dump DB Order



Dump DB Order:

End of dump DB Order


in 'JDACTBDataProvider::openDBInner', dbPath = /lab/sck17/Pobrane/SCK_PROJ_0/WORK/sim_model, getExplicitLwdFlag() = null


**** found lwd dir to be: /lab/sck17/Pobrane/SCK_PROJ_0/WORK/xcelium.d/worklib/testbench/v



**** found cdslib to be: /lab/sck17/Pobrane/SCK_PROJ_0/WORK/xcelium.d/run.d/cds.lib

in 'SimConnect::loadSnapshotHelper', 'dbH' represents 'sim_model' db, 'lwdDbH' represents 'sim_model' db, PPEAttributes were fetched from 'sim_model' db. PPEAttributes values:
    isAutofetch = false
    isPersistentSources = false
    isXprop = false
    cdslib = /lab/sck17/Pobrane/SCK_PROJ_0/WORK/xcelium.d/run.d/cds.lib
    snapshot = worklib.testbench:v
    workdir = /lab/sck17/Pobrane/SCK_PROJ_0/WORK
    xceliumDir = /lab/sck17/Pobrane/SCK_PROJ_0/WORK/xcelium.d
    rundDir = /lab/sck17/Pobrane/SCK_PROJ_0/WORK/xcelium.d/run.d
    bits = 64
    cds_implicit_tmpdir = 
    cds_alternate_tmpdir = 
    du_agent = 
    lwddir = /lab/sck17/Pobrane/SCK_PROJ_0/WORK/xcelium.d/worklib/testbench/v
    cds_alternate_cdslib = 
    elab_options = -CDSLIB ./xcelium.d/run.lnx8664.23.03.d/cds.lib -HDLVAR ./xcelium.d/run.lnx8664.23.03.d/hdl.var -WORK worklib -ENABLE_ALCOMB_EXT_OPT -ERROR 1 -ENABLE_SVMEMOPT -ENABLE_EXT_LOCAL_VISIBILITY -TIMESCALE 1ns/1ps -MESSAGES -ACCESS +rwc -CREATEDEBUGDB worklib.testbench:v
    found = true
    nclsRun = false
    includeCdslib = true
    nclsOpts =  -snapshot -cdslib /lab/sck17/Pobrane/SCK_PROJ_0/WORK/xcelium.d/run.d/cds.lib -64
    isMceMode = false
    isMceInvolved = false
    mceLshmDbPath = 
    lowPowerInformationAvailable = false
    hasLshmFile = false
    workdirIsDirectory = true
    hasOverlayRelatedInformation = true
    cds_implicit_tmplib = worklib
    cds_other_implicit_tmplibs = 

in 'SimConnect::generateDuAgentCommand', cmd = [/cad/cadence_2024/verisium/tools.lnx86/simvision/bin/64bit/cds-avs-du-agent, -nocopyright, -nowarn, DLNOCL, -xlm_install_root, /cad/cadence_2024/xcelium, -cdslib, /lab/sck17/Pobrane/SCK_PROJ_0/WORK/xcelium.d/run.d/cds.lib, -cds_implicit_tmplib, worklib, -lwddir, /lab/sck17/Pobrane/SCK_PROJ_0/WORK/xcelium.d/worklib/testbench/v/debug_db, -cellname, testbench, -64]
in 'SimConnect::execDuAgent_usingPreEstablishedServiceConnection', duAgent process pid = 19459


in 'SimConnect::simControlConnectWithPreEstablishedConnection' overlay db = sim_model, overlayH = 9, is valid = true, operation = dapOpenOverlay, duFilename = /lab/sck17/Pobrane/SCK_PROJ_0/WORK/xcelium.d/worklib/testbench/v/debug_db/testbench/testbench.dsn, isLiveSim = false

Dump DB Order:
Strap design: sim_model #9
 --> sim_model #1226
 --> /lab/sck17/Pobrane/SCK_PROJ_0/WORK/xcelium.d/worklib/testbench/v/debug_db/testbench/testbench.dsn #1260

End of dump DB Order



Dump DB Order:
Strap design: sim_model #9
 --> sim_model #1226
 --> /lab/sck17/Pobrane/SCK_PROJ_0/WORK/xcelium.d/worklib/testbench/v/debug_db/testbench/testbench.dsn #1260

End of dump DB Order




**** found cdslib to be: /lab/sck17/Pobrane/SCK_PROJ_0/WORK/xcelium.d/run.lnx8664.23.03.d/cds.lib



**** Lwd path was derived from given DB. Loading lwd file from: /lab/sck17/Pobrane/SCK_PROJ_0/WORK/xcelium.d/worklib/testbench/v


Dump DB Order:
Strap design: sim_model #9
 --> sim_model #1226
 --> /lab/sck17/Pobrane/SCK_PROJ_0/WORK/xcelium.d/worklib/testbench/v/debug_db/testbench/testbench.dsn #1260

End of dump DB Order



























Dump DB Order:
Strap design: sim_model #9
 --> sim_model #1226
 --> /lab/sck17/Pobrane/SCK_PROJ_0/WORK/xcelium.d/worklib/testbench/v/debug_db/testbench/testbench.dsn #1260

End of dump DB Order


in 'SimConnect::unloadSnapshot', terminating pid = 19459

Dump DB Order:

End of dump DB Order



Dump DB Order:

End of dump DB Order


in 'JDACTBDataProvider::openDBInner', dbPath = /lab/sck17/Pobrane/SCK_PROJ_0/WORK/sim_model, getExplicitLwdFlag() = null


**** found lwd dir to be: /lab/sck17/Pobrane/SCK_PROJ_0/WORK/xcelium.d/worklib/testbench/v



**** found cdslib to be: /lab/sck17/Pobrane/SCK_PROJ_0/WORK/xcelium.d/run.d/cds.lib

in 'SimConnect::loadSnapshotHelper', 'dbH' represents 'sim_model' db, 'lwdDbH' represents 'sim_model' db, PPEAttributes were fetched from 'sim_model' db. PPEAttributes values:
    isAutofetch = false
    isPersistentSources = false
    isXprop = false
    cdslib = /lab/sck17/Pobrane/SCK_PROJ_0/WORK/xcelium.d/run.d/cds.lib
    snapshot = worklib.testbench:v
    workdir = /lab/sck17/Pobrane/SCK_PROJ_0/WORK
    xceliumDir = /lab/sck17/Pobrane/SCK_PROJ_0/WORK/xcelium.d
    rundDir = /lab/sck17/Pobrane/SCK_PROJ_0/WORK/xcelium.d/run.d
    bits = 64
    cds_implicit_tmpdir = 
    cds_alternate_tmpdir = 
    du_agent = 
    lwddir = /lab/sck17/Pobrane/SCK_PROJ_0/WORK/xcelium.d/worklib/testbench/v
    cds_alternate_cdslib = 
    elab_options = -CDSLIB ./xcelium.d/run.lnx8664.23.03.d/cds.lib -HDLVAR ./xcelium.d/run.lnx8664.23.03.d/hdl.var -WORK worklib -ENABLE_ALCOMB_EXT_OPT -ERROR 1 -ENABLE_SVMEMOPT -ENABLE_EXT_LOCAL_VISIBILITY -TIMESCALE 1ns/1ps -MESSAGES -ACCESS +rwc -CREATEDEBUGDB worklib.testbench:v
    found = true
    nclsRun = false
    includeCdslib = true
    nclsOpts =  -snapshot -cdslib /lab/sck17/Pobrane/SCK_PROJ_0/WORK/xcelium.d/run.d/cds.lib -64
    isMceMode = false
    isMceInvolved = false
    mceLshmDbPath = 
    lowPowerInformationAvailable = false
    hasLshmFile = false
    workdirIsDirectory = true
    hasOverlayRelatedInformation = true
    cds_implicit_tmplib = worklib
    cds_other_implicit_tmplibs = 

in 'SimConnect::generateDuAgentCommand', cmd = [/cad/cadence_2024/verisium/tools.lnx86/simvision/bin/64bit/cds-avs-du-agent, -nocopyright, -nowarn, DLNOCL, -xlm_install_root, /cad/cadence_2024/xcelium, -cdslib, /lab/sck17/Pobrane/SCK_PROJ_0/WORK/xcelium.d/run.d/cds.lib, -cds_implicit_tmplib, worklib, -lwddir, /lab/sck17/Pobrane/SCK_PROJ_0/WORK/xcelium.d/worklib/testbench/v/debug_db, -cellname, testbench, -64]
in 'SimConnect::execDuAgent_usingPreEstablishedServiceConnection', duAgent process pid = 20066


in 'SimConnect::simControlConnectWithPreEstablishedConnection' overlay db = sim_model, overlayH = 9, is valid = true, operation = dapOpenOverlay, duFilename = /lab/sck17/Pobrane/SCK_PROJ_0/WORK/xcelium.d/worklib/testbench/v/debug_db/testbench/testbench.dsn, isLiveSim = false

Dump DB Order:
Strap design: sim_model #9
 --> sim_model #1226
 --> /lab/sck17/Pobrane/SCK_PROJ_0/WORK/xcelium.d/worklib/testbench/v/debug_db/testbench/testbench.dsn #1260

End of dump DB Order



Dump DB Order:
Strap design: sim_model #9
 --> sim_model #1226
 --> /lab/sck17/Pobrane/SCK_PROJ_0/WORK/xcelium.d/worklib/testbench/v/debug_db/testbench/testbench.dsn #1260

End of dump DB Order




**** found cdslib to be: /lab/sck17/Pobrane/SCK_PROJ_0/WORK/xcelium.d/run.lnx8664.23.03.d/cds.lib



**** Lwd path was derived from given DB. Loading lwd file from: /lab/sck17/Pobrane/SCK_PROJ_0/WORK/xcelium.d/worklib/testbench/v


Dump DB Order:
Strap design: sim_model #9
 --> sim_model #1226
 --> /lab/sck17/Pobrane/SCK_PROJ_0/WORK/xcelium.d/worklib/testbench/v/debug_db/testbench/testbench.dsn #1260

End of dump DB Order





























Dump DB Order:
Strap design: sim_model #9
 --> /lab/sck17/Pobrane/SCK_PROJ_0/WORK/xcelium.d/worklib/testbench/v/debug_db/testbench/testbench.dsn #1260

End of dump DB Order


