

Working Directory = /lab/sck17/Pulpit/SCKproj1/SCK_PROJ_SYNT2/WORK
QoS Summary for EXE
================================================================================
Metric                          gates          
================================================================================

View : av_ss_normal
Slack (ps):                    19,317
  R2R (ps):                  no_value
  I2R (ps):                  no_value
  R2O (ps):                  no_value
  I2O (ps):                    19,317
  CG  (ps):                  no_value
TNS (ps):                           0
  R2R (ps):                  no_value
  I2R (ps):                  no_value
  R2O (ps):                  no_value
  I2O (ps):                         0
  CG  (ps):                  no_value
Failing Paths:                      0

View : av_tt_normal
Slack (ps):                    32,684
  R2R (ps):                  no_value
  I2R (ps):                  no_value
  R2O (ps):                  no_value
  I2O (ps):                    32,684
  CG  (ps):                  no_value
TNS (ps):                           0
  R2R (ps):                  no_value
  I2R (ps):                  no_value
  R2O (ps):                  no_value
  I2O (ps):                         0
  CG  (ps):                  no_value
Failing Paths:                      0

Cell Area:                      8,525
Total Cell Area:                8,525
Leaf Instances:                   367
Total Instances:                  367
Utilization (%):                 0.00
Tot. Net Length (um):        no_value
Avg. Net Length (um):        no_value
Route Overflow H (%):        no_value
Route Overflow V (%):        no_value
MBCI(%) (bits/gate) :            0.00
Norm Cong Hotspot Area:
  Max Cong:                  no_value
  Tot Cong:                  no_value
================================================================================
CPU  Runtime (h:m:s):        00:01:18
Real Runtime (h:m:s):        00:00:52
CPU  Elapsed (h:m:s):        00:01:29
Real Elapsed (h:m:s):        00:00:58
Memory (MB):                  1746.30
================================================================================
================================================================================
Flow Settings:
================================================================================
Total Runtime (h:m:s): 00:00:53
Total Memory (MB):     1754.31
Executable Version:    22.13-s093_1
================================================================================
Total Cell Area =  Cell Area + Physical Cell Area
Total Instances =  Leaf Instances + Physical Instances


