============================================================
  Generated by:           Genus(TM) Synthesis Solution 22.13-s093_1
  Generated on:           Jan 16 2025  11:05:00 am
  Module:                 EXE
  Library domain:         tc_ss
    Domain index:         0
    Technology library:   D_CELLS_HD_LPMOS_slow_1_62V_125C 4.0.0
  Library domain:         tc_tt
    Domain index:         1
    Technology library:   D_CELLS_HD_LPMOS_typ_1_80V_25C 4.0.0
  Operating conditions:   slow_1_62V_125C 
  Operating conditions:   typ_1_80V_25C 
  Interconnect mode:      global
  Area mode:              physical library
============================================================

                                 Leakage                                      Library 
   Gate    Instances    Area   Power (nW)               Library                Domain 
--------------------------------------------------------------------------------------
AN211HDX1          4    60.211      0.966    D_CELLS_HD_LPMOS_slow_1_62V_125C   tc_ss 
AN21HDX1           2    25.088      0.237    D_CELLS_HD_LPMOS_slow_1_62V_125C   tc_ss 
AN221HDX0          2    40.141      0.482    D_CELLS_HD_LPMOS_slow_1_62V_125C   tc_ss 
AN221HDX1          2    40.141      0.557    D_CELLS_HD_LPMOS_slow_1_62V_125C   tc_ss 
AN222HDX0          3    67.738      0.711    D_CELLS_HD_LPMOS_slow_1_62V_125C   tc_ss 
AN222HDX1          5   112.896      1.224    D_CELLS_HD_LPMOS_slow_1_62V_125C   tc_ss 
AN22HDX1          17   255.898      3.109    D_CELLS_HD_LPMOS_slow_1_62V_125C   tc_ss 
AN31HDX1           1    15.053      0.124    D_CELLS_HD_LPMOS_slow_1_62V_125C   tc_ss 
AN321HDX0          2    40.141      0.506    D_CELLS_HD_LPMOS_slow_1_62V_125C   tc_ss 
AN32HDX1           7   122.931      1.359    D_CELLS_HD_LPMOS_slow_1_62V_125C   tc_ss 
AND2HDX1           6    75.264      1.174    D_CELLS_HD_LPMOS_slow_1_62V_125C   tc_ss 
AND2HDX2           1    15.053      0.309    D_CELLS_HD_LPMOS_slow_1_62V_125C   tc_ss 
AO21HDX1           3    52.685      0.755    D_CELLS_HD_LPMOS_slow_1_62V_125C   tc_ss 
AO221HDX0          9   203.213      2.941    D_CELLS_HD_LPMOS_slow_1_62V_125C   tc_ss 
AO221HDX1          5   112.896      1.655    D_CELLS_HD_LPMOS_slow_1_62V_125C   tc_ss 
AO221HDX2          2    55.194      0.897    D_CELLS_HD_LPMOS_slow_1_62V_125C   tc_ss 
AO222HDX0          1    25.088      0.308    D_CELLS_HD_LPMOS_slow_1_62V_125C   tc_ss 
AO22HDX1           1    20.070      0.263    D_CELLS_HD_LPMOS_slow_1_62V_125C   tc_ss 
AO31HDX2           1    20.070      0.379    D_CELLS_HD_LPMOS_slow_1_62V_125C   tc_ss 
AO321HDX2          2    60.211      0.942    D_CELLS_HD_LPMOS_slow_1_62V_125C   tc_ss 
AO32HDX1           1    20.070      0.279    D_CELLS_HD_LPMOS_slow_1_62V_125C   tc_ss 
CAGHDX1            1    22.579      0.268    D_CELLS_HD_LPMOS_slow_1_62V_125C   tc_ss 
DFRRHDX1           2   125.440      1.690    D_CELLS_HD_LPMOS_slow_1_62V_125C   tc_ss 
DFRRQHDX1         64  3692.954     50.894    D_CELLS_HD_LPMOS_slow_1_62V_125C   tc_ss 
EN2HDX0            2    40.141      0.492    D_CELLS_HD_LPMOS_slow_1_62V_125C   tc_ss 
EN3HDX0            1    37.632      0.478    D_CELLS_HD_LPMOS_slow_1_62V_125C   tc_ss 
EO2HDX1            6   120.422      1.918    D_CELLS_HD_LPMOS_slow_1_62V_125C   tc_ss 
FAHDX0             1    50.176      0.595    D_CELLS_HD_LPMOS_slow_1_62V_125C   tc_ss 
HAHDX0             1    27.597      0.410    D_CELLS_HD_LPMOS_slow_1_62V_125C   tc_ss 
INHDX1            61   459.110      7.280    D_CELLS_HD_LPMOS_slow_1_62V_125C   tc_ss 
INHDX3             1    12.544      0.256    D_CELLS_HD_LPMOS_slow_1_62V_125C   tc_ss 
LSGCPHDX0         11   469.146      9.096    D_CELLS_HD_LPMOS_slow_1_62V_125C   tc_ss 
MU2HDX0            5   100.352      1.805    D_CELLS_HD_LPMOS_slow_1_62V_125C   tc_ss 
MU2IHDX0           1    17.562      0.290    D_CELLS_HD_LPMOS_slow_1_62V_125C   tc_ss 
MU2IHDX1           8   140.493      2.154    D_CELLS_HD_LPMOS_slow_1_62V_125C   tc_ss 
NA22HDX1           4    60.211      0.951    D_CELLS_HD_LPMOS_slow_1_62V_125C   tc_ss 
NA2HDX0            2    20.070      0.211    D_CELLS_HD_LPMOS_slow_1_62V_125C   tc_ss 
NA2HDX1           10   100.352      1.065    D_CELLS_HD_LPMOS_slow_1_62V_125C   tc_ss 
NA2I1HDX0          2    25.088      0.410    D_CELLS_HD_LPMOS_slow_1_62V_125C   tc_ss 
NA2I1HDX1          6    75.264      1.193    D_CELLS_HD_LPMOS_slow_1_62V_125C   tc_ss 
NA3I1HDX1          1    15.053      0.114    D_CELLS_HD_LPMOS_slow_1_62V_125C   tc_ss 
NA3I2HDX1          7   105.370      1.624    D_CELLS_HD_LPMOS_slow_1_62V_125C   tc_ss 
NA5I2HDX1          1    25.088      0.337    D_CELLS_HD_LPMOS_slow_1_62V_125C   tc_ss 
NA5I3HDX1          1    20.070      0.091    D_CELLS_HD_LPMOS_slow_1_62V_125C   tc_ss 
NO22HDX0           2    30.106      0.543    D_CELLS_HD_LPMOS_slow_1_62V_125C   tc_ss 
NO2HDX0            7    70.246      0.448    D_CELLS_HD_LPMOS_slow_1_62V_125C   tc_ss 
NO2HDX1           11   110.387      1.358    D_CELLS_HD_LPMOS_slow_1_62V_125C   tc_ss 
NO2HDX4            1    27.597      0.745    D_CELLS_HD_LPMOS_slow_1_62V_125C   tc_ss 
NO2I1HDX0         10   125.440      1.815    D_CELLS_HD_LPMOS_slow_1_62V_125C   tc_ss 
NO2I1HDX1          6    75.264      1.165    D_CELLS_HD_LPMOS_slow_1_62V_125C   tc_ss 
NO3HDX1            7    87.808      0.949    D_CELLS_HD_LPMOS_slow_1_62V_125C   tc_ss 
NO5HDX1            1    27.597      0.572    D_CELLS_HD_LPMOS_slow_1_62V_125C   tc_ss 
NO5I3HDX1          2    40.141      0.309    D_CELLS_HD_LPMOS_slow_1_62V_125C   tc_ss 
OA22HDX1           1    20.070      0.262    D_CELLS_HD_LPMOS_slow_1_62V_125C   tc_ss 
OA311HDX1          1    22.579      0.276    D_CELLS_HD_LPMOS_slow_1_62V_125C   tc_ss 
ON211HDX0          2    30.106      0.192    D_CELLS_HD_LPMOS_slow_1_62V_125C   tc_ss 
ON21HDX1           5    62.720      0.650    D_CELLS_HD_LPMOS_slow_1_62V_125C   tc_ss 
ON221HDX0          6   120.422      0.760    D_CELLS_HD_LPMOS_slow_1_62V_125C   tc_ss 
ON221HDX2          1    35.123      0.484    D_CELLS_HD_LPMOS_slow_1_62V_125C   tc_ss 
ON222HDX0          1    22.579      0.123    D_CELLS_HD_LPMOS_slow_1_62V_125C   tc_ss 
ON22HDX0          19   286.003      1.930    D_CELLS_HD_LPMOS_slow_1_62V_125C   tc_ss 
ON31HDX0           1    15.053      0.098    D_CELLS_HD_LPMOS_slow_1_62V_125C   tc_ss 
ON321HDX0          2    45.158      0.225    D_CELLS_HD_LPMOS_slow_1_62V_125C   tc_ss 
ON32HDX0           1    17.562      0.147    D_CELLS_HD_LPMOS_slow_1_62V_125C   tc_ss 
OR2HDX0            1    12.544      0.236    D_CELLS_HD_LPMOS_slow_1_62V_125C   tc_ss 
OR2HDX1            3    37.632      0.699    D_CELLS_HD_LPMOS_slow_1_62V_125C   tc_ss 
--------------------------------------------------------------------------------------
total            367  8524.902    116.783                                     


                                                         Leakage  Leakage 
            Type             Instances   Area   Area % Power (nW) Power % 
--------------------------------------------------------------------------
sequential                          66 3818.394   44.8     52.584    45.0 
inverter                            62  471.654    5.5      7.536     6.5 
clock_gating_integrated_cell        11  469.146    5.5      9.096     7.8 
logic                              228 3765.709   44.2     47.568    40.7 
physical_cells                       0    0.000    0.0      0.000     0.0 
--------------------------------------------------------------------------
total                              367 8524.902  100.0    116.783   100.0 

