============================================================
  Generated by:           Genus(TM) Synthesis Solution 22.13-s093_1
  Generated on:           Jan 16 2025  11:05:00 am
  Module:                 EXE
  Library domain:         tc_ss
    Domain index:         0
    Technology library:   D_CELLS_HD_LPMOS_slow_1_62V_125C 4.0.0
  Library domain:         tc_tt
    Domain index:         1
    Technology library:   D_CELLS_HD_LPMOS_typ_1_80V_25C 4.0.0
  Operating conditions:   slow_1_62V_125C 
  Operating conditions:   typ_1_80V_25C 
  Interconnect mode:      global
  Area mode:              physical library
============================================================

Timing
-------
  Analysis             Cost           Critical        Violating 
    View              Group          Path Slack  TNS    Paths   
----------------------------------------------------------------
av_ss_normal cg_enable_group_default   No paths  0.0          0 
                             default    19317.1  0.0          0 
----------------------------------------------------------------
Total                                           -0.0          0 
                                                                
av_tt_normal cg_enable_group_default   No paths  0.0          0 
                             default    32683.5  0.0          0 
----------------------------------------------------------------
Total                                           -0.0          0 
                                                                

Instance Count
--------------
Leaf Instance Count             367 
Physical Instance count           0 
Sequential Instance Count        77 
Combinational Instance Count    290 
Hierarchical Instance Count      11 

Area
----
Cell Area                          8524.902
Physical Cell Area                 0.000
Total Cell Area (Cell+Physical)    8524.902
Net Area                           5128.105
Total Area (Cell+Physical+Net)     13653.007

Runtime                            0.0 seconds
Elapsed Runtime                    66 seconds
Genus peak memory usage            1710.47 
Innovus peak memory usage          no_value 
Hostname                           cad3
