============================================================
  Generated by:           Genus(TM) Synthesis Solution 22.13-s093_1
  Generated on:           Jan 16 2025  11:05:00 am
  Module:                 EXE
  Operating conditions:   slow_1_62V_125C 
  Operating conditions:   typ_1_80V_25C 
  Interconnect mode:      global
  Area mode:              physical library
============================================================


Path 1: MET (32684 ps) Path Delay Check
           View: av_tt_normal
     Startpoint: (R) i_reg1[0]
       Endpoint: (R) o_flag[3]

                   Capture    Launch  
      Path Delay:+   50000         -  
      Drv Adjust:+       0         0  
         Arrival:=   50000            
                                      
   Required Time:=   50000            
       Data Path:-   17316            
           Slack:=   32684            

Exceptions/Constraints:
  max_delay            50000            tmp_sdc_av_ss_normal_3_line_25 

#-------------------------------------------------------------------------------------------
#  Timing Point   Flags    Arc   Edge   Cell     Fanout  Load  Trans Delay Arrival Instance 
#                                                        (fF)   (ps)  (ps)   (ps)  Location 
#-------------------------------------------------------------------------------------------
  i_reg1[0]       -       -      R     (arrival)      1   11.5     0     0       0    (-,-) 
  drc_bufs14095/Q -       A->Q   F     INHDX1         1   11.2    59    59      59    (-,-) 
  drc_bufs14093/Q -       A->Q   R     INHDX1         6   50.8   316   263     322    (-,-) 
  g13971__7410/Q  -       AN->Q  R     NA2I1HDX1      6   45.5   438   442     764    (-,-) 
  g13932/Q        -       A->Q   F     INHDX1         4   29.7   212   256    1020    (-,-) 
  g13817__5526/Q  -       A->Q   F     AO222HDX0      1    8.7   136   735    1755    (-,-) 
  g13782__6417/Q  -       D->Q   R     AN221HDX0      8   72.0  2883  2261    4016    (-,-) 
  g13761__5122/Q  -       B->Q   F     NO2I1HDX1      5   46.1   561   487    4503    (-,-) 
  g13753__8428/Q  -       A->Q   R     NO2HDX1        4   42.9   602   652    5154    (-,-) 
  g13749/Q        -       A->Q   F     INHDX1         3   31.2   250   297    5451    (-,-) 
  g13735__4733/Q  -       A->Q   F     AO22HDX1       1   17.7   112   463    5914    (-,-) 
  g13707__9315/CO -       B->CO  F     FAHDX0         2   22.4   193   473    6387    (-,-) 
  g13702__5115/Q  -       A->Q   R     AN22HDX1       2   17.6   341   352    6739    (-,-) 
  g13693__3680/CO -       CI->CO R     CAGHDX1        2   20.6   154   322    7061    (-,-) 
  g13688__6260/Q  -       A->Q   R     OA22HDX1       1   11.5   108   255    7316    (-,-) 
  g13687__5107/Q  -       A->Q   R     EN3HDX0        2   18.4   564   501    7818    (-,-) 
  g13685__5477/Q  -       AN->Q  R     NA3I2HDX1      3   28.0   297   364    8182    (-,-) 
  g13680__2883/Q  -       A->Q   F     NO2HDX1        3   23.6   176   161    8343    (-,-) 
  g13677__6161/Q  -       AN->Q  F     NO2I1HDX1      1   13.1   184   250    8594    (-,-) 
  g13671__5115/Q  -       S->Q   R     MU2HDX0        1   12.0   186   377    8971    (-,-) 
  g13667__8246/Q  -       A->Q   F     AN22HDX1       1    8.4   203   148    9118    (-,-) 
  g13662__3680/Q  -       C->Q   R     ON211HDX0      1   11.4   437   359    9477    (-,-) 
  g13659__8428/Q  -       F->Q   R     AO321HDX2      2 1011.7  2967  2376   11853    (-,-) 
  g13658__4319/Q  -       A->Q   F     NO5HDX1        2   40.5   148   304   12157    (-,-) 
  g13656__5107/Q  -       A->Q   R     NO2HDX4        2 1014.1  3414  2517   14674    (-,-) 
  g13655__2398/Q  -       C->Q   R     AO31HDX2       1 1005.2  2906  2637   17312    (-,-) 
  o_flag[3]       -       -      R     (port)         -      -     -     5   17316    (-,-) 
#-------------------------------------------------------------------------------------------



Path 2: MET (35322 ps) Path Delay Check
           View: av_tt_normal
     Startpoint: (R) i_reg1[0]
       Endpoint: (R) o_flag[1]

                   Capture    Launch  
      Path Delay:+   50000         -  
      Drv Adjust:+       0         0  
         Arrival:=   50000            
                                      
   Required Time:=   50000            
       Data Path:-   14678            
           Slack:=   35322            

Exceptions/Constraints:
  max_delay            50000            tmp_sdc_av_ss_normal_3_line_25 

#-------------------------------------------------------------------------------------------
#  Timing Point   Flags    Arc   Edge   Cell     Fanout  Load  Trans Delay Arrival Instance 
#                                                        (fF)   (ps)  (ps)   (ps)  Location 
#-------------------------------------------------------------------------------------------
  i_reg1[0]       -       -      R     (arrival)      1   11.5     0     0       0    (-,-) 
  drc_bufs14095/Q -       A->Q   F     INHDX1         1   11.2    59    59      59    (-,-) 
  drc_bufs14093/Q -       A->Q   R     INHDX1         6   50.8   316   263     322    (-,-) 
  g13971__7410/Q  -       AN->Q  R     NA2I1HDX1      6   45.5   438   442     764    (-,-) 
  g13932/Q        -       A->Q   F     INHDX1         4   29.7   212   256    1020    (-,-) 
  g13817__5526/Q  -       A->Q   F     AO222HDX0      1    8.7   136   735    1755    (-,-) 
  g13782__6417/Q  -       D->Q   R     AN221HDX0      8   72.0  2883  2261    4016    (-,-) 
  g13761__5122/Q  -       B->Q   F     NO2I1HDX1      5   46.1   561   487    4503    (-,-) 
  g13753__8428/Q  -       A->Q   R     NO2HDX1        4   42.9   602   652    5154    (-,-) 
  g13749/Q        -       A->Q   F     INHDX1         3   31.2   250   297    5451    (-,-) 
  g13735__4733/Q  -       A->Q   F     AO22HDX1       1   17.7   112   463    5914    (-,-) 
  g13707__9315/CO -       B->CO  F     FAHDX0         2   22.4   193   473    6387    (-,-) 
  g13702__5115/Q  -       A->Q   R     AN22HDX1       2   17.6   341   352    6739    (-,-) 
  g13693__3680/CO -       CI->CO R     CAGHDX1        2   20.6   154   322    7061    (-,-) 
  g13688__6260/Q  -       A->Q   R     OA22HDX1       1   11.5   108   255    7316    (-,-) 
  g13687__5107/Q  -       A->Q   R     EN3HDX0        2   18.4   564   501    7818    (-,-) 
  g13685__5477/Q  -       AN->Q  R     NA3I2HDX1      3   28.0   297   364    8182    (-,-) 
  g13680__2883/Q  -       A->Q   F     NO2HDX1        3   23.6   176   161    8343    (-,-) 
  g13677__6161/Q  -       AN->Q  F     NO2I1HDX1      1   13.1   184   250    8594    (-,-) 
  g13671__5115/Q  -       S->Q   R     MU2HDX0        1   12.0   186   377    8971    (-,-) 
  g13667__8246/Q  -       A->Q   F     AN22HDX1       1    8.4   203   148    9118    (-,-) 
  g13662__3680/Q  -       C->Q   R     ON211HDX0      1   11.4   437   359    9477    (-,-) 
  g13659__8428/Q  -       F->Q   R     AO321HDX2      2 1011.7  2967  2376   11853    (-,-) 
  g13658__4319/Q  -       A->Q   F     NO5HDX1        2   40.5   148   304   12157    (-,-) 
  g13656__5107/Q  -       A->Q   R     NO2HDX4        2 1014.1  3414  2517   14674    (-,-) 
  o_flag[1]       -       -      R     (port)         -      -     -     4   14678    (-,-) 
#-------------------------------------------------------------------------------------------



Path 3: MET (35645 ps) Path Delay Check
           View: av_tt_normal
     Startpoint: (R) i_reg1[0]
       Endpoint: (R) o_flag[2]

                   Capture    Launch  
      Path Delay:+   50000         -  
      Drv Adjust:+       0         0  
         Arrival:=   50000            
                                      
   Required Time:=   50000            
       Data Path:-   14355            
           Slack:=   35645            

Exceptions/Constraints:
  max_delay            50000            tmp_sdc_av_ss_normal_3_line_25 

#-------------------------------------------------------------------------------------------
#  Timing Point   Flags    Arc   Edge   Cell     Fanout  Load  Trans Delay Arrival Instance 
#                                                        (fF)   (ps)  (ps)   (ps)  Location 
#-------------------------------------------------------------------------------------------
  i_reg1[0]       -       -      R     (arrival)      1   11.5     0     0       0    (-,-) 
  drc_bufs14095/Q -       A->Q   F     INHDX1         1   11.2    59    59      59    (-,-) 
  drc_bufs14093/Q -       A->Q   R     INHDX1         6   50.8   316   263     322    (-,-) 
  g13971__7410/Q  -       AN->Q  R     NA2I1HDX1      6   45.5   438   442     764    (-,-) 
  g13932/Q        -       A->Q   F     INHDX1         4   29.7   212   256    1020    (-,-) 
  g13817__5526/Q  -       A->Q   F     AO222HDX0      1    8.7   136   735    1755    (-,-) 
  g13782__6417/Q  -       D->Q   R     AN221HDX0      8   72.0  2883  2261    4016    (-,-) 
  g13761__5122/Q  -       B->Q   F     NO2I1HDX1      5   46.1   561   487    4503    (-,-) 
  g13753__8428/Q  -       A->Q   R     NO2HDX1        4   42.9   602   652    5154    (-,-) 
  g13749/Q        -       A->Q   F     INHDX1         3   31.2   250   297    5451    (-,-) 
  g13735__4733/Q  -       A->Q   F     AO22HDX1       1   17.7   112   463    5914    (-,-) 
  g13707__9315/CO -       B->CO  F     FAHDX0         2   22.4   193   473    6387    (-,-) 
  g13702__5115/Q  -       A->Q   R     AN22HDX1       2   17.6   341   352    6739    (-,-) 
  g13693__3680/CO -       CI->CO R     CAGHDX1        2   20.6   154   322    7061    (-,-) 
  g13688__6260/Q  -       A->Q   R     OA22HDX1       1   11.5   108   255    7316    (-,-) 
  g13687__5107/Q  -       A->Q   R     EN3HDX0        2   18.4   564   501    7818    (-,-) 
  g13685__5477/Q  -       AN->Q  R     NA3I2HDX1      3   28.0   297   364    8182    (-,-) 
  g13680__2883/Q  -       A->Q   F     NO2HDX1        3   23.6   176   161    8343    (-,-) 
  g13677__6161/Q  -       AN->Q  F     NO2I1HDX1      1   13.1   184   250    8594    (-,-) 
  g13671__5115/Q  -       S->Q   F     MU2HDX0        1   11.5   112   352    8946    (-,-) 
  g13667__8246/Q  -       A->Q   R     AN22HDX1       1    8.5   255   246    9192    (-,-) 
  g13662__3680/Q  -       C->Q   F     ON211HDX0      1   12.0   283   285    9477    (-,-) 
  g13659__8428/Q  -       F->Q   F     AO321HDX2      2 1011.8  1434  1719   11196    (-,-) 
  g13658__4319/Q  -       A->Q   R     NO5HDX1        2   40.3   267   872   12068    (-,-) 
  g13657__6260/Q  -       A->Q   R     AND2HDX2       1 1005.2  2926  2282   14350    (-,-) 
  o_flag[2]       -       -      R     (port)         -      -     -     5   14355    (-,-) 
#-------------------------------------------------------------------------------------------



Path 4: MET (38144 ps) Path Delay Check
           View: av_tt_normal
     Startpoint: (R) i_reg1[0]
       Endpoint: (R) o_data[3]

                   Capture    Launch  
      Path Delay:+   50000         -  
      Drv Adjust:+       0         0  
         Arrival:=   50000            
                                      
   Required Time:=   50000            
       Data Path:-   11856            
           Slack:=   38144            

Exceptions/Constraints:
  max_delay            50000            tmp_sdc_av_ss_normal_3_line_25 

#-------------------------------------------------------------------------------------------
#  Timing Point   Flags    Arc   Edge   Cell     Fanout  Load  Trans Delay Arrival Instance 
#                                                        (fF)   (ps)  (ps)   (ps)  Location 
#-------------------------------------------------------------------------------------------
  i_reg1[0]       -       -      R     (arrival)      1   11.5     0     0       0    (-,-) 
  drc_bufs14095/Q -       A->Q   F     INHDX1         1   11.2    59    59      59    (-,-) 
  drc_bufs14093/Q -       A->Q   R     INHDX1         6   50.8   316   263     322    (-,-) 
  g13971__7410/Q  -       AN->Q  R     NA2I1HDX1      6   45.5   438   442     764    (-,-) 
  g13932/Q        -       A->Q   F     INHDX1         4   29.7   212   256    1020    (-,-) 
  g13817__5526/Q  -       A->Q   F     AO222HDX0      1    8.7   136   735    1755    (-,-) 
  g13782__6417/Q  -       D->Q   R     AN221HDX0      8   72.0  2883  2261    4016    (-,-) 
  g13761__5122/Q  -       B->Q   F     NO2I1HDX1      5   46.1   561   487    4503    (-,-) 
  g13753__8428/Q  -       A->Q   R     NO2HDX1        4   42.9   602   652    5154    (-,-) 
  g13749/Q        -       A->Q   F     INHDX1         3   31.2   250   297    5451    (-,-) 
  g13735__4733/Q  -       A->Q   F     AO22HDX1       1   17.7   112   463    5914    (-,-) 
  g13707__9315/CO -       B->CO  F     FAHDX0         2   22.4   193   473    6387    (-,-) 
  g13702__5115/Q  -       A->Q   R     AN22HDX1       2   17.6   341   352    6739    (-,-) 
  g13693__3680/CO -       CI->CO R     CAGHDX1        2   20.6   154   322    7061    (-,-) 
  g13688__6260/Q  -       A->Q   R     OA22HDX1       1   11.5   108   255    7316    (-,-) 
  g13687__5107/Q  -       A->Q   R     EN3HDX0        2   18.4   564   501    7818    (-,-) 
  g13685__5477/Q  -       AN->Q  R     NA3I2HDX1      3   28.0   297   364    8182    (-,-) 
  g13680__2883/Q  -       A->Q   F     NO2HDX1        3   23.6   176   161    8343    (-,-) 
  g13677__6161/Q  -       AN->Q  F     NO2I1HDX1      1   13.1   184   250    8594    (-,-) 
  g13671__5115/Q  -       S->Q   R     MU2HDX0        1   12.0   186   377    8971    (-,-) 
  g13667__8246/Q  -       A->Q   F     AN22HDX1       1    8.4   203   148    9118    (-,-) 
  g13662__3680/Q  -       C->Q   R     ON211HDX0      1   11.4   437   359    9477    (-,-) 
  g13659__8428/Q  -       F->Q   R     AO321HDX2      2 1011.7  2967  2376   11853    (-,-) 
  o_data[3]       -       -      R     (port)         -      -     -     4   11856    (-,-) 
#-------------------------------------------------------------------------------------------



Path 5: MET (38406 ps) Path Delay Check
           View: av_tt_normal
     Startpoint: (R) i_reg1[0]
       Endpoint: (R) o_data[2]

                   Capture    Launch  
      Path Delay:+   50000         -  
      Drv Adjust:+       0         0  
         Arrival:=   50000            
                                      
   Required Time:=   50000            
       Data Path:-   11594            
           Slack:=   38406            

Exceptions/Constraints:
  max_delay            50000            tmp_sdc_av_ss_normal_3_line_25 

#-------------------------------------------------------------------------------------------
#  Timing Point   Flags    Arc   Edge   Cell     Fanout  Load  Trans Delay Arrival Instance 
#                                                        (fF)   (ps)  (ps)   (ps)  Location 
#-------------------------------------------------------------------------------------------
  i_reg1[0]       -       -      R     (arrival)      1   11.5     0     0       0    (-,-) 
  drc_bufs14095/Q -       A->Q   F     INHDX1         1   11.2    59    59      59    (-,-) 
  drc_bufs14093/Q -       A->Q   R     INHDX1         6   50.8   316   263     322    (-,-) 
  g13971__7410/Q  -       AN->Q  R     NA2I1HDX1      6   45.5   438   442     764    (-,-) 
  g13932/Q        -       A->Q   F     INHDX1         4   29.7   212   256    1020    (-,-) 
  g13817__5526/Q  -       A->Q   F     AO222HDX0      1    8.7   136   735    1755    (-,-) 
  g13782__6417/Q  -       D->Q   R     AN221HDX0      8   72.0  2883  2261    4016    (-,-) 
  g13761__5122/Q  -       B->Q   F     NO2I1HDX1      5   46.1   561   487    4503    (-,-) 
  g13753__8428/Q  -       A->Q   R     NO2HDX1        4   42.9   602   652    5154    (-,-) 
  g13749/Q        -       A->Q   F     INHDX1         3   31.2   250   297    5451    (-,-) 
  g13735__4733/Q  -       A->Q   F     AO22HDX1       1   17.7   112   463    5914    (-,-) 
  g13707__9315/CO -       B->CO  F     FAHDX0         2   22.4   193   473    6387    (-,-) 
  g13702__5115/Q  -       A->Q   R     AN22HDX1       2   17.6   341   352    6739    (-,-) 
  g13693__3680/CO -       CI->CO R     CAGHDX1        2   20.6   154   322    7061    (-,-) 
  g13688__6260/Q  -       A->Q   R     OA22HDX1       1   11.5   108   255    7316    (-,-) 
  g13687__5107/Q  -       A->Q   R     EN3HDX0        2   18.4   564   501    7818    (-,-) 
  g13685__5477/Q  -       AN->Q  R     NA3I2HDX1      3   28.0   297   364    8182    (-,-) 
  g13679__9945/Q  -       A->Q   R     AND2HDX1       3   28.3   203   332    8513    (-,-) 
  g13669__6131/Q  -       E->Q   R     AO221HDX1      1   12.0   123   221    8734    (-,-) 
  g13665__1705/Q  -       A->Q   F     AN22HDX1       1    8.4   203   128    8862    (-,-) 
  g13661__6783/Q  -       C->Q   R     ON211HDX0      1   11.4   409   359    9221    (-,-) 
  g13660__5526/Q  -       F->Q   R     AO321HDX2      2 1011.1  2966  2370   11591    (-,-) 
  o_data[2]       -       -      R     (port)         -      -     -     4   11594    (-,-) 
#-------------------------------------------------------------------------------------------



Path 6: MET (38560 ps) Path Delay Check
           View: av_tt_normal
     Startpoint: (R) i_reg1[0]
       Endpoint: (R) o_data[0]

                   Capture    Launch  
      Path Delay:+   50000         -  
      Drv Adjust:+       0         0  
         Arrival:=   50000            
                                      
   Required Time:=   50000            
       Data Path:-   11440            
           Slack:=   38560            

Exceptions/Constraints:
  max_delay            50000            tmp_sdc_av_ss_normal_3_line_25 

#-------------------------------------------------------------------------------------------
#  Timing Point   Flags    Arc   Edge   Cell     Fanout  Load  Trans Delay Arrival Instance 
#                                                        (fF)   (ps)  (ps)   (ps)  Location 
#-------------------------------------------------------------------------------------------
  i_reg1[0]       -       -      R     (arrival)      1   11.5     0     0       0    (-,-) 
  drc_bufs14095/Q -       A->Q   F     INHDX1         1   11.2    59    59      59    (-,-) 
  drc_bufs14093/Q -       A->Q   R     INHDX1         6   50.8   316   263     322    (-,-) 
  g13971__7410/Q  -       AN->Q  R     NA2I1HDX1      6   45.5   438   442     764    (-,-) 
  g13932/Q        -       A->Q   F     INHDX1         4   29.7   212   256    1020    (-,-) 
  g13817__5526/Q  -       A->Q   F     AO222HDX0      1    8.7   136   735    1755    (-,-) 
  g13782__6417/Q  -       D->Q   R     AN221HDX0      8   72.0  2883  2261    4016    (-,-) 
  g13761__5122/Q  -       B->Q   F     NO2I1HDX1      5   46.1   561   487    4503    (-,-) 
  g13753__8428/Q  -       A->Q   R     NO2HDX1        4   42.9   602   652    5154    (-,-) 
  g13749/Q        -       A->Q   F     INHDX1         3   31.2   250   297    5451    (-,-) 
  g13735__4733/Q  -       A->Q   F     AO22HDX1       1   17.7   112   463    5914    (-,-) 
  g13707__9315/CO -       B->CO  F     FAHDX0         2   22.4   193   473    6387    (-,-) 
  g13702__5115/Q  -       A->Q   R     AN22HDX1       2   17.6   341   352    6739    (-,-) 
  g13693__3680/CO -       CI->CO R     CAGHDX1        2   20.6   154   322    7061    (-,-) 
  g13688__6260/Q  -       A->Q   R     OA22HDX1       1   11.5   108   255    7316    (-,-) 
  g13687__5107/Q  -       A->Q   R     EN3HDX0        2   18.4   564   501    7818    (-,-) 
  g13685__5477/Q  -       AN->Q  R     NA3I2HDX1      3   28.0   297   364    8182    (-,-) 
  g13679__9945/Q  -       A->Q   R     AND2HDX1       3   28.3   203   332    8513    (-,-) 
  g13676__4733/Q  -       D->Q   F     AN211HDX1      1    8.7   128   110    8623    (-,-) 
  g13666__5122/Q  -       D->Q   R     ON222HDX0      1   11.1   636   443    9066    (-,-) 
  g13663__1617/Q  -       E->Q   R     AO221HDX2      2 1011.5  2943  2371   11437    (-,-) 
  o_data[0]       -       -      R     (port)         -      -     -     4   11440    (-,-) 
#-------------------------------------------------------------------------------------------



Path 7: MET (38699 ps) Path Delay Check
           View: av_tt_normal
     Startpoint: (R) i_reg1[0]
       Endpoint: (R) o_data[5]

                   Capture    Launch  
      Path Delay:+   50000         -  
      Drv Adjust:+       0         0  
         Arrival:=   50000            
                                      
   Required Time:=   50000            
       Data Path:-   11301            
           Slack:=   38699            

Exceptions/Constraints:
  max_delay            50000            tmp_sdc_av_ss_normal_3_line_25 

#-------------------------------------------------------------------------------------------
#  Timing Point   Flags    Arc   Edge   Cell     Fanout  Load  Trans Delay Arrival Instance 
#                                                        (fF)   (ps)  (ps)   (ps)  Location 
#-------------------------------------------------------------------------------------------
  i_reg1[0]       -       -      R     (arrival)      1   11.5     0     0       0    (-,-) 
  drc_bufs14095/Q -       A->Q   F     INHDX1         1   11.2    59    59      59    (-,-) 
  drc_bufs14093/Q -       A->Q   R     INHDX1         6   50.8   316   263     322    (-,-) 
  g13971__7410/Q  -       AN->Q  R     NA2I1HDX1      6   45.5   438   442     764    (-,-) 
  g13932/Q        -       A->Q   F     INHDX1         4   29.7   212   256    1020    (-,-) 
  g13817__5526/Q  -       A->Q   F     AO222HDX0      1    8.7   136   735    1755    (-,-) 
  g13782__6417/Q  -       D->Q   R     AN221HDX0      8   72.0  2883  2261    4016    (-,-) 
  g13761__5122/Q  -       B->Q   F     NO2I1HDX1      5   46.1   561   487    4503    (-,-) 
  g13753__8428/Q  -       A->Q   R     NO2HDX1        4   42.9   602   652    5154    (-,-) 
  g13749/Q        -       A->Q   F     INHDX1         3   31.2   250   297    5451    (-,-) 
  g13735__4733/Q  -       A->Q   F     AO22HDX1       1   17.7   112   463    5914    (-,-) 
  g13707__9315/CO -       B->CO  F     FAHDX0         2   22.4   193   473    6387    (-,-) 
  g13702__5115/Q  -       A->Q   R     AN22HDX1       2   17.6   341   352    6739    (-,-) 
  g13693__3680/CO -       CI->CO R     CAGHDX1        2   20.6   154   322    7061    (-,-) 
  g13688__6260/Q  -       A->Q   R     OA22HDX1       1   11.5   108   255    7316    (-,-) 
  g13687__5107/Q  -       A->Q   R     EN3HDX0        2   18.4   564   501    7818    (-,-) 
  g13683__7410/Q  -       A->Q   F     AN211HDX1      1    9.3   213   223    8041    (-,-) 
  g13675__7482/Q  -       E->Q   F     OA311HDX1      2   30.8   178   318    8359    (-,-) 
  g13672/Q        -       A->Q   R     INHDX3         4 2042.0  3929  2939   11298    (-,-) 
  o_data[5]       -       -      R     (port)         -      -     -     3   11301    (-,-) 
#-------------------------------------------------------------------------------------------



Path 8: MET (38699 ps) Path Delay Check
           View: av_tt_normal
     Startpoint: (R) i_reg1[0]
       Endpoint: (R) o_flag[0]

                   Capture    Launch  
      Path Delay:+   50000         -  
      Drv Adjust:+       0         0  
         Arrival:=   50000            
                                      
   Required Time:=   50000            
       Data Path:-   11301            
           Slack:=   38699            

Exceptions/Constraints:
  max_delay            50000            tmp_sdc_av_ss_normal_3_line_25 

#-------------------------------------------------------------------------------------------
#  Timing Point   Flags    Arc   Edge   Cell     Fanout  Load  Trans Delay Arrival Instance 
#                                                        (fF)   (ps)  (ps)   (ps)  Location 
#-------------------------------------------------------------------------------------------
  i_reg1[0]       -       -      R     (arrival)      1   11.5     0     0       0    (-,-) 
  drc_bufs14095/Q -       A->Q   F     INHDX1         1   11.2    59    59      59    (-,-) 
  drc_bufs14093/Q -       A->Q   R     INHDX1         6   50.8   316   263     322    (-,-) 
  g13971__7410/Q  -       AN->Q  R     NA2I1HDX1      6   45.5   438   442     764    (-,-) 
  g13932/Q        -       A->Q   F     INHDX1         4   29.7   212   256    1020    (-,-) 
  g13817__5526/Q  -       A->Q   F     AO222HDX0      1    8.7   136   735    1755    (-,-) 
  g13782__6417/Q  -       D->Q   R     AN221HDX0      8   72.0  2883  2261    4016    (-,-) 
  g13761__5122/Q  -       B->Q   F     NO2I1HDX1      5   46.1   561   487    4503    (-,-) 
  g13753__8428/Q  -       A->Q   R     NO2HDX1        4   42.9   602   652    5154    (-,-) 
  g13749/Q        -       A->Q   F     INHDX1         3   31.2   250   297    5451    (-,-) 
  g13735__4733/Q  -       A->Q   F     AO22HDX1       1   17.7   112   463    5914    (-,-) 
  g13707__9315/CO -       B->CO  F     FAHDX0         2   22.4   193   473    6387    (-,-) 
  g13702__5115/Q  -       A->Q   R     AN22HDX1       2   17.6   341   352    6739    (-,-) 
  g13693__3680/CO -       CI->CO R     CAGHDX1        2   20.6   154   322    7061    (-,-) 
  g13688__6260/Q  -       A->Q   R     OA22HDX1       1   11.5   108   255    7316    (-,-) 
  g13687__5107/Q  -       A->Q   R     EN3HDX0        2   18.4   564   501    7818    (-,-) 
  g13683__7410/Q  -       A->Q   F     AN211HDX1      1    9.3   213   223    8041    (-,-) 
  g13675__7482/Q  -       E->Q   F     OA311HDX1      2   30.8   178   318    8359    (-,-) 
  g13672/Q        -       A->Q   R     INHDX3         4 2042.0  3929  2939   11298    (-,-) 
  o_flag[0]       -       -      R     (port)         -      -     -     3   11301    (-,-) 
#-------------------------------------------------------------------------------------------



Path 9: MET (38888 ps) Path Delay Check
           View: av_tt_normal
     Startpoint: (R) i_reg1[0]
       Endpoint: (R) o_data[1]

                   Capture    Launch  
      Path Delay:+   50000         -  
      Drv Adjust:+       0         0  
         Arrival:=   50000            
                                      
   Required Time:=   50000            
       Data Path:-   11112            
           Slack:=   38888            

Exceptions/Constraints:
  max_delay            50000            tmp_sdc_av_ss_normal_3_line_25 

#-------------------------------------------------------------------------------------------
#  Timing Point   Flags    Arc   Edge   Cell     Fanout  Load  Trans Delay Arrival Instance 
#                                                        (fF)   (ps)  (ps)   (ps)  Location 
#-------------------------------------------------------------------------------------------
  i_reg1[0]       -       -      R     (arrival)      1   11.5     0     0       0    (-,-) 
  drc_bufs14095/Q -       A->Q   F     INHDX1         1   11.2    59    59      59    (-,-) 
  drc_bufs14093/Q -       A->Q   R     INHDX1         6   50.8   316   263     322    (-,-) 
  g13971__7410/Q  -       AN->Q  R     NA2I1HDX1      6   45.5   438   442     764    (-,-) 
  g13932/Q        -       A->Q   F     INHDX1         4   29.7   212   256    1020    (-,-) 
  g13817__5526/Q  -       A->Q   F     AO222HDX0      1    8.7   136   735    1755    (-,-) 
  g13782__6417/Q  -       D->Q   R     AN221HDX0      8   72.0  2883  2261    4016    (-,-) 
  g13761__5122/Q  -       B->Q   F     NO2I1HDX1      5   46.1   561   487    4503    (-,-) 
  g13753__8428/Q  -       A->Q   R     NO2HDX1        4   42.9   602   652    5154    (-,-) 
  g13749/Q        -       A->Q   F     INHDX1         3   31.2   250   297    5451    (-,-) 
  g13735__4733/Q  -       A->Q   F     AO22HDX1       1   17.7   112   463    5914    (-,-) 
  g13707__9315/CO -       B->CO  F     FAHDX0         2   22.4   193   473    6387    (-,-) 
  g13702__5115/Q  -       A->Q   R     AN22HDX1       2   17.6   341   352    6739    (-,-) 
  g13693__3680/CO -       CI->CO R     CAGHDX1        2   20.6   154   322    7061    (-,-) 
  g13688__6260/Q  -       A->Q   R     OA22HDX1       1   11.5   108   255    7316    (-,-) 
  g13687__5107/Q  -       A->Q   R     EN3HDX0        2   18.4   564   501    7818    (-,-) 
  g13685__5477/Q  -       AN->Q  R     NA3I2HDX1      3   28.0   297   364    8182    (-,-) 
  g13679__9945/Q  -       A->Q   R     AND2HDX1       3   28.3   203   332    8513    (-,-) 
  g13670__1881/Q  -       D->Q   F     AN211HDX1      1   11.7   158   122    8635    (-,-) 
  g13664__2802/Q  -       D->Q   R     ON221HDX2      2 1011.6  2942  2473   11108    (-,-) 
  o_data[1]       -       -      R     (port)         -      -     -     4   11112    (-,-) 
#-------------------------------------------------------------------------------------------



Path 10: MET (39442 ps) Path Delay Check
           View: av_tt_normal
     Startpoint: (R) i_reg1[0]
       Endpoint: (R) o_data[4]

                   Capture    Launch  
      Path Delay:+   50000         -  
      Drv Adjust:+       0         0  
         Arrival:=   50000            
                                      
   Required Time:=   50000            
       Data Path:-   10558            
           Slack:=   39442            

Exceptions/Constraints:
  max_delay            50000            tmp_sdc_av_ss_normal_3_line_25 

#-------------------------------------------------------------------------------------------
#  Timing Point   Flags    Arc   Edge   Cell     Fanout  Load  Trans Delay Arrival Instance 
#                                                        (fF)   (ps)  (ps)   (ps)  Location 
#-------------------------------------------------------------------------------------------
  i_reg1[0]       -       -      R     (arrival)      1   11.5     0     0       0    (-,-) 
  drc_bufs14095/Q -       A->Q   F     INHDX1         1   11.2    59    59      59    (-,-) 
  drc_bufs14093/Q -       A->Q   R     INHDX1         6   50.8   316   263     322    (-,-) 
  g13971__7410/Q  -       AN->Q  R     NA2I1HDX1      6   45.5   438   442     764    (-,-) 
  g13932/Q        -       A->Q   F     INHDX1         4   29.7   212   256    1020    (-,-) 
  g13817__5526/Q  -       A->Q   F     AO222HDX0      1    8.7   136   735    1755    (-,-) 
  g13782__6417/Q  -       D->Q   R     AN221HDX0      8   72.0  2883  2261    4016    (-,-) 
  g13761__5122/Q  -       B->Q   F     NO2I1HDX1      5   46.1   561   487    4503    (-,-) 
  g13753__8428/Q  -       A->Q   R     NO2HDX1        4   42.9   602   652    5154    (-,-) 
  g13749/Q        -       A->Q   F     INHDX1         3   31.2   250   297    5451    (-,-) 
  g13735__4733/Q  -       A->Q   F     AO22HDX1       1   17.7   112   463    5914    (-,-) 
  g13707__9315/CO -       B->CO  F     FAHDX0         2   22.4   193   473    6387    (-,-) 
  g13702__5115/Q  -       A->Q   R     AN22HDX1       2   17.6   341   352    6739    (-,-) 
  g13693__3680/CO -       CI->CO R     CAGHDX1        2   20.6   154   322    7061    (-,-) 
  g13689__4319/Q  -       A->Q   F     EO2HDX1        2   16.6   173   347    7408    (-,-) 
  g13686__2398/Q  -       B->Q   R     ON22HDX0       1    9.0   438   325    7733    (-,-) 
  g13684__6417/Q  -       F->Q   F     AN321HDX0      1   11.2   578   181    7914    (-,-) 
  g13681__2346/Q  -       C->Q   R     ON21HDX1       1   11.1   306   322    8236    (-,-) 
  g13678__9315/Q  -       E->Q   R     AO221HDX2      2 1011.5  2943  2318   10554    (-,-) 
  o_data[4]       -       -      R     (port)         -      -     -     4   10558    (-,-) 
#-------------------------------------------------------------------------------------------

