============================================================
  Generated by:           Genus(TM) Synthesis Solution 22.13-s093_1
  Generated on:           Jan 16 2025  11:05:00 am
  Module:                 EXE
  Operating conditions:   slow_1_62V_125C 
  Operating conditions:   typ_1_80V_25C 
  Interconnect mode:      global
  Area mode:              physical library
============================================================


Path 1: MET (19317 ps) Path Delay Check
           View: av_ss_normal
     Startpoint: (R) i_reg1[0]
       Endpoint: (R) o_flag[3]

                   Capture    Launch  
      Path Delay:+   50000         -  
      Drv Adjust:+       0         0  
         Arrival:=   50000            
                                      
   Required Time:=   50000            
       Data Path:-   30683            
           Slack:=   19317            

Exceptions/Constraints:
  max_delay            50000            timing_model.sdc_line_10 

#-------------------------------------------------------------------------------------------
#  Timing Point   Flags    Arc   Edge   Cell     Fanout  Load  Trans Delay Arrival Instance 
#                                                        (fF)   (ps)  (ps)   (ps)  Location 
#-------------------------------------------------------------------------------------------
  i_reg1[0]       -       -      R     (arrival)      1   13.4     0     0       0    (-,-) 
  drc_bufs14095/Q -       A->Q   F     INHDX1         1   13.1   111   104     104    (-,-) 
  drc_bufs14093/Q -       A->Q   R     INHDX1         6   58.5   554   465     568    (-,-) 
  g13971__7410/Q  -       AN->Q  R     NA2I1HDX1      6   52.4   776   803    1372    (-,-) 
  g13932/Q        -       A->Q   F     INHDX1         4   35.1   401   499    1870    (-,-) 
  g13817__5526/Q  -       A->Q   F     AO222HDX0      1   10.8   269  1390    3261    (-,-) 
  g13782__6417/Q  -       D->Q   R     AN221HDX0      8   82.4  5372  4221    7482    (-,-) 
  g13761__5122/Q  -       B->Q   F     NO2I1HDX1      5   52.4  1096  1052    8534    (-,-) 
  g13753__8428/Q  -       A->Q   R     NO2HDX1        4   48.7  1083  1204    9738    (-,-) 
  g13749/Q        -       A->Q   F     INHDX1         3   36.1   470   581   10319    (-,-) 
  g13735__4733/Q  -       A->Q   F     AO22HDX1       1   19.4   205   855   11174    (-,-) 
  g13707__9315/CO -       B->CO  F     FAHDX0         2   25.5   346   882   12055    (-,-) 
  g13702__5115/Q  -       A->Q   R     AN22HDX1       2   20.8   621   648   12704    (-,-) 
  g13693__3680/CO -       CI->CO R     CAGHDX1        2   23.7   273   625   13328    (-,-) 
  g13688__6260/Q  -       A->Q   R     OA22HDX1       1   13.5   199   481   13810    (-,-) 
  g13687__5107/Q  -       A->Q   F     EN3HDX0        2   21.0   450   442   14251    (-,-) 
  g13685__5477/Q  -       AN->Q  F     NA3I2HDX1      3   32.4   361   806   15057    (-,-) 
  g13680__2883/Q  -       A->Q   R     NO2HDX1        3   28.0   665   624   15681    (-,-) 
  g13677__6161/Q  -       AN->Q  R     NO2I1HDX1      1   14.8   443   543   16224    (-,-) 
  g13671__5115/Q  -       S->Q   R     MU2HDX0        1   13.9   346   734   16958    (-,-) 
  g13667__8246/Q  -       A->Q   F     AN22HDX1       1   10.3   412   304   17261    (-,-) 
  g13662__3680/Q  -       C->Q   R     ON211HDX0      1   13.5   835   692   17954    (-,-) 
  g13659__8428/Q  -       F->Q   R     AO321HDX2      2 1014.7  4552  3734   21687    (-,-) 
  g13658__4319/Q  -       A->Q   F     NO5HDX1        2   45.2   262   683   22370    (-,-) 
  g13656__5107/Q  -       A->Q   R     NO2HDX4        2 1016.9  5435  3984   26354    (-,-) 
  g13655__2398/Q  -       C->Q   R     AO31HDX2       1 1007.0  4452  4321   30675    (-,-) 
  o_flag[3]       -       -      R     (port)         -      -     -     8   30683    (-,-) 
#-------------------------------------------------------------------------------------------



Path 2: MET (23640 ps) Path Delay Check
           View: av_ss_normal
     Startpoint: (R) i_reg1[0]
       Endpoint: (R) o_flag[1]

                   Capture    Launch  
      Path Delay:+   50000         -  
      Drv Adjust:+       0         0  
         Arrival:=   50000            
                                      
   Required Time:=   50000            
       Data Path:-   26360            
           Slack:=   23640            

Exceptions/Constraints:
  max_delay            50000            timing_model.sdc_line_10 

#-------------------------------------------------------------------------------------------
#  Timing Point   Flags    Arc   Edge   Cell     Fanout  Load  Trans Delay Arrival Instance 
#                                                        (fF)   (ps)  (ps)   (ps)  Location 
#-------------------------------------------------------------------------------------------
  i_reg1[0]       -       -      R     (arrival)      1   13.4     0     0       0    (-,-) 
  drc_bufs14095/Q -       A->Q   F     INHDX1         1   13.1   111   104     104    (-,-) 
  drc_bufs14093/Q -       A->Q   R     INHDX1         6   58.5   554   465     568    (-,-) 
  g13971__7410/Q  -       AN->Q  R     NA2I1HDX1      6   52.4   776   803    1372    (-,-) 
  g13932/Q        -       A->Q   F     INHDX1         4   35.1   401   499    1870    (-,-) 
  g13817__5526/Q  -       A->Q   F     AO222HDX0      1   10.8   269  1390    3261    (-,-) 
  g13782__6417/Q  -       D->Q   R     AN221HDX0      8   82.4  5372  4221    7482    (-,-) 
  g13761__5122/Q  -       B->Q   F     NO2I1HDX1      5   52.4  1096  1052    8534    (-,-) 
  g13753__8428/Q  -       A->Q   R     NO2HDX1        4   48.7  1083  1204    9738    (-,-) 
  g13749/Q        -       A->Q   F     INHDX1         3   36.1   470   581   10319    (-,-) 
  g13735__4733/Q  -       A->Q   F     AO22HDX1       1   19.4   205   855   11174    (-,-) 
  g13707__9315/CO -       B->CO  F     FAHDX0         2   25.5   346   882   12055    (-,-) 
  g13702__5115/Q  -       A->Q   R     AN22HDX1       2   20.8   621   648   12704    (-,-) 
  g13693__3680/CO -       CI->CO R     CAGHDX1        2   23.7   273   625   13328    (-,-) 
  g13688__6260/Q  -       A->Q   R     OA22HDX1       1   13.5   199   481   13810    (-,-) 
  g13687__5107/Q  -       A->Q   F     EN3HDX0        2   21.0   450   442   14251    (-,-) 
  g13685__5477/Q  -       AN->Q  F     NA3I2HDX1      3   32.4   361   806   15057    (-,-) 
  g13680__2883/Q  -       A->Q   R     NO2HDX1        3   28.0   665   624   15681    (-,-) 
  g13677__6161/Q  -       AN->Q  R     NO2I1HDX1      1   14.8   443   543   16224    (-,-) 
  g13671__5115/Q  -       S->Q   R     MU2HDX0        1   13.9   346   734   16958    (-,-) 
  g13667__8246/Q  -       A->Q   F     AN22HDX1       1   10.3   412   304   17261    (-,-) 
  g13662__3680/Q  -       C->Q   R     ON211HDX0      1   13.5   835   692   17954    (-,-) 
  g13659__8428/Q  -       F->Q   R     AO321HDX2      2 1014.7  4552  3734   21687    (-,-) 
  g13658__4319/Q  -       A->Q   F     NO5HDX1        2   45.2   262   683   22370    (-,-) 
  g13656__5107/Q  -       A->Q   R     NO2HDX4        2 1016.9  5435  3984   26354    (-,-) 
  o_flag[1]       -       -      R     (port)         -      -     -     6   26360    (-,-) 
#-------------------------------------------------------------------------------------------



Path 3: MET (24121 ps) Path Delay Check
           View: av_ss_normal
     Startpoint: (R) i_reg1[0]
       Endpoint: (R) o_flag[2]

                   Capture    Launch  
      Path Delay:+   50000         -  
      Drv Adjust:+       0         0  
         Arrival:=   50000            
                                      
   Required Time:=   50000            
       Data Path:-   25879            
           Slack:=   24121            

Exceptions/Constraints:
  max_delay            50000            timing_model.sdc_line_10 

#-------------------------------------------------------------------------------------------
#  Timing Point   Flags    Arc   Edge   Cell     Fanout  Load  Trans Delay Arrival Instance 
#                                                        (fF)   (ps)  (ps)   (ps)  Location 
#-------------------------------------------------------------------------------------------
  i_reg1[0]       -       -      R     (arrival)      1   13.4     0     0       0    (-,-) 
  drc_bufs14095/Q -       A->Q   F     INHDX1         1   13.1   111   104     104    (-,-) 
  drc_bufs14093/Q -       A->Q   R     INHDX1         6   58.5   554   465     568    (-,-) 
  g13971__7410/Q  -       AN->Q  R     NA2I1HDX1      6   52.4   776   803    1372    (-,-) 
  g13932/Q        -       A->Q   F     INHDX1         4   35.1   401   499    1870    (-,-) 
  g13817__5526/Q  -       A->Q   F     AO222HDX0      1   10.8   269  1390    3261    (-,-) 
  g13782__6417/Q  -       D->Q   R     AN221HDX0      8   82.4  5372  4221    7482    (-,-) 
  g13761__5122/Q  -       B->Q   F     NO2I1HDX1      5   52.4  1096  1052    8534    (-,-) 
  g13753__8428/Q  -       A->Q   R     NO2HDX1        4   48.7  1083  1204    9738    (-,-) 
  g13749/Q        -       A->Q   F     INHDX1         3   36.1   470   581   10319    (-,-) 
  g13735__4733/Q  -       A->Q   F     AO22HDX1       1   19.4   205   855   11174    (-,-) 
  g13707__9315/CO -       B->CO  F     FAHDX0         2   25.5   346   882   12055    (-,-) 
  g13702__5115/Q  -       A->Q   R     AN22HDX1       2   20.8   621   648   12704    (-,-) 
  g13693__3680/CO -       CI->CO R     CAGHDX1        2   23.7   273   625   13328    (-,-) 
  g13688__6260/Q  -       A->Q   R     OA22HDX1       1   13.5   199   481   13810    (-,-) 
  g13687__5107/Q  -       A->Q   F     EN3HDX0        2   21.0   450   442   14251    (-,-) 
  g13685__5477/Q  -       AN->Q  F     NA3I2HDX1      3   32.4   361   806   15057    (-,-) 
  g13680__2883/Q  -       A->Q   R     NO2HDX1        3   28.0   665   624   15681    (-,-) 
  g13677__6161/Q  -       AN->Q  R     NO2I1HDX1      1   14.8   443   543   16224    (-,-) 
  g13671__5115/Q  -       S->Q   F     MU2HDX0        1   13.4   212   668   16892    (-,-) 
  g13667__8246/Q  -       A->Q   R     AN22HDX1       1   10.3   475   458   17350    (-,-) 
  g13662__3680/Q  -       C->Q   F     ON211HDX0      1   14.0   591   599   17949    (-,-) 
  g13659__8428/Q  -       F->Q   F     AO321HDX2      2 1014.8  2339  2856   20805    (-,-) 
  g13658__4319/Q  -       A->Q   R     NO5HDX1        2   45.1   459  1523   22328    (-,-) 
  g13657__6260/Q  -       A->Q   R     AND2HDX2       1 1007.0  4475  3543   25871    (-,-) 
  o_flag[2]       -       -      R     (port)         -      -     -     8   25879    (-,-) 
#-------------------------------------------------------------------------------------------



Path 4: MET (28307 ps) Path Delay Check
           View: av_ss_normal
     Startpoint: (R) i_reg1[0]
       Endpoint: (R) o_data[3]

                   Capture    Launch  
      Path Delay:+   50000         -  
      Drv Adjust:+       0         0  
         Arrival:=   50000            
                                      
   Required Time:=   50000            
       Data Path:-   21693            
           Slack:=   28307            

Exceptions/Constraints:
  max_delay            50000            timing_model.sdc_line_10 

#-------------------------------------------------------------------------------------------
#  Timing Point   Flags    Arc   Edge   Cell     Fanout  Load  Trans Delay Arrival Instance 
#                                                        (fF)   (ps)  (ps)   (ps)  Location 
#-------------------------------------------------------------------------------------------
  i_reg1[0]       -       -      R     (arrival)      1   13.4     0     0       0    (-,-) 
  drc_bufs14095/Q -       A->Q   F     INHDX1         1   13.1   111   104     104    (-,-) 
  drc_bufs14093/Q -       A->Q   R     INHDX1         6   58.5   554   465     568    (-,-) 
  g13971__7410/Q  -       AN->Q  R     NA2I1HDX1      6   52.4   776   803    1372    (-,-) 
  g13932/Q        -       A->Q   F     INHDX1         4   35.1   401   499    1870    (-,-) 
  g13817__5526/Q  -       A->Q   F     AO222HDX0      1   10.8   269  1390    3261    (-,-) 
  g13782__6417/Q  -       D->Q   R     AN221HDX0      8   82.4  5372  4221    7482    (-,-) 
  g13761__5122/Q  -       B->Q   F     NO2I1HDX1      5   52.4  1096  1052    8534    (-,-) 
  g13753__8428/Q  -       A->Q   R     NO2HDX1        4   48.7  1083  1204    9738    (-,-) 
  g13749/Q        -       A->Q   F     INHDX1         3   36.1   470   581   10319    (-,-) 
  g13735__4733/Q  -       A->Q   F     AO22HDX1       1   19.4   205   855   11174    (-,-) 
  g13707__9315/CO -       B->CO  F     FAHDX0         2   25.5   346   882   12055    (-,-) 
  g13702__5115/Q  -       A->Q   R     AN22HDX1       2   20.8   621   648   12704    (-,-) 
  g13693__3680/CO -       CI->CO R     CAGHDX1        2   23.7   273   625   13328    (-,-) 
  g13688__6260/Q  -       A->Q   R     OA22HDX1       1   13.5   199   481   13810    (-,-) 
  g13687__5107/Q  -       A->Q   F     EN3HDX0        2   21.0   450   442   14251    (-,-) 
  g13685__5477/Q  -       AN->Q  F     NA3I2HDX1      3   32.4   361   806   15057    (-,-) 
  g13680__2883/Q  -       A->Q   R     NO2HDX1        3   28.0   665   624   15681    (-,-) 
  g13677__6161/Q  -       AN->Q  R     NO2I1HDX1      1   14.8   443   543   16224    (-,-) 
  g13671__5115/Q  -       S->Q   R     MU2HDX0        1   13.9   346   734   16958    (-,-) 
  g13667__8246/Q  -       A->Q   F     AN22HDX1       1   10.3   412   304   17261    (-,-) 
  g13662__3680/Q  -       C->Q   R     ON211HDX0      1   13.5   835   692   17954    (-,-) 
  g13659__8428/Q  -       F->Q   R     AO321HDX2      2 1014.7  4552  3734   21687    (-,-) 
  o_data[3]       -       -      R     (port)         -      -     -     6   21693    (-,-) 
#-------------------------------------------------------------------------------------------



Path 5: MET (28848 ps) Path Delay Check
           View: av_ss_normal
     Startpoint: (R) i_reg1[0]
       Endpoint: (R) o_data[2]

                   Capture    Launch  
      Path Delay:+   50000         -  
      Drv Adjust:+       0         0  
         Arrival:=   50000            
                                      
   Required Time:=   50000            
       Data Path:-   21152            
           Slack:=   28848            

Exceptions/Constraints:
  max_delay            50000            timing_model.sdc_line_10 

#-------------------------------------------------------------------------------------------
#  Timing Point   Flags    Arc   Edge   Cell     Fanout  Load  Trans Delay Arrival Instance 
#                                                        (fF)   (ps)  (ps)   (ps)  Location 
#-------------------------------------------------------------------------------------------
  i_reg1[0]       -       -      R     (arrival)      1   13.4     0     0       0    (-,-) 
  drc_bufs14095/Q -       A->Q   F     INHDX1         1   13.1   111   104     104    (-,-) 
  drc_bufs14093/Q -       A->Q   R     INHDX1         6   58.5   554   465     568    (-,-) 
  g13971__7410/Q  -       AN->Q  R     NA2I1HDX1      6   52.4   776   803    1372    (-,-) 
  g13932/Q        -       A->Q   F     INHDX1         4   35.1   401   499    1870    (-,-) 
  g13817__5526/Q  -       A->Q   F     AO222HDX0      1   10.8   269  1390    3261    (-,-) 
  g13782__6417/Q  -       D->Q   R     AN221HDX0      8   82.4  5372  4221    7482    (-,-) 
  g13761__5122/Q  -       B->Q   F     NO2I1HDX1      5   52.4  1096  1052    8534    (-,-) 
  g13753__8428/Q  -       A->Q   R     NO2HDX1        4   48.7  1083  1204    9738    (-,-) 
  g13749/Q        -       A->Q   F     INHDX1         3   36.1   470   581   10319    (-,-) 
  g13735__4733/Q  -       A->Q   F     AO22HDX1       1   19.4   205   855   11174    (-,-) 
  g13707__9315/CO -       B->CO  F     FAHDX0         2   25.5   346   882   12055    (-,-) 
  g13702__5115/Q  -       A->Q   R     AN22HDX1       2   20.8   621   648   12704    (-,-) 
  g13693__3680/CO -       CI->CO R     CAGHDX1        2   23.7   273   625   13328    (-,-) 
  g13688__6260/Q  -       A->Q   R     OA22HDX1       1   13.5   199   481   13810    (-,-) 
  g13687__5107/Q  -       A->Q   R     EN3HDX0        2   21.4  1047   933   14743    (-,-) 
  g13685__5477/Q  -       AN->Q  R     NA3I2HDX1      3   32.5   537   690   15433    (-,-) 
  g13679__9945/Q  -       A->Q   R     AND2HDX1       3   32.5   369   625   16058    (-,-) 
  g13669__6131/Q  -       E->Q   R     AO221HDX1      1   13.9   232   412   16470    (-,-) 
  g13665__1705/Q  -       A->Q   F     AN22HDX1       1   10.3   412   266   16736    (-,-) 
  g13661__6783/Q  -       C->Q   R     ON211HDX0      1   13.5   777   692   17428    (-,-) 
  g13660__5526/Q  -       F->Q   R     AO321HDX2      2 1014.1  4550  3718   21146    (-,-) 
  o_data[2]       -       -      R     (port)         -      -     -     6   21152    (-,-) 
#-------------------------------------------------------------------------------------------



Path 6: MET (29156 ps) Path Delay Check
           View: av_ss_normal
     Startpoint: (R) i_reg1[0]
       Endpoint: (R) o_data[0]

                   Capture    Launch  
      Path Delay:+   50000         -  
      Drv Adjust:+       0         0  
         Arrival:=   50000            
                                      
   Required Time:=   50000            
       Data Path:-   20844            
           Slack:=   29156            

Exceptions/Constraints:
  max_delay            50000            timing_model.sdc_line_10 

#-------------------------------------------------------------------------------------------
#  Timing Point   Flags    Arc   Edge   Cell     Fanout  Load  Trans Delay Arrival Instance 
#                                                        (fF)   (ps)  (ps)   (ps)  Location 
#-------------------------------------------------------------------------------------------
  i_reg1[0]       -       -      R     (arrival)      1   13.4     0     0       0    (-,-) 
  drc_bufs14095/Q -       A->Q   F     INHDX1         1   13.1   111   104     104    (-,-) 
  drc_bufs14093/Q -       A->Q   R     INHDX1         6   58.5   554   465     568    (-,-) 
  g13971__7410/Q  -       AN->Q  R     NA2I1HDX1      6   52.4   776   803    1372    (-,-) 
  g13932/Q        -       A->Q   F     INHDX1         4   35.1   401   499    1870    (-,-) 
  g13817__5526/Q  -       A->Q   F     AO222HDX0      1   10.8   269  1390    3261    (-,-) 
  g13782__6417/Q  -       D->Q   R     AN221HDX0      8   82.4  5372  4221    7482    (-,-) 
  g13761__5122/Q  -       B->Q   F     NO2I1HDX1      5   52.4  1096  1052    8534    (-,-) 
  g13753__8428/Q  -       A->Q   R     NO2HDX1        4   48.7  1083  1204    9738    (-,-) 
  g13749/Q        -       A->Q   F     INHDX1         3   36.1   470   581   10319    (-,-) 
  g13735__4733/Q  -       A->Q   F     AO22HDX1       1   19.4   205   855   11174    (-,-) 
  g13707__9315/CO -       B->CO  F     FAHDX0         2   25.5   346   882   12055    (-,-) 
  g13702__5115/Q  -       A->Q   R     AN22HDX1       2   20.8   621   648   12704    (-,-) 
  g13693__3680/CO -       CI->CO R     CAGHDX1        2   23.7   273   625   13328    (-,-) 
  g13688__6260/Q  -       A->Q   R     OA22HDX1       1   13.5   199   481   13810    (-,-) 
  g13687__5107/Q  -       A->Q   R     EN3HDX0        2   21.4  1047   933   14743    (-,-) 
  g13685__5477/Q  -       AN->Q  R     NA3I2HDX1      3   32.5   537   690   15433    (-,-) 
  g13679__9945/Q  -       A->Q   R     AND2HDX1       3   32.5   369   625   16058    (-,-) 
  g13676__4733/Q  -       D->Q   F     AN211HDX1      1   10.7   246   218   16276    (-,-) 
  g13666__5122/Q  -       D->Q   R     ON222HDX0      1   13.3  1224   834   17110    (-,-) 
  g13663__1617/Q  -       E->Q   R     AO221HDX2      2 1014.4  4512  3728   20838    (-,-) 
  o_data[0]       -       -      R     (port)         -      -     -     6   20844    (-,-) 
#-------------------------------------------------------------------------------------------



Path 7: MET (29671 ps) Path Delay Check
           View: av_ss_normal
     Startpoint: (R) i_reg1[0]
       Endpoint: (R) o_data[5]

                   Capture    Launch  
      Path Delay:+   50000         -  
      Drv Adjust:+       0         0  
         Arrival:=   50000            
                                      
   Required Time:=   50000            
       Data Path:-   20329            
           Slack:=   29671            

Exceptions/Constraints:
  max_delay            50000            timing_model.sdc_line_10 

#-------------------------------------------------------------------------------------------
#  Timing Point   Flags    Arc   Edge   Cell     Fanout  Load  Trans Delay Arrival Instance 
#                                                        (fF)   (ps)  (ps)   (ps)  Location 
#-------------------------------------------------------------------------------------------
  i_reg1[0]       -       -      R     (arrival)      1   13.4     0     0       0    (-,-) 
  drc_bufs14095/Q -       A->Q   F     INHDX1         1   13.1   111   104     104    (-,-) 
  drc_bufs14093/Q -       A->Q   R     INHDX1         6   58.5   554   465     568    (-,-) 
  g13971__7410/Q  -       AN->Q  R     NA2I1HDX1      6   52.4   776   803    1372    (-,-) 
  g13932/Q        -       A->Q   F     INHDX1         4   35.1   401   499    1870    (-,-) 
  g13817__5526/Q  -       A->Q   F     AO222HDX0      1   10.8   269  1390    3261    (-,-) 
  g13782__6417/Q  -       D->Q   R     AN221HDX0      8   82.4  5372  4221    7482    (-,-) 
  g13761__5122/Q  -       B->Q   F     NO2I1HDX1      5   52.4  1096  1052    8534    (-,-) 
  g13753__8428/Q  -       A->Q   R     NO2HDX1        4   48.7  1083  1204    9738    (-,-) 
  g13749/Q        -       A->Q   F     INHDX1         3   36.1   470   581   10319    (-,-) 
  g13735__4733/Q  -       A->Q   F     AO22HDX1       1   19.4   205   855   11174    (-,-) 
  g13707__9315/CO -       B->CO  F     FAHDX0         2   25.5   346   882   12055    (-,-) 
  g13702__5115/Q  -       A->Q   R     AN22HDX1       2   20.8   621   648   12704    (-,-) 
  g13693__3680/CO -       CI->CO R     CAGHDX1        2   23.7   273   625   13328    (-,-) 
  g13688__6260/Q  -       A->Q   R     OA22HDX1       1   13.5   199   481   13810    (-,-) 
  g13687__5107/Q  -       A->Q   R     EN3HDX0        2   21.4  1047   933   14743    (-,-) 
  g13683__7410/Q  -       A->Q   F     AN211HDX1      1   11.4   424   472   15215    (-,-) 
  g13675__7482/Q  -       E->Q   F     OA311HDX1      2   34.0   330   596   15811    (-,-) 
  g13672/Q        -       A->Q   R     INHDX3         4 2048.7  6009  4513   20324    (-,-) 
  o_data[5]       -       -      R     (port)         -      -     -     5   20329    (-,-) 
#-------------------------------------------------------------------------------------------



Path 8: MET (29671 ps) Path Delay Check
           View: av_ss_normal
     Startpoint: (R) i_reg1[0]
       Endpoint: (R) o_flag[0]

                   Capture    Launch  
      Path Delay:+   50000         -  
      Drv Adjust:+       0         0  
         Arrival:=   50000            
                                      
   Required Time:=   50000            
       Data Path:-   20329            
           Slack:=   29671            

Exceptions/Constraints:
  max_delay            50000            timing_model.sdc_line_10 

#-------------------------------------------------------------------------------------------
#  Timing Point   Flags    Arc   Edge   Cell     Fanout  Load  Trans Delay Arrival Instance 
#                                                        (fF)   (ps)  (ps)   (ps)  Location 
#-------------------------------------------------------------------------------------------
  i_reg1[0]       -       -      R     (arrival)      1   13.4     0     0       0    (-,-) 
  drc_bufs14095/Q -       A->Q   F     INHDX1         1   13.1   111   104     104    (-,-) 
  drc_bufs14093/Q -       A->Q   R     INHDX1         6   58.5   554   465     568    (-,-) 
  g13971__7410/Q  -       AN->Q  R     NA2I1HDX1      6   52.4   776   803    1372    (-,-) 
  g13932/Q        -       A->Q   F     INHDX1         4   35.1   401   499    1870    (-,-) 
  g13817__5526/Q  -       A->Q   F     AO222HDX0      1   10.8   269  1390    3261    (-,-) 
  g13782__6417/Q  -       D->Q   R     AN221HDX0      8   82.4  5372  4221    7482    (-,-) 
  g13761__5122/Q  -       B->Q   F     NO2I1HDX1      5   52.4  1096  1052    8534    (-,-) 
  g13753__8428/Q  -       A->Q   R     NO2HDX1        4   48.7  1083  1204    9738    (-,-) 
  g13749/Q        -       A->Q   F     INHDX1         3   36.1   470   581   10319    (-,-) 
  g13735__4733/Q  -       A->Q   F     AO22HDX1       1   19.4   205   855   11174    (-,-) 
  g13707__9315/CO -       B->CO  F     FAHDX0         2   25.5   346   882   12055    (-,-) 
  g13702__5115/Q  -       A->Q   R     AN22HDX1       2   20.8   621   648   12704    (-,-) 
  g13693__3680/CO -       CI->CO R     CAGHDX1        2   23.7   273   625   13328    (-,-) 
  g13688__6260/Q  -       A->Q   R     OA22HDX1       1   13.5   199   481   13810    (-,-) 
  g13687__5107/Q  -       A->Q   R     EN3HDX0        2   21.4  1047   933   14743    (-,-) 
  g13683__7410/Q  -       A->Q   F     AN211HDX1      1   11.4   424   472   15215    (-,-) 
  g13675__7482/Q  -       E->Q   F     OA311HDX1      2   34.0   330   596   15811    (-,-) 
  g13672/Q        -       A->Q   R     INHDX3         4 2048.7  6009  4513   20324    (-,-) 
  o_flag[0]       -       -      R     (port)         -      -     -     5   20329    (-,-) 
#-------------------------------------------------------------------------------------------



Path 9: MET (29818 ps) Path Delay Check
           View: av_ss_normal
     Startpoint: (R) i_reg1[0]
       Endpoint: (R) o_data[1]

                   Capture    Launch  
      Path Delay:+   50000         -  
      Drv Adjust:+       0         0  
         Arrival:=   50000            
                                      
   Required Time:=   50000            
       Data Path:-   20182            
           Slack:=   29818            

Exceptions/Constraints:
  max_delay            50000            timing_model.sdc_line_10 

#-------------------------------------------------------------------------------------------
#  Timing Point   Flags    Arc   Edge   Cell     Fanout  Load  Trans Delay Arrival Instance 
#                                                        (fF)   (ps)  (ps)   (ps)  Location 
#-------------------------------------------------------------------------------------------
  i_reg1[0]       -       -      R     (arrival)      1   13.4     0     0       0    (-,-) 
  drc_bufs14095/Q -       A->Q   F     INHDX1         1   13.1   111   104     104    (-,-) 
  drc_bufs14093/Q -       A->Q   R     INHDX1         6   58.5   554   465     568    (-,-) 
  g13971__7410/Q  -       AN->Q  R     NA2I1HDX1      6   52.4   776   803    1372    (-,-) 
  g13932/Q        -       A->Q   F     INHDX1         4   35.1   401   499    1870    (-,-) 
  g13817__5526/Q  -       A->Q   F     AO222HDX0      1   10.8   269  1390    3261    (-,-) 
  g13782__6417/Q  -       D->Q   R     AN221HDX0      8   82.4  5372  4221    7482    (-,-) 
  g13761__5122/Q  -       B->Q   F     NO2I1HDX1      5   52.4  1096  1052    8534    (-,-) 
  g13753__8428/Q  -       A->Q   R     NO2HDX1        4   48.7  1083  1204    9738    (-,-) 
  g13749/Q        -       A->Q   F     INHDX1         3   36.1   470   581   10319    (-,-) 
  g13735__4733/Q  -       A->Q   F     AO22HDX1       1   19.4   205   855   11174    (-,-) 
  g13707__9315/CO -       B->CO  F     FAHDX0         2   25.5   346   882   12055    (-,-) 
  g13702__5115/Q  -       A->Q   R     AN22HDX1       2   20.8   621   648   12704    (-,-) 
  g13693__3680/CO -       CI->CO R     CAGHDX1        2   23.7   273   625   13328    (-,-) 
  g13688__6260/Q  -       A->Q   R     OA22HDX1       1   13.5   199   481   13810    (-,-) 
  g13687__5107/Q  -       A->Q   R     EN3HDX0        2   21.4  1047   933   14743    (-,-) 
  g13685__5477/Q  -       AN->Q  R     NA3I2HDX1      3   32.5   537   690   15433    (-,-) 
  g13679__9945/Q  -       A->Q   R     AND2HDX1       3   32.5   369   625   16058    (-,-) 
  g13670__1881/Q  -       D->Q   F     AN211HDX1      1   13.9   319   239   16297    (-,-) 
  g13664__2802/Q  -       D->Q   R     ON221HDX2      2 1014.5  4503  3878   20176    (-,-) 
  o_data[1]       -       -      R     (port)         -      -     -     6   20182    (-,-) 
#-------------------------------------------------------------------------------------------



Path 10: MET (30768 ps) Path Delay Check
           View: av_ss_normal
     Startpoint: (R) i_reg1[0]
       Endpoint: (R) o_data[4]

                   Capture    Launch  
      Path Delay:+   50000         -  
      Drv Adjust:+       0         0  
         Arrival:=   50000            
                                      
   Required Time:=   50000            
       Data Path:-   19232            
           Slack:=   30768            

Exceptions/Constraints:
  max_delay            50000            timing_model.sdc_line_10 

#-------------------------------------------------------------------------------------------
#  Timing Point   Flags    Arc   Edge   Cell     Fanout  Load  Trans Delay Arrival Instance 
#                                                        (fF)   (ps)  (ps)   (ps)  Location 
#-------------------------------------------------------------------------------------------
  i_reg1[0]       -       -      R     (arrival)      1   13.4     0     0       0    (-,-) 
  drc_bufs14095/Q -       A->Q   F     INHDX1         1   13.1   111   104     104    (-,-) 
  drc_bufs14093/Q -       A->Q   R     INHDX1         6   58.5   554   465     568    (-,-) 
  g13971__7410/Q  -       AN->Q  R     NA2I1HDX1      6   52.4   776   803    1372    (-,-) 
  g13932/Q        -       A->Q   F     INHDX1         4   35.1   401   499    1870    (-,-) 
  g13817__5526/Q  -       A->Q   F     AO222HDX0      1   10.8   269  1390    3261    (-,-) 
  g13782__6417/Q  -       D->Q   R     AN221HDX0      8   82.4  5372  4221    7482    (-,-) 
  g13761__5122/Q  -       B->Q   F     NO2I1HDX1      5   52.4  1096  1052    8534    (-,-) 
  g13753__8428/Q  -       A->Q   R     NO2HDX1        4   48.7  1083  1204    9738    (-,-) 
  g13749/Q        -       A->Q   F     INHDX1         3   36.1   470   581   10319    (-,-) 
  g13735__4733/Q  -       A->Q   F     AO22HDX1       1   19.4   205   855   11174    (-,-) 
  g13707__9315/CO -       B->CO  F     FAHDX0         2   25.5   346   882   12055    (-,-) 
  g13702__5115/Q  -       A->Q   R     AN22HDX1       2   20.8   621   648   12704    (-,-) 
  g13693__3680/CO -       CI->CO R     CAGHDX1        2   23.7   273   625   13328    (-,-) 
  g13689__4319/Q  -       A->Q   F     EO2HDX1        2   19.6   357   626   13954    (-,-) 
  g13686__2398/Q  -       B->Q   R     ON22HDX0       1   11.0   848   639   14594    (-,-) 
  g13684__6417/Q  -       F->Q   F     AN321HDX0      1   13.3  1190   377   14970    (-,-) 
  g13681__2346/Q  -       C->Q   R     ON21HDX1       1   13.3   586   641   15612    (-,-) 
  g13678__9315/Q  -       E->Q   R     AO221HDX2      2 1014.5  4513  3614   19226    (-,-) 
  o_data[4]       -       -      R     (port)         -      -     -     6   19232    (-,-) 
#-------------------------------------------------------------------------------------------

