

Working Directory = /lab/sck17/Pulpit/SCKproj1/SCK_PROJ_SYNT1/WORK
QoS Summary for ALU
================================================================================
Metric                          gates          
================================================================================

View : av_ss_normal
Slack (ps):                    25,181
  R2R (ps):                  no_value
  I2R (ps):                  no_value
  R2O (ps):                  no_value
  I2O (ps):                    25,181
  CG  (ps):                  no_value
TNS (ps):                           0
  R2R (ps):                  no_value
  I2R (ps):                  no_value
  R2O (ps):                  no_value
  I2O (ps):                         0
  CG  (ps):                  no_value
Failing Paths:                      0

View : av_tt_normal
Slack (ps):                    35,508
  R2R (ps):                  no_value
  I2R (ps):                  no_value
  R2O (ps):                  no_value
  I2O (ps):                    35,508
  CG  (ps):                  no_value
TNS (ps):                           0
  R2R (ps):                  no_value
  I2R (ps):                  no_value
  R2O (ps):                  no_value
  I2O (ps):                         0
  CG  (ps):                  no_value
Failing Paths:                      0

Cell Area:                      2,072
Total Cell Area:                2,072
Leaf Instances:                   133
Total Instances:                  133
Utilization (%):                 0.00
Tot. Net Length (um):        no_value
Avg. Net Length (um):        no_value
Route Overflow H (%):        no_value
Route Overflow V (%):        no_value
MBCI(%) (bits/gate) :            0.00
Norm Cong Hotspot Area:
  Max Cong:                  no_value
  Tot Cong:                  no_value
================================================================================
CPU  Runtime (h:m:s):        00:00:45
Real Runtime (h:m:s):        00:00:41
CPU  Elapsed (h:m:s):        00:00:57
Real Elapsed (h:m:s):        00:00:46
Memory (MB):                  1741.73
================================================================================
================================================================================
Flow Settings:
================================================================================
Total Runtime (h:m:s): 00:00:41
Total Memory (MB):     1749.73
Executable Version:    22.13-s093_1
================================================================================
Total Cell Area =  Cell Area + Physical Cell Area
Total Instances =  Leaf Instances + Physical Instances


