============================================================
  Generated by:           Genus(TM) Synthesis Solution 22.13-s093_1
  Generated on:           Jan 16 2025  10:46:43 am
  Module:                 ALU
  Operating conditions:   slow_1_62V_125C 
  Operating conditions:   typ_1_80V_25C 
  Interconnect mode:      global
  Area mode:              physical library
============================================================


Path 1: MET (25181 ps) Path Delay Check
           View: av_ss_normal
     Startpoint: (R) i_imm
       Endpoint: (R) o_flag[3]

                   Capture    Launch  
      Path Delay:+   50000         -  
      Drv Adjust:+       0         0  
         Arrival:=   50000            
                                      
   Required Time:=   50000            
       Data Path:-   24819            
           Slack:=   25181            

Exceptions/Constraints:
  max_delay            50000            timing_model.sdc_line_10 

#------------------------------------------------------------------------------------------
# Timing Point   Flags    Arc   Edge   Cell     Fanout  Load  Trans Delay Arrival Instance 
#                                                       (fF)   (ps)  (ps)   (ps)  Location 
#------------------------------------------------------------------------------------------
  i_imm          -       -      R     (arrival)      1   13.4     0     0       0    (-,-) 
  drc_bufs4354/Q -       A->Q   F     INHDX1         1   13.1   111   104     104    (-,-) 
  drc_bufs4352/Q -       A->Q   R     INHDX1         6   79.4   735   598     702    (-,-) 
  g4327__7098/Q  -       S->Q   R     MU2IHDX1       8   80.3  2484  1969    2671    (-,-) 
  g4312__2398/Q  -       B->Q   F     NO2I1HDX1      4   38.2   627   696    3367    (-,-) 
  g4303__9315/Q  -       A->Q   R     NO2HDX1        6   72.1  1434  1336    4702    (-,-) 
  g4291__1705/Q  -       B->Q   F     EO2HDX0        1   19.0   678   867    5569    (-,-) 
  g4269__4733/CO -       A->CO  F     FAHDX0         2   26.8   360  1040    6609    (-,-) 
  g4260__5122/Q  -       A->Q   F     NA22HDX1       2   23.8   285   478    7088    (-,-) 
  g4252__4319/CO -       CI->CO F     CAGHDX1        2   23.8   214   707    7794    (-,-) 
  g4248__5477/CO -       CI->CO F     CAGHDX1        1   13.8   165   611    8405    (-,-) 
  g4246__7410/Q  -       A->Q   R     EN3HDX0        2   20.7  1018   900    9304    (-,-) 
  g4243__2883/Q  -       A->Q   F     NA3HDX1        3   27.0   558   632    9936    (-,-) 
  g4242__9945/Q  -       AN->Q  F     NA2I1HDX1      3   30.0   397   665   10601    (-,-) 
  g4228__8246/Q  -       A->Q   F     OA211HDX0      1   10.4   194   644   11245    (-,-) 
  g4223__3680/Q  -       E->Q   R     ON321HDX0      1   13.3  1507   892   12137    (-,-) 
  g4220__8428/Q  -       E->Q   R     AO221HDX2      2 1014.4  4512  3763   15900    (-,-) 
  g4219__4319/Q  -       A->Q   R     OR5HDX1        2   45.1   495   726   16626    (-,-) 
  g4217__5107/Q  -       A->Q   R     AND2HDX2       2 1016.7  4519  3583   20208    (-,-) 
  g4216__2398/Q  -       C->Q   R     AO33HDX2       1 1007.0  4475  4602   24811    (-,-) 
  o_flag[3]      -       -      R     (port)         -      -     -     8   24819    (-,-) 
#------------------------------------------------------------------------------------------



Path 2: MET (29297 ps) Path Delay Check
           View: av_ss_normal
     Startpoint: (R) i_imm
       Endpoint: (R) o_flag[2]

                   Capture    Launch  
      Path Delay:+   50000         -  
      Drv Adjust:+       0         0  
         Arrival:=   50000            
                                      
   Required Time:=   50000            
       Data Path:-   20703            
           Slack:=   29297            

Exceptions/Constraints:
  max_delay            50000            timing_model.sdc_line_10 

#------------------------------------------------------------------------------------------
# Timing Point   Flags    Arc   Edge   Cell     Fanout  Load  Trans Delay Arrival Instance 
#                                                       (fF)   (ps)  (ps)   (ps)  Location 
#------------------------------------------------------------------------------------------
  i_imm          -       -      R     (arrival)      1   13.4     0     0       0    (-,-) 
  drc_bufs4354/Q -       A->Q   F     INHDX1         1   13.1   111   104     104    (-,-) 
  drc_bufs4352/Q -       A->Q   R     INHDX1         6   79.4   735   598     702    (-,-) 
  g4327__7098/Q  -       S->Q   R     MU2IHDX1       8   80.3  2484  1969    2671    (-,-) 
  g4312__2398/Q  -       B->Q   F     NO2I1HDX1      4   38.2   627   696    3367    (-,-) 
  g4303__9315/Q  -       A->Q   R     NO2HDX1        6   72.1  1434  1336    4702    (-,-) 
  g4291__1705/Q  -       B->Q   F     EO2HDX0        1   19.0   678   867    5569    (-,-) 
  g4269__4733/CO -       A->CO  F     FAHDX0         2   26.8   360  1040    6609    (-,-) 
  g4260__5122/Q  -       A->Q   F     NA22HDX1       2   23.8   285   478    7088    (-,-) 
  g4252__4319/CO -       CI->CO F     CAGHDX1        2   23.8   214   707    7794    (-,-) 
  g4248__5477/CO -       CI->CO F     CAGHDX1        1   13.8   165   611    8405    (-,-) 
  g4246__7410/Q  -       A->Q   R     EN3HDX0        2   20.7  1018   900    9304    (-,-) 
  g4243__2883/Q  -       A->Q   F     NA3HDX1        3   27.0   558   632    9936    (-,-) 
  g4240__6161/Q  -       A->Q   R     NA2HDX1        3   24.2   441   547   10483    (-,-) 
  g4231__1881/Q  -       E->Q   F     ON221HDX0      1   10.7   500   557   11040    (-,-) 
  g4226__1705/Q  -       D->Q   F     AO222HDX1      1   13.7   247  1324   12364    (-,-) 
  g4224__1617/Q  -       E->Q   F     AO221HDX2      2 1014.5  2311  2619   14983    (-,-) 
  g4219__4319/Q  -       D->Q   F     OR5HDX1        2   45.2   510  1651   16634    (-,-) 
  g4218__6260/Q  -       A->Q   R     NO2HDX4        1 1007.0  5178  4061   20695    (-,-) 
  o_flag[2]      -       -      R     (port)         -      -     -     8   20703    (-,-) 
#------------------------------------------------------------------------------------------



Path 3: MET (29786 ps) Path Delay Check
           View: av_ss_normal
     Startpoint: (R) i_imm
       Endpoint: (R) o_flag[1]

                   Capture    Launch  
      Path Delay:+   50000         -  
      Drv Adjust:+       0         0  
         Arrival:=   50000            
                                      
   Required Time:=   50000            
       Data Path:-   20214            
           Slack:=   29786            

Exceptions/Constraints:
  max_delay            50000            timing_model.sdc_line_10 

#------------------------------------------------------------------------------------------
# Timing Point   Flags    Arc   Edge   Cell     Fanout  Load  Trans Delay Arrival Instance 
#                                                       (fF)   (ps)  (ps)   (ps)  Location 
#------------------------------------------------------------------------------------------
  i_imm          -       -      R     (arrival)      1   13.4     0     0       0    (-,-) 
  drc_bufs4354/Q -       A->Q   F     INHDX1         1   13.1   111   104     104    (-,-) 
  drc_bufs4352/Q -       A->Q   R     INHDX1         6   79.4   735   598     702    (-,-) 
  g4327__7098/Q  -       S->Q   R     MU2IHDX1       8   80.3  2484  1969    2671    (-,-) 
  g4312__2398/Q  -       B->Q   F     NO2I1HDX1      4   38.2   627   696    3367    (-,-) 
  g4303__9315/Q  -       A->Q   R     NO2HDX1        6   72.1  1434  1336    4702    (-,-) 
  g4291__1705/Q  -       B->Q   F     EO2HDX0        1   19.0   678   867    5569    (-,-) 
  g4269__4733/CO -       A->CO  F     FAHDX0         2   26.8   360  1040    6609    (-,-) 
  g4260__5122/Q  -       A->Q   F     NA22HDX1       2   23.8   285   478    7088    (-,-) 
  g4252__4319/CO -       CI->CO F     CAGHDX1        2   23.8   214   707    7794    (-,-) 
  g4248__5477/CO -       CI->CO F     CAGHDX1        1   13.8   165   611    8405    (-,-) 
  g4246__7410/Q  -       A->Q   R     EN3HDX0        2   20.7  1018   900    9304    (-,-) 
  g4243__2883/Q  -       A->Q   F     NA3HDX1        3   27.0   558   632    9936    (-,-) 
  g4242__9945/Q  -       AN->Q  F     NA2I1HDX1      3   30.0   397   665   10601    (-,-) 
  g4228__8246/Q  -       A->Q   F     OA211HDX0      1   10.4   194   644   11245    (-,-) 
  g4223__3680/Q  -       E->Q   R     ON321HDX0      1   13.3  1507   892   12137    (-,-) 
  g4220__8428/Q  -       E->Q   R     AO221HDX2      2 1014.4  4512  3763   15900    (-,-) 
  g4219__4319/Q  -       A->Q   R     OR5HDX1        2   45.1   495   726   16626    (-,-) 
  g4217__5107/Q  -       A->Q   R     AND2HDX2       2 1016.7  4519  3583   20208    (-,-) 
  o_flag[1]      -       -      R     (port)         -      -     -     6   20214    (-,-) 
#------------------------------------------------------------------------------------------



Path 4: MET (34094 ps) Path Delay Check
           View: av_ss_normal
     Startpoint: (R) i_imm
       Endpoint: (R) o_result[2]

                   Capture    Launch  
      Path Delay:+   50000         -  
      Drv Adjust:+       0         0  
         Arrival:=   50000            
                                      
   Required Time:=   50000            
       Data Path:-   15906            
           Slack:=   34094            

Exceptions/Constraints:
  max_delay            50000            timing_model.sdc_line_10 

#------------------------------------------------------------------------------------------
# Timing Point   Flags    Arc   Edge   Cell     Fanout  Load  Trans Delay Arrival Instance 
#                                                       (fF)   (ps)  (ps)   (ps)  Location 
#------------------------------------------------------------------------------------------
  i_imm          -       -      R     (arrival)      1   13.4     0     0       0    (-,-) 
  drc_bufs4354/Q -       A->Q   F     INHDX1         1   13.1   111   104     104    (-,-) 
  drc_bufs4352/Q -       A->Q   R     INHDX1         6   79.4   735   598     702    (-,-) 
  g4327__7098/Q  -       S->Q   R     MU2IHDX1       8   80.3  2484  1969    2671    (-,-) 
  g4312__2398/Q  -       B->Q   F     NO2I1HDX1      4   38.2   627   696    3367    (-,-) 
  g4303__9315/Q  -       A->Q   R     NO2HDX1        6   72.1  1434  1336    4702    (-,-) 
  g4291__1705/Q  -       B->Q   F     EO2HDX0        1   19.0   678   867    5569    (-,-) 
  g4269__4733/CO -       A->CO  F     FAHDX0         2   26.8   360  1040    6609    (-,-) 
  g4260__5122/Q  -       A->Q   F     NA22HDX1       2   23.8   285   478    7088    (-,-) 
  g4252__4319/CO -       CI->CO F     CAGHDX1        2   23.8   214   707    7794    (-,-) 
  g4248__5477/CO -       CI->CO F     CAGHDX1        1   13.8   165   611    8405    (-,-) 
  g4246__7410/Q  -       A->Q   R     EN3HDX0        2   20.7  1018   900    9304    (-,-) 
  g4243__2883/Q  -       A->Q   F     NA3HDX1        3   27.0   558   632    9936    (-,-) 
  g4242__9945/Q  -       AN->Q  F     NA2I1HDX1      3   30.0   397   665   10601    (-,-) 
  g4228__8246/Q  -       A->Q   F     OA211HDX0      1   10.4   194   644   11245    (-,-) 
  g4223__3680/Q  -       E->Q   R     ON321HDX0      1   13.3  1507   892   12137    (-,-) 
  g4220__8428/Q  -       E->Q   R     AO221HDX2      2 1014.4  4512  3763   15900    (-,-) 
  o_result[2]    -       -      R     (port)         -      -     -     6   15906    (-,-) 
#------------------------------------------------------------------------------------------



Path 5: MET (34346 ps) Path Delay Check
           View: av_ss_normal
     Startpoint: (R) i_imm
       Endpoint: (R) o_result[1]

                   Capture    Launch  
      Path Delay:+   50000         -  
      Drv Adjust:+       0         0  
         Arrival:=   50000            
                                      
   Required Time:=   50000            
       Data Path:-   15654            
           Slack:=   34346            

Exceptions/Constraints:
  max_delay            50000            timing_model.sdc_line_10 

#------------------------------------------------------------------------------------------
# Timing Point   Flags    Arc   Edge   Cell     Fanout  Load  Trans Delay Arrival Instance 
#                                                       (fF)   (ps)  (ps)   (ps)  Location 
#------------------------------------------------------------------------------------------
  i_imm          -       -      R     (arrival)      1   13.4     0     0       0    (-,-) 
  drc_bufs4354/Q -       A->Q   F     INHDX1         1   13.1   111   104     104    (-,-) 
  drc_bufs4352/Q -       A->Q   R     INHDX1         6   79.4   735   598     702    (-,-) 
  g4327__7098/Q  -       S->Q   R     MU2IHDX1       8   80.3  2484  1969    2671    (-,-) 
  g4312__2398/Q  -       B->Q   F     NO2I1HDX1      4   38.2   627   696    3367    (-,-) 
  g4303__9315/Q  -       A->Q   R     NO2HDX1        6   72.1  1434  1336    4702    (-,-) 
  g4291__1705/Q  -       B->Q   F     EO2HDX0        1   19.0   678   867    5569    (-,-) 
  g4269__4733/CO -       A->CO  F     FAHDX0         2   26.8   360  1040    6609    (-,-) 
  g4260__5122/Q  -       A->Q   F     NA22HDX1       2   23.8   285   478    7088    (-,-) 
  g4252__4319/CO -       CI->CO F     CAGHDX1        2   23.8   214   707    7794    (-,-) 
  g4248__5477/CO -       CI->CO F     CAGHDX1        1   13.8   165   611    8405    (-,-) 
  g4246__7410/Q  -       A->Q   R     EN3HDX0        2   20.7  1018   900    9304    (-,-) 
  g4243__2883/Q  -       A->Q   F     NA3HDX1        3   27.0   558   632    9936    (-,-) 
  g4242__9945/Q  -       AN->Q  F     NA2I1HDX1      3   30.0   397   665   10601    (-,-) 
  g4229__7098/Q  -       A->Q   F     OA211HDX0      1   10.9   200   650   11251    (-,-) 
  g4225__2802/Q  -       E->Q   R     ON32HDX0       1   14.0  1490   755   12006    (-,-) 
  g4221__5526/Q  -       D->Q   R     AO211HDX2      2 1014.1  4477  3642   15648    (-,-) 
  o_result[1]    -       -      R     (port)         -      -     -     6   15654    (-,-) 
#------------------------------------------------------------------------------------------



Path 6: MET (34352 ps) Path Delay Check
           View: av_ss_normal
     Startpoint: (R) i_imm
       Endpoint: (R) o_result[3]

                   Capture    Launch  
      Path Delay:+   50000         -  
      Drv Adjust:+       0         0  
         Arrival:=   50000            
                                      
   Required Time:=   50000            
       Data Path:-   15648            
           Slack:=   34352            

Exceptions/Constraints:
  max_delay            50000            timing_model.sdc_line_10 

#------------------------------------------------------------------------------------------
# Timing Point   Flags    Arc   Edge   Cell     Fanout  Load  Trans Delay Arrival Instance 
#                                                       (fF)   (ps)  (ps)   (ps)  Location 
#------------------------------------------------------------------------------------------
  i_imm          -       -      R     (arrival)      1   13.4     0     0       0    (-,-) 
  drc_bufs4354/Q -       A->Q   F     INHDX1         1   13.1   111   104     104    (-,-) 
  drc_bufs4352/Q -       A->Q   R     INHDX1         6   79.4   735   598     702    (-,-) 
  g4327__7098/Q  -       S->Q   R     MU2IHDX1       8   80.3  2484  1969    2671    (-,-) 
  g4312__2398/Q  -       B->Q   F     NO2I1HDX1      4   38.2   627   696    3367    (-,-) 
  g4303__9315/Q  -       A->Q   R     NO2HDX1        6   72.1  1434  1336    4702    (-,-) 
  g4291__1705/Q  -       B->Q   F     EO2HDX0        1   19.0   678   867    5569    (-,-) 
  g4269__4733/CO -       A->CO  F     FAHDX0         2   26.8   360  1040    6609    (-,-) 
  g4260__5122/Q  -       A->Q   F     NA22HDX1       2   23.8   285   478    7088    (-,-) 
  g4252__4319/CO -       CI->CO F     CAGHDX1        2   23.8   214   707    7794    (-,-) 
  g4248__5477/CO -       CI->CO F     CAGHDX1        1   13.8   165   611    8405    (-,-) 
  g4246__7410/Q  -       A->Q   R     EN3HDX0        2   20.7  1018   900    9304    (-,-) 
  g4243__2883/Q  -       A->Q   F     NA3HDX1        3   27.0   558   632    9936    (-,-) 
  g4242__9945/Q  -       AN->Q  F     NA2I1HDX1      3   30.0   397   665   10601    (-,-) 
  g4238__7482/Q  -       A->Q   R     NO2HDX1        1   14.8   427   452   11053    (-,-) 
  g4230__6131/Q  -       S->Q   F     MU2HDX0        1   14.0   215   671   11724    (-,-) 
  g4222__6783/Q  -       B->Q   R     ON221HDX2      2 1014.6  4501  3918   15642    (-,-) 
  o_result[3]    -       -      R     (port)         -      -     -     6   15648    (-,-) 
#------------------------------------------------------------------------------------------



Path 7: MET (34411 ps) Path Delay Check
           View: av_ss_normal
     Startpoint: (R) i_imm
       Endpoint: (R) o_flag[0]

                   Capture    Launch  
      Path Delay:+   50000         -  
      Drv Adjust:+       0         0  
         Arrival:=   50000            
                                      
   Required Time:=   50000            
       Data Path:-   15589            
           Slack:=   34411            

Exceptions/Constraints:
  max_delay            50000            timing_model.sdc_line_10 

#------------------------------------------------------------------------------------------
# Timing Point   Flags    Arc   Edge   Cell     Fanout  Load  Trans Delay Arrival Instance 
#                                                       (fF)   (ps)  (ps)   (ps)  Location 
#------------------------------------------------------------------------------------------
  i_imm          -       -      R     (arrival)      1   13.4     0     0       0    (-,-) 
  drc_bufs4354/Q -       A->Q   F     INHDX1         1   13.1   111   104     104    (-,-) 
  drc_bufs4352/Q -       A->Q   R     INHDX1         6   79.4   735   598     702    (-,-) 
  g4327__7098/Q  -       S->Q   R     MU2IHDX1       8   80.3  2484  1969    2671    (-,-) 
  g4312__2398/Q  -       B->Q   F     NO2I1HDX1      4   38.2   627   696    3367    (-,-) 
  g4303__9315/Q  -       A->Q   R     NO2HDX1        6   72.1  1434  1336    4702    (-,-) 
  g4291__1705/Q  -       B->Q   F     EO2HDX0        1   19.0   678   867    5569    (-,-) 
  g4269__4733/CO -       A->CO  F     FAHDX0         2   26.8   360  1040    6609    (-,-) 
  g4260__5122/Q  -       A->Q   F     NA22HDX1       2   23.8   285   478    7088    (-,-) 
  g4252__4319/CO -       CI->CO F     CAGHDX1        2   23.8   214   707    7794    (-,-) 
  g4248__5477/CO -       CI->CO F     CAGHDX1        1   13.8   165   611    8405    (-,-) 
  g4246__7410/Q  -       A->Q   F     EN3HDX0        2   20.5   439   553    8958    (-,-) 
  g4244__2346/Q  -       E->Q   R     ON32HDX0       1   10.8  1334   743    9701    (-,-) 
  g4237__5115/Q  -       AN->Q  R     NA4I2HDX1      2   44.6   736   823   10524    (-,-) 
  g4234/Q        -       A->Q   F     INHDX1         3   44.5   453   559   11083    (-,-) 
  g4233/Q        -       A->Q   R     INHDX3         2 2010.4  5899  4500   15583    (-,-) 
  o_flag[0]      -       -      R     (port)         -      -     -     6   15589    (-,-) 
#------------------------------------------------------------------------------------------



Path 8: MET (34411 ps) Path Delay Check
           View: av_ss_normal
     Startpoint: (R) i_imm
       Endpoint: (R) o_result[5]

                   Capture    Launch  
      Path Delay:+   50000         -  
      Drv Adjust:+       0         0  
         Arrival:=   50000            
                                      
   Required Time:=   50000            
       Data Path:-   15589            
           Slack:=   34411            

Exceptions/Constraints:
  max_delay            50000            timing_model.sdc_line_10 

#------------------------------------------------------------------------------------------
# Timing Point   Flags    Arc   Edge   Cell     Fanout  Load  Trans Delay Arrival Instance 
#                                                       (fF)   (ps)  (ps)   (ps)  Location 
#------------------------------------------------------------------------------------------
  i_imm          -       -      R     (arrival)      1   13.4     0     0       0    (-,-) 
  drc_bufs4354/Q -       A->Q   F     INHDX1         1   13.1   111   104     104    (-,-) 
  drc_bufs4352/Q -       A->Q   R     INHDX1         6   79.4   735   598     702    (-,-) 
  g4327__7098/Q  -       S->Q   R     MU2IHDX1       8   80.3  2484  1969    2671    (-,-) 
  g4312__2398/Q  -       B->Q   F     NO2I1HDX1      4   38.2   627   696    3367    (-,-) 
  g4303__9315/Q  -       A->Q   R     NO2HDX1        6   72.1  1434  1336    4702    (-,-) 
  g4291__1705/Q  -       B->Q   F     EO2HDX0        1   19.0   678   867    5569    (-,-) 
  g4269__4733/CO -       A->CO  F     FAHDX0         2   26.8   360  1040    6609    (-,-) 
  g4260__5122/Q  -       A->Q   F     NA22HDX1       2   23.8   285   478    7088    (-,-) 
  g4252__4319/CO -       CI->CO F     CAGHDX1        2   23.8   214   707    7794    (-,-) 
  g4248__5477/CO -       CI->CO F     CAGHDX1        1   13.8   165   611    8405    (-,-) 
  g4246__7410/Q  -       A->Q   F     EN3HDX0        2   20.5   439   553    8958    (-,-) 
  g4244__2346/Q  -       E->Q   R     ON32HDX0       1   10.8  1334   743    9701    (-,-) 
  g4237__5115/Q  -       AN->Q  R     NA4I2HDX1      2   44.6   736   823   10524    (-,-) 
  g4234/Q        -       A->Q   F     INHDX1         3   44.5   453   559   11083    (-,-) 
  g4233/Q        -       A->Q   R     INHDX3         2 2010.4  5899  4500   15583    (-,-) 
  o_result[5]    -       -      R     (port)         -      -     -     6   15589    (-,-) 
#------------------------------------------------------------------------------------------



Path 9: MET (34944 ps) Path Delay Check
           View: av_ss_normal
     Startpoint: (R) i_imm
       Endpoint: (R) o_result[0]

                   Capture    Launch  
      Path Delay:+   50000         -  
      Drv Adjust:+       0         0  
         Arrival:=   50000            
                                      
   Required Time:=   50000            
       Data Path:-   15056            
           Slack:=   34944            

Exceptions/Constraints:
  max_delay            50000            timing_model.sdc_line_10 

#------------------------------------------------------------------------------------------
# Timing Point   Flags    Arc   Edge   Cell     Fanout  Load  Trans Delay Arrival Instance 
#                                                       (fF)   (ps)  (ps)   (ps)  Location 
#------------------------------------------------------------------------------------------
  i_imm          -       -      R     (arrival)      1   13.4     0     0       0    (-,-) 
  drc_bufs4354/Q -       A->Q   F     INHDX1         1   13.1   111   104     104    (-,-) 
  drc_bufs4352/Q -       A->Q   R     INHDX1         6   79.4   735   598     702    (-,-) 
  g4327__7098/Q  -       S->Q   R     MU2IHDX1       8   80.3  2484  1969    2671    (-,-) 
  g4312__2398/Q  -       B->Q   F     NO2I1HDX1      4   38.2   627   696    3367    (-,-) 
  g4303__9315/Q  -       A->Q   R     NO2HDX1        6   72.1  1434  1336    4702    (-,-) 
  g4291__1705/Q  -       B->Q   F     EO2HDX0        1   19.0   678   867    5569    (-,-) 
  g4269__4733/CO -       A->CO  F     FAHDX0         2   26.8   360  1040    6609    (-,-) 
  g4260__5122/Q  -       A->Q   F     NA22HDX1       2   23.8   285   478    7088    (-,-) 
  g4252__4319/CO -       CI->CO F     CAGHDX1        2   23.8   214   707    7794    (-,-) 
  g4248__5477/CO -       CI->CO F     CAGHDX1        1   13.8   165   611    8405    (-,-) 
  g4246__7410/Q  -       A->Q   R     EN3HDX0        2   20.7  1018   900    9304    (-,-) 
  g4243__2883/Q  -       A->Q   F     NA3HDX1        3   27.0   558   632    9936    (-,-) 
  g4231__1881/Q  -       A->Q   R     ON221HDX0      1   10.5   878   886   10822    (-,-) 
  g4226__1705/Q  -       D->Q   R     AO222HDX1      1   13.3   215   728   11551    (-,-) 
  g4224__1617/Q  -       E->Q   R     AO221HDX2      2 1014.3  4510  3499   15050    (-,-) 
  o_result[0]    -       -      R     (port)         -      -     -     6   15056    (-,-) 
#------------------------------------------------------------------------------------------



Path 10: MET (36515 ps) Path Delay Check
           View: av_ss_normal
     Startpoint: (R) i_imm
       Endpoint: (R) o_result[4]

                   Capture    Launch  
      Path Delay:+   50000         -  
      Drv Adjust:+       0         0  
         Arrival:=   50000            
                                      
   Required Time:=   50000            
       Data Path:-   13485            
           Slack:=   36515            

Exceptions/Constraints:
  max_delay            50000            timing_model.sdc_line_10 

#------------------------------------------------------------------------------------------
# Timing Point   Flags    Arc   Edge   Cell     Fanout  Load  Trans Delay Arrival Instance 
#                                                       (fF)   (ps)  (ps)   (ps)  Location 
#------------------------------------------------------------------------------------------
  i_imm          -       -      R     (arrival)      1   13.4     0     0       0    (-,-) 
  drc_bufs4354/Q -       A->Q   F     INHDX1         1   13.1   111   104     104    (-,-) 
  drc_bufs4352/Q -       A->Q   R     INHDX1         6   79.4   735   598     702    (-,-) 
  g4327__7098/Q  -       S->Q   R     MU2IHDX1       8   80.3  2484  1969    2671    (-,-) 
  g4312__2398/Q  -       B->Q   F     NO2I1HDX1      4   38.2   627   696    3367    (-,-) 
  g4303__9315/Q  -       A->Q   R     NO2HDX1        6   72.1  1434  1336    4702    (-,-) 
  g4291__1705/Q  -       B->Q   F     EO2HDX0        1   19.0   678   867    5569    (-,-) 
  g4269__4733/CO -       A->CO  F     FAHDX0         2   26.8   360  1040    6609    (-,-) 
  g4260__5122/Q  -       A->Q   F     NA22HDX1       2   23.8   285   478    7088    (-,-) 
  g4252__4319/CO -       CI->CO F     CAGHDX1        2   23.8   214   707    7794    (-,-) 
  g4250__5107/Q  -       A->Q   F     EO2HDX1        2   19.8   353   606    8400    (-,-) 
  g4245__1666/Q  -       E->Q   F     OA321HDX1      1   10.5   242   774    9174    (-,-) 
  g4241__9315/Q  -       E->Q   R     ON221HDX0      1   13.5   990   538    9712    (-,-) 
  g4239__4733/Q  -       F->Q   R     AO321HDX2      2 1014.0  4541  3768   13479    (-,-) 
  o_result[4]    -       -      R     (port)         -      -     -     6   13485    (-,-) 
#------------------------------------------------------------------------------------------

