============================================================
  Generated by:           Genus(TM) Synthesis Solution 22.13-s093_1
  Generated on:           Jan 16 2025  10:46:43 am
  Module:                 ALU
  Operating conditions:   slow_1_62V_125C 
  Operating conditions:   typ_1_80V_25C 
  Interconnect mode:      global
  Area mode:              physical library
============================================================


Path 1: MET (35508 ps) Path Delay Check
           View: av_tt_normal
     Startpoint: (R) i_imm
       Endpoint: (R) o_flag[3]

                   Capture    Launch  
      Path Delay:+   50000         -  
      Drv Adjust:+       0         0  
         Arrival:=   50000            
                                      
   Required Time:=   50000            
       Data Path:-   14492            
           Slack:=   35508            

Exceptions/Constraints:
  max_delay            50000            tmp_sdc_av_ss_normal_3_line_25 

#------------------------------------------------------------------------------------------
# Timing Point   Flags    Arc   Edge   Cell     Fanout  Load  Trans Delay Arrival Instance 
#                                                       (fF)   (ps)  (ps)   (ps)  Location 
#------------------------------------------------------------------------------------------
  i_imm          -       -      R     (arrival)      1   12.2     0     0       0    (-,-) 
  drc_bufs4354/Q -       A->Q   F     INHDX1         1   11.9    62    61      61    (-,-) 
  drc_bufs4352/Q -       A->Q   R     INHDX1         6   73.6   446   360     421    (-,-) 
  g4327__7098/Q  -       S->Q   R     MU2IHDX1       8   73.4  1442  1121    1542    (-,-) 
  g4312__2398/Q  -       B->Q   F     NO2I1HDX1      4   34.5   340   345    1886    (-,-) 
  g4303__9315/Q  -       A->Q   R     NO2HDX1        6   66.0   835   765    2651    (-,-) 
  g4291__1705/Q  -       B->Q   F     EO2HDX0        1   18.1   362   488    3140    (-,-) 
  g4269__4733/CO -       A->CO  F     FAHDX0         2   24.5   205   573    3713    (-,-) 
  g4260__5122/Q  -       A->Q   F     NA22HDX1       2   21.4   143   258    3971    (-,-) 
  g4252__4319/CO -       CI->CO F     CAGHDX1        2   21.4   121   376    4347    (-,-) 
  g4248__5477/CO -       CI->CO F     CAGHDX1        1   12.5    92   330    4677    (-,-) 
  g4246__7410/Q  -       A->Q   R     EN3HDX0        2   18.6   568   500    5176    (-,-) 
  g4243__2883/Q  -       A->Q   F     NA3HDX1        3   24.0   276   306    5483    (-,-) 
  g4242__9945/Q  -       AN->Q  F     NA2I1HDX1      3   27.2   204   347    5829    (-,-) 
  g4228__8246/Q  -       A->Q   F     OA211HDX0      1    9.2   102   344    6173    (-,-) 
  g4223__3680/Q  -       E->Q   R     ON321HDX0      1   11.8   820   485    6658    (-,-) 
  g4220__8428/Q  -       E->Q   R     AO221HDX2      2 1012.5  2945  2388    9046    (-,-) 
  g4219__4319/Q  -       A->Q   R     OR5HDX1        2   41.3   291   344    9390    (-,-) 
  g4217__5107/Q  -       A->Q   R     AND2HDX2       2 1014.7  2955  2307   11696    (-,-) 
  g4216__2398/Q  -       C->Q   R     AO33HDX2       1 1005.9  2926  2791   14487    (-,-) 
  o_flag[3]      -       -      R     (port)         -      -     -     5   14492    (-,-) 
#------------------------------------------------------------------------------------------



Path 2: MET (38204 ps) Path Delay Check
           View: av_tt_normal
     Startpoint: (R) i_imm
       Endpoint: (R) o_flag[2]

                   Capture    Launch  
      Path Delay:+   50000         -  
      Drv Adjust:+       0         0  
         Arrival:=   50000            
                                      
   Required Time:=   50000            
       Data Path:-   11796            
           Slack:=   38204            

Exceptions/Constraints:
  max_delay            50000            tmp_sdc_av_ss_normal_3_line_25 

#------------------------------------------------------------------------------------------
# Timing Point   Flags    Arc   Edge   Cell     Fanout  Load  Trans Delay Arrival Instance 
#                                                       (fF)   (ps)  (ps)   (ps)  Location 
#------------------------------------------------------------------------------------------
  i_imm          -       -      R     (arrival)      1   12.2     0     0       0    (-,-) 
  drc_bufs4354/Q -       A->Q   F     INHDX1         1   11.9    62    61      61    (-,-) 
  drc_bufs4352/Q -       A->Q   R     INHDX1         6   73.6   446   360     421    (-,-) 
  g4327__7098/Q  -       S->Q   R     MU2IHDX1       8   73.4  1442  1121    1542    (-,-) 
  g4312__2398/Q  -       B->Q   F     NO2I1HDX1      4   34.5   340   345    1886    (-,-) 
  g4303__9315/Q  -       A->Q   R     NO2HDX1        6   66.0   835   765    2651    (-,-) 
  g4291__1705/Q  -       B->Q   F     EO2HDX0        1   18.1   362   488    3140    (-,-) 
  g4269__4733/CO -       A->CO  F     FAHDX0         2   24.5   205   573    3713    (-,-) 
  g4260__5122/Q  -       A->Q   F     NA22HDX1       2   21.4   143   258    3971    (-,-) 
  g4252__4319/CO -       CI->CO F     CAGHDX1        2   21.4   121   376    4347    (-,-) 
  g4248__5477/CO -       CI->CO F     CAGHDX1        1   12.5    92   330    4677    (-,-) 
  g4246__7410/Q  -       A->Q   R     EN3HDX0        2   18.6   568   500    5176    (-,-) 
  g4243__2883/Q  -       A->Q   F     NA3HDX1        3   24.0   276   306    5483    (-,-) 
  g4240__6161/Q  -       A->Q   R     NA2HDX1        3   21.6   248   291    5774    (-,-) 
  g4231__1881/Q  -       E->Q   F     ON221HDX0      1    9.5   241   277    6051    (-,-) 
  g4226__1705/Q  -       D->Q   F     AO222HDX1      1   12.2   133   672    6723    (-,-) 
  g4224__1617/Q  -       E->Q   F     AO221HDX2      2 1012.5  1411  1596    8318    (-,-) 
  g4219__4319/Q  -       D->Q   F     OR5HDX1        2   41.5   260   924    9243    (-,-) 
  g4218__6260/Q  -       A->Q   R     NO2HDX4        1 1005.9  3282  2548   11791    (-,-) 
  o_flag[2]      -       -      R     (port)         -      -     -     5   11796    (-,-) 
#------------------------------------------------------------------------------------------



Path 3: MET (38300 ps) Path Delay Check
           View: av_tt_normal
     Startpoint: (R) i_imm
       Endpoint: (R) o_flag[1]

                   Capture    Launch  
      Path Delay:+   50000         -  
      Drv Adjust:+       0         0  
         Arrival:=   50000            
                                      
   Required Time:=   50000            
       Data Path:-   11700            
           Slack:=   38300            

Exceptions/Constraints:
  max_delay            50000            tmp_sdc_av_ss_normal_3_line_25 

#------------------------------------------------------------------------------------------
# Timing Point   Flags    Arc   Edge   Cell     Fanout  Load  Trans Delay Arrival Instance 
#                                                       (fF)   (ps)  (ps)   (ps)  Location 
#------------------------------------------------------------------------------------------
  i_imm          -       -      R     (arrival)      1   12.2     0     0       0    (-,-) 
  drc_bufs4354/Q -       A->Q   F     INHDX1         1   11.9    62    61      61    (-,-) 
  drc_bufs4352/Q -       A->Q   R     INHDX1         6   73.6   446   360     421    (-,-) 
  g4327__7098/Q  -       S->Q   R     MU2IHDX1       8   73.4  1442  1121    1542    (-,-) 
  g4312__2398/Q  -       B->Q   F     NO2I1HDX1      4   34.5   340   345    1886    (-,-) 
  g4303__9315/Q  -       A->Q   R     NO2HDX1        6   66.0   835   765    2651    (-,-) 
  g4291__1705/Q  -       B->Q   F     EO2HDX0        1   18.1   362   488    3140    (-,-) 
  g4269__4733/CO -       A->CO  F     FAHDX0         2   24.5   205   573    3713    (-,-) 
  g4260__5122/Q  -       A->Q   F     NA22HDX1       2   21.4   143   258    3971    (-,-) 
  g4252__4319/CO -       CI->CO F     CAGHDX1        2   21.4   121   376    4347    (-,-) 
  g4248__5477/CO -       CI->CO F     CAGHDX1        1   12.5    92   330    4677    (-,-) 
  g4246__7410/Q  -       A->Q   R     EN3HDX0        2   18.6   568   500    5176    (-,-) 
  g4243__2883/Q  -       A->Q   F     NA3HDX1        3   24.0   276   306    5483    (-,-) 
  g4242__9945/Q  -       AN->Q  F     NA2I1HDX1      3   27.2   204   347    5829    (-,-) 
  g4228__8246/Q  -       A->Q   F     OA211HDX0      1    9.2   102   344    6173    (-,-) 
  g4223__3680/Q  -       E->Q   R     ON321HDX0      1   11.8   820   485    6658    (-,-) 
  g4220__8428/Q  -       E->Q   R     AO221HDX2      2 1012.5  2945  2388    9046    (-,-) 
  g4219__4319/Q  -       A->Q   R     OR5HDX1        2   41.3   291   344    9390    (-,-) 
  g4217__5107/Q  -       A->Q   R     AND2HDX2       2 1014.7  2955  2307   11696    (-,-) 
  o_flag[1]      -       -      R     (port)         -      -     -     4   11700    (-,-) 
#------------------------------------------------------------------------------------------



Path 4: MET (40929 ps) Path Delay Check
           View: av_tt_normal
     Startpoint: (R) i_imm
       Endpoint: (R) o_flag[0]

                   Capture    Launch  
      Path Delay:+   50000         -  
      Drv Adjust:+       0         0  
         Arrival:=   50000            
                                      
   Required Time:=   50000            
       Data Path:-    9071            
           Slack:=   40929            

Exceptions/Constraints:
  max_delay            50000            tmp_sdc_av_ss_normal_3_line_25 

#------------------------------------------------------------------------------------------
# Timing Point   Flags    Arc   Edge   Cell     Fanout  Load  Trans Delay Arrival Instance 
#                                                       (fF)   (ps)  (ps)   (ps)  Location 
#------------------------------------------------------------------------------------------
  i_imm          -       -      R     (arrival)      1   12.2     0     0       0    (-,-) 
  drc_bufs4354/Q -       A->Q   F     INHDX1         1   11.9    62    61      61    (-,-) 
  drc_bufs4352/Q -       A->Q   R     INHDX1         6   73.6   446   360     421    (-,-) 
  g4327__7098/Q  -       S->Q   R     MU2IHDX1       8   73.4  1442  1121    1542    (-,-) 
  g4312__2398/Q  -       B->Q   F     NO2I1HDX1      4   34.5   340   345    1886    (-,-) 
  g4303__9315/Q  -       A->Q   R     NO2HDX1        6   66.0   835   765    2651    (-,-) 
  g4291__1705/Q  -       B->Q   F     EO2HDX0        1   18.1   362   488    3140    (-,-) 
  g4269__4733/CO -       A->CO  F     FAHDX0         2   24.5   205   573    3713    (-,-) 
  g4260__5122/Q  -       A->Q   F     NA22HDX1       2   21.4   143   258    3971    (-,-) 
  g4252__4319/CO -       CI->CO F     CAGHDX1        2   21.4   121   376    4347    (-,-) 
  g4248__5477/CO -       CI->CO F     CAGHDX1        1   12.5    92   330    4677    (-,-) 
  g4246__7410/Q  -       A->Q   F     EN3HDX0        2   18.3   221   295    4972    (-,-) 
  g4244__2346/Q  -       E->Q   R     ON32HDX0       1    9.7   692   397    5369    (-,-) 
  g4237__5115/Q  -       AN->Q  R     NA4I2HDX1      2   40.9   431   454    5823    (-,-) 
  g4234/Q        -       A->Q   F     INHDX1         3   41.6   258   310    6133    (-,-) 
  g4233/Q        -       A->Q   R     INHDX3         2 2008.7  3870  2934    9067    (-,-) 
  o_flag[0]      -       -      R     (port)         -      -     -     4    9071    (-,-) 
#------------------------------------------------------------------------------------------



Path 5: MET (40929 ps) Path Delay Check
           View: av_tt_normal
     Startpoint: (R) i_imm
       Endpoint: (R) o_result[5]

                   Capture    Launch  
      Path Delay:+   50000         -  
      Drv Adjust:+       0         0  
         Arrival:=   50000            
                                      
   Required Time:=   50000            
       Data Path:-    9071            
           Slack:=   40929            

Exceptions/Constraints:
  max_delay            50000            tmp_sdc_av_ss_normal_3_line_25 

#------------------------------------------------------------------------------------------
# Timing Point   Flags    Arc   Edge   Cell     Fanout  Load  Trans Delay Arrival Instance 
#                                                       (fF)   (ps)  (ps)   (ps)  Location 
#------------------------------------------------------------------------------------------
  i_imm          -       -      R     (arrival)      1   12.2     0     0       0    (-,-) 
  drc_bufs4354/Q -       A->Q   F     INHDX1         1   11.9    62    61      61    (-,-) 
  drc_bufs4352/Q -       A->Q   R     INHDX1         6   73.6   446   360     421    (-,-) 
  g4327__7098/Q  -       S->Q   R     MU2IHDX1       8   73.4  1442  1121    1542    (-,-) 
  g4312__2398/Q  -       B->Q   F     NO2I1HDX1      4   34.5   340   345    1886    (-,-) 
  g4303__9315/Q  -       A->Q   R     NO2HDX1        6   66.0   835   765    2651    (-,-) 
  g4291__1705/Q  -       B->Q   F     EO2HDX0        1   18.1   362   488    3140    (-,-) 
  g4269__4733/CO -       A->CO  F     FAHDX0         2   24.5   205   573    3713    (-,-) 
  g4260__5122/Q  -       A->Q   F     NA22HDX1       2   21.4   143   258    3971    (-,-) 
  g4252__4319/CO -       CI->CO F     CAGHDX1        2   21.4   121   376    4347    (-,-) 
  g4248__5477/CO -       CI->CO F     CAGHDX1        1   12.5    92   330    4677    (-,-) 
  g4246__7410/Q  -       A->Q   F     EN3HDX0        2   18.3   221   295    4972    (-,-) 
  g4244__2346/Q  -       E->Q   R     ON32HDX0       1    9.7   692   397    5369    (-,-) 
  g4237__5115/Q  -       AN->Q  R     NA4I2HDX1      2   40.9   431   454    5823    (-,-) 
  g4234/Q        -       A->Q   F     INHDX1         3   41.6   258   310    6133    (-,-) 
  g4233/Q        -       A->Q   R     INHDX3         2 2008.7  3870  2934    9067    (-,-) 
  o_result[5]    -       -      R     (port)         -      -     -     4    9071    (-,-) 
#------------------------------------------------------------------------------------------



Path 6: MET (40950 ps) Path Delay Check
           View: av_tt_normal
     Startpoint: (R) i_imm
       Endpoint: (R) o_result[2]

                   Capture    Launch  
      Path Delay:+   50000         -  
      Drv Adjust:+       0         0  
         Arrival:=   50000            
                                      
   Required Time:=   50000            
       Data Path:-    9050            
           Slack:=   40950            

Exceptions/Constraints:
  max_delay            50000            tmp_sdc_av_ss_normal_3_line_25 

#------------------------------------------------------------------------------------------
# Timing Point   Flags    Arc   Edge   Cell     Fanout  Load  Trans Delay Arrival Instance 
#                                                       (fF)   (ps)  (ps)   (ps)  Location 
#------------------------------------------------------------------------------------------
  i_imm          -       -      R     (arrival)      1   12.2     0     0       0    (-,-) 
  drc_bufs4354/Q -       A->Q   F     INHDX1         1   11.9    62    61      61    (-,-) 
  drc_bufs4352/Q -       A->Q   R     INHDX1         6   73.6   446   360     421    (-,-) 
  g4327__7098/Q  -       S->Q   R     MU2IHDX1       8   73.4  1442  1121    1542    (-,-) 
  g4312__2398/Q  -       B->Q   F     NO2I1HDX1      4   34.5   340   345    1886    (-,-) 
  g4303__9315/Q  -       A->Q   R     NO2HDX1        6   66.0   835   765    2651    (-,-) 
  g4291__1705/Q  -       B->Q   F     EO2HDX0        1   18.1   362   488    3140    (-,-) 
  g4269__4733/CO -       A->CO  F     FAHDX0         2   24.5   205   573    3713    (-,-) 
  g4260__5122/Q  -       A->Q   F     NA22HDX1       2   21.4   143   258    3971    (-,-) 
  g4252__4319/CO -       CI->CO F     CAGHDX1        2   21.4   121   376    4347    (-,-) 
  g4248__5477/CO -       CI->CO F     CAGHDX1        1   12.5    92   330    4677    (-,-) 
  g4246__7410/Q  -       A->Q   R     EN3HDX0        2   18.6   568   500    5176    (-,-) 
  g4243__2883/Q  -       A->Q   F     NA3HDX1        3   24.0   276   306    5483    (-,-) 
  g4242__9945/Q  -       AN->Q  F     NA2I1HDX1      3   27.2   204   347    5829    (-,-) 
  g4228__8246/Q  -       A->Q   F     OA211HDX0      1    9.2   102   344    6173    (-,-) 
  g4223__3680/Q  -       E->Q   R     ON321HDX0      1   11.8   820   485    6658    (-,-) 
  g4220__8428/Q  -       E->Q   R     AO221HDX2      2 1012.5  2945  2388    9046    (-,-) 
  o_result[2]    -       -      R     (port)         -      -     -     4    9050    (-,-) 
#------------------------------------------------------------------------------------------



Path 7: MET (41045 ps) Path Delay Check
           View: av_tt_normal
     Startpoint: (R) i_imm
       Endpoint: (R) o_result[3]

                   Capture    Launch  
      Path Delay:+   50000         -  
      Drv Adjust:+       0         0  
         Arrival:=   50000            
                                      
   Required Time:=   50000            
       Data Path:-    8955            
           Slack:=   41045            

Exceptions/Constraints:
  max_delay            50000            tmp_sdc_av_ss_normal_3_line_25 

#------------------------------------------------------------------------------------------
# Timing Point   Flags    Arc   Edge   Cell     Fanout  Load  Trans Delay Arrival Instance 
#                                                       (fF)   (ps)  (ps)   (ps)  Location 
#------------------------------------------------------------------------------------------
  i_imm          -       -      R     (arrival)      1   12.2     0     0       0    (-,-) 
  drc_bufs4354/Q -       A->Q   F     INHDX1         1   11.9    62    61      61    (-,-) 
  drc_bufs4352/Q -       A->Q   R     INHDX1         6   73.6   446   360     421    (-,-) 
  g4327__7098/Q  -       S->Q   R     MU2IHDX1       8   73.4  1442  1121    1542    (-,-) 
  g4312__2398/Q  -       B->Q   F     NO2I1HDX1      4   34.5   340   345    1886    (-,-) 
  g4303__9315/Q  -       A->Q   R     NO2HDX1        6   66.0   835   765    2651    (-,-) 
  g4291__1705/Q  -       B->Q   F     EO2HDX0        1   18.1   362   488    3140    (-,-) 
  g4269__4733/CO -       A->CO  F     FAHDX0         2   24.5   205   573    3713    (-,-) 
  g4260__5122/Q  -       A->Q   F     NA22HDX1       2   21.4   143   258    3971    (-,-) 
  g4252__4319/CO -       CI->CO F     CAGHDX1        2   21.4   121   376    4347    (-,-) 
  g4248__5477/CO -       CI->CO F     CAGHDX1        1   12.5    92   330    4677    (-,-) 
  g4246__7410/Q  -       A->Q   R     EN3HDX0        2   18.6   568   500    5176    (-,-) 
  g4243__2883/Q  -       A->Q   F     NA3HDX1        3   24.0   276   306    5483    (-,-) 
  g4242__9945/Q  -       AN->Q  F     NA2I1HDX1      3   27.2   204   347    5829    (-,-) 
  g4238__7482/Q  -       A->Q   R     NO2HDX1        1   13.5   243   249    6078    (-,-) 
  g4230__6131/Q  -       S->Q   F     MU2HDX0        1   12.4   117   365    6443    (-,-) 
  g4222__6783/Q  -       B->Q   R     ON221HDX2      2 1012.6  2944  2508    8951    (-,-) 
  o_result[3]    -       -      R     (port)         -      -     -     4    8955    (-,-) 
#------------------------------------------------------------------------------------------



Path 8: MET (41086 ps) Path Delay Check
           View: av_tt_normal
     Startpoint: (R) i_imm
       Endpoint: (R) o_result[1]

                   Capture    Launch  
      Path Delay:+   50000         -  
      Drv Adjust:+       0         0  
         Arrival:=   50000            
                                      
   Required Time:=   50000            
       Data Path:-    8914            
           Slack:=   41086            

Exceptions/Constraints:
  max_delay            50000            tmp_sdc_av_ss_normal_3_line_25 

#------------------------------------------------------------------------------------------
# Timing Point   Flags    Arc   Edge   Cell     Fanout  Load  Trans Delay Arrival Instance 
#                                                       (fF)   (ps)  (ps)   (ps)  Location 
#------------------------------------------------------------------------------------------
  i_imm          -       -      R     (arrival)      1   12.2     0     0       0    (-,-) 
  drc_bufs4354/Q -       A->Q   F     INHDX1         1   11.9    62    61      61    (-,-) 
  drc_bufs4352/Q -       A->Q   R     INHDX1         6   73.6   446   360     421    (-,-) 
  g4327__7098/Q  -       S->Q   R     MU2IHDX1       8   73.4  1442  1121    1542    (-,-) 
  g4312__2398/Q  -       B->Q   F     NO2I1HDX1      4   34.5   340   345    1886    (-,-) 
  g4303__9315/Q  -       A->Q   R     NO2HDX1        6   66.0   835   765    2651    (-,-) 
  g4291__1705/Q  -       B->Q   F     EO2HDX0        1   18.1   362   488    3140    (-,-) 
  g4269__4733/CO -       A->CO  F     FAHDX0         2   24.5   205   573    3713    (-,-) 
  g4260__5122/Q  -       A->Q   F     NA22HDX1       2   21.4   143   258    3971    (-,-) 
  g4252__4319/CO -       CI->CO F     CAGHDX1        2   21.4   121   376    4347    (-,-) 
  g4248__5477/CO -       CI->CO F     CAGHDX1        1   12.5    92   330    4677    (-,-) 
  g4246__7410/Q  -       A->Q   R     EN3HDX0        2   18.6   568   500    5176    (-,-) 
  g4243__2883/Q  -       A->Q   F     NA3HDX1        3   24.0   276   306    5483    (-,-) 
  g4242__9945/Q  -       AN->Q  F     NA2I1HDX1      3   27.2   204   347    5829    (-,-) 
  g4229__7098/Q  -       A->Q   F     OA211HDX0      1    9.5   104   346    6175    (-,-) 
  g4225__2802/Q  -       E->Q   R     ON32HDX0       1   12.8   790   417    6592    (-,-) 
  g4221__5526/Q  -       D->Q   R     AO211HDX2      2 1012.1  2926  2319    8910    (-,-) 
  o_result[1]    -       -      R     (port)         -      -     -     4    8914    (-,-) 
#------------------------------------------------------------------------------------------



Path 9: MET (41403 ps) Path Delay Check
           View: av_tt_normal
     Startpoint: (R) i_imm
       Endpoint: (R) o_result[0]

                   Capture    Launch  
      Path Delay:+   50000         -  
      Drv Adjust:+       0         0  
         Arrival:=   50000            
                                      
   Required Time:=   50000            
       Data Path:-    8597            
           Slack:=   41403            

Exceptions/Constraints:
  max_delay            50000            tmp_sdc_av_ss_normal_3_line_25 

#------------------------------------------------------------------------------------------
# Timing Point   Flags    Arc   Edge   Cell     Fanout  Load  Trans Delay Arrival Instance 
#                                                       (fF)   (ps)  (ps)   (ps)  Location 
#------------------------------------------------------------------------------------------
  i_imm          -       -      R     (arrival)      1   12.2     0     0       0    (-,-) 
  drc_bufs4354/Q -       A->Q   F     INHDX1         1   11.9    62    61      61    (-,-) 
  drc_bufs4352/Q -       A->Q   R     INHDX1         6   73.6   446   360     421    (-,-) 
  g4327__7098/Q  -       S->Q   R     MU2IHDX1       8   73.4  1442  1121    1542    (-,-) 
  g4312__2398/Q  -       B->Q   F     NO2I1HDX1      4   34.5   340   345    1886    (-,-) 
  g4303__9315/Q  -       A->Q   R     NO2HDX1        6   66.0   835   765    2651    (-,-) 
  g4291__1705/Q  -       B->Q   F     EO2HDX0        1   18.1   362   488    3140    (-,-) 
  g4269__4733/CO -       A->CO  F     FAHDX0         2   24.5   205   573    3713    (-,-) 
  g4260__5122/Q  -       A->Q   F     NA22HDX1       2   21.4   143   258    3971    (-,-) 
  g4252__4319/CO -       CI->CO F     CAGHDX1        2   21.4   121   376    4347    (-,-) 
  g4248__5477/CO -       CI->CO F     CAGHDX1        1   12.5    92   330    4677    (-,-) 
  g4246__7410/Q  -       A->Q   R     EN3HDX0        2   18.6   568   500    5176    (-,-) 
  g4243__2883/Q  -       A->Q   F     NA3HDX1        3   24.0   276   306    5483    (-,-) 
  g4231__1881/Q  -       A->Q   R     ON221HDX0      1    9.3   479   476    5959    (-,-) 
  g4226__1705/Q  -       D->Q   R     AO222HDX1      1   11.8   118   368    6327    (-,-) 
  g4224__1617/Q  -       E->Q   R     AO221HDX2      2 1012.3  2945  2266    8593    (-,-) 
  o_result[0]    -       -      R     (port)         -      -     -     4    8597    (-,-) 
#------------------------------------------------------------------------------------------



Path 10: MET (42206 ps) Path Delay Check
           View: av_tt_normal
     Startpoint: (R) i_imm
       Endpoint: (R) o_result[4]

                   Capture    Launch  
      Path Delay:+   50000         -  
      Drv Adjust:+       0         0  
         Arrival:=   50000            
                                      
   Required Time:=   50000            
       Data Path:-    7794            
           Slack:=   42206            

Exceptions/Constraints:
  max_delay            50000            tmp_sdc_av_ss_normal_3_line_25 

#------------------------------------------------------------------------------------------
# Timing Point   Flags    Arc   Edge   Cell     Fanout  Load  Trans Delay Arrival Instance 
#                                                       (fF)   (ps)  (ps)   (ps)  Location 
#------------------------------------------------------------------------------------------
  i_imm          -       -      R     (arrival)      1   12.2     0     0       0    (-,-) 
  drc_bufs4354/Q -       A->Q   F     INHDX1         1   11.9    62    61      61    (-,-) 
  drc_bufs4352/Q -       A->Q   R     INHDX1         6   73.6   446   360     421    (-,-) 
  g4327__7098/Q  -       S->Q   R     MU2IHDX1       8   73.4  1442  1121    1542    (-,-) 
  g4312__2398/Q  -       B->Q   F     NO2I1HDX1      4   34.5   340   345    1886    (-,-) 
  g4303__9315/Q  -       A->Q   R     NO2HDX1        6   66.0   835   765    2651    (-,-) 
  g4291__1705/Q  -       B->Q   F     EO2HDX0        1   18.1   362   488    3140    (-,-) 
  g4269__4733/CO -       A->CO  F     FAHDX0         2   24.5   205   573    3713    (-,-) 
  g4260__5122/Q  -       A->Q   F     NA22HDX1       2   21.4   143   258    3971    (-,-) 
  g4252__4319/CO -       CI->CO F     CAGHDX1        2   21.4   121   376    4347    (-,-) 
  g4250__5107/Q  -       A->Q   F     EO2HDX1        2   17.8   179   340    4687    (-,-) 
  g4245__1666/Q  -       E->Q   F     OA321HDX1      1    9.2   128   417    5104    (-,-) 
  g4241__9315/Q  -       E->Q   R     ON221HDX0      1   12.1   545   290    5394    (-,-) 
  g4239__4733/Q  -       F->Q   R     AO321HDX2      2 1012.1  2963  2397    7790    (-,-) 
  o_result[4]    -       -      R     (port)         -      -     -     4    7794    (-,-) 
#------------------------------------------------------------------------------------------

