============================================================
  Generated by:           Genus(TM) Synthesis Solution 22.13-s093_1
  Generated on:           Jan 16 2025  10:46:43 am
  Module:                 ALU
  Library domain:         tc_ss
    Domain index:         0
    Technology library:   D_CELLS_HD_LPMOS_slow_1_62V_125C 4.0.0
  Library domain:         tc_tt
    Domain index:         1
    Technology library:   D_CELLS_HD_LPMOS_typ_1_80V_25C 4.0.0
  Operating conditions:   slow_1_62V_125C 
  Operating conditions:   typ_1_80V_25C 
  Interconnect mode:      global
  Area mode:              physical library
============================================================

Timing
-------
  Analysis     Cost   Critical        Violating 
    View      Group  Path Slack  TNS    Paths   
------------------------------------------------
av_ss_normal default    25180.9  0.0          0 
------------------------------------------------
Total                           -0.0          0 
                                                
av_tt_normal default    35508.0  0.0          0 
------------------------------------------------
Total                           -0.0          0 
                                                

Instance Count
--------------
Leaf Instance Count             133 
Physical Instance count           0 
Sequential Instance Count         0 
Combinational Instance Count    133 
Hierarchical Instance Count       0 

Area
----
Cell Area                          2072.269
Physical Cell Area                 0.000
Total Cell Area (Cell+Physical)    2072.269
Net Area                           2017.098
Total Area (Cell+Physical+Net)     4089.367

Runtime                            0.0 seconds
Elapsed Runtime                    53 seconds
Genus peak memory usage            1705.89 
Innovus peak memory usage          no_value 
Hostname                           cad3
