============================================================
  Generated by:           Genus(TM) Synthesis Solution 22.13-s093_1
  Generated on:           Jan 16 2025  10:46:43 am
  Module:                 ALU
  Library domain:         tc_ss
    Domain index:         0
    Technology library:   D_CELLS_HD_LPMOS_slow_1_62V_125C 4.0.0
  Library domain:         tc_tt
    Domain index:         1
    Technology library:   D_CELLS_HD_LPMOS_typ_1_80V_25C 4.0.0
  Operating conditions:   slow_1_62V_125C 
  Operating conditions:   typ_1_80V_25C 
  Interconnect mode:      global
  Area mode:              physical library
============================================================

                                 Leakage                                      Library 
   Gate    Instances    Area   Power (nW)               Library                Domain 
--------------------------------------------------------------------------------------
AN211HDX1          1    15.053      0.133    D_CELLS_HD_LPMOS_slow_1_62V_125C   tc_ss 
AN221HDX1          1    20.070      0.292    D_CELLS_HD_LPMOS_slow_1_62V_125C   tc_ss 
AN22HDX1           3    45.158      0.586    D_CELLS_HD_LPMOS_slow_1_62V_125C   tc_ss 
AND2HDX1           3    37.632      0.597    D_CELLS_HD_LPMOS_slow_1_62V_125C   tc_ss 
AND2HDX2           1    15.053      0.368    D_CELLS_HD_LPMOS_slow_1_62V_125C   tc_ss 
AND3HDX1           1    15.053      0.185    D_CELLS_HD_LPMOS_slow_1_62V_125C   tc_ss 
AO211HDX2          1    22.579      0.503    D_CELLS_HD_LPMOS_slow_1_62V_125C   tc_ss 
AO221HDX1          1    22.579      0.361    D_CELLS_HD_LPMOS_slow_1_62V_125C   tc_ss 
AO221HDX2          2    55.194      0.927    D_CELLS_HD_LPMOS_slow_1_62V_125C   tc_ss 
AO222HDX1          1    25.088      0.347    D_CELLS_HD_LPMOS_slow_1_62V_125C   tc_ss 
AO22HDX1           1    20.070      0.274    D_CELLS_HD_LPMOS_slow_1_62V_125C   tc_ss 
AO321HDX2          1    30.106      0.438    D_CELLS_HD_LPMOS_slow_1_62V_125C   tc_ss 
AO32HDX1           2    40.141      0.502    D_CELLS_HD_LPMOS_slow_1_62V_125C   tc_ss 
AO33HDX2           1    27.597      0.299    D_CELLS_HD_LPMOS_slow_1_62V_125C   tc_ss 
CAGHDX1            2    45.158      0.584    D_CELLS_HD_LPMOS_slow_1_62V_125C   tc_ss 
EN3HDX0            1    37.632      0.573    D_CELLS_HD_LPMOS_slow_1_62V_125C   tc_ss 
EO2HDX0            1    20.070      0.285    D_CELLS_HD_LPMOS_slow_1_62V_125C   tc_ss 
EO2HDX1            8   160.563      2.464    D_CELLS_HD_LPMOS_slow_1_62V_125C   tc_ss 
FAHDX0             1    50.176      0.594    D_CELLS_HD_LPMOS_slow_1_62V_125C   tc_ss 
INHDX1            30   225.792      3.606    D_CELLS_HD_LPMOS_slow_1_62V_125C   tc_ss 
INHDX3             1    12.544      0.259    D_CELLS_HD_LPMOS_slow_1_62V_125C   tc_ss 
MU2HDX0           13   260.915      4.571    D_CELLS_HD_LPMOS_slow_1_62V_125C   tc_ss 
MU2IHDX0           1    17.562      0.253    D_CELLS_HD_LPMOS_slow_1_62V_125C   tc_ss 
MU2IHDX1          11   193.178      2.871    D_CELLS_HD_LPMOS_slow_1_62V_125C   tc_ss 
NA22HDX1           2    30.106      0.504    D_CELLS_HD_LPMOS_slow_1_62V_125C   tc_ss 
NA2HDX1            8    80.282      0.854    D_CELLS_HD_LPMOS_slow_1_62V_125C   tc_ss 
NA2I1HDX1          3    37.632      0.579    D_CELLS_HD_LPMOS_slow_1_62V_125C   tc_ss 
NA3HDX1            1    12.544      0.102    D_CELLS_HD_LPMOS_slow_1_62V_125C   tc_ss 
NA4I2HDX1          1    17.562      0.421    D_CELLS_HD_LPMOS_slow_1_62V_125C   tc_ss 
NO2HDX1            7    70.246      0.786    D_CELLS_HD_LPMOS_slow_1_62V_125C   tc_ss 
NO2HDX4            1    27.597      0.330    D_CELLS_HD_LPMOS_slow_1_62V_125C   tc_ss 
NO2I1HDX1          2    25.088      0.433    D_CELLS_HD_LPMOS_slow_1_62V_125C   tc_ss 
NO3HDX1            1    12.544      0.102    D_CELLS_HD_LPMOS_slow_1_62V_125C   tc_ss 
NO4I3HDX0          1    17.562      0.087    D_CELLS_HD_LPMOS_slow_1_62V_125C   tc_ss 
NO5I4HDX1          1    25.088      0.247    D_CELLS_HD_LPMOS_slow_1_62V_125C   tc_ss 
OA211HDX0          2    35.123      0.400    D_CELLS_HD_LPMOS_slow_1_62V_125C   tc_ss 
OA321HDX1          1    25.088      0.267    D_CELLS_HD_LPMOS_slow_1_62V_125C   tc_ss 
ON21HDX1           2    25.088      0.274    D_CELLS_HD_LPMOS_slow_1_62V_125C   tc_ss 
ON221HDX0          2    40.141      0.243    D_CELLS_HD_LPMOS_slow_1_62V_125C   tc_ss 
ON221HDX2          1    35.123      0.491    D_CELLS_HD_LPMOS_slow_1_62V_125C   tc_ss 
ON31HDX0           1    15.053      0.197    D_CELLS_HD_LPMOS_slow_1_62V_125C   tc_ss 
ON321HDX0          1    22.579      0.111    D_CELLS_HD_LPMOS_slow_1_62V_125C   tc_ss 
ON32HDX0           3    52.685      0.287    D_CELLS_HD_LPMOS_slow_1_62V_125C   tc_ss 
OR2HDX1            2    25.088      0.656    D_CELLS_HD_LPMOS_slow_1_62V_125C   tc_ss 
OR5HDX1            1    25.088      0.426    D_CELLS_HD_LPMOS_slow_1_62V_125C   tc_ss 
--------------------------------------------------------------------------------------
total            133  2072.269     29.670                                     


                                           Leakage  Leakage 
     Type      Instances   Area   Area % Power (nW) Power % 
------------------------------------------------------------
inverter              31  238.336   11.5      3.865    13.0 
logic                102 1833.933   88.5     25.804    87.0 
physical_cells         0    0.000    0.0      0.000     0.0 
------------------------------------------------------------
total                133 2072.269  100.0     29.670   100.0 

