Picked up _JAVA_OPTIONS:  -XX:+ExitOnOutOfMemoryError -XX:OnOutOfMemoryError="touch /lab/sck17/Pulpit/SCKproj1/SCK_PROJ_2/WORK/verisium_debug_logs/out_of_memory_error" 
CompilerOracle: exclude javax/swing/text/GlyphView.getBreakSpot
Loading libdac.so from /cad/cadence_2024/verisium/tools/lib/64bit/libdac.so
in 'JDACTBDataProvider::openDBInner', dbPath = sim_model, getExplicitLwdFlag() = null


**** found lwd dir to be: /lab/sck17/Pulpit/SCKproj1/SCK_PROJ_2/WORK/xcelium.d/worklib/EXE_tb/v



**** found cdslib to be: /lab/sck17/Pulpit/SCKproj1/SCK_PROJ_2/WORK/xcelium.d/run.d/cds.lib

in 'SimConnect::loadSnapshotHelper', 'dbH' represents 'sim_model' db, 'lwdDbH' represents 'sim_model' db, PPEAttributes were fetched from 'sim_model' db. PPEAttributes values:
    isAutofetch = false
    isPersistentSources = false
    isXprop = false
    cdslib = /lab/sck17/Pulpit/SCKproj1/SCK_PROJ_2/WORK/xcelium.d/run.d/cds.lib
    snapshot = worklib.EXE_tb:v
    workdir = /lab/sck17/Pulpit/SCKproj1/SCK_PROJ_2/WORK
    xceliumDir = /lab/sck17/Pulpit/SCKproj1/SCK_PROJ_2/WORK/xcelium.d
    rundDir = /lab/sck17/Pulpit/SCKproj1/SCK_PROJ_2/WORK/xcelium.d/run.d
    bits = 64
    cds_implicit_tmpdir = 
    cds_alternate_tmpdir = 
    du_agent = 
    lwddir = /lab/sck17/Pulpit/SCKproj1/SCK_PROJ_2/WORK/xcelium.d/worklib/EXE_tb/v
    cds_alternate_cdslib = 
    elab_options = -CDSLIB ./xcelium.d/run.lnx8664.23.03.d/cds.lib -HDLVAR ./xcelium.d/run.lnx8664.23.03.d/hdl.var -WORK worklib -ENABLE_ALCOMB_EXT_OPT -ERROR 1 -ENABLE_SVMEMOPT -ENABLE_EXT_LOCAL_VISIBILITY -TIMESCALE 1ns/1ps -MESSAGES -ACCESS +rwc -CREATEDEBUGDB worklib.EXE_tb:v
    found = true
    nclsRun = false
    includeCdslib = true
    nclsOpts =  -snapshot -cdslib /lab/sck17/Pulpit/SCKproj1/SCK_PROJ_2/WORK/xcelium.d/run.d/cds.lib -64
    isMceMode = false
    isMceInvolved = false
    mceLshmDbPath = 
    lowPowerInformationAvailable = false
    hasLshmFile = false
    workdirIsDirectory = true
    hasOverlayRelatedInformation = true
    cds_implicit_tmplib = worklib
    cds_other_implicit_tmplibs = 

in 'SimConnect::generateDuAgentCommand', cmd = [/cad/cadence_2024/verisium/tools.lnx86/simvision/bin/64bit/cds-avs-du-agent, -nocopyright, -nowarn, DLNOCL, -xlm_install_root, /cad/cadence_2024/xcelium, -cdslib, /lab/sck17/Pulpit/SCKproj1/SCK_PROJ_2/WORK/xcelium.d/run.d/cds.lib, -cds_implicit_tmplib, worklib, -lwddir, /lab/sck17/Pulpit/SCKproj1/SCK_PROJ_2/WORK/xcelium.d/worklib/EXE_tb/v/debug_db, -cellname, EXE_tb, -64]
in 'SimConnect::execDuAgent_usingPreEstablishedServiceConnection', duAgent process pid = 15316


in 'SimConnect::simControlConnectWithPreEstablishedConnection' overlay db = sim_model, overlayH = 9, is valid = true, operation = dapOpenOverlay, duFilename = /lab/sck17/Pulpit/SCKproj1/SCK_PROJ_2/WORK/xcelium.d/worklib/EXE_tb/v/debug_db/EXE_tb/EXE_tb.dsn, isLiveSim = false

Dump DB Order:
Strap design: sim_model #9
 --> sim_model #16
 --> /lab/sck17/Pulpit/SCKproj1/SCK_PROJ_2/WORK/xcelium.d/worklib/EXE_tb/v/debug_db/EXE_tb/EXE_tb.dsn #17

End of dump DB Order



Dump DB Order:
Strap design: sim_model #9
 --> sim_model #16
 --> /lab/sck17/Pulpit/SCKproj1/SCK_PROJ_2/WORK/xcelium.d/worklib/EXE_tb/v/debug_db/EXE_tb/EXE_tb.dsn #17

End of dump DB Order




**** found cdslib to be: /lab/sck17/Pulpit/SCKproj1/SCK_PROJ_2/WORK/xcelium.d/run.lnx8664.23.03.d/cds.lib



**** Lwd path was derived from given DB. Loading lwd file from: /lab/sck17/Pulpit/SCKproj1/SCK_PROJ_2/WORK/xcelium.d/worklib/EXE_tb/v

### Excluding compile: javax.swing.text.GlyphView::getBreakSpot
in 'JDACTBDataProvider::notifyLiveConnectionDB', sessionId = shell





Dump DB Order:
Strap design: sim_model #9
 --> sim_model #16
 --> /lab/sck17/Pulpit/SCKproj1/SCK_PROJ_2/WORK/xcelium.d/worklib/EXE_tb/v/debug_db/EXE_tb/EXE_tb.dsn #17

End of dump DB Order


in 'SimConnect::unloadSnapshot', terminating pid = 15316

Dump DB Order:

End of dump DB Order



Dump DB Order:

End of dump DB Order


in 'JDACTBDataProvider::openDBInner', dbPath = /lab/sck17/Pulpit/SCKproj1/SCK_PROJ_2/WORK/sim_model, getExplicitLwdFlag() = null


**** found lwd dir to be: /lab/sck17/Pulpit/SCKproj1/SCK_PROJ_2/WORK/xcelium.d/worklib/EXE_tb/v



**** found cdslib to be: /lab/sck17/Pulpit/SCKproj1/SCK_PROJ_2/WORK/xcelium.d/run.d/cds.lib

in 'SimConnect::loadSnapshotHelper', 'dbH' represents 'sim_model' db, 'lwdDbH' represents 'sim_model' db, PPEAttributes were fetched from 'sim_model' db. PPEAttributes values:
    isAutofetch = false
    isPersistentSources = false
    isXprop = false
    cdslib = /lab/sck17/Pulpit/SCKproj1/SCK_PROJ_2/WORK/xcelium.d/run.d/cds.lib
    snapshot = worklib.EXE_tb:v
    workdir = /lab/sck17/Pulpit/SCKproj1/SCK_PROJ_2/WORK
    xceliumDir = /lab/sck17/Pulpit/SCKproj1/SCK_PROJ_2/WORK/xcelium.d
    rundDir = /lab/sck17/Pulpit/SCKproj1/SCK_PROJ_2/WORK/xcelium.d/run.d
    bits = 64
    cds_implicit_tmpdir = 
    cds_alternate_tmpdir = 
    du_agent = 
    lwddir = /lab/sck17/Pulpit/SCKproj1/SCK_PROJ_2/WORK/xcelium.d/worklib/EXE_tb/v
    cds_alternate_cdslib = 
    elab_options = -CDSLIB ./xcelium.d/run.lnx8664.23.03.d/cds.lib -HDLVAR ./xcelium.d/run.lnx8664.23.03.d/hdl.var -WORK worklib -ENABLE_ALCOMB_EXT_OPT -ERROR 1 -ENABLE_SVMEMOPT -ENABLE_EXT_LOCAL_VISIBILITY -TIMESCALE 1ns/1ps -MESSAGES -ACCESS +rwc -CREATEDEBUGDB worklib.EXE_tb:v
    found = true
    nclsRun = false
    includeCdslib = true
    nclsOpts =  -snapshot -cdslib /lab/sck17/Pulpit/SCKproj1/SCK_PROJ_2/WORK/xcelium.d/run.d/cds.lib -64
    isMceMode = false
    isMceInvolved = false
    mceLshmDbPath = 
    lowPowerInformationAvailable = false
    hasLshmFile = false
    workdirIsDirectory = true
    hasOverlayRelatedInformation = true
    cds_implicit_tmplib = worklib
    cds_other_implicit_tmplibs = 

in 'SimConnect::generateDuAgentCommand', cmd = [/cad/cadence_2024/verisium/tools.lnx86/simvision/bin/64bit/cds-avs-du-agent, -nocopyright, -nowarn, DLNOCL, -xlm_install_root, /cad/cadence_2024/xcelium, -cdslib, /lab/sck17/Pulpit/SCKproj1/SCK_PROJ_2/WORK/xcelium.d/run.d/cds.lib, -cds_implicit_tmplib, worklib, -lwddir, /lab/sck17/Pulpit/SCKproj1/SCK_PROJ_2/WORK/xcelium.d/worklib/EXE_tb/v/debug_db, -cellname, EXE_tb, -64]
in 'SimConnect::execDuAgent_usingPreEstablishedServiceConnection', duAgent process pid = 18329


in 'SimConnect::simControlConnectWithPreEstablishedConnection' overlay db = sim_model, overlayH = 9, is valid = true, operation = dapOpenOverlay, duFilename = /lab/sck17/Pulpit/SCKproj1/SCK_PROJ_2/WORK/xcelium.d/worklib/EXE_tb/v/debug_db/EXE_tb/EXE_tb.dsn, isLiveSim = false

Dump DB Order:
Strap design: sim_model #9
 --> sim_model #46
 --> /lab/sck17/Pulpit/SCKproj1/SCK_PROJ_2/WORK/xcelium.d/worklib/EXE_tb/v/debug_db/EXE_tb/EXE_tb.dsn #13

End of dump DB Order



Dump DB Order:
Strap design: sim_model #9
 --> sim_model #46
 --> /lab/sck17/Pulpit/SCKproj1/SCK_PROJ_2/WORK/xcelium.d/worklib/EXE_tb/v/debug_db/EXE_tb/EXE_tb.dsn #13

End of dump DB Order




**** found cdslib to be: /lab/sck17/Pulpit/SCKproj1/SCK_PROJ_2/WORK/xcelium.d/run.lnx8664.23.03.d/cds.lib



**** Lwd path was derived from given DB. Loading lwd file from: /lab/sck17/Pulpit/SCKproj1/SCK_PROJ_2/WORK/xcelium.d/worklib/EXE_tb/v


Dump DB Order:
Strap design: sim_model #9
 --> sim_model #46
 --> /lab/sck17/Pulpit/SCKproj1/SCK_PROJ_2/WORK/xcelium.d/worklib/EXE_tb/v/debug_db/EXE_tb/EXE_tb.dsn #13

End of dump DB Order







Dump DB Order:
Strap design: sim_model #9
 --> sim_model #46
 --> /lab/sck17/Pulpit/SCKproj1/SCK_PROJ_2/WORK/xcelium.d/worklib/EXE_tb/v/debug_db/EXE_tb/EXE_tb.dsn #13

End of dump DB Order


in 'SimConnect::unloadSnapshot', terminating pid = 18329

Dump DB Order:

End of dump DB Order



Dump DB Order:

End of dump DB Order


in 'JDACTBDataProvider::openDBInner', dbPath = /lab/sck17/Pulpit/SCKproj1/SCK_PROJ_2/WORK/sim_model, getExplicitLwdFlag() = null


**** found lwd dir to be: /lab/sck17/Pulpit/SCKproj1/SCK_PROJ_2/WORK/xcelium.d/worklib/EXE_tb/v



**** found cdslib to be: /lab/sck17/Pulpit/SCKproj1/SCK_PROJ_2/WORK/xcelium.d/run.d/cds.lib

in 'SimConnect::loadSnapshotHelper', 'dbH' represents 'sim_model' db, 'lwdDbH' represents 'sim_model' db, PPEAttributes were fetched from 'sim_model' db. PPEAttributes values:
    isAutofetch = false
    isPersistentSources = false
    isXprop = false
    cdslib = /lab/sck17/Pulpit/SCKproj1/SCK_PROJ_2/WORK/xcelium.d/run.d/cds.lib
    snapshot = worklib.EXE_tb:v
    workdir = /lab/sck17/Pulpit/SCKproj1/SCK_PROJ_2/WORK
    xceliumDir = /lab/sck17/Pulpit/SCKproj1/SCK_PROJ_2/WORK/xcelium.d
    rundDir = /lab/sck17/Pulpit/SCKproj1/SCK_PROJ_2/WORK/xcelium.d/run.d
    bits = 64
    cds_implicit_tmpdir = 
    cds_alternate_tmpdir = 
    du_agent = 
    lwddir = /lab/sck17/Pulpit/SCKproj1/SCK_PROJ_2/WORK/xcelium.d/worklib/EXE_tb/v
    cds_alternate_cdslib = 
    elab_options = -CDSLIB ./xcelium.d/run.lnx8664.23.03.d/cds.lib -HDLVAR ./xcelium.d/run.lnx8664.23.03.d/hdl.var -WORK worklib -ENABLE_ALCOMB_EXT_OPT -ERROR 1 -ENABLE_SVMEMOPT -ENABLE_EXT_LOCAL_VISIBILITY -TIMESCALE 1ns/1ps -MESSAGES -ACCESS +rwc -CREATEDEBUGDB worklib.EXE_tb:v
    found = true
    nclsRun = false
    includeCdslib = true
    nclsOpts =  -snapshot -cdslib /lab/sck17/Pulpit/SCKproj1/SCK_PROJ_2/WORK/xcelium.d/run.d/cds.lib -64
    isMceMode = false
    isMceInvolved = false
    mceLshmDbPath = 
    lowPowerInformationAvailable = false
    hasLshmFile = false
    workdirIsDirectory = true
    hasOverlayRelatedInformation = true
    cds_implicit_tmplib = worklib
    cds_other_implicit_tmplibs = 

in 'SimConnect::generateDuAgentCommand', cmd = [/cad/cadence_2024/verisium/tools.lnx86/simvision/bin/64bit/cds-avs-du-agent, -nocopyright, -nowarn, DLNOCL, -xlm_install_root, /cad/cadence_2024/xcelium, -cdslib, /lab/sck17/Pulpit/SCKproj1/SCK_PROJ_2/WORK/xcelium.d/run.d/cds.lib, -cds_implicit_tmplib, worklib, -lwddir, /lab/sck17/Pulpit/SCKproj1/SCK_PROJ_2/WORK/xcelium.d/worklib/EXE_tb/v/debug_db, -cellname, EXE_tb, -64]
in 'SimConnect::execDuAgent_usingPreEstablishedServiceConnection', duAgent process pid = 18714


in 'SimConnect::simControlConnectWithPreEstablishedConnection' overlay db = sim_model, overlayH = 9, is valid = true, operation = dapOpenOverlay, duFilename = /lab/sck17/Pulpit/SCKproj1/SCK_PROJ_2/WORK/xcelium.d/worklib/EXE_tb/v/debug_db/EXE_tb/EXE_tb.dsn, isLiveSim = false

Dump DB Order:
Strap design: sim_model #9
 --> sim_model #105
 --> /lab/sck17/Pulpit/SCKproj1/SCK_PROJ_2/WORK/xcelium.d/worklib/EXE_tb/v/debug_db/EXE_tb/EXE_tb.dsn #106

End of dump DB Order



Dump DB Order:
Strap design: sim_model #9
 --> sim_model #105
 --> /lab/sck17/Pulpit/SCKproj1/SCK_PROJ_2/WORK/xcelium.d/worklib/EXE_tb/v/debug_db/EXE_tb/EXE_tb.dsn #106

End of dump DB Order




**** found cdslib to be: /lab/sck17/Pulpit/SCKproj1/SCK_PROJ_2/WORK/xcelium.d/run.lnx8664.23.03.d/cds.lib



**** Lwd path was derived from given DB. Loading lwd file from: /lab/sck17/Pulpit/SCKproj1/SCK_PROJ_2/WORK/xcelium.d/worklib/EXE_tb/v


Dump DB Order:
Strap design: sim_model #9
 --> sim_model #105
 --> /lab/sck17/Pulpit/SCKproj1/SCK_PROJ_2/WORK/xcelium.d/worklib/EXE_tb/v/debug_db/EXE_tb/EXE_tb.dsn #106

End of dump DB Order











AddToSchematicAction : 138

Dump DB Order:
Strap design: sim_model #9
 --> sim_model #105
 --> /lab/sck17/Pulpit/SCKproj1/SCK_PROJ_2/WORK/xcelium.d/worklib/EXE_tb/v/debug_db/EXE_tb/EXE_tb.dsn #106

End of dump DB Order


in 'SimConnect::unloadSnapshot', terminating pid = 18714

Dump DB Order:

End of dump DB Order



Dump DB Order:

End of dump DB Order


in 'JDACTBDataProvider::openDBInner', dbPath = /lab/sck17/Pulpit/SCKproj1/SCK_PROJ_2/WORK/sim_model, getExplicitLwdFlag() = null


**** found lwd dir to be: /lab/sck17/Pulpit/SCKproj1/SCK_PROJ_2/WORK/xcelium.d/worklib/EXE_tb/v



**** found cdslib to be: /lab/sck17/Pulpit/SCKproj1/SCK_PROJ_2/WORK/xcelium.d/run.d/cds.lib

in 'SimConnect::loadSnapshotHelper', 'dbH' represents 'sim_model' db, 'lwdDbH' represents 'sim_model' db, PPEAttributes were fetched from 'sim_model' db. PPEAttributes values:
    isAutofetch = false
    isPersistentSources = false
    isXprop = false
    cdslib = /lab/sck17/Pulpit/SCKproj1/SCK_PROJ_2/WORK/xcelium.d/run.d/cds.lib
    snapshot = worklib.EXE_tb:v
    workdir = /lab/sck17/Pulpit/SCKproj1/SCK_PROJ_2/WORK
    xceliumDir = /lab/sck17/Pulpit/SCKproj1/SCK_PROJ_2/WORK/xcelium.d
    rundDir = /lab/sck17/Pulpit/SCKproj1/SCK_PROJ_2/WORK/xcelium.d/run.d
    bits = 64
    cds_implicit_tmpdir = 
    cds_alternate_tmpdir = 
    du_agent = 
    lwddir = /lab/sck17/Pulpit/SCKproj1/SCK_PROJ_2/WORK/xcelium.d/worklib/EXE_tb/v
    cds_alternate_cdslib = 
    elab_options = -CDSLIB ./xcelium.d/run.lnx8664.23.03.d/cds.lib -HDLVAR ./xcelium.d/run.lnx8664.23.03.d/hdl.var -WORK worklib -ENABLE_ALCOMB_EXT_OPT -ERROR 1 -ENABLE_SVMEMOPT -ENABLE_EXT_LOCAL_VISIBILITY -TIMESCALE 1ns/1ps -MESSAGES -ACCESS +rwc -CREATEDEBUGDB worklib.EXE_tb:v
    found = true
    nclsRun = false
    includeCdslib = true
    nclsOpts =  -snapshot -cdslib /lab/sck17/Pulpit/SCKproj1/SCK_PROJ_2/WORK/xcelium.d/run.d/cds.lib -64
    isMceMode = false
    isMceInvolved = false
    mceLshmDbPath = 
    lowPowerInformationAvailable = false
    hasLshmFile = false
    workdirIsDirectory = true
    hasOverlayRelatedInformation = true
    cds_implicit_tmplib = worklib
    cds_other_implicit_tmplibs = 

in 'SimConnect::generateDuAgentCommand', cmd = [/cad/cadence_2024/verisium/tools.lnx86/simvision/bin/64bit/cds-avs-du-agent, -nocopyright, -nowarn, DLNOCL, -xlm_install_root, /cad/cadence_2024/xcelium, -cdslib, /lab/sck17/Pulpit/SCKproj1/SCK_PROJ_2/WORK/xcelium.d/run.d/cds.lib, -cds_implicit_tmplib, worklib, -lwddir, /lab/sck17/Pulpit/SCKproj1/SCK_PROJ_2/WORK/xcelium.d/worklib/EXE_tb/v/debug_db, -cellname, EXE_tb, -64]
in 'SimConnect::execDuAgent_usingPreEstablishedServiceConnection', duAgent process pid = 19930


in 'SimConnect::simControlConnectWithPreEstablishedConnection' overlay db = sim_model, overlayH = 9, is valid = true, operation = dapOpenOverlay, duFilename = /lab/sck17/Pulpit/SCKproj1/SCK_PROJ_2/WORK/xcelium.d/worklib/EXE_tb/v/debug_db/EXE_tb/EXE_tb.dsn, isLiveSim = false

Dump DB Order:
Strap design: sim_model #9
 --> sim_model #105
 --> /lab/sck17/Pulpit/SCKproj1/SCK_PROJ_2/WORK/xcelium.d/worklib/EXE_tb/v/debug_db/EXE_tb/EXE_tb.dsn #14

End of dump DB Order



Dump DB Order:
Strap design: sim_model #9
 --> sim_model #105
 --> /lab/sck17/Pulpit/SCKproj1/SCK_PROJ_2/WORK/xcelium.d/worklib/EXE_tb/v/debug_db/EXE_tb/EXE_tb.dsn #14

End of dump DB Order




**** found cdslib to be: /lab/sck17/Pulpit/SCKproj1/SCK_PROJ_2/WORK/xcelium.d/run.lnx8664.23.03.d/cds.lib



**** Lwd path was derived from given DB. Loading lwd file from: /lab/sck17/Pulpit/SCKproj1/SCK_PROJ_2/WORK/xcelium.d/worklib/EXE_tb/v


Dump DB Order:
Strap design: sim_model #9
 --> sim_model #105
 --> /lab/sck17/Pulpit/SCKproj1/SCK_PROJ_2/WORK/xcelium.d/worklib/EXE_tb/v/debug_db/EXE_tb/EXE_tb.dsn #14

End of dump DB Order


Exception in thread "AWT-EventQueue-0" java.lang.NullPointerException
	at com.cadence.tie_type_system.VdiPin.getCurrValues(VdiPin.java:64)
	at com.cadence.tie_type_system.VdiPinCiter.getValueAnnotationForPin(VdiPinCiter.java:201)
	at com.cadence.tie_type_system.VdiMemberCiter.pinAttr(VdiMemberCiter.java:96)
	at de.concept.nlview.Nlview.peerCommandLine(Native Method)
	at de.concept.nlview.Nlview.commandLine(Nlview.java:813)
	at com.cadence.indago.schematic.core.NlviewCommandWrapper.commandLine(NlviewCommandWrapper.java:82)
	at com.cadence.indago.schematic.core.SchematicController.refreshSchematicAttributes(SchematicController.java:421)
	at com.cadence.indago.schematic.core.SchematicController.lambda$new$10(SchematicController.java:368)
	at com.cadence.smartlog.gui.appl.GSLDebugManager.fireCurrentFactChanged(GSLDebugManager.java:2040)
	at com.cadence.smartlog.gui.appl.GSLDebugManager.lambda$currentFactChanged$32(GSLDebugManager.java:2248)
	at com.cadence.ufi.flowscontrol.ControlledRunnable.run(ControlledRunnable.java:28)
	at java.awt.event.InvocationEvent.dispatch(InvocationEvent.java:311)
	at java.awt.EventQueue.dispatchEventImpl(EventQueue.java:758)
	at java.awt.EventQueue.access$500(EventQueue.java:97)
	at java.awt.EventQueue$3.run(EventQueue.java:709)
	at java.awt.EventQueue$3.run(EventQueue.java:703)
	at java.security.AccessController.doPrivileged(Native Method)
	at java.security.ProtectionDomain$JavaSecurityAccessImpl.doIntersectionPrivilege(ProtectionDomain.java:74)
	at java.awt.EventQueue.dispatchEvent(EventQueue.java:728)
	at java.awt.EventDispatchThread.pumpOneEventForFilters(EventDispatchThread.java:205)
	at java.awt.EventDispatchThread.pumpEventsForFilter(EventDispatchThread.java:116)
	at java.awt.EventDispatchThread.pumpEventsForHierarchy(EventDispatchThread.java:105)
	at java.awt.EventDispatchThread.pumpEvents(EventDispatchThread.java:101)
	at java.awt.EventDispatchThread.pumpEvents(EventDispatchThread.java:93)
	at java.awt.EventDispatchThread.run(EventDispatchThread.java:82)
Exception in thread "AWT-EventQueue-0" java.lang.NullPointerException
	at com.cadence.tie_type_system.VdiPin.getCurrValues(VdiPin.java:64)
	at com.cadence.tie_type_system.VdiPinCiter.getValueAnnotationForPin(VdiPinCiter.java:201)
	at com.cadence.tie_type_system.VdiMemberCiter.pinAttr(VdiMemberCiter.java:96)
	at de.concept.nlview.Nlview.peerCommandLine(Native Method)
	at de.concept.nlview.Nlview.commandLine(Nlview.java:813)
	at com.cadence.indago.schematic.core.NlviewCommandWrapper.commandLine(NlviewCommandWrapper.java:82)
	at com.cadence.indago.schematic.core.SchematicController.refreshSchematicAttributes(SchematicController.java:421)
	at com.cadence.indago.schematic.core.SchematicController.lambda$new$10(SchematicController.java:368)
	at com.cadence.smartlog.gui.appl.GSLDebugManager.fireCurrentFactChanged(GSLDebugManager.java:2040)
	at com.cadence.smartlog.gui.appl.GSLDebugManager.lambda$currentFactChanged$32(GSLDebugManager.java:2248)
	at com.cadence.ufi.flowscontrol.ControlledRunnable.run(ControlledRunnable.java:28)
	at java.awt.event.InvocationEvent.dispatch(InvocationEvent.java:311)
	at java.awt.EventQueue.dispatchEventImpl(EventQueue.java:758)
	at java.awt.EventQueue.access$500(EventQueue.java:97)
	at java.awt.EventQueue$3.run(EventQueue.java:709)
	at java.awt.EventQueue$3.run(EventQueue.java:703)
	at java.security.AccessController.doPrivileged(Native Method)
	at java.security.ProtectionDomain$JavaSecurityAccessImpl.doIntersectionPrivilege(ProtectionDomain.java:74)
	at java.awt.EventQueue.dispatchEvent(EventQueue.java:728)
	at java.awt.EventDispatchThread.pumpOneEventForFilters(EventDispatchThread.java:205)
	at java.awt.EventDispatchThread.pumpEventsForFilter(EventDispatchThread.java:116)
	at java.awt.EventDispatchThread.pumpEventsForHierarchy(EventDispatchThread.java:105)
	at java.awt.EventDispatchThread.pumpEvents(EventDispatchThread.java:101)
	at java.awt.EventDispatchThread.pumpEvents(EventDispatchThread.java:93)
	at java.awt.EventDispatchThread.run(EventDispatchThread.java:82)
Exception in thread "AWT-EventQueue-0" java.lang.NullPointerException
	at com.cadence.tie_type_system.VdiPin.getCurrValues(VdiPin.java:64)
	at com.cadence.tie_type_system.VdiPinCiter.getValueAnnotationForPin(VdiPinCiter.java:201)
	at com.cadence.tie_type_system.VdiMemberCiter.pinAttr(VdiMemberCiter.java:96)
	at de.concept.nlview.Nlview.peerCommandLine(Native Method)
	at de.concept.nlview.Nlview.commandLine(Nlview.java:813)
	at com.cadence.indago.schematic.core.NlviewCommandWrapper.commandLine(NlviewCommandWrapper.java:82)
	at com.cadence.indago.schematic.core.SchematicController.refreshSchematicAttributes(SchematicController.java:421)
	at com.cadence.indago.schematic.core.SchematicController.lambda$new$10(SchematicController.java:368)
	at com.cadence.smartlog.gui.appl.GSLDebugManager.fireCurrentFactChanged(GSLDebugManager.java:2040)
	at com.cadence.smartlog.gui.appl.GSLDebugManager.lambda$currentFactChanged$32(GSLDebugManager.java:2248)
	at com.cadence.ufi.flowscontrol.ControlledRunnable.run(ControlledRunnable.java:28)
	at java.awt.event.InvocationEvent.dispatch(InvocationEvent.java:311)
	at java.awt.EventQueue.dispatchEventImpl(EventQueue.java:758)
	at java.awt.EventQueue.access$500(EventQueue.java:97)
	at java.awt.EventQueue$3.run(EventQueue.java:709)
	at java.awt.EventQueue$3.run(EventQueue.java:703)
	at java.security.AccessController.doPrivileged(Native Method)
	at java.security.ProtectionDomain$JavaSecurityAccessImpl.doIntersectionPrivilege(ProtectionDomain.java:74)
	at java.awt.EventQueue.dispatchEvent(EventQueue.java:728)
	at java.awt.EventDispatchThread.pumpOneEventForFilters(EventDispatchThread.java:205)
	at java.awt.EventDispatchThread.pumpEventsForFilter(EventDispatchThread.java:116)
	at java.awt.EventDispatchThread.pumpEventsForHierarchy(EventDispatchThread.java:105)
	at java.awt.EventDispatchThread.pumpEvents(EventDispatchThread.java:101)
	at java.awt.EventDispatchThread.pumpEvents(EventDispatchThread.java:93)
	at java.awt.EventDispatchThread.run(EventDispatchThread.java:82)
Exception in thread "AWT-EventQueue-0" java.lang.NullPointerException
	at com.cadence.tie_type_system.VdiPin.getCurrValues(VdiPin.java:64)
	at com.cadence.tie_type_system.VdiPinCiter.getValueAnnotationForPin(VdiPinCiter.java:201)
	at com.cadence.tie_type_system.VdiMemberCiter.pinAttr(VdiMemberCiter.java:96)
	at de.concept.nlview.Nlview.peerCommandLine(Native Method)
	at de.concept.nlview.Nlview.commandLine(Nlview.java:813)
	at com.cadence.indago.schematic.core.NlviewCommandWrapper.commandLine(NlviewCommandWrapper.java:82)
	at com.cadence.indago.schematic.core.SchematicController.refreshSchematicAttributes(SchematicController.java:421)
	at com.cadence.indago.schematic.core.SchematicController.lambda$new$10(SchematicController.java:368)
	at com.cadence.smartlog.gui.appl.GSLDebugManager.fireCurrentFactChanged(GSLDebugManager.java:2040)
	at com.cadence.smartlog.gui.appl.GSLDebugManager.lambda$currentFactChanged$32(GSLDebugManager.java:2248)
	at com.cadence.ufi.flowscontrol.ControlledRunnable.run(ControlledRunnable.java:28)
	at java.awt.event.InvocationEvent.dispatch(InvocationEvent.java:311)
	at java.awt.EventQueue.dispatchEventImpl(EventQueue.java:758)
	at java.awt.EventQueue.access$500(EventQueue.java:97)
	at java.awt.EventQueue$3.run(EventQueue.java:709)
	at java.awt.EventQueue$3.run(EventQueue.java:703)
	at java.security.AccessController.doPrivileged(Native Method)
	at java.security.ProtectionDomain$JavaSecurityAccessImpl.doIntersectionPrivilege(ProtectionDomain.java:74)
	at java.awt.EventQueue.dispatchEvent(EventQueue.java:728)
	at java.awt.EventDispatchThread.pumpOneEventForFilters(EventDispatchThread.java:205)
	at java.awt.EventDispatchThread.pumpEventsForFilter(EventDispatchThread.java:116)
	at java.awt.EventDispatchThread.pumpEventsForHierarchy(EventDispatchThread.java:105)
	at java.awt.EventDispatchThread.pumpEvents(EventDispatchThread.java:101)
	at java.awt.EventDispatchThread.pumpEvents(EventDispatchThread.java:93)
	at java.awt.EventDispatchThread.run(EventDispatchThread.java:82)
Exception in thread "AWT-EventQueue-0" java.lang.NullPointerException
	at com.cadence.tie_type_system.VdiPin.getCurrValues(VdiPin.java:64)
	at com.cadence.tie_type_system.VdiPinCiter.getValueAnnotationForPin(VdiPinCiter.java:201)
	at com.cadence.tie_type_system.VdiMemberCiter.pinAttr(VdiMemberCiter.java:96)
	at de.concept.nlview.Nlview.peerCommandLine(Native Method)
	at de.concept.nlview.Nlview.commandLine(Nlview.java:813)
	at com.cadence.indago.schematic.core.NlviewCommandWrapper.commandLine(NlviewCommandWrapper.java:82)
	at com.cadence.indago.schematic.core.SchematicController.refreshSchematicAttributes(SchematicController.java:421)
	at com.cadence.indago.schematic.core.SchematicController.lambda$new$10(SchematicController.java:368)
	at com.cadence.smartlog.gui.appl.GSLDebugManager.fireCurrentFactChanged(GSLDebugManager.java:2040)
	at com.cadence.smartlog.gui.appl.GSLDebugManager.lambda$currentFactChanged$32(GSLDebugManager.java:2248)
	at com.cadence.ufi.flowscontrol.ControlledRunnable.run(ControlledRunnable.java:28)
	at java.awt.event.InvocationEvent.dispatch(InvocationEvent.java:311)
	at java.awt.EventQueue.dispatchEventImpl(EventQueue.java:758)
	at java.awt.EventQueue.access$500(EventQueue.java:97)
	at java.awt.EventQueue$3.run(EventQueue.java:709)
	at java.awt.EventQueue$3.run(EventQueue.java:703)
	at java.security.AccessController.doPrivileged(Native Method)
	at java.security.ProtectionDomain$JavaSecurityAccessImpl.doIntersectionPrivilege(ProtectionDomain.java:74)
	at java.awt.EventQueue.dispatchEvent(EventQueue.java:728)
	at java.awt.EventDispatchThread.pumpOneEventForFilters(EventDispatchThread.java:205)
	at java.awt.EventDispatchThread.pumpEventsForFilter(EventDispatchThread.java:116)
	at java.awt.EventDispatchThread.pumpEventsForHierarchy(EventDispatchThread.java:105)
	at java.awt.EventDispatchThread.pumpEvents(EventDispatchThread.java:101)
	at java.awt.EventDispatchThread.pumpEvents(EventDispatchThread.java:93)
	at java.awt.EventDispatchThread.run(EventDispatchThread.java:82)
Exception in thread "AWT-EventQueue-0" java.lang.NullPointerException
	at com.cadence.tie_type_system.VdiPin.getCurrValues(VdiPin.java:64)
	at com.cadence.tie_type_system.VdiPinCiter.getValueAnnotationForPin(VdiPinCiter.java:201)
	at com.cadence.tie_type_system.VdiPinCiter.pinAttr(VdiPinCiter.java:129)
	at de.concept.nlview.Nlview.peerCommandLine(Native Method)
	at de.concept.nlview.Nlview.commandLine(Nlview.java:813)
	at com.cadence.indago.schematic.core.NlviewCommandWrapper.commandLine(NlviewCommandWrapper.java:82)
	at com.cadence.indago.schematic.core.SchematicController.refreshSchematicAttributes(SchematicController.java:421)
	at com.cadence.indago.schematic.core.SchematicController.lambda$new$10(SchematicController.java:368)
	at com.cadence.smartlog.gui.appl.GSLDebugManager.fireCurrentFactChanged(GSLDebugManager.java:2040)
	at com.cadence.smartlog.gui.appl.GSLDebugManager.lambda$currentFactChanged$32(GSLDebugManager.java:2248)
	at com.cadence.ufi.flowscontrol.ControlledRunnable.run(ControlledRunnable.java:28)
	at java.awt.event.InvocationEvent.dispatch(InvocationEvent.java:311)
	at java.awt.EventQueue.dispatchEventImpl(EventQueue.java:758)
	at java.awt.EventQueue.access$500(EventQueue.java:97)
	at java.awt.EventQueue$3.run(EventQueue.java:709)
	at java.awt.EventQueue$3.run(EventQueue.java:703)
	at java.security.AccessController.doPrivileged(Native Method)
	at java.security.ProtectionDomain$JavaSecurityAccessImpl.doIntersectionPrivilege(ProtectionDomain.java:74)
	at java.awt.EventQueue.dispatchEvent(EventQueue.java:728)
	at java.awt.EventDispatchThread.pumpOneEventForFilters(EventDispatchThread.java:205)
	at java.awt.EventDispatchThread.pumpEventsForFilter(EventDispatchThread.java:116)
	at java.awt.EventDispatchThread.pumpEventsForHierarchy(EventDispatchThread.java:105)
	at java.awt.EventDispatchThread.pumpEvents(EventDispatchThread.java:101)
	at java.awt.EventDispatchThread.pumpEvents(EventDispatchThread.java:93)
	at java.awt.EventDispatchThread.run(EventDispatchThread.java:82)
Exception in thread "AWT-EventQueue-0" java.lang.NullPointerException
	at com.cadence.tie_type_system.VdiMemberCiter.<init>(VdiMemberCiter.java:22)
	at com.cadence.tie_type_system.VdiPinCiter.members(VdiPinCiter.java:109)
	at com.cadence.tie_type_system.VdiPinCiter.members(VdiPinCiter.java:23)
	at de.concept.nlview.Nlview.peerCommandLine(Native Method)
	at de.concept.nlview.Nlview.commandLine(Nlview.java:813)
	at com.cadence.indago.schematic.core.NlviewCommandWrapper.commandLine(NlviewCommandWrapper.java:82)
	at com.cadence.indago.schematic.core.SchematicController.refreshSchematicAttributes(SchematicController.java:421)
	at com.cadence.indago.schematic.core.SchematicController.lambda$new$10(SchematicController.java:368)
	at com.cadence.smartlog.gui.appl.GSLDebugManager.fireCurrentFactChanged(GSLDebugManager.java:2040)
	at com.cadence.smartlog.gui.appl.GSLDebugManager.lambda$currentFactChanged$32(GSLDebugManager.java:2248)
	at com.cadence.ufi.flowscontrol.ControlledRunnable.run(ControlledRunnable.java:28)
	at java.awt.event.InvocationEvent.dispatch(InvocationEvent.java:311)
	at java.awt.EventQueue.dispatchEventImpl(EventQueue.java:758)
	at java.awt.EventQueue.access$500(EventQueue.java:97)
	at java.awt.EventQueue$3.run(EventQueue.java:709)
	at java.awt.EventQueue$3.run(EventQueue.java:703)
	at java.security.AccessController.doPrivileged(Native Method)
	at java.security.ProtectionDomain$JavaSecurityAccessImpl.doIntersectionPrivilege(ProtectionDomain.java:74)
	at java.awt.EventQueue.dispatchEvent(EventQueue.java:728)
	at java.awt.EventDispatchThread.pumpOneEventForFilters(EventDispatchThread.java:205)
	at java.awt.EventDispatchThread.pumpEventsForFilter(EventDispatchThread.java:116)
	at java.awt.EventDispatchThread.pumpEventsForHierarchy(EventDispatchThread.java:105)
	at java.awt.EventDispatchThread.pumpEvents(EventDispatchThread.java:101)
	at java.awt.EventDispatchThread.pumpEvents(EventDispatchThread.java:93)
	at java.awt.EventDispatchThread.run(EventDispatchThread.java:82)
Exception in thread "AWT-EventQueue-0" java.lang.NullPointerException
	at com.cadence.tie_type_system.VdiPin.getCurrValues(VdiPin.java:64)
	at com.cadence.tie_type_system.VdiPinCiter.getValueAnnotationForPin(VdiPinCiter.java:201)
	at com.cadence.tie_type_system.VdiPinCiter.pinAttr(VdiPinCiter.java:129)
	at de.concept.nlview.Nlview.peerCommandLine(Native Method)
	at de.concept.nlview.Nlview.commandLine(Nlview.java:813)
	at com.cadence.indago.schematic.core.NlviewCommandWrapper.commandLine(NlviewCommandWrapper.java:82)
	at com.cadence.indago.schematic.core.SchematicController.refreshSchematicAttributes(SchematicController.java:421)
	at com.cadence.indago.schematic.core.SchematicController.lambda$new$10(SchematicController.java:368)
	at com.cadence.smartlog.gui.appl.GSLDebugManager.fireCurrentFactChanged(GSLDebugManager.java:2040)
	at com.cadence.smartlog.gui.appl.GSLDebugManager.lambda$currentFactChanged$32(GSLDebugManager.java:2248)
	at com.cadence.ufi.flowscontrol.ControlledRunnable.run(ControlledRunnable.java:28)
	at java.awt.event.InvocationEvent.dispatch(InvocationEvent.java:311)
	at java.awt.EventQueue.dispatchEventImpl(EventQueue.java:758)
	at java.awt.EventQueue.access$500(EventQueue.java:97)
	at java.awt.EventQueue$3.run(EventQueue.java:709)
	at java.awt.EventQueue$3.run(EventQueue.java:703)
	at java.security.AccessController.doPrivileged(Native Method)
	at java.security.ProtectionDomain$JavaSecurityAccessImpl.doIntersectionPrivilege(ProtectionDomain.java:74)
	at java.awt.EventQueue.dispatchEvent(EventQueue.java:728)
	at java.awt.EventDispatchThread.pumpOneEventForFilters(EventDispatchThread.java:205)
	at java.awt.EventDispatchThread.pumpEventsForFilter(EventDispatchThread.java:116)
	at java.awt.EventDispatchThread.pumpEventsForHierarchy(EventDispatchThread.java:105)
	at java.awt.EventDispatchThread.pumpEvents(EventDispatchThread.java:101)
	at java.awt.EventDispatchThread.pumpEvents(EventDispatchThread.java:93)
	at java.awt.EventDispatchThread.run(EventDispatchThread.java:82)
Exception in thread "AWT-EventQueue-0" java.lang.NullPointerException
	at com.cadence.tie_type_system.VdiMemberCiter.<init>(VdiMemberCiter.java:22)
	at com.cadence.tie_type_system.VdiPinCiter.members(VdiPinCiter.java:109)
	at com.cadence.tie_type_system.VdiPinCiter.members(VdiPinCiter.java:23)
	at de.concept.nlview.Nlview.peerCommandLine(Native Method)
	at de.concept.nlview.Nlview.commandLine(Nlview.java:813)
	at com.cadence.indago.schematic.core.NlviewCommandWrapper.commandLine(NlviewCommandWrapper.java:82)
	at com.cadence.indago.schematic.core.SchematicController.refreshSchematicAttributes(SchematicController.java:421)
	at com.cadence.indago.schematic.core.SchematicController.lambda$new$10(SchematicController.java:368)
	at com.cadence.smartlog.gui.appl.GSLDebugManager.fireCurrentFactChanged(GSLDebugManager.java:2040)
	at com.cadence.smartlog.gui.appl.GSLDebugManager.lambda$currentFactChanged$32(GSLDebugManager.java:2248)
	at com.cadence.ufi.flowscontrol.ControlledRunnable.run(ControlledRunnable.java:28)
	at java.awt.event.InvocationEvent.dispatch(InvocationEvent.java:311)
	at java.awt.EventQueue.dispatchEventImpl(EventQueue.java:758)
	at java.awt.EventQueue.access$500(EventQueue.java:97)
	at java.awt.EventQueue$3.run(EventQueue.java:709)
	at java.awt.EventQueue$3.run(EventQueue.java:703)
	at java.security.AccessController.doPrivileged(Native Method)
	at java.security.ProtectionDomain$JavaSecurityAccessImpl.doIntersectionPrivilege(ProtectionDomain.java:74)
	at java.awt.EventQueue.dispatchEvent(EventQueue.java:728)
	at java.awt.EventDispatchThread.pumpOneEventForFilters(EventDispatchThread.java:205)
	at java.awt.EventDispatchThread.pumpEventsForFilter(EventDispatchThread.java:116)
	at java.awt.EventDispatchThread.pumpEventsForHierarchy(EventDispatchThread.java:105)
	at java.awt.EventDispatchThread.pumpEvents(EventDispatchThread.java:101)
	at java.awt.EventDispatchThread.pumpEvents(EventDispatchThread.java:93)
	at java.awt.EventDispatchThread.run(EventDispatchThread.java:82)














Dump DB Order:
Strap design: sim_model #9
 --> sim_model #105
 --> /lab/sck17/Pulpit/SCKproj1/SCK_PROJ_2/WORK/xcelium.d/worklib/EXE_tb/v/debug_db/EXE_tb/EXE_tb.dsn #14

End of dump DB Order


in 'SimConnect::unloadSnapshot', terminating pid = 19930

Dump DB Order:

End of dump DB Order



Dump DB Order:

End of dump DB Order


in 'JDACTBDataProvider::openDBInner', dbPath = /lab/sck17/Pulpit/SCKproj1/SCK_PROJ_2/WORK/sim_model, getExplicitLwdFlag() = null


**** found lwd dir to be: /lab/sck17/Pulpit/SCKproj1/SCK_PROJ_2/WORK/xcelium.d/worklib/EXE_tb/v



**** found cdslib to be: /lab/sck17/Pulpit/SCKproj1/SCK_PROJ_2/WORK/xcelium.d/run.d/cds.lib

in 'SimConnect::loadSnapshotHelper', 'dbH' represents 'sim_model' db, 'lwdDbH' represents 'sim_model' db, PPEAttributes were fetched from 'sim_model' db. PPEAttributes values:
    isAutofetch = false
    isPersistentSources = false
    isXprop = false
    cdslib = /lab/sck17/Pulpit/SCKproj1/SCK_PROJ_2/WORK/xcelium.d/run.d/cds.lib
    snapshot = worklib.EXE_tb:v
    workdir = /lab/sck17/Pulpit/SCKproj1/SCK_PROJ_2/WORK
    xceliumDir = /lab/sck17/Pulpit/SCKproj1/SCK_PROJ_2/WORK/xcelium.d
    rundDir = /lab/sck17/Pulpit/SCKproj1/SCK_PROJ_2/WORK/xcelium.d/run.d
    bits = 64
    cds_implicit_tmpdir = 
    cds_alternate_tmpdir = 
    du_agent = 
    lwddir = /lab/sck17/Pulpit/SCKproj1/SCK_PROJ_2/WORK/xcelium.d/worklib/EXE_tb/v
    cds_alternate_cdslib = 
    elab_options = -CDSLIB ./xcelium.d/run.lnx8664.23.03.d/cds.lib -HDLVAR ./xcelium.d/run.lnx8664.23.03.d/hdl.var -WORK worklib -ENABLE_ALCOMB_EXT_OPT -ERROR 1 -ENABLE_SVMEMOPT -ENABLE_EXT_LOCAL_VISIBILITY -TIMESCALE 1ns/1ps -MESSAGES -ACCESS +rwc -CREATEDEBUGDB worklib.EXE_tb:v
    found = true
    nclsRun = false
    includeCdslib = true
    nclsOpts =  -snapshot -cdslib /lab/sck17/Pulpit/SCKproj1/SCK_PROJ_2/WORK/xcelium.d/run.d/cds.lib -64
    isMceMode = false
    isMceInvolved = false
    mceLshmDbPath = 
    lowPowerInformationAvailable = false
    hasLshmFile = false
    workdirIsDirectory = true
    hasOverlayRelatedInformation = true
    cds_implicit_tmplib = worklib
    cds_other_implicit_tmplibs = 

in 'SimConnect::generateDuAgentCommand', cmd = [/cad/cadence_2024/verisium/tools.lnx86/simvision/bin/64bit/cds-avs-du-agent, -nocopyright, -nowarn, DLNOCL, -xlm_install_root, /cad/cadence_2024/xcelium, -cdslib, /lab/sck17/Pulpit/SCKproj1/SCK_PROJ_2/WORK/xcelium.d/run.d/cds.lib, -cds_implicit_tmplib, worklib, -lwddir, /lab/sck17/Pulpit/SCKproj1/SCK_PROJ_2/WORK/xcelium.d/worklib/EXE_tb/v/debug_db, -cellname, EXE_tb, -64]
in 'SimConnect::execDuAgent_usingPreEstablishedServiceConnection', duAgent process pid = 21836


in 'SimConnect::simControlConnectWithPreEstablishedConnection' overlay db = sim_model, overlayH = 9, is valid = true, operation = dapOpenOverlay, duFilename = /lab/sck17/Pulpit/SCKproj1/SCK_PROJ_2/WORK/xcelium.d/worklib/EXE_tb/v/debug_db/EXE_tb/EXE_tb.dsn, isLiveSim = false

Dump DB Order:
Strap design: sim_model #9
 --> sim_model #42
 --> /lab/sck17/Pulpit/SCKproj1/SCK_PROJ_2/WORK/xcelium.d/worklib/EXE_tb/v/debug_db/EXE_tb/EXE_tb.dsn #41

End of dump DB Order



Dump DB Order:
Strap design: sim_model #9
 --> sim_model #42
 --> /lab/sck17/Pulpit/SCKproj1/SCK_PROJ_2/WORK/xcelium.d/worklib/EXE_tb/v/debug_db/EXE_tb/EXE_tb.dsn #41

End of dump DB Order




**** found cdslib to be: /lab/sck17/Pulpit/SCKproj1/SCK_PROJ_2/WORK/xcelium.d/run.lnx8664.23.03.d/cds.lib



**** Lwd path was derived from given DB. Loading lwd file from: /lab/sck17/Pulpit/SCKproj1/SCK_PROJ_2/WORK/xcelium.d/worklib/EXE_tb/v


Dump DB Order:
Strap design: sim_model #9
 --> sim_model #42
 --> /lab/sck17/Pulpit/SCKproj1/SCK_PROJ_2/WORK/xcelium.d/worklib/EXE_tb/v/debug_db/EXE_tb/EXE_tb.dsn #41

End of dump DB Order



































Dump DB Order:
Strap design: sim_model #9
 --> sim_model #42
 --> /lab/sck17/Pulpit/SCKproj1/SCK_PROJ_2/WORK/xcelium.d/worklib/EXE_tb/v/debug_db/EXE_tb/EXE_tb.dsn #41

End of dump DB Order


in 'SimConnect::unloadSnapshot', terminating pid = 21836

Dump DB Order:

End of dump DB Order



Dump DB Order:

End of dump DB Order


in 'JDACTBDataProvider::openDBInner', dbPath = /lab/sck17/Pulpit/SCKproj1/SCK_PROJ_2/WORK/sim_model, getExplicitLwdFlag() = null


**** found lwd dir to be: /lab/sck17/Pulpit/SCKproj1/SCK_PROJ_2/WORK/xcelium.d/worklib/EXE_tb/v



**** found cdslib to be: /lab/sck17/Pulpit/SCKproj1/SCK_PROJ_2/WORK/xcelium.d/run.d/cds.lib

in 'SimConnect::loadSnapshotHelper', 'dbH' represents 'sim_model' db, 'lwdDbH' represents 'sim_model' db, PPEAttributes were fetched from 'sim_model' db. PPEAttributes values:
    isAutofetch = false
    isPersistentSources = false
    isXprop = false
    cdslib = /lab/sck17/Pulpit/SCKproj1/SCK_PROJ_2/WORK/xcelium.d/run.d/cds.lib
    snapshot = worklib.EXE_tb:v
    workdir = /lab/sck17/Pulpit/SCKproj1/SCK_PROJ_2/WORK
    xceliumDir = /lab/sck17/Pulpit/SCKproj1/SCK_PROJ_2/WORK/xcelium.d
    rundDir = /lab/sck17/Pulpit/SCKproj1/SCK_PROJ_2/WORK/xcelium.d/run.d
    bits = 64
    cds_implicit_tmpdir = 
    cds_alternate_tmpdir = 
    du_agent = 
    lwddir = /lab/sck17/Pulpit/SCKproj1/SCK_PROJ_2/WORK/xcelium.d/worklib/EXE_tb/v
    cds_alternate_cdslib = 
    elab_options = -CDSLIB ./xcelium.d/run.lnx8664.23.03.d/cds.lib -HDLVAR ./xcelium.d/run.lnx8664.23.03.d/hdl.var -WORK worklib -ENABLE_ALCOMB_EXT_OPT -ERROR 1 -ENABLE_SVMEMOPT -ENABLE_EXT_LOCAL_VISIBILITY -TIMESCALE 1ns/1ps -MESSAGES -ACCESS +rwc -CREATEDEBUGDB worklib.EXE_tb:v
    found = true
    nclsRun = false
    includeCdslib = true
    nclsOpts =  -snapshot -cdslib /lab/sck17/Pulpit/SCKproj1/SCK_PROJ_2/WORK/xcelium.d/run.d/cds.lib -64
    isMceMode = false
    isMceInvolved = false
    mceLshmDbPath = 
    lowPowerInformationAvailable = false
    hasLshmFile = false
    workdirIsDirectory = true
    hasOverlayRelatedInformation = true
    cds_implicit_tmplib = worklib
    cds_other_implicit_tmplibs = 

in 'SimConnect::generateDuAgentCommand', cmd = [/cad/cadence_2024/verisium/tools.lnx86/simvision/bin/64bit/cds-avs-du-agent, -nocopyright, -nowarn, DLNOCL, -xlm_install_root, /cad/cadence_2024/xcelium, -cdslib, /lab/sck17/Pulpit/SCKproj1/SCK_PROJ_2/WORK/xcelium.d/run.d/cds.lib, -cds_implicit_tmplib, worklib, -lwddir, /lab/sck17/Pulpit/SCKproj1/SCK_PROJ_2/WORK/xcelium.d/worklib/EXE_tb/v/debug_db, -cellname, EXE_tb, -64]
in 'SimConnect::execDuAgent_usingPreEstablishedServiceConnection', duAgent process pid = 23032


in 'SimConnect::simControlConnectWithPreEstablishedConnection' overlay db = sim_model, overlayH = 9, is valid = true, operation = dapOpenOverlay, duFilename = /lab/sck17/Pulpit/SCKproj1/SCK_PROJ_2/WORK/xcelium.d/worklib/EXE_tb/v/debug_db/EXE_tb/EXE_tb.dsn, isLiveSim = false

Dump DB Order:
Strap design: sim_model #9
 --> sim_model #15366
 --> /lab/sck17/Pulpit/SCKproj1/SCK_PROJ_2/WORK/xcelium.d/worklib/EXE_tb/v/debug_db/EXE_tb/EXE_tb.dsn #15365

End of dump DB Order



Dump DB Order:
Strap design: sim_model #9
 --> sim_model #15366
 --> /lab/sck17/Pulpit/SCKproj1/SCK_PROJ_2/WORK/xcelium.d/worklib/EXE_tb/v/debug_db/EXE_tb/EXE_tb.dsn #15365

End of dump DB Order




**** found cdslib to be: /lab/sck17/Pulpit/SCKproj1/SCK_PROJ_2/WORK/xcelium.d/run.lnx8664.23.03.d/cds.lib



**** Lwd path was derived from given DB. Loading lwd file from: /lab/sck17/Pulpit/SCKproj1/SCK_PROJ_2/WORK/xcelium.d/worklib/EXE_tb/v


Dump DB Order:
Strap design: sim_model #9
 --> sim_model #15366
 --> /lab/sck17/Pulpit/SCKproj1/SCK_PROJ_2/WORK/xcelium.d/worklib/EXE_tb/v/debug_db/EXE_tb/EXE_tb.dsn #15365

End of dump DB Order


























Dump DB Order:
Strap design: sim_model #9
 --> sim_model #15366
 --> /lab/sck17/Pulpit/SCKproj1/SCK_PROJ_2/WORK/xcelium.d/worklib/EXE_tb/v/debug_db/EXE_tb/EXE_tb.dsn #15365

End of dump DB Order


in 'SimConnect::unloadSnapshot', terminating pid = 23032

Dump DB Order:

End of dump DB Order



Dump DB Order:

End of dump DB Order


in 'JDACTBDataProvider::openDBInner', dbPath = /lab/sck17/Pulpit/SCKproj1/SCK_PROJ_2/WORK/sim_model, getExplicitLwdFlag() = null


**** found lwd dir to be: /lab/sck17/Pulpit/SCKproj1/SCK_PROJ_2/WORK/xcelium.d/worklib/EXE_tb/v



**** found cdslib to be: /lab/sck17/Pulpit/SCKproj1/SCK_PROJ_2/WORK/xcelium.d/run.d/cds.lib

in 'SimConnect::loadSnapshotHelper', 'dbH' represents 'sim_model' db, 'lwdDbH' represents 'sim_model' db, PPEAttributes were fetched from 'sim_model' db. PPEAttributes values:
    isAutofetch = false
    isPersistentSources = false
    isXprop = false
    cdslib = /lab/sck17/Pulpit/SCKproj1/SCK_PROJ_2/WORK/xcelium.d/run.d/cds.lib
    snapshot = worklib.EXE_tb:v
    workdir = /lab/sck17/Pulpit/SCKproj1/SCK_PROJ_2/WORK
    xceliumDir = /lab/sck17/Pulpit/SCKproj1/SCK_PROJ_2/WORK/xcelium.d
    rundDir = /lab/sck17/Pulpit/SCKproj1/SCK_PROJ_2/WORK/xcelium.d/run.d
    bits = 64
    cds_implicit_tmpdir = 
    cds_alternate_tmpdir = 
    du_agent = 
    lwddir = /lab/sck17/Pulpit/SCKproj1/SCK_PROJ_2/WORK/xcelium.d/worklib/EXE_tb/v
    cds_alternate_cdslib = 
    elab_options = -CDSLIB ./xcelium.d/run.lnx8664.23.03.d/cds.lib -HDLVAR ./xcelium.d/run.lnx8664.23.03.d/hdl.var -WORK worklib -ENABLE_ALCOMB_EXT_OPT -ERROR 1 -ENABLE_SVMEMOPT -ENABLE_EXT_LOCAL_VISIBILITY -TIMESCALE 1ns/1ps -MESSAGES -ACCESS +rwc -CREATEDEBUGDB worklib.EXE_tb:v
    found = true
    nclsRun = false
    includeCdslib = true
    nclsOpts =  -snapshot -cdslib /lab/sck17/Pulpit/SCKproj1/SCK_PROJ_2/WORK/xcelium.d/run.d/cds.lib -64
    isMceMode = false
    isMceInvolved = false
    mceLshmDbPath = 
    lowPowerInformationAvailable = false
    hasLshmFile = false
    workdirIsDirectory = true
    hasOverlayRelatedInformation = true
    cds_implicit_tmplib = worklib
    cds_other_implicit_tmplibs = 

in 'SimConnect::generateDuAgentCommand', cmd = [/cad/cadence_2024/verisium/tools.lnx86/simvision/bin/64bit/cds-avs-du-agent, -nocopyright, -nowarn, DLNOCL, -xlm_install_root, /cad/cadence_2024/xcelium, -cdslib, /lab/sck17/Pulpit/SCKproj1/SCK_PROJ_2/WORK/xcelium.d/run.d/cds.lib, -cds_implicit_tmplib, worklib, -lwddir, /lab/sck17/Pulpit/SCKproj1/SCK_PROJ_2/WORK/xcelium.d/worklib/EXE_tb/v/debug_db, -cellname, EXE_tb, -64]
in 'SimConnect::execDuAgent_usingPreEstablishedServiceConnection', duAgent process pid = 23307


in 'SimConnect::simControlConnectWithPreEstablishedConnection' overlay db = sim_model, overlayH = 9, is valid = true, operation = dapOpenOverlay, duFilename = /lab/sck17/Pulpit/SCKproj1/SCK_PROJ_2/WORK/xcelium.d/worklib/EXE_tb/v/debug_db/EXE_tb/EXE_tb.dsn, isLiveSim = false

Dump DB Order:
Strap design: sim_model #9
 --> sim_model #7735
 --> /lab/sck17/Pulpit/SCKproj1/SCK_PROJ_2/WORK/xcelium.d/worklib/EXE_tb/v/debug_db/EXE_tb/EXE_tb.dsn #7736

End of dump DB Order



Dump DB Order:
Strap design: sim_model #9
 --> sim_model #7735
 --> /lab/sck17/Pulpit/SCKproj1/SCK_PROJ_2/WORK/xcelium.d/worklib/EXE_tb/v/debug_db/EXE_tb/EXE_tb.dsn #7736

End of dump DB Order




**** found cdslib to be: /lab/sck17/Pulpit/SCKproj1/SCK_PROJ_2/WORK/xcelium.d/run.lnx8664.23.03.d/cds.lib



**** Lwd path was derived from given DB. Loading lwd file from: /lab/sck17/Pulpit/SCKproj1/SCK_PROJ_2/WORK/xcelium.d/worklib/EXE_tb/v


Dump DB Order:
Strap design: sim_model #9
 --> sim_model #7735
 --> /lab/sck17/Pulpit/SCKproj1/SCK_PROJ_2/WORK/xcelium.d/worklib/EXE_tb/v/debug_db/EXE_tb/EXE_tb.dsn #7736

End of dump DB Order
























Dump DB Order:
Strap design: sim_model #9
 --> sim_model #7735
 --> /lab/sck17/Pulpit/SCKproj1/SCK_PROJ_2/WORK/xcelium.d/worklib/EXE_tb/v/debug_db/EXE_tb/EXE_tb.dsn #7736

End of dump DB Order


in 'SimConnect::unloadSnapshot', terminating pid = 23307

Dump DB Order:

End of dump DB Order



Dump DB Order:

End of dump DB Order


in 'JDACTBDataProvider::openDBInner', dbPath = /lab/sck17/Pulpit/SCKproj1/SCK_PROJ_2/WORK/sim_model, getExplicitLwdFlag() = null


**** found lwd dir to be: /lab/sck17/Pulpit/SCKproj1/SCK_PROJ_2/WORK/xcelium.d/worklib/EXE_tb/v



**** found cdslib to be: /lab/sck17/Pulpit/SCKproj1/SCK_PROJ_2/WORK/xcelium.d/run.d/cds.lib

in 'SimConnect::loadSnapshotHelper', 'dbH' represents 'sim_model' db, 'lwdDbH' represents 'sim_model' db, PPEAttributes were fetched from 'sim_model' db. PPEAttributes values:
    isAutofetch = false
    isPersistentSources = false
    isXprop = false
    cdslib = /lab/sck17/Pulpit/SCKproj1/SCK_PROJ_2/WORK/xcelium.d/run.d/cds.lib
    snapshot = worklib.EXE_tb:v
    workdir = /lab/sck17/Pulpit/SCKproj1/SCK_PROJ_2/WORK
    xceliumDir = /lab/sck17/Pulpit/SCKproj1/SCK_PROJ_2/WORK/xcelium.d
    rundDir = /lab/sck17/Pulpit/SCKproj1/SCK_PROJ_2/WORK/xcelium.d/run.d
    bits = 64
    cds_implicit_tmpdir = 
    cds_alternate_tmpdir = 
    du_agent = 
    lwddir = /lab/sck17/Pulpit/SCKproj1/SCK_PROJ_2/WORK/xcelium.d/worklib/EXE_tb/v
    cds_alternate_cdslib = 
    elab_options = -CDSLIB ./xcelium.d/run.lnx8664.23.03.d/cds.lib -HDLVAR ./xcelium.d/run.lnx8664.23.03.d/hdl.var -WORK worklib -ENABLE_ALCOMB_EXT_OPT -ERROR 1 -ENABLE_SVMEMOPT -ENABLE_EXT_LOCAL_VISIBILITY -TIMESCALE 1ns/1ps -MESSAGES -ACCESS +rwc -CREATEDEBUGDB worklib.EXE_tb:v
    found = true
    nclsRun = false
    includeCdslib = true
    nclsOpts =  -snapshot -cdslib /lab/sck17/Pulpit/SCKproj1/SCK_PROJ_2/WORK/xcelium.d/run.d/cds.lib -64
    isMceMode = false
    isMceInvolved = false
    mceLshmDbPath = 
    lowPowerInformationAvailable = false
    hasLshmFile = false
    workdirIsDirectory = true
    hasOverlayRelatedInformation = true
    cds_implicit_tmplib = worklib
    cds_other_implicit_tmplibs = 

in 'SimConnect::generateDuAgentCommand', cmd = [/cad/cadence_2024/verisium/tools.lnx86/simvision/bin/64bit/cds-avs-du-agent, -nocopyright, -nowarn, DLNOCL, -xlm_install_root, /cad/cadence_2024/xcelium, -cdslib, /lab/sck17/Pulpit/SCKproj1/SCK_PROJ_2/WORK/xcelium.d/run.d/cds.lib, -cds_implicit_tmplib, worklib, -lwddir, /lab/sck17/Pulpit/SCKproj1/SCK_PROJ_2/WORK/xcelium.d/worklib/EXE_tb/v/debug_db, -cellname, EXE_tb, -64]
in 'SimConnect::execDuAgent_usingPreEstablishedServiceConnection', duAgent process pid = 24861


in 'SimConnect::simControlConnectWithPreEstablishedConnection' overlay db = sim_model, overlayH = 9, is valid = true, operation = dapOpenOverlay, duFilename = /lab/sck17/Pulpit/SCKproj1/SCK_PROJ_2/WORK/xcelium.d/worklib/EXE_tb/v/debug_db/EXE_tb/EXE_tb.dsn, isLiveSim = false

Dump DB Order:
Strap design: sim_model #9
 --> sim_model #41
 --> /lab/sck17/Pulpit/SCKproj1/SCK_PROJ_2/WORK/xcelium.d/worklib/EXE_tb/v/debug_db/EXE_tb/EXE_tb.dsn #40

End of dump DB Order



Dump DB Order:
Strap design: sim_model #9
 --> sim_model #41
 --> /lab/sck17/Pulpit/SCKproj1/SCK_PROJ_2/WORK/xcelium.d/worklib/EXE_tb/v/debug_db/EXE_tb/EXE_tb.dsn #40

End of dump DB Order




**** found cdslib to be: /lab/sck17/Pulpit/SCKproj1/SCK_PROJ_2/WORK/xcelium.d/run.lnx8664.23.03.d/cds.lib



**** Lwd path was derived from given DB. Loading lwd file from: /lab/sck17/Pulpit/SCKproj1/SCK_PROJ_2/WORK/xcelium.d/worklib/EXE_tb/v


Dump DB Order:
Strap design: sim_model #9
 --> sim_model #41
 --> /lab/sck17/Pulpit/SCKproj1/SCK_PROJ_2/WORK/xcelium.d/worklib/EXE_tb/v/debug_db/EXE_tb/EXE_tb.dsn #40

End of dump DB Order



















java: Fatal IO error 11 (Resource temporarily unavailable) on X server :0.
